0.012459
0.011508
0.012221
0.011755
0.011702
0.0122
0.011835
0.011676
0.01176
0.01163
0.012158
0.011404
0.012034
0.013341
0.012461
0.011682
0.011899
0.013009
0.012969
0.01309
0.012681
0.01287
0.012939
0.013269
0.011745
0.012822
0.013434
0.012422
0.013165
0.012626
0.013048
0.01302
0.012626
0.013185
0.013349
0.012769
0.01159
0.01181
0.011665
0.012085
0.012589
0.012252
0.012441
0.011565
0.012506
0.011544
0.012158
0.012013
0.011795
0.012133
0.011803
0.01189
0.011549
0.011585
0.012193
0.012428
0.012152
0.01183
0.012193
0.011752
0.012471
0.01213
0.011927
0.011942
0.012366
0.011685
0.011889
0.012218
0.0129
0.012222
0.012595
0.012617
0.012335
0.01292
0.013589
0.013109
0.012761
0.012496
0.012228
0.012727
0.012683
0.01296
0.012626
0.013365
0.012635
0.013034
0.012855
0.012949
0.012933
0.012555
0.013443
0.012687
0.012805
0.013104
0.012925
0.013045
0.012554
0.012661
0.012613
0.012932
0.012108
0.012645
0.013651
0.012324
0.013006
0.012767
0.012456
0.012648
0.012353
0.012494
0.011707
0.012838
0.012152
0.012185
0.011868
0.011942
0.01205
0.012074
0.011991
0.011857
0.011919
0.01287
0.012293
0.012044
0.011477
0.011503
0.012321
0.011794
0.011728
0.012002
0.012099
0.012154
0.011486
0.011711
0.011966
0.012013
0.012111
0.012172
0.011594
0.012275
0.012502
0.012272
0.011902
0.012033
0.012592
0.01259
0.012561
0.012796
0.012628
0.012848
0.012493
0.011545
0.011959
0.01246
0.01259
0.012274
0.012307
0.012473
0.011862
0.012972
0.012145
0.012414
0.012024
0.012858
0.012126
0.012717
0.012392
0.013003
0.012705
0.012806
0.012249
0.013154
0.012293
0.012987
0.012171
0.012755
0.012544
0.012959
0.012236
0.014037
0.01281
0.012663
0.012476
0.012801
0.01247
0.012282
0.012612
0.012556
0.013922
0.013126
0.01179
0.013207
0.012441
0.012132
0.012287
0.012316
0.01235
0.012768
0.012346
0.011969
0.012437
0.012474
0.012706
0.012987
0.012166
0.012346
0.01233
0.01238
0.012805
0.012693
0.012623
0.012267
0.012257
0.012422
0.01238
0.012255
0.012216
0.012811
0.012468
0.012416
0.012666
0.012692
0.012723
0.012894
0.012146
0.01247
0.013155
0.012253
0.013036
0.012475
0.012539
0.012895
0.013135
0.012663
0.013112
0.013232
0.012386
0.012906
0.01251
0.013139
0.012715
0.012544
0.012719
0.012242
0.012243
0.012384
0.013361
0.012416
0.011698
0.01192
0.012164
0.012138
0.012497
0.012461
0.012669
0.012746
0.012541
0.012371
0.012407
0.01235
0.01213
0.01248
0.012524
0.012451
0.012254
0.012441
0.012273
0.012011
0.012221
0.012256
0.012419
0.012346
0.012368
0.012705
0.012628
0.012585
0.012199
0.012315
0.012771
0.012271
0.012524
0.012053
0.012699
0.012567
0.01249
0.012816
0.012678
0.012303
0.011862
0.012262
0.012269
0.012548
0.012031
0.012541
0.012325
0.012307
0.01236
0.012436
0.012691
0.01208
0.012426
0.012341
0.012325
0.013588
0.012547
0.012277
0.012825
0.012659
0.012458
0.012541
0.012133
0.012574
0.012846
0.012726
0.012719
0.012631
0.01258
0.012265
0.01238
0.012032
0.012231
0.013
0.012623
0.012032
0.013054
0.012323
0.012541
0.012824
0.013212
0.012795
0.01259
0.012951
0.012702
0.013549
0.013168
0.012788
0.013432
0.013089
0.013047
0.012948
0.012218
0.012596
0.011818
0.01239
0.012187
0.0117
0.01243
0.012338
0.012627
0.012146
0.011865
0.01284
0.012266
0.012382
0.011866
0.012205
0.012226
0.012126
0.012898
0.012254
0.012968
0.013428
0.015448
0.014175
0.012825
0.013031
0.013947
0.013017
0.012821
0.013502
0.013303
0.012864
0.013725
0.013005
0.012605
0.012358
0.012746
0.012445
0.01251
0.012187
0.012835
0.012411
0.011837
0.012273
0.012819
0.012491
0.012366
0.011966
0.012891
0.012641
0.012831
0.013013
0.012128
0.012481
0.012313
0.012612
0.012408
0.012341
0.012235
0.012567
0.012513
0.012926
0.0129
0.012839
0.012369
0.012473
0.01266
0.012699
0.012888
0.012487
0.012744
0.012374
0.012855
0.013289
0.012586
0.012347
0.013093
0.013795
0.013437
0.013307
0.012857
0.012741
0.01348
0.013147
0.012616
0.012649
0.012651
0.01295
0.012768
0.012604
0.013015
0.012742
0.012485
0.013097
0.014179
0.013178
0.01273
0.012853
0.012975
0.012614
0.012787
0.013052
0.012681
0.012745
0.012644
0.012731
0.012672
0.012506
0.012448
0.01288
0.012574
0.01248
0.012348
0.012352
0.012535
0.01263
0.012516
0.012364
0.012212
0.01263
0.012142
0.012419
0.01281
0.012314
0.011994
0.012927
0.012617
0.011972
0.012624
0.012957
0.01244
0.011851
0.012254
0.012407
0.012814
0.013554
0.012592
0.012834
0.012359
0.012856
0.012332
0.012723
0.012921
0.012658
0.012325
0.012317
0.012076
0.012385
0.012869
0.012435
0.012192
0.012019
0.012432
0.012874
0.012479
0.012304
0.0124
0.012433
0.01269
0.012424
0.0129
0.012652
0.012291
0.012648
0.012251
0.012418
0.01252
0.012382
0.012612
0.013284
0.012831
0.012465
0.01243
0.012585
0.012498
0.012446
0.012277
0.01236
0.012796
0.012157
0.012394
0.012316
0.012258
0.012588
0.012149
0.01214
0.012407
0.012766
0.012123
0.012734
0.01222
0.012492
0.013183
0.012467
0.012373
0.012378
0.012314
0.012499
0.012531
0.012397
0.012521
0.012452
0.012044
0.012642
0.012857
0.012551
0.012534
0.012451
0.01232
0.011989
0.012253
0.012116
0.012286
0.01217
0.012585
0.011888
0.012454
0.012114
0.012828
0.012058
0.012417
0.013167
0.011987
0.012282
0.011993
0.01203
0.012344
0.012067
0.012522
0.012944
0.013335
0.012728
0.012284
0.012327
0.012639
0.012303
0.012643
0.012384
0.012525
0.012361
0.01222
0.012976
0.012765
0.012517
0.012377
0.013315
0.013175
0.012829
0.013051
0.012735
0.012668
0.012997
0.012759
0.013404
0.012718
0.012274
0.012811
0.012848
0.012672
0.012796
0.012836
0.012538
0.013188
0.012703
0.012263
0.013066
0.012519
0.012562
0.012318
0.012482
0.012564
0.012451
0.012153
0.012577
0.012027
0.012285
0.012181
0.012962
0.012481
0.012323
0.012344
0.012446
0.012711
0.012545
0.012476
0.014033
0.012455
0.012657
0.012504
0.013283
0.012453
0.012506
0.012294
0.012593
0.012565
0.013093
0.012553
0.012408
0.012694
0.012559
0.013243
0.012357
0.011921
0.012539
0.012488
0.01381
0.012724
0.012463
0.012567
0.012888
0.012627
0.012044
0.012332
0.011415
0.012674
0.012623
0.012972
0.012772
0.012805
0.012331
0.012703
0.012907
0.012436
0.012523
0.012379
0.012457
0.012159
0.012278
0.013071
0.012258
0.012855
0.012727
0.012119
0.012224
0.012005
0.012611
0.012401
0.012567
0.013203
0.011792
0.012498
0.012271
0.012534
0.01243
0.011717
0.012624
0.012705
0.012392
0.012292
0.012293
0.01264
0.012023
0.012305
0.012132
0.01252
0.011904
0.012236
0.012263
0.012548
0.011921
0.012519
0.012062
0.013464
0.013756
0.012993
0.01326
0.013256
0.013551
0.012857
0.013046
0.012813
0.012744
0.013148
0.012796
0.013045
0.013331
0.012475
0.013088
0.012572
0.013103
0.012643
0.01286
0.013175
0.012879
0.012892
0.012769
0.012831
0.013694
0.012398
0.012573
0.013346
0.012673
0.013512
0.012708
0.012615
0.013058
0.012786
0.012873
0.012929
0.012093
0.011928
0.01191
0.011967
0.01232
0.012301
0.012891
0.012075
0.011918
0.012042
0.012479
0.012622
0.01221
0.012453
0.012097
0.012509
0.012732
0.01174
0.011768
0.012411
0.013481
0.013129
0.013003
0.012703
0.012444
0.012902
0.012622
0.01172
0.012436
0.01283
0.013
0.012596
0.012384
0.013457
0.01258
0.012419
0.013096
0.012812
0.012995
0.012684
0.012884
0.012518
0.012775
0.012776
0.012621
0.012441
0.012484
0.012528
0.012545
0.013165
0.012937
0.012636
0.01283
0.012402
0.013103
0.012538
0.012481
0.012789
0.012677
0.012846
0.012532
0.012422
0.012468
0.012483
0.012407
0.01284
0.012327
0.012463
0.012453
0.012228
0.012553
0.01215
0.012381
0.012746
0.012907
0.011977
0.011933
0.01255
0.011867
0.012012
0.012567
0.012187
0.011269
0.012437
0.012576
0.012211
0.012478
0.01186
0.012391
0.012422
0.011734
0.012329
0.012259
0.012409
0.012397
0.01221
0.012604
0.012663
0.012318
0.012893
0.012293
0.011974
0.011941
0.0123
0.012466
0.01249
0.012231
0.012147
0.012409
0.012298
0.012147
0.011979
0.012578
0.012523
0.012324
0.011976
0.012766
0.012496
0.012135
0.011998
0.012333
0.012351
0.01217
0.01214
0.012691
0.011883
0.013168
0.012748
0.012063
0.012448
0.012133
0.012282
0.011848
0.012704
0.012917
0.011984
0.01213
0.012364
0.01235
0.012286
0.01221
0.01226
0.011735
0.012408
0.012292
0.01208
0.012094
0.012599
0.01187
0.012044
0.011994
0.011981
0.013175
0.012842
0.012304
0.012541
0.012767
0.01249
0.012915
0.013402
0.012853
0.012199
0.011853
0.012286
0.012053
0.0126
0.012496
0.012457
0.012428
0.012252
0.012318
0.012546
0.012875
0.012718
0.01257
0.012565
0.012962
0.012378
0.012348
0.012528
0.013117
0.012321
0.012555
0.01264
0.012387
0.012328
0.012353
0.012463
0.012845
0.012501
0.012896
0.012989
0.012696
0.013179
0.013204
0.012791
0.01242
0.012859
0.013083
0.012681
0.012393
0.013041
0.012983
0.013026
0.012309
0.012493
0.013044
0.012746
0.012657
0.012677
0.012208
0.012185
0.012696
0.012594
0.012395
0.012926
0.012904
0.014047
0.012708
0.012603
0.012696
0.011868
0.012991
0.012619
0.012694
0.012923
0.012308
0.012556
0.012743
0.012962
0.012761
0.012534
0.012462
0.012528
0.012131
0.011454
0.012063
0.012107
0.01238
0.011857
0.012368
0.012341
0.012543
0.01254
0.01338
0.014188
0.012812
0.012317
0.013048
0.012634
0.011943
0.013174
0.012307
0.012418
0.01204
0.012122
0.012285
0.012296
0.012318
0.012348
0.011565
