0.012589
0.012143
0.011691
0.012192
0.012619
0.011459
0.011907
0.011596
0.011946
0.011585
0.012972
0.01219
0.01121
0.012509
0.012014
0.011956
0.012697
0.012324
0.012813
0.012893
0.012529
0.01274
0.01268
0.012621
0.012419
0.012504
0.012304
0.012581
0.012589
0.012234
0.012466
0.012261
0.012595
0.012737
0.011715
0.011937
0.012405
0.011827
0.012312
0.011696
0.012494
0.012264
0.012089
0.012403
0.011828
0.011458
0.013031
0.011635
0.012246
0.011847
0.012568
0.012249
0.011889
0.011865
0.012527
0.011793
0.012266
0.012285
0.012171
0.011957
0.012168
0.012039
0.012004
0.011858
0.011866
0.011813
0.011995
0.011815
0.011688
0.012298
0.011689
0.012182
0.011846
0.013726
0.013658
0.012555
0.013176
0.012752
0.012799
0.012062
0.012198
0.012177
0.012528
0.013048
0.012311
0.012462
0.012093
0.013076
0.012894
0.012206
0.013006
0.01256
0.011684
0.011765
0.011361
0.011867
0.011978
0.011501
0.012831
0.011947
0.011978
0.011844
0.012834
0.012586
0.013545
0.013344
0.012522
0.013097
0.01205
0.012347
0.012138
0.012261
0.01209
0.01195
0.012124
0.011971
0.012
0.011563
0.012147
0.011961
0.012865
0.012753
0.012363
0.011727
0.012322
0.011391
0.011762
0.012035
0.011915
0.011604
0.012251
0.012607
0.012066
0.011821
0.012383
0.011908
0.011685
0.011973
0.011769
0.011781
0.011526
0.011586
0.012097
0.012409
0.01158
0.011739
0.011698
0.01249
0.013029
0.013483
0.012502
0.012177
0.01263
0.012184
0.012705
0.013656
0.012426
0.013056
0.01307
0.01196
0.01304
0.012003
0.012678
0.012506
0.012353
0.013164
0.013294
0.011841
0.011926
0.012154
0.012007
0.01333
0.011734
0.011759
0.012701
0.011981
0.013989
0.011865
0.012217
0.012647
0.012079
0.012666
0.012029
0.012211
0.011732
0.012182
0.01192
0.012038
0.012516
0.012295
0.01187
0.012328
0.012345
0.012542
0.012284
0.012177
0.012781
0.012326
0.012286
0.012899
0.012575
0.012572
0.012131
0.012316
0.012179
0.012281
0.012259
0.011966
0.012595
0.012183
0.012496
0.012111
0.012239
0.012254
0.012143
0.011715
0.01213
0.013293
0.012095
0.011925
0.011892
0.011911
0.012561
0.012473
0.012119
0.011982
0.012041
0.011898
0.012131
0.011895
0.012345
0.011951
0.0122
0.012268
0.012373
0.012764
0.012368
0.011668
0.011933
0.012447
0.01281
0.012213
0.012756
0.012318
0.012185
0.013661
0.01343
0.01329
0.012432
0.012212
0.012699
0.012726
0.013289
0.012642
0.011592
0.012702
0.01291
0.012802
0.012234
0.012489
0.012578
0.012466
0.012948
0.013121
0.011826
0.012267
0.01236
0.012191
0.012252
0.012498
0.01233
0.012266
0.012298
0.011623
0.01234
0.012508
0.012623
0.012261
0.012741
0.012318
0.012927
0.011815
0.013163
0.012194
0.012525
0.012483
0.012599
0.012294
0.012359
0.012861
0.012353
0.012377
0.011843
0.012218
0.012924
0.012308
0.012228
0.012424
0.012642
0.013505
0.012339
0.012657
0.01369
0.013537
0.012909
0.012717
0.013101
0.012694
0.015009
0.012632
0.01277
0.012431
0.012646
0.01239
0.01278
0.012867
0.012852
0.012518
0.012453
0.012758
0.012456
0.012275
0.012718
0.012076
0.012805
0.012181
0.013279
0.012287
0.012778
0.012472
0.012087
0.012345
0.01251
0.012535
0.012326
0.01271
0.01215
0.012936
0.01273
0.012418
0.012232
0.012643
0.012713
0.011581
0.012463
0.012192
0.011756
0.012498
0.012281
0.012318
0.01213
0.012411
0.012412
0.012575
0.012082
0.012118
0.011778
0.012188
0.01242
0.012148
0.012257
0.011862
0.019867
0.014369
0.014708
0.01401
0.014688
0.013254
0.013264
0.012413
0.012469
0.012368
0.012293
0.012792
0.012206
0.012051
0.012204
0.012195
0.012894
0.012748
0.013249
0.011876
0.013007
0.012871
0.012495
0.012131
0.012184
0.012331
0.012471
0.012293
0.013031
0.012404
0.012447
0.012374
0.012397
0.012318
0.012773
0.012204
0.011838
0.011671
0.011878
0.012139
0.012274
0.013004
0.013212
0.011981
0.012244
0.012529
0.012188
0.012191
0.012256
0.012314
0.011914
0.012675
0.012669
0.013661
0.013179
0.013083
0.014097
0.013685
0.012951
0.012434
0.012759
0.013454
0.013254
0.012689
0.012514
0.013002
0.012747
0.012598
0.012738
0.012609
0.012101
0.013038
0.012905
0.012699
0.013216
0.013085
0.012721
0.012926
0.01271
0.012868
0.01304
0.013154
0.012769
0.012666
0.01257
0.012501
0.0122
0.012583
0.012467
0.012279
0.01221
0.01292
0.01278
0.012494
0.012063
0.012824
0.01316
0.012495
0.012813
0.012705
0.012517
0.012657
0.012772
0.012664
0.013294
0.013376
0.012352
0.01246
0.012431
0.011966
0.012824
0.012056
0.012313
0.012161
0.012499
0.012428
0.012657
0.011505
0.012154
0.011765
0.011967
0.012387
0.011878
0.012177
0.011979
0.011787
0.011505
0.012469
0.012032
0.012065
0.012076
0.011858
0.011939
0.012084
0.011947
0.012495
0.011779
0.011807
0.011861
0.011958
0.01273
0.012421
0.01233
0.012713
0.01267
0.012589
0.01282
0.012412
0.012572
0.013376
0.011881
0.012656
0.013348
0.013095
0.01252
0.012433
0.012768
0.012281
0.012911
0.012773
0.012932
0.012445
0.013289
0.012597
0.011884
0.012593
0.012351
0.01228
0.01291
0.013038
0.013193
0.013172
0.012603
0.012713
0.013661
0.01346
0.012997
0.012567
0.012308
0.013137
0.012555
0.012531
0.012672
0.013222
0.012796
0.012649
0.012355
0.013006
0.012893
0.013174
0.012746
0.013803
0.012694
0.012295
0.012483
0.013218
0.01247
0.013347
0.012852
0.013588
0.013864
0.013896
0.012245
0.012875
0.012551
0.012991
0.01269
0.011975
0.012925
0.012353
0.012735
0.012343
0.012831
0.011847
0.011874
0.012366
0.012792
0.012826
0.012436
0.012436
0.012645
0.01291
0.012669
0.012596
0.013693
0.01218
0.012531
0.013598
0.012436
0.013268
0.013059
0.013064
0.013235
0.012548
0.012165
0.013339
0.012969
0.013273
0.013168
0.012931
0.012435
0.012834
0.012873
0.012686
0.012714
0.012884
0.012512
0.013542
0.011831
0.012849
0.012595
0.012378
0.013143
0.012856
0.012066
0.01266
0.012598
0.012269
0.012508
0.012622
0.013083
0.012572
0.012108
0.013457
0.012078
0.012814
0.012372
0.012416
0.012758
0.012418
0.012825
0.012399
0.011988
0.011961
0.012835
0.012425
0.012277
0.012803
0.013126
0.012501
0.013016
0.012067
0.012307
0.012483
0.011968
0.01211
0.012379
0.012235
0.012307
0.012427
0.012596
0.011986
0.012011
0.012278
0.012705
0.012563
0.012353
0.012487
0.012289
0.012334
0.011874
0.012494
0.012324
0.012566
0.012375
0.012486
0.012755
0.012493
0.01313
0.012782
0.012308
0.012483
0.012698
0.012139
0.012975
0.012675
0.012669
0.012746
0.012923
0.012284
0.013413
0.012046
0.012503
0.012446
0.012481
0.012244
0.01283
0.012426
0.012272
0.012291
0.012294
0.012983
0.012847
0.012656
0.012844
0.011964
0.012493
0.012803
0.012208
0.012557
0.012363
0.013573
0.012837
0.012756
0.012812
0.011984
0.012612
0.012612
0.012767
0.012524
0.012934
0.013464
0.012362
0.012642
0.012195
0.012385
0.012127
0.012358
0.013236
0.012577
0.012213
0.012368
0.01218
0.01231
0.012364
0.01287
0.01228
0.012274
0.01272
0.012382
0.012954
0.012117
0.012466
0.012167
0.012537
0.012186
0.011984
0.012126
0.012309
0.011892
0.012919
0.012661
0.013045
0.011506
0.012366
0.012692
0.01249
0.01244
0.01275
0.013271
0.012465
0.01257
0.013272
0.012379
0.012327
0.012331
0.013214
0.013646
0.014406
0.013047
0.012275
0.012416
0.011721
0.012345
0.0118
0.012205
0.012072
0.012501
0.012889
0.013224
0.011439
0.013439
0.013069
0.012737
0.012637
0.013198
0.012116
0.012615
0.013111
0.012393
0.012556
0.012969
0.012734
0.012368
0.012812
0.012613
0.012593
0.012634
0.013068
0.013026
0.012491
0.013064
0.012334
0.012306
0.012528
0.013545
0.013597
0.012791
0.013453
0.012762
0.01272
0.012666
0.012675
0.012486
0.013134
0.012674
0.01315
0.012654
0.012695
0.012448
0.012679
0.013325
0.012786
0.012884
0.013767
0.012371
0.012078
0.012391
0.012391
0.012221
0.012548
0.012133
0.012429
0.012207
0.012421
0.011722
0.012133
0.012437
0.012406
0.012079
0.012761
0.012425
0.01202
0.012602
0.011219
0.01198
0.011995
0.012083
0.012526
0.012076
0.012026
0.012149
0.011861
0.012165
0.012572
0.011628
0.01197
0.01197
0.011926
0.011803
0.011926
0.012656
0.012802
0.012414
0.012927
0.012464
0.012216
0.012068
0.013638
0.012394
0.011489
0.012164
0.012447
0.012212
0.011795
0.012245
0.012774
0.012146
0.012073
0.01205
0.01226
0.011912
0.012685
0.01162
0.012161
0.012968
0.012276
0.011814
0.012158
0.012372
0.012343
0.012101
0.012219
0.011961
0.01204
0.01194
0.012415
0.01274
0.011916
0.012641
0.01127
0.011678
0.01209
0.012352
0.011907
0.011935
0.012181
0.013797
0.011803
0.010993
0.012459
0.011714
0.012049
0.011918
0.012049
0.01194
0.012721
0.011552
0.012029
0.012446
0.01315
0.012277
0.012024
0.01237
0.011803
0.012175
0.012426
0.011082
0.012282
0.012032
0.012204
0.01206
0.011767
0.012197
0.0124
0.011828
0.011625
0.011977
0.011199
0.013438
0.012688
0.012277
0.01226
0.012631
0.01218
0.012147
0.011684
0.012195
0.012514
0.012023
0.01225
0.012406
0.013007
0.012583
0.013122
0.012372
0.012168
0.011975
0.012666
0.012771
0.012125
0.012005
0.013156
0.012836
0.01207
0.012881
0.013009
0.011961
0.012466
0.012195
0.012292
0.012037
0.012301
0.012117
0.012444
0.012286
0.011574
0.012072
0.011967
0.011765
0.011882
0.011791
0.011301
0.011377
0.01182
0.011497
0.011198
0.011902
0.011521
0.011709
0.01155
0.011705
0.011465
0.012806
0.011993
0.011653
0.012293
0.012313
0.012025
0.012013
0.012396
0.011693
0.012095
0.011961
0.012087
0.011713
0.011834
0.012441
