0.012554
0.012165
0.012059
0.011778
0.011916
0.012953
0.012274
0.011945
0.011412
0.01174
0.012066
0.011663
0.012275
0.012425
0.01227
0.01215
0.012099
0.011836
0.012914
0.012076
0.012345
0.012102
0.01264
0.012693
0.012563
0.012258
0.012488
0.012877
0.012321
0.012023
0.011606
0.012272
0.01231
0.01201
0.011776
0.011846
0.012928
0.012081
0.011147
0.012094
0.012301
0.012656
0.011608
0.012437
0.012389
0.011464
0.012476
0.01257
0.012186
0.011561
0.012377
0.01204
0.012184
0.01282
0.012509
0.013066
0.013018
0.012352
0.01281
0.012904
0.012194
0.013034
0.012209
0.012386
0.012471
0.012131
0.012615
0.012364
0.012589
0.012178
0.012512
0.011815
0.012486
0.012563
0.013085
0.011509
0.01207
0.012281
0.011818
0.012898
0.012359
0.012291
0.012124
0.012412
0.012405
0.011959
0.012686
0.012388
0.0125
0.012094
0.012282
0.012205
0.012452
0.012252
0.012103
0.012089
0.011489
0.012757
0.012082
0.012973
0.012179
0.012409
0.012542
0.012346
0.012379
0.012088
0.012127
0.012035
0.012824
0.012027
0.012712
0.012031
0.011507
0.01187
0.011471
0.011599
0.011992
0.012311
0.011724
0.012174
0.011766
0.012211
0.011913
0.012293
0.012049
0.012229
0.011982
0.012232
0.011766
0.01196
0.01326
0.012304
0.012867
0.012644
0.012492
0.012716
0.012179
0.012096
0.012284
0.012548
0.012909
0.01237
0.012739
0.012448
0.01193
0.012119
0.012632
0.012234
0.012282
0.011423
0.01231
0.012181
0.01301
0.012465
0.011954
0.012178
0.012423
0.012464
0.011808
0.01286
0.012242
0.012831
0.011975
0.012171
0.012118
0.01203
0.01229
0.011657
0.011878
0.011599
0.011372
0.011521
0.011747
0.012126
0.012405
0.011887
0.011966
0.011421
0.011927
0.012196
0.011771
0.011707
0.012533
0.011999
0.012151
0.011876
0.012025
0.012036
0.012994
0.01248
0.012696
0.011864
0.012065
0.012353
0.012767
0.01226
0.012556
0.01269
0.012127
0.012347
0.012389
0.012609
0.012792
0.012287
0.012326
0.012357
0.012608
0.012768
0.01292
0.011647
0.012888
0.012434
0.012693
0.012755
0.012695
0.012705
0.012358
0.01282
0.012896
0.012679
0.012773
0.012771
0.012628
0.012283
0.012448
0.012072
0.01187
0.012109
0.011856
0.012384
0.012012
0.011277
0.012502
0.012174
0.01202
0.011781
0.011815
0.012373
0.011962
0.012074
0.011738
0.011949
0.01176
0.012001
0.013849
0.012733
0.0122
0.012689
0.012479
0.012568
0.012108
0.012059
0.012442
0.012494
0.012777
0.012706
0.012047
0.012175
0.01269
0.013044
0.012263
0.011804
0.01209
0.012312
0.01322
0.01206
0.012559
0.012175
0.012435
0.012047
0.012023
0.012078
0.012677
0.012811
0.012215
0.01272
0.011853
0.012449
0.012364
0.012277
0.012203
0.012469
0.012055
0.012105
0.012462
0.012081
0.014209
0.012022
0.01266
0.012035
0.011887
0.011897
0.012102
0.012277
0.012479
0.011946
0.012008
0.012089
0.012322
0.012014
0.011663
0.012186
0.012531
0.013194
0.012221
0.012092
0.012192
0.012359
0.011938
0.0125
0.011913
0.012311
0.012257
0.012112
0.01191
0.012389
0.01197
0.012009
0.012335
0.012039
0.011489
0.011555
0.012059
0.012876
0.011998
0.012048
0.01248
0.012589
0.012232
0.012185
0.011959
0.012046
0.012053
0.011931
0.011925
0.012595
0.012086
0.012222
0.012398
0.012085
0.012057
0.012916
0.012063
0.012418
0.011551
0.011968
0.012592
0.012815
0.012657
0.013158
0.01245
0.012488
0.012484
0.012846
0.012664
0.012638
0.01216
0.012436
0.012601
0.01286
0.011967
0.014016
0.021701
0.013379
0.01275
0.013098
0.013115
0.01275
0.012679
0.012692
0.012505
0.012545
0.012583
0.012373
0.011937
0.01226
0.012372
0.012704
0.012465
0.012682
0.01318
0.012676
0.01245
0.01226
0.012751
0.012484
0.012481
0.012983
0.012447
0.013247
0.012671
0.01255
0.012742
0.01252
0.012222
0.012626
0.012613
0.012591
0.011789
0.012587
0.012322
0.011905
0.012234
0.012532
0.012453
0.012551
0.012361
0.012017
0.012164
0.012428
0.011875
0.011826
0.01227
0.012039
0.012247
0.012192
0.012338
0.013733
0.012085
0.012097
0.012505
0.012092
0.012471
0.012201
0.012019
0.01261
0.01236
0.012018
0.012555
0.012513
0.012673
0.012393
0.012354
0.011987
0.012228
0.012906
0.012417
0.012211
0.012776
0.012257
0.012568
0.012493
0.013126
0.012176
0.013023
0.01313
0.013018
0.012373
0.012574
0.012179
0.012725
0.012975
0.012582
0.012432
0.012509
0.012516
0.012711
0.012161
0.01236
0.011971
0.012243
0.013038
0.012373
0.01229
0.012277
0.012478
0.012374
0.013358
0.01252
0.01232
0.012335
0.011876
0.011931
0.01259
0.013292
0.012641
0.0122
0.012819
0.012631
0.01258
0.012505
0.01241
0.012225
0.012863
0.012627
0.012688
0.012482
0.012556
0.012753
0.012777
0.01223
0.012911
0.012445
0.012455
0.012616
0.012664
0.012731
0.012457
0.012344
0.012682
0.012558
0.012427
0.012203
0.012804
0.012181
0.012623
0.012428
0.012588
0.012454
0.013874
0.012815
0.012451
0.012916
0.012639
0.012842
0.012799
0.012304
0.012305
0.012247
0.012716
0.012348
0.012624
0.012797
0.01258
0.012159
0.014068
0.012926
0.012616
0.012217
0.012634
0.012012
0.012118
0.012561
0.012453
0.012113
0.012098
0.012053
0.012274
0.011653
0.01231
0.012197
0.012352
0.012158
0.012406
0.012807
0.012605
0.012534
0.012416
0.012634
0.01268
0.012263
0.012491
0.012665
0.012163
0.012294
0.012172
0.012379
0.012435
0.012655
0.012613
0.012798
0.012336
0.012743
0.012049
0.012333
0.012322
0.012244
0.012044
0.012781
0.013127
0.012635
0.012433
0.012583
0.012487
0.012588
0.013129
0.012867
0.012537
0.012427
0.012167
0.013611
0.012716
0.012725
0.012259
0.012329
0.013001
0.012731
0.012589
0.013043
0.012242
0.012158
0.012451
0.012318
0.0123
0.011828
0.012162
0.011853
0.012882
0.011834
0.012708
0.01262
0.011761
0.01203
0.011914
0.01243
0.012133
0.012253
0.012598
0.012257
0.012729
0.012661
0.012431
0.011557
0.012514
0.012609
0.012567
0.012392
0.0121
0.012388
0.012395
0.012195
0.012387
0.012558
0.012338
0.012583
0.0123
0.012326
0.012068
0.012414
0.012535
0.012452
0.012503
0.012235
0.012684
0.01235
0.012114
0.012724
0.012031
0.012394
0.012215
0.014701
0.011995
0.012306
0.012119
0.011888
0.012247
0.011867
0.012131
0.011811
0.011799
0.011843
0.012307
0.012748
0.012651
0.012206
0.012654
0.012453
0.0127
0.012231
0.012638
0.011919
0.012069
0.012185
0.012638
0.012628
0.012517
0.012955
0.012037
0.012765
0.012044
0.012308
0.012664
0.012741
0.012433
0.012638
0.012415
0.011957
0.012169
0.012576
0.012059
0.012413
0.012049
0.012825
0.013234
0.012263
0.013208
0.012511
0.012992
0.012828
0.012234
0.012765
0.013003
0.012501
0.012731
0.012532
0.012761
0.012476
0.012532
0.012961
0.012117
0.012548
0.01252
0.012358
0.012142
0.012022
0.012376
0.012076
0.012268
0.012485
0.012404
0.012549
0.01249
0.012755
0.012957
0.012572
0.012822
0.012791
0.012337
0.012177
0.012042
0.012464
0.012599
0.013429
0.012392
0.012486
0.01275
0.012412
0.012725
0.011975
0.012331
0.01207
0.0125
0.012202
0.012236
0.014647
0.012956
0.012314
0.012151
0.012502
0.011857
0.012453
0.012406
0.012262
0.012277
0.012105
0.012732
0.01216
0.011681
0.012003
0.012301
0.012475
0.011926
0.012244
0.012188
0.011934
0.012232
0.012231
0.012024
0.011848
0.012882
0.012939
0.01225
0.012144
0.012176
0.012166
0.012722
0.012388
0.012599
0.012193
0.012915
0.011992
0.012668
0.012592
0.012958
0.012392
0.013049
0.012171
0.012356
0.012788
0.012545
0.012806
0.012648
0.012617
0.012177
0.01274
0.012331
0.013058
0.012583
0.012341
0.012836
0.012414
0.01258
0.012246
0.012457
0.012996
0.01232
0.012861
0.012559
0.012041
0.01292
0.011796
0.012546
0.01237
0.011877
0.011927
0.011801
0.012451
0.011798
0.012035
0.012452
0.012012
0.011794
0.012253
0.012287
0.013028
0.013034
0.012335
0.012716
0.012532
0.012326
0.012217
0.012638
0.012226
0.012628
0.012639
0.012843
0.012686
0.012398
0.012771
0.012862
0.012662
0.012062
0.012305
0.012187
0.012972
0.011746
0.012898
0.012253
0.011968
0.012253
0.012237
0.011969
0.01135
0.012139
0.012683
0.01188
0.012054
0.012643
0.011992
0.012556
0.012109
0.012735
0.012162
0.012636
0.012498
0.012688
0.01237
0.01271
0.01252
0.012679
0.01291
0.012826
0.013052
0.013016
0.013058
0.012586
0.012484
0.013167
0.012837
0.012597
0.012368
0.012621
0.012754
0.013443
0.012352
0.012581
0.012183
0.011984
0.012601
0.012187
0.012402
0.012156
0.012488
0.011981
0.012263
0.012476
0.01203
0.012332
0.012913
0.012112
0.012402
0.012226
0.012283
0.011833
0.012229
0.012664
0.011774
0.012298
0.012481
0.01174
0.012163
0.01214
0.01229
0.012012
0.01203
0.012227
0.012227
0.012481
0.012284
0.011414
0.012215
0.012454
0.012194
0.012202
0.012022
0.012369
0.012242
0.012655
0.012423
0.012267
0.011961
0.01219
0.012622
0.012394
0.012039
0.011934
0.012534
0.012924
0.012559
0.011935
0.012936
0.012602
0.013476
0.012281
0.012513
0.012578
0.012744
0.012685
0.012452
0.012273
0.012241
0.012595
0.012909
0.012288
0.012774
0.012414
0.012468
0.012185
0.013113
0.012452
0.011968
0.012294
0.012263
0.012215
0.012174
0.012222
0.012559
0.013028
0.01263
0.012278
0.012297
0.012494
0.012321
0.012115
0.012508
0.013123
0.012478
0.012625
0.012227
0.011716
0.011941
0.011882
0.011982
0.012105
0.012442
0.011686
0.011813
0.011989
0.011597
0.01146
0.012566
0.011694
0.011963
0.011651
0.011616
0.011551
0.011601
0.011929
0.011428
0.011925
0.011781
0.011754
0.011798
0.011807
0.012131
0.012069
0.011944
0.012142
0.0122
0.01197
