0.026471
0.025032
0.027082
0.025169
0.024606
0.02437
0.024206
0.024319
0.024192
0.025128
0.025689
0.024575
0.024043
0.025808
0.031149
0.027982
0.0249
0.024424
0.024696
0.042165
0.025245
0.023446
0.025383
0.024394
0.023333
0.024371
0.024466
0.025636
0.023984
0.024903
0.023142
0.023889
0.023802
0.024275
0.023282
0.023845
0.024014
0.024217
0.023693
0.024827
0.023832
0.024929
0.02328
0.023224
0.025833
0.024416
0.025044
0.024364
0.023411
0.023892
0.023512
0.02579
0.026158
0.02623
0.024116
0.024706
0.025685
0.048056
0.031692
0.025677
0.024791
0.025984
0.025553
0.025171
0.024046
0.024036
0.023892
0.022876
0.023082
0.023416
0.023117
0.023721
0.023133
0.023863
0.023533
0.022967
0.02835
0.030895
0.02754
0.027125
0.024806
0.024832
0.025636
0.027365
0.024681
0.024821
0.026034
0.026123
0.026099
0.025506
0.024258
0.024797
0.024296
0.023872
0.024594
0.024063
0.024042
0.023472
0.023989
0.0246
0.026246
0.025296
0.024251
0.024293
0.026615
0.023739
0.023666
0.024129
0.027295
0.024857
0.025566
0.025304
0.02579
0.025029
0.026963
0.02558
0.026284
0.028693
0.025195
0.024538
0.025364
0.025921
0.024166
0.024748
0.023005
0.023459
0.02303
0.023212
0.024254
0.02459
0.02388
0.025449
0.024697
0.027556
0.024012
0.025899
0.024795
0.0261
0.023883
0.02488
0.025204
0.02429
0.023297
0.02532
0.024678
0.023657
0.024295
0.025061
0.024557
0.024542
0.024565
0.024389
0.024117
0.025043
0.024497
0.025867
0.024364
0.024117
0.025121
0.02404
0.024061
0.024388
0.024373
0.024413
0.024098
0.024644
0.024433
0.024581
0.024542
0.024321
0.025421
0.024212
0.024077
0.024242
0.026451
0.024447
0.024795
0.025998
0.024003
0.025154
0.024458
0.024819
0.026414
0.024629
0.024785
0.024199
0.024234
0.023989
0.025245
0.023985
0.024561
0.02435
0.024335
0.024258
0.023981
0.024724
0.024551
0.025273
0.024341
0.023643
0.024175
0.023726
0.024921
0.024607
0.024069
0.023645
0.023611
0.023626
0.024478
0.024016
0.024902
0.025042
0.024779
0.025198
0.024067
0.024197
0.024232
0.024024
0.023981
0.024212
0.025234
0.025913
0.02378
0.023698
0.023803
0.023983
0.024347
0.024697
0.023655
0.024768
0.024234
0.023862
0.024164
0.023246
0.023515
0.02335
0.023424
0.023948
0.023432
0.023164
0.023459
0.023855
0.024016
0.024272
0.024432
0.02511
0.024329
0.024127
0.024089
0.024208
0.024543
0.024451
0.024767
0.026147
0.025057
0.025225
0.026377
0.024484
0.024538
0.02418
0.024656
0.025159
0.024919
0.02531
0.023754
0.023404
0.024773
0.024623
0.025379
0.024684
0.026085
0.024404
0.024436
0.024295
0.024093
0.02457
0.025601
0.02437
0.024011
0.02379
0.024104
0.024202
0.02389
0.024145
0.024514
0.027155
0.024475
0.024793
0.025498
0.023602
0.023625
0.023976
0.023891
0.024391
0.023715
0.025077
0.023768
0.024292
0.02591
0.02457
0.026404
0.024213
0.02457
0.024105
0.023972
0.023731
0.023931
0.024439
0.023886
0.023903
0.024192
0.023916
0.024068
0.024646
0.024193
0.024373
0.023905
0.024002
0.023938
0.024865
0.023854
0.027241
0.024209
0.024218
0.02415
0.024154
0.024734
0.02425
0.024264
0.02513
0.024505
0.023983
0.024656
0.02469
0.024027
0.024307
0.024378
0.024447
0.02475
0.024329
0.024661
0.024143
0.024218
0.02479
0.02458
0.024248
0.024457
0.024428
0.023895
0.024171
0.024164
0.024261
0.024341
0.024254
0.026147
0.023855
0.023827
0.024095
0.024241
0.025169
0.026109
0.025897
0.02426
0.024256
0.025002
0.025303
0.025052
0.025508
0.024778
0.025557
0.024509
0.025951
0.024968
0.026127
0.025297
0.023527
0.024864
0.023765
0.023964
0.023758
0.024279
0.023917
0.024342
0.025661
0.025326
0.024385
0.024566
0.026282
0.024691
0.024658
0.026125
0.024846
0.024788
0.024133
0.024611
0.024606
0.024035
0.02616
0.026378
0.026494
0.026133
0.026019
0.026531
0.026931
0.024725
0.025886
0.024325
0.024876
0.023181
0.02458
0.023342
0.022718
0.023934
0.02346
0.023567
0.023598
0.02404
0.025038
0.025446
0.024156
0.024206
0.023938
0.024192
0.02417
0.024387
0.024443
0.026189
0.024602
0.024602
0.025171
0.024063
0.02414
0.025549
0.023467
0.023357
0.023702
0.024111
0.024242
0.024154
0.0239
0.023418
0.0237
0.023818
0.023636
0.02426
0.024078
0.023823
0.024153
0.024067
0.023771
0.024252
0.024259
0.025823
0.026693
0.0251
0.024461
0.024581
0.024933
0.024207
0.023972
0.024464
0.024218
0.023807
0.026366
0.024425
0.02446
0.023846
0.024231
0.024066
0.024387
0.023617
0.024118
0.025374
0.024738
0.023938
0.025852
0.026244
0.024382
0.024444
0.025294
0.024892
0.025177
0.025191
0.024579
0.024506
0.02468
0.026473
0.024493
0.024041
0.024194
0.024029
0.024145
0.023801
0.025312
0.023465
0.02372
0.023584
0.024441
0.023806
0.025518
0.023506
0.023677
0.024554
0.023656
0.023648
0.023704
0.024167
0.02324
0.025221
0.025117
0.024631
0.025041
0.027073
0.024678
0.024619
0.025092
0.024798
0.024565
0.024597
0.026408
0.024746
0.02435
0.024371
0.024597
0.024087
0.024409
0.024413
0.023964
0.02569
0.024117
0.024072
0.023868
0.024012
0.023759
0.024446
0.023779
0.02433
0.024325
0.024149
0.023757
0.024263
0.024317
0.024703
0.024596
0.02459
0.024354
0.024454
0.024821
0.024442
0.02438
0.024751
0.024412
0.023894
0.025908
0.023868
0.024037
0.02527
0.023866
0.024247
0.023871
0.02406
0.023739
0.024101
0.024246
0.025961
0.02505
0.023733
0.02478
0.024614
0.024651
0.023821
0.023863
0.02406
0.023731
0.023762
0.023563
0.023685
0.024468
0.023598
0.023607
0.024368
0.023879
0.023961
0.023889
0.023723
0.023042
0.02473
0.023699
0.024602
0.025057
0.025338
0.024529
0.023146
0.024848
0.025267
0.022946
0.023693
0.024027
0.024117
0.02426
0.024517
0.024284
0.024221
0.02387
0.025648
0.025686
0.025047
0.023841
0.024228
0.023502
0.023967
0.023863
0.024162
0.024117
0.02416
0.023567
0.024717
0.02371
0.024084
0.024408
0.023717
0.023875
0.023927
0.023856
0.024836
0.024219
0.023848
0.023631
0.023865
0.02388
0.024107
0.023736
0.023829
0.024262
0.024187
0.02368
0.023869
0.024266
0.023886
0.024202
0.024265
0.024308
0.023971
0.024417
0.02573
0.024204
0.023853
0.024055
0.024421
0.024019
0.02442
0.023596
0.025132
0.023936
0.023772
0.023517
0.02558
0.023772
0.028421
0.023753
0.023402
0.02369
0.023651
0.024001
0.023668
0.024129
0.023547
0.02382
0.023565
0.023941
0.024813
0.025209
0.024988
0.02392
0.023801
0.023916
0.023783
0.023679
0.024001
0.025332
0.023827
0.025949
0.025302
0.023877
0.024008
0.023418
0.02587
0.023256
0.023118
0.023088
0.023686
0.023457
0.022997
0.023209
0.023273
0.023892
0.023454
0.02467
0.02363
0.024116
0.024228
0.024614
0.023752
0.0259
0.023802
0.023962
0.024409
0.024014
0.023991
0.023157
0.02388
0.028366
0.025189
0.024347
0.024671
0.024543
0.024065
0.02415
0.023881
0.026971
0.024411
0.023656
0.024117
0.023695
0.024041
0.025935
0.024
0.023793
0.023592
0.023991
0.024168
0.022819
0.023472
0.023143
0.023334
0.022905
0.023212
0.022823
0.022749
0.023025
0.02315
0.023814
0.024884
0.023481
0.023613
0.023468
0.023587
0.02345
0.025225
0.02369
0.02422
0.024451
0.023218
0.023794
0.023492
0.023051
0.023325
0.023408
0.023252
0.023489
0.023541
0.02364
0.023125
0.023249
0.024832
0.024005
0.023713
0.023777
0.023904
0.023879
0.024053
0.023989
0.02393
0.023732
0.023775
0.02378
0.023308
0.023721
0.023759
0.023468
0.023728
0.024058
0.023829
0.023496
0.023997
0.023772
0.025419
0.023547
0.023612
0.02355
0.025406
0.023418
0.025118
0.023143
0.02375
0.023384
0.023455
0.023142
0.023351
0.023641
0.023462
0.023827
0.02518
0.023559
0.023278
0.023168
0.023223
0.023275
0.023592
0.023958
0.02354
0.023498
0.023538
0.0234
0.023335
0.023658
0.023867
0.023723
0.023926
0.023757
0.025292
0.023216
0.023065
0.023247
0.023244
0.022969
0.023668
0.022995
0.023255
0.024278
0.027967
0.028771
0.023848
0.027507
0.026718
0.03013
0.02483
0.024745
0.025766
0.023205
0.02645
0.026284
0.027085
0.027725
0.026703
0.026598
0.026114
0.025569
0.028931
0.026509
0.024143
0.025036
0.025573
0.025718
0.02654
0.028325
0.025758
0.02571
0.026135
0.028034
0.027538
0.029359
0.025663
0.024245
0.028283
0.025325
0.025404
0.024652
0.025237
0.026183
0.024587
0.023939
0.024897
0.023932
0.023305
0.023641
0.027391
0.02614
0.0252
0.025538
0.026246
0.026971
0.025441
0.027738
0.025594
0.0254
0.024159
0.023398
0.02356
0.023177
0.023299
0.023238
0.023395
0.024008
0.023441
0.02299
0.023701
0.025965
0.024768
0.02433
0.024135
0.024268
0.024556
0.024193
0.024433
0.023887
0.023391
0.024135
0.025212
0.025358
0.023995
0.024094
0.024112
0.024693
0.024332
0.025682
0.024599
0.024284
0.024135
0.02453
0.026731
0.026097
0.026334
0.02712
0.024188
0.02611
0.027348
0.024573
0.024082
0.023684
0.023879
0.024188
0.023755
0.025699
0.023215
0.025997
0.025734
0.024207
0.023986
0.024071
0.024699
0.024128
0.023897
0.024169
0.02434
0.023871
0.023625
0.023969
0.02386
0.023712
0.023363
0.023289
0.024251
0.022918
0.023205
0.022648
0.022526
0.024369
0.023357
0.022959
0.022652
0.025084
0.024525
0.025264
0.024186
0.024746
0.02401
0.024788
0.024241
0.02422
0.024489
0.024388
0.024138
0.024004
0.024098
0.023424
0.023176
0.025254
0.023644
0.025298
0.023777
0.022843
0.025245
0.023348
0.023428
0.023848
0.023564
0.023196
0.023058
0.023363
0.023757
0.024783
0.026314
0.023399
0.023586
0.024942
0.024468
0.02641
0.025899
0.024434
