0.025362
0.025109
0.024852
0.025375
0.024882
0.025299
0.025407
0.025736
0.025472
0.026293
0.025212
0.025337
0.025483
0.029113
0.02841
0.02642
0.026489
0.026773
0.026551
0.029849
0.028037
0.02554
0.026169
0.026157
0.026831
0.022916
0.023603
0.024124
0.024179
0.024463
0.024374
0.024318
0.024049
0.024058
0.023782
0.026426
0.025307
0.026025
0.024893
0.025155
0.025385
0.027608
0.025991
0.025937
0.025588
0.025747
0.024853
0.025158
0.02424
0.024302
0.02541
0.025323
0.024345
0.025036
0.023265
0.02376
0.025403
0.034248
0.024791
0.024711
0.024852
0.024642
0.022878
0.024178
0.023845
0.023404
0.023437
0.02457
0.025203
0.025028
0.025069
0.025392
0.023124
0.024899
0.025821
0.023795
0.026592
0.027181
0.0265
0.026355
0.024961
0.025688
0.025708
0.025758
0.024858
0.025353
0.026856
0.025728
0.026787
0.026111
0.026984
0.024799
0.02603
0.028392
0.02499
0.025386
0.025113
0.024679
0.025519
0.02582
0.025936
0.023407
0.025431
0.02517
0.025325
0.026716
0.024609
0.024831
0.025487
0.024926
0.025042
0.025267
0.02576
0.027588
0.02523
0.0255
0.03008
0.025796
0.024945
0.025247
0.025965
0.026124
0.028548
0.025574
0.024853
0.025709
0.024522
0.026083
0.025063
0.025265
0.025102
0.025189
0.025219
0.025816
0.024629
0.023797
0.025057
0.024839
0.02389
0.022549
0.024929
0.023703
0.025664
0.025413
0.024985
0.025152
0.025356
0.025528
0.024729
0.025143
0.025432
0.025215
0.023653
0.024902
0.026643
0.024935
0.023755
0.024046
0.024873
0.025048
0.025412
0.025019
0.024429
0.023845
0.025156
0.024014
0.023225
0.023224
0.024571
0.023044
0.023797
0.023581
0.022897
0.024532
0.025053
0.025391
0.024853
0.024311
0.024658
0.024118
0.023829
0.024743
0.02452
0.02446
0.025101
0.024662
0.024418
0.025019
0.025207
0.025463
0.025118
0.025039
0.024969
0.025319
0.024939
0.024151
0.024967
0.025433
0.024778
0.024633
0.02565
0.024589
0.024757
0.025678
0.025135
0.025185
0.025274
0.024788
0.025353
0.025658
0.02443
0.025155
0.024879
0.024799
0.0245
0.025237
0.025047
0.025201
0.025441
0.025197
0.024494
0.025888
0.024631
0.02451
0.024569
0.024975
0.025313
0.02435
0.023588
0.024851
0.023847
0.02485
0.025394
0.024638
0.025053
0.02324
0.023194
0.025075
0.024937
0.024747
0.023108
0.024084
0.025315
0.024001
0.023883
0.025056
0.024209
0.024172
0.02392
0.024313
0.02467
0.024034
0.024775
0.024402
0.026722
0.024706
0.02593
0.025875
0.025789
0.024863
0.02458
0.025338
0.023334
0.023487
0.023532
0.024501
0.023516
0.025217
0.025922
0.025036
0.024582
0.025077
0.025857
0.025696
0.025535
0.025417
0.024015
0.023081
0.02462
0.024305
0.024557
0.024269
0.024396
0.024966
0.024595
0.025448
0.024568
0.024568
0.024936
0.025156
0.024949
0.025033
0.02508
0.02484
0.024376
0.024571
0.025036
0.024248
0.025165
0.025958
0.025059
0.024903
0.024748
0.024627
0.024553
0.024381
0.02511
0.024344
0.025079
0.025686
0.02346
0.025337
0.025381
0.02322
0.024864
0.025287
0.025003
0.024699
0.025134
0.025198
0.024029
0.024713
0.024959
0.024996
0.025198
0.024927
0.025152
0.024575
0.025143
0.024692
0.025126
0.025856
0.025656
0.02516
0.025323
0.025165
0.024955
0.026037
0.024946
0.025495
0.026632
0.02508
0.024887
0.024718
0.025083
0.025538
0.024595
0.024665
0.024734
0.024555
0.024703
0.024928
0.024088
0.024996
0.02491
0.024219
0.025257
0.025125
0.025146
0.02431
0.024793
0.024691
0.024666
0.024888
0.025486
0.024947
0.024937
0.024609
0.025226
0.025641
0.025021
0.02395
0.022724
0.024476
0.022808
0.024695
0.025057
0.024408
0.02477
0.024716
0.024601
0.024894
0.024933
0.025107
0.024913
0.024805
0.025606
0.024763
0.024982
0.02521
0.024423
0.025109
0.024611
0.02477
0.025048
0.02468
0.025501
0.025555
0.02534
0.024493
0.02464
0.025264
0.025094
0.025323
0.025812
0.025427
0.025156
0.024644
0.025618
0.024533
0.025236
0.025224
0.024723
0.02547
0.025267
0.024984
0.028969
0.023372
0.02413
0.02535
0.025039
0.024921
0.024835
0.024979
0.024316
0.024767
0.025388
0.026055
0.025451
0.025279
0.025474
0.025035
0.025306
0.024867
0.024714
0.023252
0.025023
0.025229
0.029432
0.025018
0.026772
0.025063
0.025787
0.025121
0.024815
0.024722
0.02502
0.025107
0.025015
0.024817
0.024229
0.025373
0.024921
0.024313
0.024701
0.025408
0.025595
0.024095
0.023787
0.024606
0.024246
0.024697
0.024945
0.024454
0.024419
0.024708
0.024213
0.024388
0.02373
0.024006
0.024645
0.024902
0.024021
0.022715
0.024818
0.024567
0.023279
0.02595
0.024945
0.024307
0.024785
0.025737
0.024632
0.025259
0.025504
0.02405
0.025088
0.024212
0.024534
0.024326
0.023416
0.024616
0.024785
0.024161
0.024248
0.02381
0.024625
0.025394
0.023988
0.024803
0.024574
0.024427
0.02467
0.024947
0.02445
0.024189
0.02482
0.024226
0.024662
0.025236
0.024486
0.024166
0.02507
0.025064
0.024536
0.024765
0.024284
0.024207
0.025396
0.025308
0.024986
0.024421
0.025713
0.024643
0.025424
0.024767
0.024879
0.024777
0.025341
0.025524
0.024991
0.025452
0.02549
0.024838
0.024748
0.026189
0.024861
0.024743
0.02555
0.025626
0.023506
0.026283
0.025039
0.025265
0.025723
0.026179
0.024918
0.025932
0.026159
0.024869
0.025258
0.025431
0.025679
0.025597
0.025143
0.024786
0.028096
0.025132
0.025253
0.025192
0.024377
0.025044
0.024658
0.025247
0.024936
0.024751
0.023043
0.024669
0.025215
0.023981
0.025423
0.024153
0.024664
0.025198
0.025166
0.025042
0.024947
0.025567
0.024783
0.025303
0.025617
0.025187
0.025062
0.025414
0.024676
0.025448
0.026124
0.024887
0.024764
0.025092
0.024813
0.025665
0.025278
0.025023
0.024963
0.024972
0.024251
0.024936
0.025637
0.025311
0.025075
0.02706
0.023413
0.025201
0.024456
0.024621
0.024912
0.025451
0.024622
0.027916
0.024202
0.024128
0.024757
0.025041
0.024498
0.02795
0.025169
0.024252
0.023667
0.025205
0.025487
0.025194
0.02548
0.025701
0.024733
0.025893
0.025527
0.024703
0.025092
0.024334
0.024672
0.024914
0.025716
0.024834
0.025927
0.026032
0.025006
0.025601
0.025985
0.024727
0.023479
0.026154
0.025553
0.024866
0.025737
0.025318
0.025226
0.025593
0.02546
0.025833
0.025169
0.025398
0.024813
0.025219
0.023229
0.025029
0.024435
0.024839
0.025347
0.024902
0.024954
0.024624
0.024452
0.025119
0.025502
0.024571
0.025591
0.025191
0.024793
0.024659
0.025304
0.024616
0.025326
0.025255
0.024691
0.025086
0.024851
0.024299
0.024736
0.024666
0.025093
0.02454
0.025091
0.024364
0.024765
0.025612
0.024532
0.024324
0.024962
0.024116
0.024572
0.025368
0.024697
0.024208
0.024928
0.024661
0.025314
0.025604
0.028156
0.023688
0.024852
0.025125
0.02556
0.025323
0.026036
0.025095
0.025324
0.024855
0.022904
0.02388
0.024132
0.024619
0.024622
0.024376
0.025021
0.023536
0.024069
0.023854
0.02453
0.02519
0.024652
0.024437
0.024771
0.024849
0.024709
0.024325
0.022832
0.024326
0.025312
0.025247
0.025106
0.023989
0.024829
0.024055
0.024336
0.024447
0.024907
0.025193
0.023791
0.024201
0.024241
0.024724
0.024063
0.024116
0.023309
0.023721
0.023163
0.024129
0.024365
0.024111
0.025746
0.02396
0.024973
0.023494
0.024701
0.025419
0.024414
0.023123
0.025285
0.024585
0.024786
0.024292
0.024328
0.024234
0.024071
0.023997
0.024474
0.022496
0.02419
0.024538
0.024038
0.023246
0.024172
0.02396
0.025281
0.025541
0.025453
0.024885
0.024332
0.025821
0.024048
0.024658
0.024535
0.025209
0.024552
0.023982
0.024803
0.022932
0.024303
0.023879
0.023211
0.023994
0.023642
0.023217
0.023819
0.023772
0.023043
0.024819
0.024298
0.024237
0.024995
0.024855
0.024596
0.025308
0.024089
0.024576
0.025228
0.024538
0.023335
0.024007
0.024664
0.023689
0.023503
0.02302
0.023797
0.024128
0.024512
0.023521
0.023679
0.025071
0.025925
0.024547
0.025293
0.024297
0.024177
0.02463
0.025114
0.023865
0.024601
0.025587
0.029827
0.027082
0.024046
0.030705
0.027491
0.026016
0.025918
0.026836
0.02577
0.025876
0.026028
0.025464
0.026169
0.025214
0.025926
0.026482
0.025346
0.026209
0.025921
0.0257
0.024347
0.026091
0.025255
0.02571
0.026557
0.024608
0.024885
0.028526
0.026483
0.029637
0.027661
0.026769
0.024917
0.026218
0.026596
0.026035
0.025422
0.026655
0.024992
0.025295
0.025857
0.025876
0.024656
0.025677
0.025291
0.025675
0.025053
0.025765
0.025461
0.023852
0.026642
0.024558
0.026127
0.025178
0.025396
0.025107
0.026748
0.025245
0.022965
0.024933
0.024866
0.025523
0.025233
0.025146
0.024239
0.02506
0.026446
0.025397
0.026201
0.025796
0.025818
0.024831
0.025441
0.025406
0.025981
0.025388
0.025428
0.025107
0.026079
0.025943
0.025853
0.025397
0.025916
0.025716
0.026651
0.025393
0.026797
0.025658
0.02568
0.025247
0.025288
0.025217
0.024701
0.026038
0.025829
0.025052
0.025782
0.025305
0.024658
0.024795
0.023768
0.024229
0.023629
0.023899
0.024676
0.023971
0.02443
0.023877
0.023498
0.025128
0.025756
0.026053
0.024443
0.024808
0.024444
0.025153
0.025059
0.024568
0.023889
0.025004
0.025157
0.025699
0.025458
0.02504
0.025146
0.02474
0.024948
0.024768
0.026118
0.025475
0.025789
0.025478
0.024311
0.024336
0.024372
0.024638
0.024752
0.024916
0.024476
0.024135
0.025545
0.023957
0.023447
0.023861
0.024062
0.023927
0.023665
0.023006
0.02378
0.023872
0.023594
0.023607
0.023892
0.024682
0.023987
0.024079
0.025289
0.024436
0.024516
0.024655
0.024232
0.024831
0.024266
0.02413
0.024357
0.024411
0.023893
0.02389
0.022739
0.024252
