0.025524
0.025192
0.025008
0.026055
0.025536
0.026215
0.025593
0.025542
0.025834
0.025766
0.02553
0.02554
0.02607
0.030949
0.02993
0.026273
0.026164
0.026839
0.026232
0.025892
0.02672
0.02705
0.026544
0.026259
0.024179
0.029684
0.024805
0.024685
0.024814
0.025106
0.024252
0.025599
0.024098
0.024285
0.025015
0.025966
0.024847
0.025493
0.026595
0.024663
0.024988
0.024954
0.025018
0.024828
0.025902
0.025405
0.026106
0.025365
0.024672
0.02502
0.027117
0.028076
0.026127
0.025996
0.026196
0.025959
0.027178
0.027539
0.026538
0.025909
0.026431
0.026093
0.025629
0.026336
0.025731
0.026202
0.025407
0.025197
0.02604
0.025282
0.024287
0.025704
0.02507
0.023094
0.027736
0.027994
0.027446
0.025447
0.025338
0.0269
0.025346
0.025386
0.025896
0.025323
0.024746
0.024914
0.025947
0.025728
0.025913
0.025525
0.027261
0.025485
0.025665
0.025493
0.025728
0.02846
0.025698
0.025818
0.027383
0.02464
0.023961
0.023635
0.024623
0.024285
0.024601
0.023717
0.02401
0.023534
0.024754
0.02432
0.024135
0.02368
0.023951
0.024377
0.024604
0.027632
0.026935
0.024897
0.023646
0.024282
0.026337
0.026659
0.026081
0.025368
0.024562
0.025063
0.025819
0.025594
0.026156
0.026403
0.02589
0.023397
0.025832
0.025184
0.025294
0.023928
0.024997
0.024766
0.025283
0.025282
0.024873
0.024042
0.025366
0.023774
0.025369
0.025032
0.025165
0.026126
0.024964
0.025006
0.025345
0.025619
0.025182
0.025346
0.025071
0.025256
0.024972
0.025197
0.025205
0.025797
0.025774
0.025281
0.025612
0.024646
0.024843
0.025813
0.024951
0.024984
0.024766
0.024752
0.024326
0.025185
0.025622
0.024852
0.025597
0.025306
0.024523
0.02389
0.024518
0.024005
0.023659
0.025261
0.023917
0.023447
0.022192
0.023871
0.02423
0.026477
0.024199
0.023923
0.02439
0.0245
0.023892
0.024182
0.023467
0.02454
0.023805
0.023979
0.023628
0.024159
0.024886
0.024415
0.024417
0.025134
0.025222
0.024071
0.02431
0.023967
0.022708
0.023692
0.024969
0.024651
0.024714
0.024769
0.023857
0.02466
0.024699
0.024391
0.024313
0.02424
0.025702
0.025012
0.02552
0.02534
0.025075
0.025434
0.025238
0.024924
0.025802
0.025592
0.02528
0.023986
0.024875
0.024881
0.0238
0.024801
0.024367
0.024052
0.024169
0.023839
0.024078
0.02471
0.025834
0.024579
0.024624
0.026976
0.024657
0.025005
0.024888
0.024396
0.024881
0.025058
0.024973
0.025289
0.026815
0.024552
0.024862
0.024561
0.025756
0.025341
0.025318
0.024511
0.025364
0.023073
0.023337
0.023376
0.02556
0.02614
0.024865
0.024658
0.02529
0.024769
0.02455
0.024927
0.025313
0.024838
0.025877
0.026127
0.024838
0.02475
0.025209
0.024541
0.025483
0.025378
0.0238
0.023479
0.025097
0.026223
0.02474
0.026006
0.02498
0.025079
0.025139
0.026056
0.025076
0.025552
0.025061
0.025522
0.025672
0.025183
0.024492
0.028786
0.024688
0.024849
0.024194
0.024222
0.023176
0.024269
0.023729
0.02602
0.025391
0.025467
0.02498
0.025325
0.025094
0.025894
0.024992
0.02455
0.024916
0.025364
0.02608
0.025939
0.025221
0.026272
0.025994
0.025749
0.02528
0.024997
0.025421
0.025928
0.025227
0.025058
0.02419
0.024539
0.024794
0.024536
0.024415
0.023913
0.024527
0.024455
0.023962
0.023937
0.026037
0.025655
0.025682
0.026365
0.027954
0.025551
0.025652
0.025053
0.025881
0.025381
0.025969
0.025664
0.025989
0.025474
0.025495
0.025749
0.024867
0.025766
0.024915
0.024955
0.02486
0.024811
0.025987
0.025468
0.025782
0.025557
0.025495
0.025155
0.025828
0.025147
0.025441
0.024912
0.023852
0.025685
0.024725
0.025506
0.026171
0.025088
0.025172
0.025351
0.02443
0.025389
0.025886
0.025489
0.026688
0.025564
0.025476
0.025007
0.025554
0.025668
0.025338
0.025504
0.025698
0.025974
0.025542
0.025982
0.024662
0.024925
0.025233
0.02567
0.02546
0.025809
0.026165
0.026157
0.02542
0.025102
0.023666
0.024639
0.025161
0.02481
0.024373
0.024784
0.025309
0.024823
0.025973
0.024589
0.025963
0.0241
0.026127
0.025502
0.025961
0.02519
0.025918
0.025681
0.02568
0.02531
0.027424
0.025014
0.025766
0.027781
0.024693
0.024975
0.025125
0.024749
0.025916
0.025252
0.024443
0.024729
0.02571
0.025342
0.024469
0.024798
0.024792
0.024831
0.024949
0.024852
0.025121
0.025206
0.025035
0.025004
0.026828
0.025421
0.025242
0.025517
0.026402
0.025402
0.025565
0.025639
0.02541
0.025594
0.025467
0.024399
0.02392
0.024509
0.024527
0.024071
0.024834
0.0252
0.024918
0.024759
0.024905
0.024182
0.025281
0.02524
0.02494
0.025058
0.025169
0.024938
0.026162
0.024916
0.02502
0.026041
0.025086
0.025279
0.025198
0.025663
0.025022
0.025154
0.025454
0.025551
0.02474
0.02533
0.025513
0.025681
0.02515
0.026363
0.025893
0.025592
0.024906
0.025654
0.024845
0.024915
0.025146
0.025016
0.024225
0.025014
0.02522
0.025333
0.024957
0.025251
0.025092
0.025275
0.024955
0.025026
0.026006
0.024461
0.025016
0.025289
0.024912
0.024866
0.024917
0.024986
0.024985
0.025428
0.024974
0.025847
0.024756
0.025599
0.025131
0.024582
0.025417
0.02515
0.027649
0.024977
0.025145
0.024709
0.025159
0.024868
0.025296
0.026638
0.025077
0.025019
0.025377
0.025398
0.02515
0.024823
0.025755
0.025321
0.024868
0.025083
0.025371
0.024677
0.024803
0.025114
0.026005
0.024761
0.024708
0.025542
0.024461
0.024745
0.022964
0.025003
0.024665
0.02468
0.024642
0.024707
0.024695
0.024882
0.024613
0.024934
0.024707
0.024374
0.026217
0.025604
0.025212
0.025334
0.026486
0.026063
0.025533
0.025305
0.025012
0.025442
0.025524
0.02665
0.024716
0.025616
0.024727
0.025186
0.02484
0.024987
0.026128
0.025938
0.025216
0.024355
0.024593
0.025059
0.024209
0.025318
0.024691
0.024286
0.025284
0.024905
0.025246
0.024615
0.024611
0.025911
0.02491
0.024484
0.024976
0.025037
0.025304
0.024905
0.024774
0.025188
0.024924
0.023971
0.02737
0.025623
0.025475
0.025573
0.025633
0.02523
0.025734
0.025122
0.025685
0.025436
0.023774
0.025399
0.024477
0.024384
0.0243
0.025262
0.024275
0.024744
0.024844
0.023795
0.02445
0.024624
0.024612
0.024677
0.024609
0.024281
0.026562
0.025088
0.025902
0.024662
0.024757
0.024878
0.024276
0.025246
0.02396
0.024751
0.024175
0.024834
0.024185
0.024632
0.024278
0.024179
0.023875
0.024587
0.025014
0.024026
0.025406
0.024813
0.025054
0.024539
0.02516
0.02454
0.024739
0.024763
0.024698
0.025451
0.026024
0.025688
0.025697
0.025795
0.025178
0.025039
0.025553
0.025539
0.025565
0.026222
0.024737
0.025279
0.024823
0.024452
0.024853
0.024826
0.024465
0.025143
0.025002
0.024159
0.024821
0.024946
0.025517
0.024173
0.025474
0.024577
0.024684
0.024435
0.024165
0.025013
0.025207
0.025787
0.02454
0.024519
0.023762
0.024296
0.024565
0.02489
0.023517
0.025191
0.024491
0.024196
0.024159
0.024515
0.024866
0.024624
0.024205
0.024737
0.024303
0.027327
0.02488
0.024139
0.024319
0.024331
0.02396
0.024534
0.023456
0.024708
0.02445
0.024249
0.024216
0.024619
0.025089
0.024017
0.02461
0.025061
0.024046
0.025098
0.02529
0.024791
0.024438
0.024477
0.024102
0.024556
0.025042
0.02538
0.028591
0.025407
0.026999
0.024424
0.024584
0.025825
0.024507
0.02508
0.024918
0.024312
0.025255
0.02509
0.025224
0.025266
0.023645
0.024932
0.024113
0.024663
0.024417
0.025108
0.024215
0.0249
0.0246
0.024669
0.025194
0.024774
0.024493
0.024506
0.024845
0.025149
0.025418
0.024396
0.025578
0.024988
0.024506
0.024355
0.024509
0.024614
0.024193
0.024152
0.023984
0.024818
0.023778
0.023845
0.024451
0.02429
0.024121
0.024176
0.02419
0.024614
0.024341
0.023671
0.023745
0.023692
0.023503
0.023821
0.023576
0.024862
0.025598
0.024771
0.025247
0.025369
0.024863
0.025318
0.025055
0.02433
0.024524
0.025543
0.024397
0.024278
0.02413
0.023565
0.024829
0.024487
0.023376
0.025011
0.024857
0.023938
0.025847
0.02534
0.027291
0.026205
0.036301
0.031572
0.026258
0.025444
0.026775
0.026036
0.02459
0.026016
0.026118
0.025983
0.027261
0.027224
0.027588
0.02524
0.027454
0.02777
0.026864
0.024455
0.025869
0.026048
0.027351
0.025556
0.025123
0.027985
0.026055
0.026383
0.029277
0.02817
0.025474
0.02766
0.025814
0.024688
0.025449
0.026685
0.02481
0.0271
0.024805
0.025985
0.024941
0.0255
0.024474
0.024025
0.0244
0.024198
0.024495
0.02422
0.02527
0.025016
0.024419
0.024641
0.025542
0.02481
0.024952
0.024082
0.02424
0.025126
0.023661
0.024464
0.023634
0.023856
0.02368
0.025123
0.024168
0.025237
0.024637
0.024478
0.025833
0.02658
0.024608
0.024628
0.025332
0.026047
0.02448
0.024486
0.024533
0.025854
0.024362
0.024186
0.025024
0.025039
0.024896
0.025795
0.026304
0.025429
0.023067
0.024683
0.02594
0.024593
0.025543
0.025163
0.024906
0.025174
0.026543
0.025553
0.025672
0.02531
0.02565
0.025005
0.02481
0.025416
0.024675
0.024109
0.024946
0.024508
0.024803
0.025071
0.025088
0.025838
0.02522
0.025573
0.024891
0.025646
0.025335
0.025288
0.026995
0.0256
0.030031
0.02473
0.024762
0.025047
0.025523
0.02469
0.024496
0.025694
0.025021
0.024201
0.022723
0.023905
0.023488
0.024667
0.024353
0.024254
0.022631
0.024606
0.024292
0.024446
0.02624
0.024371
0.023746
0.024673
0.025561
0.024098
0.024172
0.02361
0.023971
0.024
0.024136
0.024475
0.024292
0.023499
0.024134
0.024295
0.025048
0.025065
0.02425
0.024439
0.024919
0.024816
0.024596
0.024359
0.024125
0.024676
0.024414
0.024789
0.026387
0.025122
0.024795
0.024283
