0.037367
0.037463
0.037272
0.038188
0.037377
0.039814
0.037917
0.038661
0.037911
0.037154
0.039089
0.038315
0.038842
0.035913
0.036188
0.037394
0.036638
0.036742
0.036673
0.035763
0.0348
0.03467
0.034615
0.039156
0.037874
0.037387
0.038191
0.040285
0.037418
0.037208
0.037193
0.037903
0.038292
0.036253
0.035724
0.036241
0.035775
0.036292
0.036566
0.03663
0.036205
0.036777
0.03646
0.036317
0.035983
0.036537
0.035935
0.036441
0.036592
0.037811
0.037388
0.037204
0.03742
0.037438
0.03793
0.037854
0.036798
0.03597
0.036394
0.035958
0.035362
0.036001
0.035708
0.036507
0.035423
0.036884
0.035053
0.035415
0.036946
0.036234
0.037873
0.036893
0.034384
0.035266
0.036012
0.034318
0.035101
0.036117
0.035093
0.035074
0.040913
0.035392
0.035278
0.036038
0.035577
0.03562
0.037354
0.036573
0.037005
0.037953
0.036759
0.037327
0.036481
0.037021
0.037931
0.036655
0.036623
0.038855
0.036558
0.03536
0.037728
0.036225
0.035584
0.035204
0.037253
0.038578
0.037533
0.036023
0.037209
0.03737
0.037651
0.03734
0.038178
0.037193
0.037948
0.037266
0.03801
0.037325
0.037582
0.037536
0.036991
0.037861
0.036506
0.038403
0.036712
0.037532
0.037564
0.036396
0.03588
0.037871
0.036214
0.036424
0.039434
0.036959
0.035883
0.036392
0.038196
0.036761
0.042979
0.037552
0.036427
0.037099
0.037216
0.038207
0.037014
0.037808
0.034922
0.037444
0.037951
0.037131
0.036487
0.03882
0.036681
0.036919
0.036686
0.038347
0.035639
0.035891
0.037645
0.038275
0.037206
0.036778
0.037097
0.036438
0.037488
0.036571
0.038345
0.038818
0.037642
0.037641
0.037981
0.038175
0.037213
0.036511
0.037379
0.037543
0.03562
0.035684
0.037775
0.038114
0.037529
0.038333
0.038267
0.038354
0.038351
0.035189
0.038388
0.037892
0.037605
0.038313
0.037959
0.038194
0.038677
0.037512
0.037639
0.038033
0.035942
0.035127
0.035591
0.035084
0.035689
0.034614
0.036389
0.035421
0.034724
0.03546
0.036065
0.035835
0.035807
0.035849
0.0356
0.035558
0.036468
0.036018
0.037358
0.036531
0.036237
0.034718
0.036022
0.03627
0.037614
0.038099
0.037467
0.037539
0.037594
0.038273
0.038788
0.037833
0.037817
0.037975
0.037469
0.038315
0.039562
0.037618
0.037559
0.038922
0.038168
0.035926
0.036303
0.037464
0.035216
0.036352
0.036937
0.03783
0.03742
0.0388
0.037964
0.037018
0.038213
0.038608
0.038078
0.038316
0.038076
0.038369
0.037884
0.038286
0.038321
0.036622
0.039583
0.038218
0.037111
0.036631
0.037163
0.037825
0.037675
0.037659
0.037357
0.037255
0.036969
0.036829
0.037548
0.037614
0.0385
0.037118
0.037091
0.037297
0.037192
0.037674
0.037516
0.037522
0.039205
0.036
0.035499
0.035727
0.036092
0.035378
0.035667
0.035714
0.036403
0.037309
0.03672
0.03699
0.037231
0.036941
0.037287
0.037608
0.036584
0.038123
0.038989
0.037499
0.03774
0.037987
0.038271
0.037234
0.037904
0.038015
0.03783
0.03775
0.036994
0.038113
0.037821
0.037294
0.036411
0.038545
0.038346
0.037733
0.036833
0.03851
0.037573
0.036244
0.037244
0.037177
0.037188
0.035823
0.037263
0.037861
0.036086
0.036379
0.039183
0.036116
0.034745
0.036299
0.037545
0.038664
0.036868
0.037025
0.037807
0.03824
0.038497
0.037274
0.037428
0.03798
0.037443
0.036433
0.037535
0.037741
0.038124
0.037365
0.037297
0.035489
0.037403
0.036663
0.036988
0.03762
0.036547
0.037712
0.037528
0.037497
0.037354
0.036957
0.038487
0.037569
0.038449
0.038555
0.03713
0.037277
0.037754
0.037041
0.037942
0.038382
0.037568
0.036578
0.037056
0.037691
0.03423
0.036062
0.03598
0.036048
0.035743
0.03644
0.034983
0.037215
0.037068
0.036147
0.036356
0.036387
0.036547
0.036626
0.036811
0.036845
0.036314
0.03744
0.036409
0.036794
0.036518
0.035311
0.036162
0.037693
0.037173
0.037691
0.037752
0.037513
0.03811
0.03764
0.036654
0.03824
0.037079
0.037748
0.037475
0.037838
0.037123
0.037243
0.039074
0.03546
0.037347
0.038676
0.037418
0.037001
0.03697
0.03705
0.037245
0.038574
0.036507
0.036881
0.036161
0.037955
0.037917
0.036136
0.036513
0.037203
0.038886
0.037354
0.03748
0.036988
0.037794
0.038303
0.036331
0.036933
0.037761
0.037088
0.03772
0.037189
0.036725
0.036865
0.037376
0.036906
0.037239
0.036936
0.037191
0.03706
0.036208
0.036694
0.037344
0.038019
0.037581
0.037766
0.037909
0.038191
0.037558
0.038044
0.036258
0.036712
0.035941
0.036205
0.037001
0.038
0.033995
0.036289
0.03785
0.036884
0.03798
0.037423
0.038151
0.037079
0.037023
0.038061
0.036739
0.036618
0.036907
0.036057
0.038246
0.036112
0.036973
0.038547
0.038082
0.037125
0.037374
0.037563
0.037241
0.037357
0.036867
0.036679
0.036012
0.037185
0.037692
0.03634
0.036788
0.037109
0.037156
0.03806
0.037533
0.036739
0.038458
0.037366
0.038353
0.036526
0.037356
0.037483
0.03681
0.036871
0.035983
0.038545
0.036674
0.03614
0.036944
0.037525
0.036868
0.037364
0.036538
0.036879
0.036808
0.036644
0.037042
0.036796
0.038226
0.036222
0.0376
0.036925
0.036139
0.03627
0.035656
0.04231
0.036125
0.035776
0.036239
0.036831
0.03677
0.039758
0.037754
0.036504
0.037409
0.036529
0.03873
0.037259
0.037176
0.038055
0.037983
0.037517
0.038449
0.038284
0.037081
0.037687
0.036014
0.037732
0.037948
0.037143
0.037011
0.037953
0.036441
0.037163
0.038653
0.038958
0.038276
0.037789
0.037348
0.03703
0.038069
0.035007
0.037853
0.037635
0.037588
0.037732
0.037086
0.036623
0.03847
0.035761
0.039034
0.038328
0.037369
0.037311
0.037179
0.038102
0.037286
0.038134
0.038262
0.037741
0.038303
0.03764
0.038585
0.03864
0.037585
0.036818
0.037043
0.037899
0.037003
0.037752
0.037452
0.036866
0.035431
0.036699
0.037296
0.037191
0.035952
0.036687
0.036191
0.036688
0.034257
0.037911
0.037426
0.037977
0.037017
0.037425
0.036086
0.036158
0.038131
0.03852
0.036259
0.037767
0.037163
0.038007
0.03619
0.037607
0.03662
0.037361
0.036035
0.036926
0.037016
0.034268
0.037357
0.037619
0.040719
0.036747
0.03648
0.03735
0.037307
0.037071
0.036894
0.035215
0.037633
0.037178
0.037129
0.036884
0.038164
0.036682
0.037892
0.034794
0.037254
0.036836
0.036782
0.037585
0.03873
0.036167
0.035911
0.039264
0.03813
0.037271
0.036594
0.036835
0.037993
0.03699
0.037617
0.037004
0.037955
0.036546
0.036991
0.036639
0.036077
0.037095
0.037944
0.038171
0.037368
0.037569
0.037361
0.037504
0.038375
0.039659
0.03906
0.046112
0.038049
0.039565
0.039218
0.036633
0.037241
0.035942
0.036414
0.036763
0.036131
0.038185
0.037417
0.036662
0.036702
0.03681
0.036757
0.03711
0.037765
0.037635
0.037704
0.037614
0.037339
0.038736
0.037834
0.036678
0.038083
0.037077
0.038938
0.037054
0.037847
0.036496
0.037518
0.036968
0.037482
0.037653
0.037972
0.035859
0.037257
0.036476
0.037553
0.037096
0.037309
0.036792
0.037051
0.03629
0.036884
0.035814
0.036205
0.036543
0.036549
0.036642
0.037274
0.036795
0.038382
0.035765
0.037056
0.037458
0.03866
0.036598
0.037521
0.037671
0.03702
0.035185
0.036816
0.036377
0.036218
0.03624
0.036757
0.036862
0.039036
0.038861
0.037477
0.038009
0.036853
0.038151
0.036624
0.03719
0.037284
0.037965
0.037206
0.037301
0.036087
0.037714
0.036687
0.037749
0.037217
0.038177
0.037437
0.037374
0.037152
0.038025
0.036922
0.036645
0.036997
0.036779
0.03679
0.037124
0.036478
0.036107
0.036851
0.036343
0.036913
0.03741
0.037376
0.03724
0.039021
0.036279
0.037576
0.037708
0.036041
0.037051
0.037095
0.036894
0.037819
0.037304
0.037495
0.03658
0.036637
0.036321
0.036442
0.036
0.037298
0.036906
0.036762
0.036575
0.037757
0.037455
0.037267
0.035465
0.037585
0.036789
0.035928
0.036225
0.035487
0.035693
0.036297
0.037843
0.035922
0.036287
0.035963
0.036989
0.036582
0.035383
0.035255
0.038348
0.035867
0.035288
0.037992
0.037709
0.037066
0.037653
0.03733
0.038179
0.037641
0.036181
0.03746
0.03579
0.036396
0.036352
0.036679
0.037602
0.036466
0.036632
0.038923
0.037925
0.037702
0.036004
0.037136
0.037656
0.037939
0.037204
0.03599
0.035855
0.037163
0.037228
0.036874
0.037333
0.037011
0.037158
0.036864
0.035231
0.036895
0.03651
0.037017
0.037508
0.03713
0.037109
0.037807
0.038282
0.036657
0.036506
0.037641
0.037364
0.036341
0.036536
0.037414
0.03679
0.037184
0.037384
0.037053
0.036255
0.036817
0.037297
0.037622
0.037294
0.037177
0.036891
0.037667
0.036566
0.038047
0.037155
0.037343
0.03768
0.036854
0.037039
0.036959
0.037177
0.036818
0.035336
0.033129
0.034744
0.034811
0.035575
0.035328
0.034718
0.035849
0.035754
0.035785
0.036134
0.035922
0.03568
0.036208
0.036365
0.038516
0.03749
0.036546
0.036014
0.037453
0.038528
0.036634
0.036978
0.035686
0.034544
0.036976
0.034314
0.034875
0.035245
0.034742
0.03504
0.037543
0.037747
0.037515
0.037797
0.037688
0.037327
0.037603
0.036538
0.037339
0.037281
0.0364
0.037082
0.036154
0.036956
0.036535
0.037115
0.037846
0.036744
0.03506
0.03604
0.035758
0.036136
0.03616
0.037608
0.03745
0.037445
0.036068
0.038558
0.037343
0.038825
0.037932
0.035784
0.036702
0.036904
0.03446
0.035701
0.036128
0.036897
0.036624
0.038095
0.037788
0.037261
0.035832
0.037579
0.037107
0.037996
0.037202
0.034407
0.036457
0.034375
0.035856
0.035447
0.036541
0.035214
0.035556
0.037848
0.038914
0.036493
0.036581
0.034497
0.038657
0.036629
0.036675
0.03481
0.037273
0.036466
0.03524
0.036668
0.036275
0.035335
0.036558
0.035678
0.036273
0.03563
