0.038175
0.038366
0.038368
0.038032
0.037655
0.037145
0.035561
0.03571
0.037098
0.03621
0.038742
0.038479
0.036239
0.038263
0.038733
0.037297
0.036698
0.036567
0.036567
0.038024
0.038732
0.037065
0.038018
0.038209
0.037684
0.037195
0.035937
0.038137
0.035136
0.03557
0.036128
0.036686
0.035347
0.035363
0.036267
0.037381
0.036276
0.036565
0.033756
0.036751
0.034079
0.036338
0.036727
0.036542
0.037358
0.037003
0.033828
0.037706
0.03643
0.036208
0.037262
0.037598
0.037912
0.037129
0.038296
0.037127
0.037261
0.035517
0.035411
0.036646
0.036084
0.036
0.036079
0.035775
0.03521
0.035466
0.036949
0.035571
0.034595
0.038422
0.035951
0.035475
0.035249
0.040732
0.03758
0.03721
0.035271
0.03712
0.038446
0.03805
0.036956
0.03719
0.038337
0.03651
0.036577
0.037377
0.037458
0.037401
0.036051
0.036472
0.036873
0.036045
0.036295
0.036599
0.036302
0.033854
0.038288
0.035002
0.037644
0.03505
0.037635
0.038226
0.037113
0.037637
0.038044
0.03604
0.034968
0.037694
0.036866
0.038253
0.037702
0.037387
0.037057
0.040092
0.038367
0.037144
0.038228
0.039093
0.037618
0.038984
0.036276
0.036911
0.037232
0.035411
0.03596
0.036775
0.038328
0.036346
0.036417
0.037061
0.041252
0.03674
0.035806
0.036446
0.033174
0.037789
0.038537
0.037133
0.036565
0.037001
0.038601
0.037082
0.037218
0.036824
0.03585
0.036273
0.033954
0.036725
0.037552
0.037138
0.036706
0.036159
0.037599
0.036533
0.036181
0.03746
0.03697
0.038364
0.038646
0.039174
0.03772
0.037989
0.037525
0.03622
0.037421
0.037483
0.039366
0.03909
0.037489
0.038463
0.038186
0.037898
0.035617
0.03569
0.036237
0.034212
0.035997
0.036908
0.038283
0.037759
0.038396
0.037925
0.037604
0.038728
0.034926
0.037256
0.039406
0.037914
0.036851
0.037686
0.03761
0.035674
0.036052
0.036535
0.03779
0.035819
0.036498
0.038661
0.037807
0.036578
0.036963
0.037169
0.037497
0.037212
0.036837
0.037596
0.036807
0.037107
0.036739
0.036845
0.036826
0.037297
0.034742
0.037388
0.038157
0.037424
0.035171
0.03779
0.038113
0.038083
0.03635
0.037278
0.036279
0.036433
0.03696
0.035689
0.036352
0.036101
0.037197
0.038593
0.037544
0.038038
0.039296
0.039096
0.038125
0.037036
0.037525
0.03775
0.037139
0.037541
0.037859
0.0372
0.037411
0.036844
0.03793
0.035971
0.037256
0.037025
0.036646
0.036759
0.03854
0.038107
0.037693
0.037426
0.037548
0.035322
0.038645
0.036485
0.038209
0.038291
0.037317
0.037584
0.037401
0.039223
0.037963
0.037824
0.036367
0.037642
0.036227
0.035789
0.036474
0.037545
0.03551
0.035803
0.034448
0.038353
0.037157
0.036122
0.034002
0.037418
0.036882
0.036504
0.038698
0.037544
0.037832
0.038729
0.038703
0.036955
0.03824
0.035779
0.036191
0.035865
0.037012
0.036272
0.03696
0.036876
0.036378
0.036896
0.037115
0.037486
0.03673
0.036551
0.037718
0.037411
0.036806
0.038952
0.038663
0.036608
0.036621
0.037012
0.036532
0.036687
0.037611
0.03692
0.037972
0.037066
0.036614
0.037371
0.037639
0.035437
0.033936
0.035363
0.035361
0.03627
0.036198
0.037297
0.03637
0.037143
0.035315
0.035393
0.036061
0.033373
0.03568
0.035911
0.03553
0.035588
0.035472
0.038223
0.037149
0.037319
0.037366
0.038278
0.037813
0.038308
0.037522
0.038301
0.036156
0.036156
0.033497
0.035177
0.042594
0.036679
0.038164
0.037784
0.034389
0.037282
0.036161
0.034421
0.037316
0.036971
0.037682
0.038477
0.037315
0.03722
0.036707
0.036525
0.0373
0.03827
0.038542
0.035867
0.037043
0.03645
0.037893
0.036153
0.036392
0.03735
0.037697
0.036132
0.035936
0.037072
0.037677
0.037243
0.037166
0.038066
0.038518
0.037465
0.038272
0.037856
0.038462
0.037337
0.036933
0.037929
0.037301
0.036864
0.037269
0.038891
0.035646
0.038313
0.039135
0.037251
0.03812
0.037899
0.037008
0.039437
0.037363
0.037288
0.037704
0.035803
0.038224
0.037557
0.036763
0.038898
0.037041
0.037848
0.039674
0.038445
0.037955
0.038173
0.038469
0.037514
0.038357
0.035382
0.037503
0.037555
0.037643
0.036706
0.03698
0.038663
0.03846
0.037798
0.036764
0.037304
0.037514
0.037438
0.043431
0.036927
0.037986
0.03667
0.039752
0.038068
0.037607
0.037748
0.037756
0.035828
0.037725
0.037535
0.037434
0.037645
0.037224
0.037499
0.038433
0.037896
0.036837
0.037634
0.037779
0.037578
0.037145
0.037302
0.036713
0.037836
0.037976
0.036862
0.037812
0.038538
0.038884
0.038657
0.037527
0.03797
0.037808
0.038359
0.035375
0.038047
0.037924
0.037174
0.03622
0.035226
0.036532
0.037828
0.037908
0.037176
0.037553
0.036583
0.035065
0.038215
0.038586
0.037484
0.037094
0.03766
0.040373
0.03748
0.037489
0.038773
0.03704
0.041919
0.03388
0.03664
0.036197
0.035657
0.036554
0.036642
0.037429
0.037984
0.036861
0.036517
0.037312
0.037163
0.036199
0.035314
0.036313
0.037316
0.036073
0.036866
0.036494
0.034882
0.040059
0.039318
0.038265
0.034889
0.038527
0.038463
0.034972
0.038627
0.03578
0.037766
0.037057
0.035748
0.036434
0.037691
0.03584
0.035235
0.037267
0.038095
0.038333
0.035261
0.037632
0.037222
0.038116
0.037612
0.037946
0.03827
0.037267
0.038443
0.038055
0.037595
0.036958
0.0374
0.03727
0.035013
0.038401
0.03858
0.038179
0.03707
0.03749
0.037489
0.037775
0.037705
0.037261
0.037517
0.037571
0.037994
0.039105
0.038327
0.037177
0.037165
0.037117
0.038857
0.037063
0.037677
0.037519
0.038825
0.03749
0.036079
0.034357
0.036803
0.036694
0.035375
0.037621
0.036955
0.037664
0.03808
0.037352
0.037244
0.037805
0.037635
0.036948
0.036078
0.037119
0.036946
0.036627
0.034285
0.03682
0.037326
0.036141
0.036105
0.03432
0.037303
0.037932
0.037313
0.03634
0.037042
0.037505
0.039465
0.037867
0.036884
0.037547
0.03728
0.037414
0.037086
0.037691
0.037611
0.037198
0.03607
0.037061
0.0375
0.035205
0.037321
0.036559
0.037892
0.037464
0.0378
0.036833
0.038036
0.036636
0.038786
0.036957
0.037253
0.037483
0.03859
0.037045
0.037389
0.036176
0.036347
0.035519
0.036532
0.037258
0.037272
0.03638
0.037911
0.03818
0.037707
0.034965
0.038023
0.037814
0.037508
0.038344
0.037414
0.03672
0.03446
0.037096
0.037188
0.036318
0.036742
0.037877
0.036596
0.03691
0.035775
0.036823
0.036076
0.037223
0.036587
0.036391
0.036633
0.036781
0.037398
0.037795
0.038046
0.037353
0.036436
0.034829
0.036756
0.038156
0.03632
0.036929
0.037132
0.036879
0.035752
0.03618
0.044455
0.037516
0.039401
0.037262
0.039446
0.036417
0.034314
0.035571
0.039016
0.037408
0.037462
0.037593
0.036616
0.037325
0.03802
0.03703
0.037355
0.037029
0.037672
0.038299
0.036941
0.037308
0.036944
0.038616
0.037722
0.037756
0.039274
0.037773
0.038481
0.038441
0.036878
0.034991
0.033169
0.035062
0.035665
0.04128
0.035132
0.03555
0.037077
0.036355
0.037138
0.038072
0.035764
0.038323
0.037566
0.037495
0.038436
0.038343
0.036557
0.036349
0.036627
0.037401
0.034869
0.037106
0.038051
0.038547
0.037452
0.037657
0.037693
0.037837
0.03765
0.038103
0.035805
0.036269
0.033409
0.036635
0.035185
0.03643
0.03731
0.033591
0.034369
0.036113
0.03609
0.035976
0.037179
0.035804
0.036005
0.035451
0.038197
0.037365
0.036659
0.036643
0.037232
0.038766
0.037394
0.036789
0.037772
0.037259
0.03517
0.034516
0.038502
0.037561
0.037477
0.034341
0.037534
0.034565
0.036414
0.034397
0.037572
0.037178
0.037486
0.03645
0.036496
0.036571
0.036905
0.036444
0.037204
0.037168
0.037211
0.037294
0.037845
0.037648
0.037817
0.03879
0.034951
0.038584
0.039592
0.036402
0.037236
0.036394
0.038682
0.037541
0.03716
0.036227
0.037043
0.037802
0.037792
0.037608
0.038497
0.038845
0.034966
0.037845
0.036934
0.03801
0.037228
0.036839
0.036434
0.036942
0.033733
0.036768
0.036389
0.035774
0.03549
0.036152
0.035924
0.036675
0.03749
0.034664
0.035652
0.035656
0.03518
0.035749
0.035461
0.036224
0.035234
0.036247
0.034526
0.037246
0.036421
0.036015
0.037026
0.034736
0.036977
0.0387
0.038684
0.037243
0.034332
0.037412
0.039028
0.038171
0.037611
0.036804
0.034688
0.035133
0.033399
0.036836
0.037602
0.036005
0.036725
0.033924
0.036452
0.036637
0.036778
0.036105
0.036246
0.036384
0.034269
0.037094
0.036024
0.037373
0.036995
0.037027
0.037044
0.037963
0.03487
0.03722
0.034042
0.036416
0.037247
0.037666
0.036849
0.036848
0.037884
0.03911
0.036448
0.037459
0.036689
0.03848
0.03458
0.036906
0.037456
0.038705
0.037943
0.037452
0.034922
0.038767
0.037782
0.039165
0.03746
0.036716
0.037003
0.036144
0.037359
0.03696
0.038096
0.038344
0.038004
0.036289
0.036296
0.034636
0.036035
0.035809
0.035571
0.035589
0.036017
0.035977
0.036006
0.035859
0.034698
0.035716
0.035989
0.034483
0.036445
0.038864
0.036547
0.036764
0.037651
0.037439
0.037601
0.033747
0.037782
0.036009
0.034985
0.035506
0.038067
0.035791
0.034699
0.035145
0.035255
0.034074
0.032876
0.035696
0.036209
0.035361
0.035115
0.03585
0.03664
0.03567
0.036262
0.035593
0.03763
0.036237
0.035782
0.037512
0.036351
0.032501
0.035112
0.036069
0.03688
0.036291
0.035738
0.038834
0.037734
0.037307
0.037121
0.038341
0.037905
0.036914
0.037484
0.036518
0.036604
0.036486
0.036346
0.037473
0.036144
0.036663
0.036429
0.036203
0.036139
0.034851
0.037113
0.036367
0.036693
0.038218
0.035378
0.037376
0.034931
0.032614
0.035447
0.035457
0.035859
0.035434
0.036132
0.036522
0.036481
0.036476
0.035208
0.036457
0.035933
0.036058
0.035723
0.034649
0.035942
