0.037234
0.035937
0.03807
0.03584
0.036428
0.036707
0.03579
0.035131
0.035494
0.03777
0.036262
0.036818
0.037216
0.036718
0.03848
0.034755
0.036096
0.037031
0.035949
0.035818
0.036273
0.036438
0.039679
0.036187
0.036482
0.036336
0.0357
0.034696
0.038143
0.035058
0.035502
0.035614
0.037367
0.034759
0.036419
0.036732
0.034796
0.03472
0.035656
0.035737
0.033985
0.034598
0.034396
0.034642
0.033738
0.034357
0.034026
0.034148
0.036132
0.036161
0.040669
0.037391
0.036247
0.036806
0.036545
0.038885
0.036281
0.036173
0.038289
0.03819
0.037705
0.035807
0.036418
0.035662
0.035474
0.038285
0.03579
0.038113
0.037973
0.036362
0.036564
0.036792
0.035593
0.037189
0.036819
0.035881
0.036306
0.038666
0.036782
0.039939
0.03631
0.035667
0.037827
0.035418
0.0353
0.03631
0.036965
0.035335
0.03569
0.036669
0.038017
0.034326
0.035648
0.036181
0.035325
0.035646
0.033837
0.034195
0.034181
0.033901
0.0343
0.035222
0.033882
0.034773
0.036123
0.036039
0.034423
0.033936
0.034659
0.03473
0.034298
0.034285
0.034326
0.034448
0.034826
0.037018
0.03402
0.035259
0.034392
0.033997
0.040936
0.036995
0.035752
0.036562
0.036347
0.037069
0.035859
0.035978
0.0363
0.037483
0.036455
0.036568
0.037317
0.036646
0.037105
0.036866
0.035208
0.036767
0.035107
0.035156
0.035698
0.035122
0.035257
0.037711
0.036664
0.03669
0.036518
0.038969
0.039699
0.036508
0.036373
0.036835
0.038697
0.037273
0.035595
0.037909
0.036165
0.035837
0.036285
0.035801
0.035916
0.03542
0.03552
0.037096
0.035708
0.03586
0.03635
0.036393
0.035706
0.03554
0.036021
0.036475
0.03576
0.036246
0.036798
0.035787
0.03656
0.035891
0.036515
0.037579
0.035596
0.035875
0.036344
0.034967
0.035277
0.037271
0.034905
0.03649
0.039148
0.036219
0.035921
0.037174
0.036591
0.036968
0.037561
0.036709
0.036655
0.0363
0.037533
0.035959
0.036032
0.035895
0.03888
0.035724
0.036005
0.036187
0.036849
0.036387
0.03658
0.036761
0.037621
0.03619
0.037312
0.036538
0.036598
0.035901
0.036336
0.036509
0.036466
0.035378
0.037659
0.039413
0.036439
0.035974
0.036254
0.03634
0.036408
0.038131
0.037732
0.035732
0.038315
0.035666
0.036021
0.037532
0.035702
0.035709
0.036706
0.036517
0.037107
0.036883
0.036307
0.039146
0.036867
0.036212
0.038457
0.036234
0.036004
0.035951
0.039295
0.035975
0.035739
0.035538
0.038375
0.03968
0.035444
0.036151
0.038161
0.0365
0.037411
0.035803
0.037887
0.03626
0.036108
0.037849
0.038559
0.035547
0.036023
0.034995
0.035363
0.035579
0.035628
0.035694
0.035813
0.035412
0.037047
0.037495
0.037077
0.036733
0.036658
0.036607
0.037166
0.037114
0.0376
0.036809
0.035786
0.035897
0.036303
0.037882
0.036074
0.036189
0.035875
0.037672
0.036168
0.0361
0.038032
0.038574
0.036391
0.040477
0.036087
0.03806
0.035354
0.035935
0.035732
0.03559
0.037594
0.036704
0.037311
0.036766
0.036918
0.037109
0.039802
0.036974
0.03665
0.037151
0.037908
0.036804
0.035915
0.037176
0.038186
0.036175
0.036124
0.036813
0.038058
0.036184
0.036223
0.035982
0.036431
0.035914
0.037605
0.038821
0.03529
0.035431
0.03843
0.036085
0.037562
0.035397
0.036981
0.036019
0.036219
0.036351
0.036801
0.036589
0.036229
0.036023
0.035829
0.036061
0.03596
0.03858
0.036496
0.035564
0.035671
0.035895
0.03978
0.039229
0.036248
0.037659
0.036698
0.039009
0.035954
0.035978
0.035888
0.03624
0.036888
0.036089
0.038492
0.0382
0.036612
0.03731
0.037786
0.038274
0.035899
0.03628
0.035911
0.038062
0.03538
0.040263
0.037352
0.037013
0.037214
0.037075
0.037014
0.036138
0.035893
0.037005
0.038653
0.037058
0.036614
0.039992
0.038127
0.039048
0.036718
0.035395
0.035954
0.035703
0.035621
0.035674
0.035835
0.03555
0.036578
0.035886
0.035636
0.036145
0.036369
0.035693
0.035925
0.036529
0.036048
0.0362
0.034999
0.036037
0.035925
0.03779
0.035812
0.035738
0.037106
0.037456
0.036753
0.038216
0.037201
0.038181
0.036126
0.037309
0.037284
0.036309
0.036791
0.036432
0.036648
0.036897
0.036796
0.035963
0.03583
0.035863
0.038985
0.035646
0.035413
0.035871
0.035527
0.036703
0.036803
0.036343
0.036254
0.039352
0.039454
0.036217
0.036919
0.040387
0.037932
0.039364
0.03704
0.036592
0.037774
0.036288
0.036584
0.03627
0.036826
0.035466
0.03675
0.036439
0.036451
0.038697
0.038775
0.036365
0.037889
0.035213
0.034751
0.036709
0.036071
0.035312
0.037485
0.037027
0.035294
0.035857
0.03592
0.038482
0.035919
0.034619
0.036195
0.038844
0.035364
0.035681
0.036993
0.037398
0.035176
0.036133
0.035268
0.035277
0.035482
0.035367
0.035549
0.035232
0.035801
0.036361
0.039227
0.037105
0.036644
0.036622
0.037508
0.036708
0.036296
0.040239
0.038
0.036178
0.036275
0.035933
0.036701
0.036295
0.036679
0.036268
0.036824
0.036174
0.036527
0.038615
0.035465
0.037203
0.038673
0.036501
0.036352
0.036366
0.036132
0.036224
0.036851
0.036095
0.036234
0.035953
0.035376
0.035292
0.035684
0.036372
0.035142
0.035635
0.03918
0.037688
0.036489
0.036207
0.036447
0.037583
0.036379
0.038283
0.036758
0.0369
0.036653
0.036098
0.036421
0.038494
0.038035
0.036917
0.037512
0.036265
0.036074
0.03637
0.036952
0.036856
0.036319
0.036954
0.036822
0.036576
0.037377
0.036678
0.038393
0.036415
0.039972
0.036896
0.036677
0.036931
0.036384
0.03653
0.036718
0.036716
0.036932
0.03819
0.036654
0.036884
0.037228
0.038871
0.037527
0.036801
0.038935
0.036757
0.039026
0.035573
0.036053
0.038319
0.0357
0.03581
0.03902
0.036065
0.035276
0.035382
0.035539
0.035355
0.036
0.034921
0.035886
0.035135
0.036322
0.036466
0.035652
0.034975
0.035641
0.036916
0.037279
0.036301
0.036508
0.036712
0.036701
0.036039
0.037726
0.038893
0.038441
0.038227
0.038874
0.036221
0.036487
0.035889
0.036033
0.036126
0.036339
0.036014
0.035384
0.037854
0.040211
0.035563
0.036657
0.036018
0.036218
0.039046
0.035831
0.037698
0.036457
0.036484
0.038738
0.036269
0.035869
0.037025
0.035841
0.03628
0.03576
0.035994
0.036405
0.036066
0.03702
0.035976
0.036295
0.037998
0.036615
0.03607
0.035925
0.035402
0.036868
0.036931
0.035944
0.036604
0.035717
0.035524
0.035502
0.035964
0.035332
0.034869
0.036881
0.035167
0.035709
0.038619
0.036196
0.036227
0.039031
0.036379
0.036673
0.036421
0.038294
0.035598
0.036752
0.038922
0.036703
0.035995
0.037066
0.037357
0.036616
0.041707
0.040437
0.03676
0.039166
0.037533
0.036433
0.036318
0.036224
0.037776
0.03611
0.036418
0.035835
0.037249
0.03602
0.036682
0.036162
0.035259
0.034992
0.034811
0.036627
0.038283
0.034569
0.034496
0.036179
0.036896
0.036197
0.035906
0.03623
0.036437
0.037297
0.036466
0.037828
0.036352
0.03625
0.037162
0.035383
0.036054
0.037168
0.038535
0.036081
0.037807
0.037769
0.036541
0.035578
0.037225
0.036435
0.036481
0.036815
0.036321
0.036184
0.036717
0.037263
0.036502
0.036441
0.035486
0.036146
0.035019
0.035891
0.034637
0.036067
0.035128
0.035481
0.036539
0.038294
0.037832
0.035517
0.0363
0.03659
0.036656
0.036153
0.036977
0.035676
0.036532
0.036905
0.036974
0.038466
0.03564
0.035612
0.035294
0.038883
0.037721
0.034112
0.034303
0.034042
0.035391
0.036049
0.036784
0.036128
0.035749
0.035758
0.036611
0.035542
0.035815
0.038589
0.037091
0.035844
0.036106
0.036016
0.036946
0.035763
0.036211
0.040533
0.03805
0.035918
0.036604
0.039845
0.035462
0.03576
0.036425
0.034721
0.036591
0.034447
0.035774
0.03458
0.034143
0.034331
0.035234
0.035176
0.035548
0.03514
0.035255
0.035218
0.03511
0.038001
0.035691
0.036463
0.035993
0.035858
0.035212
0.036809
0.035589
0.035319
0.035311
0.037939
0.035903
0.035904
0.036021
0.037767
0.035678
0.035788
0.03757
0.037438
0.03667
0.037186
0.037068
0.037203
0.0358
0.034349
0.034838
0.034901
0.03454
0.034809
0.034831
0.035117
0.035366
0.034795
0.036714
0.036113
0.036788
0.036221
0.038057
0.036425
0.036998
0.035999
0.035793
0.035677
0.036262
0.037999
0.035644
0.035543
0.036237
0.03518
0.037014
0.03552
0.036391
0.035119
0.035061
0.037814
0.03504
0.035167
0.038173
0.03527
0.037674
0.035446
0.038467
0.035384
0.034781
0.038503
0.038701
0.040276
0.036222
0.035626
0.034983
0.035206
0.034569
0.035433
0.034919
0.037562
0.036577
0.03747
0.035167
0.034714
0.034886
0.0345
0.034352
0.034358
0.035641
0.034939
0.034671
0.035973
0.038634
0.036507
0.036164
0.036397
0.036678
0.036862
0.03678
0.036009
0.03876
0.038996
0.036126
0.036372
0.036301
0.038116
0.03588
0.035864
0.03577
0.036434
0.036345
0.035842
0.035893
0.035926
0.035418
0.035765
0.03693
0.035739
0.034312
0.034484
0.035225
0.034819
0.034894
0.035619
0.034773
0.036614
0.03571
0.036174
0.035307
0.035544
0.035129
0.035968
0.035587
0.035603
0.035353
0.036151
0.034943
0.035206
0.036937
0.039452
0.037389
0.035063
0.035159
0.035121
0.035296
0.034879
0.037273
0.037952
0.035635
0.035009
0.037411
0.03657
0.035271
0.035699
0.0355
0.035156
0.035636
0.034862
0.035716
0.034669
0.036139
0.034988
0.03503
0.037768
0.037028
0.036018
0.036532
0.035579
0.040085
0.036059
0.036293
0.035739
0.036867
0.037205
0.036378
0.03545
0.038381
0.03954
0.036113
0.036472
0.036152
0.035342
0.034889
0.035655
0.035144
0.036219
0.035371
0.033956
0.033853
0.033874
0.033578
0.034057
0.036715
0.036567
0.035486
0.035241
0.03481
0.0361
0.036163
0.035246
0.03647
0.037345
0.034743
0.034067
0.034355
