0.047089
0.048673
0.051151
0.048275
0.051665
0.048648
0.0487
0.04896
0.050171
0.04721
0.048203
0.048435
0.048145
0.048869
0.048007
0.050008
0.049741
0.047971
0.049214
0.049601
0.04865
0.050667
0.04913
0.048984
0.048834
0.049233
0.049787
0.048788
0.048157
0.047313
0.04758
0.04835
0.048258
0.049427
0.049129
0.049445
0.04949
0.048728
0.04979
0.050894
0.04946
0.048668
0.049493
0.049359
0.048195
0.05072
0.050008
0.04945
0.049621
0.051165
0.050007
0.046951
0.045972
0.047037
0.048502
0.047504
0.046733
0.049697
0.048959
0.049518
0.049686
0.046616
0.049136
0.047079
0.046276
0.047131
0.047386
0.047896
0.047322
0.049857
0.050692
0.047648
0.04716
0.049209
0.049868
0.04924
0.04882
0.047574
0.048206
0.048368
0.048311
0.048492
0.047941
0.048154
0.048042
0.048909
0.047886
0.049177
0.050405
0.05159
0.049943
0.051037
0.049568
0.048399
0.049078
0.048368
0.047397
0.048094
0.047072
0.050298
0.049201
0.048487
0.048969
0.052302
0.050205
0.047644
0.049189
0.04807
0.046862
0.047944
0.04747
0.048956
0.049919
0.050793
0.050893
0.049636
0.0492
0.048404
0.051955
0.048278
0.046795
0.04652
0.050099
0.046841
0.049745
0.04836
0.046337
0.048513
0.047298
0.050624
0.051087
0.049603
0.050661
0.051328
0.050983
0.05042
0.05011
0.051005
0.050967
0.049876
0.049854
0.047557
0.048779
0.048167
0.047849
0.049345
0.048206
0.049206
0.049776
0.05014
0.05024
0.049817
0.050313
0.048946
0.049094
0.048834
0.049793
0.047724
0.048201
0.052513
0.051049
0.048934
0.049554
0.048631
0.051306
0.050279
0.051115
0.050883
0.050947
0.051797
0.050633
0.047904
0.047055
0.047226
0.047096
0.04504
0.046462
0.051001
0.050341
0.049376
0.0473
0.051474
0.050193
0.050101
0.050697
0.051235
0.050024
0.048818
0.05202
0.050187
0.051582
0.049932
0.049731
0.04818
0.049339
0.050501
0.051592
0.04926
0.049197
0.046212
0.049259
0.050365
0.048968
0.04891
0.048523
0.047887
0.04871
0.049568
0.051395
0.049364
0.04957
0.046445
0.050392
0.048047
0.048128
0.049353
0.049086
0.048473
0.048773
0.050572
0.050462
0.04956
0.047183
0.047348
0.049679
0.046096
0.048711
0.049273
0.048232
0.043878
0.047256
0.048865
0.049259
0.047153
0.04512
0.046378
0.047225
0.049408
0.04945
0.04995
0.049978
0.049214
0.048743
0.048224
0.047773
0.047805
0.049229
0.045986
0.047812
0.050919
0.04933
0.049577
0.04999
0.048336
0.048542
0.049664
0.048717
0.048019
0.049427
0.048061
0.050202
0.047267
0.048481
0.049032
0.049654
0.048916
0.049556
0.046609
0.048537
0.047099
0.047365
0.047334
0.047874
0.049662
0.049945
0.050927
0.051176
0.051234
0.051231
0.050264
0.04986
0.049485
0.05175
0.050435
0.049249
0.048959
0.049951
0.050931
0.049207
0.05005
0.050518
0.051744
0.051464
0.051582
0.051294
0.049988
0.051786
0.049844
0.050747
0.050637
0.050093
0.049128
0.049854
0.050494
0.04982
0.048499
0.049919
0.050044
0.050555
0.049377
0.050153
0.05237
0.052823
0.050719
0.04888
0.050077
0.049958
0.049326
0.050102
0.049356
0.049674
0.049616
0.050405
0.051044
0.050212
0.050663
0.049225
0.048937
0.048625
0.048722
0.04975
0.048895
0.047969
0.051288
0.048999
0.04882
0.048973
0.048957
0.049
0.050419
0.049681
0.050258
0.049832
0.050209
0.05007
0.048786
0.049184
0.049523
0.05186
0.047133
0.052228
0.048676
0.050882
0.050148
0.051313
0.048679
0.051073
0.052748
0.050593
0.049629
0.052231
0.05044
0.052282
0.049694
0.049733
0.050918
0.049921
0.049304
0.049151
0.049621
0.050957
0.051143
0.050223
0.050206
0.051275
0.050628
0.049001
0.046795
0.052146
0.050321
0.049009
0.049183
0.049633
0.049795
0.04985
0.051153
0.049521
0.048443
0.049303
0.050357
0.048819
0.049946
0.049881
0.048809
0.049763
0.050826
0.049106
0.049691
0.050701
0.050377
0.049327
0.053711
0.050583
0.047744
0.050376
0.051158
0.049939
0.051468
0.050406
0.048214
0.051196
0.050032
0.050033
0.0497
0.048456
0.047801
0.050606
0.05033
0.04969
0.048752
0.051187
0.050163
0.050681
0.049773
0.050347
0.048629
0.048667
0.049273
0.049657
0.049051
0.048667
0.049679
0.049646
0.048455
0.049804
0.049506
0.04865
0.049774
0.048777
0.048875
0.050979
0.050154
0.049956
0.050578
0.049373
0.049959
0.051119
0.049617
0.049201
0.050777
0.048898
0.049691
0.049865
0.048872
0.049265
0.048899
0.049994
0.04661
0.050539
0.049557
0.050182
0.049463
0.04902
0.04687
0.048193
0.048756
0.049222
0.049608
0.048527
0.051185
0.052915
0.049899
0.049861
0.052024
0.04979
0.048308
0.049603
0.050033
0.048272
0.050648
0.049893
0.05006
0.049941
0.048818
0.048596
0.05004
0.048731
0.047096
0.047208
0.048368
0.048818
0.048199
0.049406
0.050179
0.048982
0.049313
0.048915
0.049249
0.047715
0.050655
0.050589
0.052364
0.049515
0.050745
0.051617
0.05066
0.050791
0.050618
0.051013
0.050451
0.050367
0.051371
0.051178
0.051086
0.051092
0.051199
0.051101
0.048616
0.05073
0.0512
0.050854
0.051764
0.050928
0.051627
0.050876
0.05049
0.05106
0.049342
0.048246
0.050681
0.048734
0.048293
0.04951
0.049575
0.049841
0.049351
0.049294
0.049215
0.050044
0.04888
0.053573
0.051537
0.051254
0.051015
0.049814
0.055537
0.04739
0.048055
0.048876
0.04889
0.048255
0.050583
0.050696
0.049426
0.051974
0.050301
0.049357
0.050778
0.050606
0.0509
0.051198
0.050425
0.056958
0.050532
0.047823
0.04975
0.049797
0.051186
0.051194
0.049907
0.049506
0.048329
0.050002
0.049802
0.048942
0.047388
0.047098
0.049987
0.04666
0.050853
0.04974
0.050455
0.047172
0.050222
0.047826
0.050131
0.049754
0.051204
0.047206
0.050353
0.050169
0.050392
0.049408
0.05158
0.051052
0.049152
0.04972
0.05102
0.050331
0.049555
0.050153
0.049427
0.050076
0.050349
0.050236
0.049545
0.050005
0.049071
0.049842
0.04812
0.050143
0.051338
0.050905
0.049946
0.050798
0.050939
0.050005
0.051016
0.050566
0.050317
0.051296
0.050756
0.049949
0.050731
0.049054
0.048209
0.051307
0.048044
0.050161
0.051683
0.049961
0.050789
0.051054
0.050474
0.047801
0.047541
0.048722
0.052893
0.047356
0.047785
0.050776
0.051906
0.047614
0.05009
0.050977
0.050488
0.048797
0.048539
0.048115
0.050047
0.049611
0.049009
0.050119
0.050916
0.048477
0.049492
0.053365
0.050611
0.051876
0.051208
0.051457
0.050068
0.049608
0.050109
0.05043
0.049427
0.049639
0.050224
0.051814
0.050555
0.048695
0.047208
0.047339
0.048544
0.050533
0.049135
0.050713
0.048792
0.048396
0.050169
0.049365
0.0501
0.050929
0.051831
0.048497
0.052275
0.050253
0.0481
0.049939
0.051827
0.049085
0.050349
0.050944
0.04835
0.050505
0.051221
0.049541
0.050179
0.050665
0.050987
0.051822
0.048947
0.047782
0.050077
0.051349
0.049514
0.050281
0.050135
0.048045
0.050581
0.049457
0.0496
0.04934
0.048415
0.045356
0.049259
0.048636
0.048402
0.049425
0.048513
0.045715
0.049302
0.051987
0.049446
0.048757
0.048243
0.045909
0.048753
0.049791
0.04942
0.05057
0.048389
0.049486
0.049193
0.048287
0.049905
0.049648
0.049048
0.04754
0.0505
0.050453
0.050041
0.049152
0.048861
0.048514
0.050024
0.049155
0.048052
0.049565
0.049282
0.048897
0.049566
0.051029
0.047783
0.049115
0.050768
0.050045
0.046049
0.047848
0.047835
0.048932
0.04909
0.048982
0.050376
0.050731
0.048224
0.046944
0.047825
0.048382
0.047795
0.048128
0.0467
0.048941
0.049734
0.048475
0.048723
0.049079
0.047906
0.049324
0.050327
0.04984
0.049555
0.04951
0.05005
0.048353
0.048598
0.049261
0.047341
0.048576
0.048654
0.047486
0.048585
0.046569
0.04783
0.048279
0.047601
0.051013
0.050343
0.051244
0.049642
0.049876
0.050434
0.049105
0.048758
0.049439
0.049192
0.049687
0.050345
0.048524
0.048134
0.04679
0.047109
0.049271
0.047776
0.048503
0.048303
0.047913
0.047779
0.047937
0.047037
0.048792
0.047974
0.04758
0.046407
0.048578
0.049128
0.050686
0.04906
0.049266
0.045549
0.050242
0.049561
0.047964
0.048914
0.049609
0.047019
0.048292
0.049088
0.049078
0.049849
0.04959
0.050143
0.050276
0.049469
0.05075
0.04871
0.048813
0.048141
0.049164
0.049255
0.04926
0.04995
0.053034
0.048308
0.050019
0.049209
0.050201
0.049799
0.048637
0.050584
0.049983
0.049443
0.045177
0.048019
0.04684
0.044394
0.04775
0.04696
0.044945
0.046895
0.04747
0.047847
0.047674
0.047587
0.04775
0.048301
0.046872
0.049963
0.050097
0.048363
0.049512
0.048769
0.048471
0.049266
0.048063
0.048466
0.048492
0.048693
0.047657
0.047267
0.048659
0.04815
0.049898
0.050589
0.050311
0.051371
0.051167
0.049458
0.050538
0.049491
0.047161
0.048748
0.049347
0.047272
0.050265
0.050143
0.050569
0.049851
0.051438
0.050304
0.050076
0.051422
0.049188
0.049614
0.049752
0.050316
0.051249
0.050752
0.050266
0.050664
0.049762
0.05044
0.045295
0.048831
0.048395
0.048778
0.049416
0.047931
0.049897
0.049747
0.052434
0.051102
0.049148
0.050417
0.048591
0.045735
0.048032
0.048623
0.048658
0.050754
0.051175
0.049089
0.050409
0.05129
0.048886
0.049176
0.046064
0.046382
0.047437
0.046204
0.046776
0.046238
0.04915
0.049056
0.048017
0.04551
0.049212
0.048923
0.051531
0.050083
0.051168
0.047189
0.046484
0.049901
0.047318
0.046994
0.046491
0.046338
0.047962
0.047348
0.050725
0.049775
0.050111
0.048549
0.048197
0.048298
0.047654
0.046737
0.047491
0.049049
0.048142
0.049743
0.05293
0.049878
0.049633
0.051449
0.046669
0.050641
0.051841
0.050811
0.050648
0.051966
0.056788
0.051776
0.051325
0.050441
0.051299
0.049934
0.051314
0.051119
