0.050813
0.048417
0.049265
0.048998
0.046437
0.049439
0.047619
0.047619
0.050188
0.049252
0.049181
0.049085
0.054224
0.049419
0.047702
0.049108
0.047985
0.048741
0.051167
0.049197
0.048107
0.049488
0.048308
0.047493
0.049308
0.050447
0.048473
0.048695
0.050941
0.050494
0.049206
0.051481
0.0495
0.050387
0.051752
0.049049
0.049093
0.049381
0.048909
0.049614
0.051605
0.049217
0.05013
0.050365
0.049677
0.047563
0.049308
0.048879
0.049764
0.049888
0.049316
0.049493
0.050971
0.047679
0.047933
0.048927
0.048125
0.048629
0.050635
0.049836
0.048588
0.050501
0.049815
0.051715
0.049513
0.049445
0.049269
0.049463
0.050782
0.049688
0.047644
0.049057
0.048996
0.049092
0.049045
0.048659
0.047658
0.046543
0.046773
0.047968
0.048159
0.047575
0.049455
0.050225
0.050525
0.048802
0.050157
0.049642
0.049391
0.049559
0.048843
0.04931
0.048845
0.057495
0.048157
0.047746
0.047577
0.047493
0.048204
0.047595
0.04971
0.049354
0.049354
0.051253
0.045165
0.048645
0.051522
0.049904
0.049892
0.050107
0.049039
0.049424
0.049262
0.049393
0.048436
0.050251
0.04982
0.049356
0.050346
0.049739
0.050579
0.049598
0.050133
0.050227
0.04685
0.048197
0.048923
0.044992
0.047946
0.047163
0.049842
0.049803
0.050781
0.047738
0.050839
0.051244
0.048387
0.049985
0.049086
0.046737
0.048689
0.049749
0.049021
0.048855
0.047619
0.047209
0.049301
0.054587
0.045757
0.049664
0.050313
0.049401
0.048866
0.049213
0.049223
0.050889
0.050865
0.049359
0.050496
0.04946
0.047609
0.048839
0.04857
0.047467
0.049438
0.049144
0.048575
0.049004
0.049478
0.048338
0.048636
0.050533
0.049154
0.048283
0.049266
0.049773
0.049467
0.050095
0.046221
0.048134
0.047664
0.046592
0.047881
0.049279
0.049075
0.049792
0.049873
0.050616
0.050041
0.050664
0.049558
0.048917
0.050728
0.050019
0.049496
0.049066
0.049698
0.050397
0.049768
0.04949
0.050731
0.049938
0.049849
0.048244
0.048948
0.049451
0.048489
0.050392
0.050372
0.047509
0.049044
0.049653
0.048945
0.04845
0.049659
0.049745
0.049316
0.049507
0.048616
0.050265
0.049987
0.048558
0.049378
0.047883
0.049584
0.052218
0.05189
0.049
0.049851
0.050308
0.048667
0.050071
0.051195
0.051342
0.049695
0.048405
0.050202
0.050876
0.050307
0.049705
0.050441
0.047731
0.048766
0.05064
0.051074
0.049619
0.050261
0.050439
0.049614
0.049315
0.050264
0.050795
0.049061
0.050712
0.050321
0.052552
0.050144
0.049569
0.050569
0.050575
0.050676
0.050554
0.050459
0.048723
0.049106
0.051607
0.050752
0.049576
0.048781
0.047703
0.048031
0.048827
0.047901
0.051727
0.050142
0.049488
0.0487
0.050161
0.049752
0.051027
0.047722
0.05067
0.048894
0.050668
0.050402
0.048939
0.048491
0.04866
0.049447
0.050315
0.048718
0.048974
0.062225
0.050389
0.050115
0.050045
0.047904
0.048846
0.049104
0.048106
0.048156
0.048711
0.048783
0.048121
0.048948
0.049343
0.049439
0.048588
0.049432
0.049133
0.049652
0.049516
0.049714
0.04953
0.049505
0.047897
0.048446
0.048219
0.047859
0.049248
0.048396
0.050016
0.052344
0.050161
0.050807
0.049827
0.050215
0.050273
0.047749
0.047796
0.048362
0.049588
0.04836
0.049298
0.050365
0.049441
0.048494
0.048449
0.04984
0.049592
0.049415
0.049746
0.049374
0.050249
0.046218
0.050967
0.051027
0.050312
0.050613
0.050685
0.051339
0.050036
0.050323
0.052345
0.049928
0.050233
0.050992
0.047785
0.051679
0.049664
0.051292
0.048523
0.049912
0.050245
0.047789
0.048124
0.051681
0.047964
0.049846
0.051349
0.050595
0.049643
0.05096
0.050943
0.050804
0.051136
0.050953
0.04962
0.051564
0.050088
0.052429
0.049767
0.050102
0.051048
0.048703
0.049489
0.048915
0.049458
0.048787
0.04863
0.051103
0.048968
0.048944
0.051415
0.051193
0.048146
0.049787
0.05202
0.048809
0.050646
0.049611
0.048948
0.049142
0.050073
0.050769
0.048317
0.048722
0.049146
0.050608
0.049119
0.048636
0.050438
0.048194
0.049969
0.049166
0.049354
0.048227
0.049248
0.050315
0.048643
0.049176
0.049866
0.049437
0.049489
0.050038
0.048432
0.050257
0.049438
0.050052
0.049793
0.05026
0.049745
0.049603
0.046706
0.050576
0.050026
0.050309
0.050553
0.049544
0.046685
0.050203
0.049155
0.048907
0.050375
0.046957
0.050006
0.051033
0.049729
0.049576
0.049951
0.050011
0.050805
0.0513
0.050074
0.049714
0.05025
0.050132
0.049162
0.046486
0.048087
0.047824
0.048779
0.048332
0.04941
0.051217
0.048701
0.050118
0.050141
0.049392
0.051222
0.051639
0.050429
0.049915
0.05228
0.04997
0.049648
0.051016
0.049822
0.051744
0.051473
0.0494
0.049062
0.050736
0.049898
0.049293
0.047888
0.049847
0.054647
0.051842
0.050032
0.050809
0.051117
0.050136
0.049353
0.052336
0.049645
0.049295
0.052414
0.049583
0.04892
0.050074
0.050042
0.04986
0.051269
0.049613
0.051647
0.052244
0.050879
0.051801
0.05145
0.050885
0.051821
0.052336
0.051873
0.052438
0.053022
0.052168
0.047104
0.052646
0.050988
0.051294
0.051298
0.053275
0.050148
0.051678
0.051401
0.052113
0.050561
0.050773
0.048646
0.049724
0.05035
0.049862
0.048721
0.050824
0.050905
0.05169
0.050794
0.051182
0.051637
0.050636
0.064631
0.052282
0.05278
0.051069
0.049899
0.050037
0.049642
0.048972
0.050296
0.050381
0.049204
0.049735
0.049552
0.0508
0.050622
0.05026
0.050878
0.051404
0.049717
0.052068
0.049877
0.049277
0.055385
0.047274
0.048758
0.048276
0.050336
0.047914
0.049238
0.051035
0.048641
0.049528
0.050122
0.049539
0.052235
0.050466
0.050151
0.049469
0.050016
0.049802
0.048988
0.047085
0.049371
0.049477
0.05049
0.049654
0.049958
0.048866
0.050775
0.05117
0.050293
0.048972
0.050452
0.051425
0.04926
0.049606
0.049763
0.049683
0.048334
0.048883
0.049563
0.04759
0.050773
0.049696
0.048365
0.048236
0.049488
0.046262
0.049295
0.050206
0.047719
0.048349
0.04807
0.048463
0.049055
0.048908
0.049122
0.048256
0.050368
0.050024
0.048784
0.050616
0.049649
0.048018
0.049605
0.050293
0.049882
0.050245
0.049726
0.049385
0.048956
0.048422
0.049938
0.048597
0.050068
0.050076
0.054713
0.050568
0.049284
0.050576
0.051304
0.050646
0.050129
0.049817
0.051127
0.051283
0.049684
0.04924
0.048455
0.049762
0.049127
0.049099
0.049516
0.05052
0.049199
0.05076
0.050869
0.049645
0.0495
0.050433
0.050703
0.049193
0.049726
0.051066
0.048521
0.048444
0.04957
0.047749
0.048697
0.049243
0.04907
0.048273
0.049133
0.04908
0.047681
0.048922
0.050568
0.051315
0.050652
0.049977
0.050535
0.047608
0.048881
0.047383
0.0475
0.047339
0.047162
0.048507
0.049176
0.048663
0.048377
0.050836
0.048709
0.048494
0.051269
0.05024
0.049864
0.051175
0.052361
0.052891
0.052245
0.05145
0.05176
0.04833
0.049776
0.050414
0.050412
0.049267
0.049326
0.050074
0.049756
0.05598
0.050474
0.048833
0.049335
0.050866
0.049806
0.051829
0.050554
0.051227
0.050903
0.050086
0.050316
0.050317
0.04972
0.048692
0.050439
0.050636
0.048926
0.04927
0.050097
0.048858
0.049171
0.04995
0.051105
0.049338
0.049626
0.049415
0.049701
0.046184
0.048281
0.049725
0.049905
0.049113
0.049876
0.04936
0.050534
0.049899
0.049892
0.050176
0.049357
0.049464
0.051691
0.053419
0.047628
0.050978
0.051966
0.050725
0.050243
0.049877
0.052065
0.050548
0.049781
0.05195
0.05086
0.049785
0.049611
0.050092
0.049837
0.050749
0.0502
0.049749
0.050794
0.050344
0.046129
0.050677
0.050704
0.050896
0.051919
0.051644
0.04884
0.05169
0.050383
0.050172
0.049167
0.048422
0.049478
0.047482
0.049905
0.051496
0.050442
0.049988
0.046736
0.050351
0.049447
0.047827
0.046866
0.048609
0.04521
0.048784
0.047627
0.050008
0.048209
0.050253
0.04719
0.047444
0.04943
0.050813
0.047956
0.048248
0.048819
0.051645
0.04947
0.048915
0.049167
0.050679
0.048049
0.049974
0.048562
0.048344
0.049607
0.049068
0.047618
0.050225
0.04876
0.052249
0.052522
0.051246
0.050041
0.05148
0.051455
0.048316
0.05081
0.049122
0.051112
0.052388
0.048566
0.050474
0.046681
0.047273
0.049011
0.049188
0.049048
0.052269
0.050162
0.049032
0.050585
0.048254
0.050916
0.050772
0.04984
0.048402
0.049104
0.048403
0.049562
0.049192
0.050803
0.048802
0.048968
0.049809
0.049608
0.051778
0.049793
0.050012
0.049135
0.050645
0.049334
0.049269
0.04875
0.049275
0.048035
0.048154
0.048248
0.047465
0.046028
0.047963
0.050043
0.048176
0.05051
0.049026
0.04877
0.048583
0.048032
0.049597
0.048585
0.048152
0.048642
0.047754
0.046024
0.048921
0.047262
0.049004
0.05024
0.047367
0.050958
0.047361
0.048399
0.048743
0.050732
0.049098
0.048982
0.048386
0.049181
0.048634
0.050423
0.05049
0.049591
0.048431
0.049616
0.050469
0.050277
0.050143
0.050622
0.051494
0.049814
0.051633
0.051781
0.051164
0.050347
0.050666
0.049771
0.04688
0.046505
0.046202
0.048223
0.045645
0.048118
0.049939
0.049471
0.057112
0.049583
0.049725
0.048642
0.049987
0.049513
0.049036
0.048677
0.049828
0.049258
0.046422
0.047277
0.046277
0.043876
0.046409
0.047183
0.049146
0.048926
0.048793
0.048743
0.049152
0.047763
0.049464
0.049403
0.049328
0.046149
0.046692
0.049455
0.047078
0.046088
0.045948
0.045566
0.047628
0.045885
0.048369
0.049782
0.047329
0.047351
0.049733
0.047562
0.052872
0.048314
0.047163
0.048878
0.049804
0.047108
0.048826
0.048758
0.047761
0.048856
0.047721
0.048989
0.0532
0.051774
0.051293
0.050497
0.052159
0.051405
0.051867
0.05249
0.050691
0.051244
0.048412
0.050958
0.053763
0.052333
0.053058
0.051813
0.048392
0.050223
