0.045613
0.044354
0.045176
0.046465
0.048433
0.048165
0.045844
0.045542
0.047233
0.046145
0.047742
0.048657
0.047169
0.04936
0.049326
0.050367
0.047946
0.046188
0.046177
0.046919
0.046041
0.045413
0.045952
0.046035
0.046131
0.045705
0.046009
0.046272
0.046697
0.046973
0.046633
0.047041
0.047063
0.046935
0.046307
0.050163
0.046877
0.045906
0.050184
0.047075
0.046668
0.04499
0.045743
0.04475
0.045264
0.045321
0.045912
0.045827
0.045625
0.046699
0.047048
0.046484
0.045385
0.04546
0.046146
0.045541
0.046013
0.045713
0.046792
0.047849
0.046612
0.047543
0.046894
0.046435
0.045216
0.044857
0.045259
0.051149
0.046343
0.044647
0.045531
0.045132
0.045487
0.045927
0.046238
0.045636
0.049821
0.047877
0.047096
0.047348
0.051311
0.048601
0.046354
0.051019
0.047134
0.046389
0.0505
0.046717
0.048713
0.048145
0.047259
0.048253
0.047445
0.048395
0.050503
0.048925
0.0464
0.046673
0.04706
0.049207
0.045436
0.045297
0.045944
0.04537
0.047233
0.045058
0.047473
0.052575
0.048639
0.048007
0.051175
0.048248
0.050381
0.046868
0.048683
0.047554
0.053725
0.047997
0.047574
0.047255
0.04667
0.046923
0.046892
0.047231
0.048047
0.046579
0.046777
0.046929
0.046574
0.046953
0.052256
0.048627
0.04789
0.047701
0.048386
0.048013
0.047827
0.045749
0.045079
0.045189
0.048316
0.044718
0.04979
0.051172
0.047804
0.047691
0.047858
0.048514
0.050588
0.047056
0.047223
0.046057
0.046538
0.045535
0.048577
0.049413
0.046229
0.047138
0.047366
0.047067
0.047731
0.047821
0.047316
0.047624
0.047634
0.049325
0.050673
0.047914
0.04804
0.047446
0.047786
0.047626
0.046902
0.047248
0.046585
0.047387
0.046952
0.047599
0.047316
0.046248
0.046677
0.050173
0.049576
0.049367
0.051844
0.046668
0.046886
0.047212
0.051755
0.047453
0.048011
0.047562
0.047387
0.047032
0.049892
0.047076
0.047625
0.049147
0.046337
0.047815
0.049719
0.047062
0.048164
0.049015
0.047718
0.04792
0.051267
0.04837
0.047881
0.047676
0.047851
0.050876
0.049178
0.047675
0.046912
0.050406
0.049616
0.047432
0.047866
0.047975
0.049052
0.048259
0.048274
0.048526
0.05117
0.048106
0.0508
0.050604
0.047106
0.048711
0.047297
0.04764
0.046256
0.047048
0.046722
0.046895
0.047295
0.049945
0.048246
0.047509
0.048387
0.048179
0.048151
0.046734
0.047657
0.047457
0.047139
0.048092
0.047259
0.047376
0.048645
0.05154
0.04974
0.048208
0.047574
0.046495
0.047432
0.049286
0.045844
0.0466
0.04624
0.047078
0.048385
0.047035
0.049844
0.047963
0.047789
0.052037
0.05151
0.04825
0.048136
0.048804
0.049114
0.048294
0.04535
0.045594
0.047855
0.045713
0.046236
0.046052
0.047311
0.047138
0.048171
0.04887
0.04784
0.048125
0.049381
0.048109
0.048169
0.050292
0.047639
0.047833
0.064475
0.047324
0.051817
0.0473
0.047591
0.048043
0.05258
0.050271
0.048366
0.049965
0.048389
0.048993
0.048846
0.048431
0.048592
0.049155
0.050974
0.052773
0.051644
0.047796
0.047369
0.050114
0.048134
0.0478
0.048484
0.050496
0.048156
0.052218
0.047881
0.047574
0.047298
0.046641
0.047406
0.047775
0.048287
0.049834
0.047687
0.047563
0.046886
0.047585
0.04762
0.048113
0.051113
0.047498
0.048613
0.04865
0.048379
0.046931
0.049806
0.045899
0.046017
0.046233
0.049916
0.050577
0.05124
0.050483
0.047126
0.049867
0.04754
0.049694
0.048086
0.047666
0.048673
0.047669
0.047816
0.049458
0.048761
0.047559
0.050974
0.048127
0.048036
0.047598
0.047901
0.047277
0.047243
0.046967
0.048395
0.046615
0.046877
0.046231
0.046858
0.047203
0.053379
0.047793
0.048217
0.048667
0.047565
0.049657
0.04569
0.050141
0.047485
0.046254
0.047929
0.046283
0.051893
0.050107
0.049336
0.04842
0.050967
0.048728
0.048747
0.049234
0.048166
0.047746
0.048098
0.047869
0.051161
0.048416
0.048172
0.047636
0.051785
0.04803
0.050043
0.048192
0.048512
0.047792
0.049006
0.049135
0.049087
0.050059
0.049545
0.04806
0.049748
0.048064
0.050578
0.051014
0.04741
0.04669
0.047091
0.046606
0.047506
0.04685
0.047852
0.04744
0.047163
0.047179
0.049102
0.050616
0.0476
0.048279
0.0489
0.048213
0.050248
0.04895
0.051677
0.047987
0.048983
0.049882
0.047934
0.048273
0.047535
0.047362
0.047023
0.046798
0.048102
0.048084
0.047628
0.047593
0.047749
0.048171
0.050421
0.047351
0.048996
0.050214
0.047239
0.047811
0.047733
0.047053
0.047181
0.047602
0.04792
0.049957
0.048857
0.048071
0.049436
0.048621
0.048569
0.048477
0.048345
0.04807
0.047854
0.047999
0.048539
0.047802
0.048355
0.052859
0.048182
0.048374
0.04851
0.049488
0.046796
0.046962
0.049917
0.047658
0.047351
0.047084
0.047218
0.047128
0.049359
0.047042
0.047364
0.047301
0.046245
0.046399
0.048699
0.045895
0.046488
0.048629
0.047251
0.047458
0.04789
0.047194
0.046872
0.0484
0.04936
0.051822
0.047695
0.049862
0.047578
0.047438
0.052445
0.051611
0.047785
0.050086
0.048604
0.050239
0.053763
0.048581
0.04953
0.048835
0.048666
0.047984
0.047254
0.047674
0.04795
0.050725
0.046927
0.046299
0.047075
0.047172
0.046323
0.046456
0.04629
0.046672
0.05022
0.046688
0.046783
0.04783
0.047848
0.06069
0.056152
0.050895
0.04958
0.050742
0.048064
0.048042
0.047488
0.04797
0.050535
0.048312
0.048157
0.04763
0.046721
0.051309
0.05121
0.047182
0.053004
0.049624
0.050216
0.049691
0.047735
0.05128
0.048177
0.049898
0.050937
0.048249
0.053008
0.047349
0.048269
0.050829
0.049639
0.050587
0.047628
0.047816
0.048462
0.047819
0.048187
0.04969
0.049817
0.047015
0.049248
0.046482
0.046736
0.048391
0.047022
0.047071
0.050984
0.04783
0.049025
0.050575
0.048172
0.050219
0.04869
0.047253
0.048147
0.047526
0.047952
0.047565
0.050934
0.046989
0.051285
0.051126
0.046776
0.045877
0.046212
0.046899
0.050406
0.047634
0.046614
0.053732
0.049173
0.048191
0.052223
0.04885
0.048496
0.05649
0.046872
0.047286
0.049634
0.047468
0.04826
0.048543
0.048385
0.04827
0.04825
0.04775
0.049874
0.049316
0.047802
0.047972
0.047416
0.048016
0.047613
0.050363
0.051061
0.047202
0.048113
0.050733
0.048056
0.047557
0.047614
0.047415
0.047441
0.048468
0.047928
0.051194
0.047943
0.04867
0.047821
0.050664
0.047414
0.048336
0.048053
0.047326
0.047342
0.048346
0.047493
0.048432
0.048557
0.048076
0.047555
0.050317
0.049985
0.049536
0.049777
0.049202
0.051233
0.048827
0.048325
0.047246
0.051021
0.047838
0.046005
0.047615
0.047129
0.048993
0.048894
0.052695
0.047746
0.048266
0.052677
0.053028
0.047893
0.045677
0.046014
0.045825
0.047565
0.047641
0.0476
0.048015
0.049105
0.050159
0.047834
0.047284
0.047146
0.047525
0.046984
0.049869
0.04732
0.049048
0.048151
0.048803
0.048422
0.048453
0.048774
0.048085
0.047075
0.047617
0.050413
0.046795
0.049778
0.049754
0.051676
0.048704
0.049851
0.048357
0.048249
0.049529
0.047977
0.048564
0.049663
0.04758
0.047276
0.047982
0.046854
0.047618
0.049769
0.047566
0.04774
0.048396
0.050355
0.048294
0.051239
0.047262
0.047834
0.048249
0.046693
0.047071
0.048135
0.047357
0.047017
0.048163
0.046906
0.048052
0.049034
0.046526
0.047014
0.051403
0.049266
0.048398
0.050756
0.047773
0.046221
0.046772
0.045814
0.048614
0.049062
0.045537
0.046326
0.047807
0.046676
0.04774
0.047536
0.047592
0.046957
0.047349
0.046661
0.047731
0.05013
0.047201
0.047345
0.047062
0.04705
0.047584
0.046945
0.046801
0.046906
0.048334
0.048389
0.048653
0.051565
0.047899
0.049041
0.04755
0.047553
0.047499
0.04825
0.047466
0.04761
0.052053
0.047928
0.047772
0.047348
0.049801
0.047834
0.050616
0.046925
0.048129
0.047539
0.047502
0.047067
0.051345
0.047816
0.047539
0.048971
0.048923
0.047792
0.048246
0.04786
0.047677
0.050597
0.047374
0.048277
0.049115
0.049681
0.047972
0.052243
0.048402
0.047527
0.04727
0.04706
0.047055
0.047767
0.04774
0.046997
0.052817
0.048028
0.047352
0.051228
0.047318
0.047682
0.049076
0.045808
0.045883
0.050056
0.048017
0.048618
0.045851
0.045141
0.045222
0.045662
0.045464
0.045887
0.049284
0.050246
0.051585
0.04875
0.051375
0.049138
0.04919
0.048209
0.048389
0.051241
0.048236
0.048397
0.051292
0.047397
0.04786
0.048204
0.047994
0.048001
0.052699
0.05096
0.047959
0.049074
0.047836
0.046627
0.048643
0.046859
0.046144
0.047981
0.046757
0.049737
0.046447
0.046616
0.051859
0.049105
0.048319
0.048124
0.047057
0.046467
0.045765
0.046974
0.045821
0.046111
0.047978
0.045387
0.050572
0.047316
0.044603
0.045199
0.050968
0.04707
0.050304
0.048589
0.048277
0.051985
0.049292
0.050434
0.048304
0.051861
0.051863
0.049052
0.045573
0.045844
0.046132
0.046401
0.045389
0.045581
0.051204
0.047799
0.048817
0.04938
0.048072
0.047996
0.049025
0.048078
0.047883
0.049144
0.049447
0.047145
0.048412
0.04714
0.04695
0.046993
0.047983
0.046863
0.048758
0.051726
0.050943
0.050406
0.051857
0.052906
0.047472
0.047075
0.046936
0.047647
0.050245
0.04468
0.047695
0.04526
0.045229
0.045757
0.046046
0.047792
0.047591
0.050376
0.04747
0.048797
0.049139
0.04923
0.048275
0.046438
0.047297
0.047594
0.04665
0.047164
0.047128
0.046959
0.049138
0.049291
0.046642
0.046733
0.050745
0.04681
0.046572
0.047741
0.046582
0.04699
0.047462
0.047998
0.046736
0.04836
0.048463
0.047675
0.048629
0.046875
0.047417
0.046539
0.050442
0.047151
0.0523
0.046931
0.047626
0.05207
0.047441
0.049897
0.047727
0.047907
0.047125
0.048149
0.049973
0.049589
0.048946
0.049911
0.051823
0.049032
0.047471
