0.061048
0.059382
0.059061
0.059575
0.056859
0.06224
0.057683
0.060551
0.06187
0.060646
0.057662
0.06441
0.058295
0.059908
0.05945
0.063627
0.062686
0.058749
0.059389
0.060211
0.058181
0.05648
0.062431
0.062849
0.064507
0.058863
0.058775
0.058295
0.056741
0.056301
0.056473
0.065357
0.06168
0.059297
0.071946
0.06508
0.056094
0.055029
0.074349
0.057272
0.058194
0.057537
0.059594
0.057862
0.058748
0.059223
0.058781
0.05787
0.062587
0.05933
0.058848
0.057509
0.058677
0.060543
0.061272
0.058162
0.059106
0.057523
0.057552
0.05667
0.0585
0.059627
0.060998
0.06534
0.064702
0.061334
0.062496
0.059258
0.058297
0.056481
0.05634
0.061177
0.063599
0.060078
0.058017
0.057392
0.058542
0.062001
0.057212
0.056434
0.056194
0.059316
0.060016
0.056359
0.056482
0.059815
0.056296
0.05609
0.055487
0.060125
0.05937
0.064517
0.059292
0.061741
0.05785
0.057449
0.062741
0.05751
0.057125
0.059286
0.058324
0.058547
0.05828
0.058089
0.058972
0.05618
0.058081
0.05666
0.059477
0.058004
0.057737
0.059995
0.05884
0.060127
0.06144
0.060014
0.065384
0.062269
0.059336
0.062799
0.059888
0.059133
0.059088
0.058941
0.060009
0.061609
0.062087
0.065269
0.06605
0.064757
0.064557
0.069674
0.068893
0.065758
0.083882
0.072507
0.065203
0.064157
0.064412
0.063512
0.057139
0.059169
0.059301
0.064268
0.061743
0.060934
0.062436
0.06081
0.062319
0.061377
0.06507
0.062676
0.061482
0.061018
0.058469
0.058825
0.059433
0.059564
0.062263
0.060329
0.061019
0.060836
0.060414
0.062372
0.062405
0.060874
0.065222
0.061753
0.061726
0.062945
0.061293
0.06099
0.061887
0.06186
0.063848
0.061775
0.063127
0.057909
0.060519
0.061416
0.060763
0.066907
0.063292
0.066423
0.065876
0.068142
0.061261
0.061818
0.060708
0.062841
0.058859
0.058649
0.062764
0.064656
0.059678
0.056811
0.057452
0.056479
0.062238
0.065349
0.062198
0.060909
0.061192
0.060412
0.061097
0.060991
0.061825
0.060129
0.061082
0.056905
0.05685
0.057277
0.05718
0.056925
0.059613
0.059254
0.064761
0.059303
0.058513
0.060551
0.060261
0.060093
0.06041
0.061541
0.064927
0.060157
0.06509
0.059805
0.060703
0.058835
0.058782
0.058995
0.059238
0.062591
0.059034
0.059244
0.059502
0.059008
0.061644
0.059408
0.060737
0.058039
0.063951
0.059151
0.059666
0.062255
0.059575
0.059308
0.063287
0.058483
0.062856
0.058799
0.060417
0.059659
0.059525
0.059462
0.059287
0.063269
0.060093
0.059972
0.059688
0.059822
0.058723
0.059225
0.059226
0.059095
0.059999
0.060677
0.060118
0.063206
0.059942
0.059808
0.059957
0.059983
0.060708
0.064132
0.059741
0.06011
0.059441
0.060748
0.060088
0.060078
0.064032
0.059637
0.059418
0.060042
0.060127
0.06274
0.0638
0.059531
0.059371
0.060843
0.061939
0.057846
0.058878
0.058524
0.059605
0.058695
0.060646
0.058211
0.059067
0.059206
0.063254
0.058965
0.060293
0.060386
0.059547
0.059865
0.060685
0.059083
0.060993
0.061178
0.059998
0.065488
0.060359
0.062665
0.060624
0.058879
0.057108
0.059261
0.058282
0.058367
0.058914
0.060757
0.058355
0.059892
0.059114
0.059059
0.059834
0.064293
0.062407
0.06135
0.060853
0.063322
0.061106
0.061606
0.063816
0.05858
0.058588
0.05793
0.059
0.059373
0.059953
0.062504
0.060125
0.05942
0.057683
0.058799
0.057704
0.057709
0.0608
0.059998
0.061563
0.063731
0.063779
0.062301
0.062047
0.059396
0.059576
0.060358
0.060938
0.057377
0.057675
0.057049
0.058694
0.058978
0.059056
0.064896
0.059269
0.062874
0.059873
0.059747
0.059751
0.059705
0.063776
0.059418
0.057521
0.056831
0.056928
0.059669
0.059527
0.065151
0.062706
0.060074
0.063303
0.060029
0.060474
0.061829
0.061854
0.059468
0.058643
0.059198
0.059983
0.059703
0.060002
0.062749
0.060116
0.059969
0.062083
0.059602
0.060272
0.059544
0.0656
0.063776
0.062721
0.060926
0.061385
0.060626
0.06025
0.063685
0.062876
0.06057
0.064832
0.061318
0.06096
0.061276
0.061292
0.061054
0.05712
0.057443
0.057868
0.058148
0.058724
0.060574
0.0625
0.061399
0.060696
0.062794
0.059368
0.059454
0.059259
0.059879
0.061448
0.058901
0.059073
0.05947
0.06143
0.064392
0.059884
0.059557
0.062736
0.060054
0.065005
0.060227
0.062444
0.062416
0.059651
0.068273
0.062479
0.06878
0.060817
0.061759
0.061466
0.063824
0.059141
0.058784
0.062988
0.059654
0.060513
0.061112
0.059408
0.062799
0.06213
0.061481
0.059432
0.059475
0.058942
0.058892
0.060108
0.058822
0.059863
0.062714
0.060677
0.061062
0.06591
0.061624
0.060187
0.06031
0.062304
0.062834
0.066532
0.059916
0.06021
0.058902
0.059311
0.061338
0.060772
0.063531
0.0605
0.060137
0.0657
0.064857
0.061966
0.06
0.060477
0.059555
0.059125
0.063564
0.060509
0.06105
0.059096
0.059177
0.059189
0.063401
0.064301
0.05968
0.063766
0.059602
0.063318
0.060558
0.06158
0.060092
0.058781
0.058886
0.060137
0.057837
0.05981
0.057887
0.057394
0.065512
0.060143
0.060905
0.060218
0.060274
0.059508
0.059688
0.059626
0.060134
0.061304
0.058939
0.05914
0.060244
0.059907
0.064556
0.059773
0.059666
0.059748
0.060805
0.063451
0.05864
0.058575
0.058325
0.058673
0.06483
0.059445
0.059315
0.059316
0.059641
0.062174
0.058945
0.060237
0.059858
0.061213
0.059205
0.05912
0.061012
0.059316
0.059224
0.067637
0.06065
0.060577
0.060639
0.062036
0.058852
0.058876
0.058318
0.059148
0.059815
0.058927
0.058261
0.05871
0.057886
0.060569
0.060288
0.060353
0.061185
0.059816
0.063477
0.059499
0.061464
0.059327
0.059874
0.059689
0.063249
0.061674
0.063775
0.060728
0.064686
0.060252
0.059732
0.05967
0.05945
0.057658
0.06021
0.05932
0.058383
0.05778
0.059939
0.06032
0.059858
0.059993
0.06179
0.057671
0.059991
0.0574
0.058175
0.057848
0.063078
0.06161
0.060137
0.059757
0.059782
0.059839
0.060623
0.059782
0.060471
0.059541
0.058872
0.060362
0.059504
0.060828
0.061903
0.060504
0.061623
0.059439
0.059928
0.060778
0.059875
0.061028
0.060404
0.064422
0.05976
0.059311
0.059953
0.059716
0.060016
0.06041
0.058806
0.060978
0.058862
0.060209
0.059243
0.060641
0.060132
0.059815
0.064867
0.061108
0.062082
0.060826
0.06264
0.062845
0.062176
0.062028
0.064505
0.060304
0.060406
0.059275
0.063004
0.06034
0.060583
0.059093
0.059119
0.058983
0.058691
0.058861
0.063842
0.059487
0.062956
0.056982
0.059402
0.063207
0.058222
0.062065
0.059035
0.058823
0.060444
0.060405
0.06038
0.067615
0.06125
0.059237
0.059143
0.058915
0.059357
0.061276
0.060199
0.062539
0.060606
0.060037
0.060541
0.061021
0.061927
0.061117
0.060958
0.060147
0.05848
0.05878
0.058885
0.062144
0.060272
0.059913
0.060232
0.064771
0.061499
0.06053
0.060341
0.059396
0.059876
0.066786
0.063376
0.06168
0.0599
0.060681
0.060503
0.059354
0.059808
0.063328
0.058753
0.060875
0.060166
0.060745
0.060078
0.060016
0.059768
0.060071
0.059252
0.060105
0.061112
0.059001
0.05957
0.059865
0.059248
0.060394
0.058704
0.05842
0.063237
0.058435
0.06421
0.059662
0.059481
0.058956
0.060596
0.060041
0.066472
0.062372
0.059776
0.059585
0.059832
0.059543
0.060905
0.059607
0.060562
0.059922
0.063015
0.059495
0.059714
0.061832
0.058414
0.057628
0.057745
0.058415
0.058851
0.05757
0.057377
0.056909
0.057049
0.058612
0.05965
0.059674
0.059157
0.058852
0.061504
0.060543
0.061075
0.059926
0.061092
0.058249
0.057154
0.058026
0.057426
0.057345
0.063746
0.06204
0.059194
0.058658
0.059392
0.061221
0.058462
0.059411
0.058018
0.057977
0.062307
0.059494
0.061839
0.060097
0.059533
0.060952
0.059871
0.060967
0.060011
0.060177
0.063747
0.061016
0.059615
0.06034
0.061075
0.0595
0.062634
0.059994
0.059916
0.060821
0.059472
0.059248
0.058891
0.059848
0.060145
0.059037
0.059124
0.058882
0.060565
0.06086
0.060151
0.06075
0.059999
0.059785
0.064014
0.057012
0.056685
0.061153
0.056752
0.058613
0.058046
0.058072
0.057471
0.062088
0.059599
0.059657
0.061209
0.059626
0.059927
0.061404
0.057732
0.05855
0.058043
0.05798
0.064444
0.059367
0.059991
0.058643
0.058626
0.060329
0.060365
0.061429
0.060049
0.0642
0.063949
0.059646
0.059896
0.058822
0.060352
0.058668
0.059373
0.059807
0.063168
0.060768
0.058159
0.057552
0.057408
0.056846
0.057562
0.059204
0.059018
0.058793
0.058359
0.059515
0.058221
0.05958
0.058715
0.058932
0.059834
0.06287
0.058182
0.05801
0.061984
0.059212
0.070211
0.06234
0.060943
0.061816
0.059696
0.058934
0.059991
0.063043
0.060273
0.058945
0.058325
0.059636
0.058772
0.062076
0.061294
0.059346
0.05966
0.058936
0.059706
0.0606
0.058664
0.062488
0.058652
0.060262
0.057767
0.058583
0.060554
0.057653
0.059204
0.065858
0.067005
0.062658
0.064689
0.062522
0.063488
0.067414
0.062283
0.061738
0.060081
0.061757
0.059549
0.058447
0.062526
0.063098
0.060125
0.057653
0.057251
0.057366
0.057353
0.058368
0.057148
0.060644
0.060211
0.059967
0.061544
0.059866
0.061158
0.060311
0.060132
0.061838
0.059837
0.062274
0.055765
0.056329
0.05782
0.058242
0.055752
0.0598
0.062342
0.063761
0.062581
0.058
0.063345
0.061657
0.058035
0.058064
0.058261
0.059276
0.059061
0.060125
0.060114
0.058976
0.057798
0.057676
0.061306
0.061447
0.058754
0.056869
0.057336
0.062623
0.056449
0.059149
0.059726
0.058895
0.054829
0.055138
0.05811
0.06284
0.057833
0.056909
0.055607
0.056677
0.057509
0.056856
0.057071
0.057188
0.063461
0.057804
0.058383
0.057884
0.058503
0.071712
0.075299
0.067381
0.07122
