0.064014
0.063708
0.064142
0.064455
0.059847
0.059221
0.061927
0.061811
0.057895
0.059573
0.061834
0.056392
0.063277
0.064386
0.061936
0.062914
0.063408
0.062903
0.061811
0.061716
0.060635
0.058414
0.060055
0.059651
0.060377
0.063414
0.06381
0.063805
0.062047
0.062337
0.062166
0.05888
0.0599
0.063576
0.064557
0.064021
0.056153
0.061546
0.060157
0.062137
0.060031
0.061544
0.06017
0.062055
0.062882
0.063314
0.060905
0.067095
0.060092
0.058749
0.059176
0.056754
0.059441
0.060004
0.061728
0.059631
0.059632
0.062872
0.060603
0.06297
0.06028
0.057581
0.061195
0.062724
0.057601
0.059798
0.057209
0.05697
0.056245
0.057045
0.056372
0.05787
0.060349
0.061906
0.066911
0.059226
0.059765
0.057789
0.061069
0.058779
0.060775
0.060337
0.060838
0.059217
0.060325
0.057726
0.058822
0.057845
0.060317
0.060961
0.059362
0.061641
0.059458
0.06115
0.061428
0.059226
0.063038
0.059299
0.061624
0.061211
0.060566
0.059165
0.060178
0.060465
0.062202
0.062282
0.062706
0.062
0.05941
0.061749
0.061278
0.061002
0.061386
0.058357
0.062438
0.060856
0.062661
0.060507
0.062831
0.063356
0.060777
0.063181
0.060784
0.06464
0.061969
0.063791
0.061362
0.059666
0.061088
0.061045
0.06647
0.065653
0.072716
0.073627
0.070448
0.064609
0.067046
0.064648
0.061285
0.058168
0.058454
0.058727
0.0611
0.063963
0.062013
0.062693
0.06279
0.062101
0.064565
0.06227
0.065401
0.062103
0.063351
0.063173
0.061589
0.063662
0.063972
0.064883
0.063982
0.063473
0.062103
0.061576
0.064757
0.064516
0.063476
0.063708
0.064851
0.060627
0.063647
0.06293
0.061982
0.066089
0.059505
0.063319
0.062269
0.063493
0.066978
0.065758
0.063664
0.066373
0.067934
0.06628
0.067912
0.065283
0.06926
0.059469
0.063753
0.067053
0.065302
0.060716
0.060184
0.061006
0.061761
0.060863
0.061338
0.061434
0.062621
0.061992
0.060828
0.058425
0.058393
0.058791
0.058238
0.063087
0.061831
0.062073
0.063136
0.060721
0.061941
0.059837
0.060462
0.057711
0.067018
0.063214
0.060178
0.061442
0.060678
0.06114
0.062267
0.061811
0.062617
0.060922
0.062383
0.060181
0.060427
0.058752
0.060794
0.0611
0.061705
0.05754
0.062723
0.061832
0.062565
0.061533
0.059004
0.060348
0.060218
0.062214
0.061838
0.062226
0.062267
0.061077
0.061691
0.060295
0.060751
0.059476
0.059287
0.063759
0.063976
0.065716
0.062689
0.06252
0.061354
0.061745
0.061002
0.062782
0.061174
0.06176
0.058589
0.061009
0.062449
0.064226
0.060905
0.058911
0.062609
0.061315
0.061823
0.061552
0.05906
0.062002
0.061471
0.062988
0.059311
0.061284
0.059666
0.061476
0.064644
0.062555
0.064358
0.060701
0.062573
0.059493
0.054882
0.057155
0.058618
0.060054
0.062996
0.061668
0.060063
0.064122
0.061799
0.056557
0.060357
0.057673
0.060181
0.059704
0.060681
0.060763
0.061817
0.059324
0.059181
0.061164
0.061997
0.062209
0.059648
0.062979
0.062331
0.061543
0.063554
0.06152
0.063011
0.062646
0.059593
0.061666
0.062844
0.063838
0.06162
0.064149
0.063025
0.062012
0.061863
0.0619
0.060349
0.061402
0.061979
0.063764
0.062211
0.063562
0.062588
0.062861
0.0637
0.062337
0.062254
0.061025
0.062579
0.062054
0.062468
0.061168
0.061336
0.060198
0.062475
0.060473
0.063591
0.062736
0.063941
0.061944
0.06106
0.06453
0.061057
0.063465
0.062065
0.06169
0.060975
0.062411
0.063305
0.062227
0.064603
0.062555
0.062719
0.06283
0.063066
0.063474
0.062426
0.061431
0.062498
0.062806
0.059513
0.061599
0.061269
0.061367
0.061719
0.059203
0.061495
0.063888
0.062046
0.060705
0.062907
0.064676
0.063312
0.063309
0.061765
0.062552
0.06233
0.06334
0.062303
0.063112
0.062593
0.060683
0.065948
0.059952
0.062201
0.063494
0.062635
0.061885
0.060819
0.062416
0.062109
0.060441
0.062317
0.062022
0.06236
0.061136
0.063876
0.060929
0.06103
0.060206
0.057634
0.062974
0.062255
0.064743
0.058707
0.061267
0.062804
0.063634
0.061088
0.058303
0.062054
0.063435
0.062366
0.061975
0.060494
0.061033
0.063765
0.063261
0.064818
0.063212
0.062769
0.061174
0.061789
0.061197
0.060237
0.061101
0.061498
0.06087
0.062543
0.061214
0.06124
0.063208
0.06224
0.062487
0.059041
0.063172
0.062451
0.062021
0.062255
0.062642
0.065837
0.064512
0.067879
0.06493
0.062745
0.062936
0.064437
0.064172
0.062907
0.063674
0.061577
0.063581
0.063361
0.062789
0.066933
0.061336
0.061434
0.061523
0.060891
0.063834
0.062608
0.061518
0.062947
0.062595
0.064271
0.06381
0.062641
0.062795
0.065635
0.063808
0.062397
0.063921
0.059793
0.060567
0.061929
0.064621
0.063641
0.062101
0.061164
0.060946
0.062371
0.061126
0.062737
0.063299
0.06147
0.062317
0.061383
0.063507
0.062064
0.061384
0.062531
0.061127
0.062715
0.062697
0.063362
0.064056
0.061948
0.063052
0.062188
0.063494
0.064105
0.058851
0.064434
0.061058
0.060781
0.06096
0.056969
0.059838
0.062596
0.06248
0.061534
0.057957
0.064358
0.064148
0.062398
0.063104
0.061622
0.062556
0.063594
0.063851
0.063553
0.062869
0.061129
0.059784
0.063293
0.061258
0.061135
0.063148
0.058141
0.060178
0.062518
0.062148
0.061047
0.061821
0.062524
0.06182
0.063316
0.059916
0.061731
0.060481
0.060224
0.062212
0.062157
0.06359
0.061359
0.060992
0.064435
0.061936
0.06233
0.061807
0.063373
0.062185
0.062215
0.065522
0.064316
0.062538
0.062333
0.061616
0.063759
0.062622
0.062299
0.063315
0.061692
0.063461
0.061616
0.062045
0.060211
0.062192
0.062375
0.062223
0.062073
0.062397
0.062935
0.062892
0.062163
0.063399
0.061343
0.05977
0.059889
0.059292
0.062482
0.061169
0.061259
0.061664
0.061782
0.065471
0.063119
0.062531
0.062609
0.06282
0.061331
0.060887
0.060864
0.062901
0.059611
0.061442
0.058969
0.059413
0.063736
0.060203
0.061403
0.062108
0.061734
0.061068
0.062189
0.061155
0.060827
0.060157
0.061941
0.061745
0.064006
0.063882
0.063534
0.062543
0.065728
0.063286
0.06333
0.062262
0.061708
0.063766
0.061352
0.061759
0.065072
0.062155
0.06144
0.060746
0.062316
0.060389
0.061292
0.063793
0.062167
0.061277
0.061293
0.062696
0.062804
0.063734
0.065439
0.063026
0.063758
0.061457
0.061759
0.06125
0.061118
0.059144
0.062593
0.064612
0.062089
0.063713
0.06189
0.06012
0.062973
0.0609
0.061923
0.060519
0.062551
0.062807
0.061657
0.061114
0.063604
0.061239
0.060138
0.062497
0.062027
0.063004
0.062017
0.06386
0.062682
0.060873
0.061821
0.06143
0.062582
0.06267
0.063347
0.061139
0.060062
0.061503
0.05931
0.062088
0.061999
0.061033
0.061924
0.061004
0.063369
0.062222
0.062986
0.061568
0.062349
0.062356
0.060645
0.059779
0.061315
0.062126
0.060341
0.059898
0.061651
0.060356
0.06124
0.061497
0.063238
0.06186
0.062722
0.063521
0.062348
0.061846
0.061976
0.061223
0.066965
0.061803
0.063129
0.061185
0.063989
0.063
0.060454
0.062882
0.061017
0.062001
0.062749
0.060782
0.061385
0.061175
0.059129
0.061702
0.061717
0.062064
0.060305
0.06312
0.058891
0.06094
0.061212
0.061391
0.061776
0.061999
0.062272
0.061872
0.062821
0.063546
0.061871
0.060546
0.060772
0.061647
0.060652
0.062461
0.062939
0.062325
0.062826
0.061484
0.061605
0.063135
0.059008
0.061375
0.062096
0.064562
0.060281
0.063585
0.061602
0.063969
0.062622
0.062921
0.061933
0.06034
0.061124
0.06025
0.061961
0.061499
0.062216
0.059129
0.059122
0.059527
0.059929
0.060328
0.061934
0.059411
0.061109
0.059459
0.061394
0.062672
0.060618
0.060133
0.0608
0.060596
0.062464
0.062327
0.06262
0.060465
0.065163
0.062022
0.062963
0.061553
0.063309
0.063716
0.061448
0.062158
0.061873
0.061101
0.062256
0.060449
0.069419
0.061802
0.061397
0.05922
0.059844
0.060841
0.061043
0.059238
0.058604
0.057178
0.056739
0.058927
0.059277
0.061368
0.062659
0.064922
0.062537
0.064046
0.062467
0.058468
0.063263
0.061186
0.064296
0.059857
0.060652
0.060536
0.061244
0.059215
0.061063
0.059693
0.061156
0.060884
0.063484
0.060709
0.059663
0.05996
0.059781
0.061925
0.060096
0.061882
0.059529
0.062204
0.0621
0.060699
0.061387
0.060205
0.062301
0.062846
0.06278
0.061205
0.062836
0.061039
0.0607
0.058758
0.058876
0.059429
0.058898
0.060919
0.061178
0.063742
0.060244
0.06033
0.061659
0.059805
0.059708
0.06169
0.061547
0.06284
0.061256
0.061578
0.062295
0.061711
0.062746
0.062558
0.062436
0.061679
0.062547
0.061281
0.062469
0.064741
0.060975
0.061619
0.074125
0.060398
0.062518
0.060016
0.064928
0.061939
0.060001
0.0617
0.061635
0.061068
0.05929
0.05923
0.060861
0.060257
0.064703
0.063196
0.062403
0.060691
0.062921
0.057721
0.058542
0.06044
0.058247
0.058963
0.061016
0.059907
0.058752
0.060526
0.062344
0.06239
0.064065
0.059839
0.064023
0.061769
0.06388
0.060591
0.063968
0.060797
0.0618
0.061699
0.06219
0.06081
0.062548
0.058678
0.06013
0.058547
0.060729
0.062341
0.060518
0.059849
0.059852
0.060157
0.058688
0.062217
0.062323
0.061544
0.062843
0.064795
0.060535
0.061489
0.068715
0.060822
0.06106
0.058226
0.058255
0.058604
0.056968
0.059744
0.060325
0.059743
0.059625
0.059387
0.061219
0.058113
0.059729
0.058964
0.058187
0.061089
0.060611
0.061288
0.060826
0.061591
0.060735
0.05977
0.06156
0.060174
0.060093
0.058827
0.060078
0.062095
0.059194
0.059738
0.062227
0.059366
0.063115
0.060889
0.062779
0.060909
0.061004
0.062966
0.060539
0.060856
0.061301
0.061694
0.05928
0.063482
0.06164
0.061928
0.060285
0.06098
0.059739
0.063254
0.063188
0.062609
0.064464
0.063343
