0.059426
0.061236
0.060028
0.060109
0.062355
0.061607
0.058372
0.061166
0.060454
0.058319
0.062365
0.062387
0.062051
0.060158
0.063293
0.065614
0.063689
0.063357
0.061984
0.062985
0.06374
0.063065
0.064138
0.063988
0.062657
0.062615
0.061504
0.062946
0.061283
0.05962
0.058258
0.061354
0.060578
0.059827
0.066257
0.064144
0.062198
0.055312
0.061208
0.058848
0.056607
0.058257
0.059319
0.058119
0.054205
0.059302
0.062059
0.058635
0.059337
0.060016
0.059924
0.060772
0.055604
0.05668
0.055849
0.059408
0.061848
0.058947
0.059824
0.055816
0.058386
0.060165
0.058288
0.062514
0.057168
0.056986
0.063886
0.056901
0.057796
0.057253
0.056942
0.057436
0.062228
0.061515
0.062583
0.060917
0.061489
0.061374
0.059901
0.062464
0.06166
0.062212
0.060638
0.062859
0.066175
0.062134
0.063517
0.063405
0.057646
0.059582
0.059136
0.057491
0.059495
0.058558
0.061122
0.060113
0.062554
0.059731
0.059905
0.060935
0.060504
0.060152
0.061344
0.060319
0.058251
0.056823
0.062275
0.060509
0.061176
0.059252
0.061983
0.061899
0.061877
0.059454
0.05779
0.058871
0.060177
0.061884
0.06169
0.061602
0.062042
0.063665
0.061903
0.055753
0.061742
0.063669
0.062628
0.065815
0.070075
0.064432
0.068947
0.069413
0.078971
0.07286
0.069879
0.064069
0.06615
0.062676
0.063424
0.060391
0.060906
0.063152
0.064454
0.061737
0.063894
0.059323
0.06387
0.062467
0.063529
0.063292
0.065536
0.063268
0.062476
0.05852
0.062356
0.063193
0.062391
0.065257
0.063021
0.062837
0.064071
0.064469
0.063752
0.063121
0.063215
0.064228
0.063955
0.06433
0.064256
0.065259
0.063672
0.063658
0.06266
0.06564
0.063022
0.062519
0.061661
0.059501
0.061122
0.060194
0.06289
0.064297
0.065196
0.063575
0.063572
0.065143
0.063931
0.063929
0.069604
0.062664
0.061773
0.060159
0.062308
0.062154
0.063124
0.062751
0.06033
0.062457
0.062009
0.058812
0.059651
0.060233
0.067202
0.058237
0.062932
0.063331
0.063279
0.061382
0.062501
0.063704
0.061958
0.063461
0.062308
0.065941
0.062087
0.063395
0.062487
0.06199
0.065089
0.061426
0.06136
0.060978
0.061761
0.062936
0.062222
0.063291
0.061517
0.06215
0.064276
0.061964
0.062853
0.062091
0.061303
0.061642
0.062572
0.062843
0.061954
0.062183
0.062406
0.058495
0.062558
0.063663
0.062185
0.060568
0.062052
0.062447
0.060771
0.0643
0.063075
0.061398
0.060188
0.06189
0.05872
0.062776
0.064845
0.06384
0.063408
0.063725
0.061485
0.063475
0.061282
0.061765
0.061109
0.06143
0.061903
0.060916
0.058834
0.061368
0.060337
0.062441
0.061587
0.062113
0.061069
0.060036
0.061649
0.062357
0.062095
0.061734
0.061405
0.061711
0.061178
0.059534
0.059558
0.058029
0.061285
0.060984
0.060327
0.062414
0.058736
0.06239
0.063652
0.062411
0.063476
0.063058
0.061112
0.062931
0.064262
0.062892
0.064063
0.064174
0.06361
0.06553
0.063975
0.063853
0.063459
0.063888
0.058726
0.062791
0.06371
0.062073
0.064162
0.061333
0.061401
0.062249
0.061816
0.059218
0.061279
0.060752
0.061964
0.060974
0.058722
0.058745
0.059987
0.059609
0.05896
0.064185
0.060866
0.062414
0.061953
0.06329
0.063849
0.058624
0.060883
0.061707
0.062136
0.061493
0.062148
0.063286
0.061153
0.063047
0.05987
0.061003
0.061865
0.063255
0.063159
0.062014
0.061625
0.061802
0.06272
0.063005
0.060944
0.060326
0.0609
0.061629
0.059249
0.061607
0.061631
0.060724
0.061732
0.063597
0.061742
0.06287
0.062188
0.062611
0.062165
0.060844
0.062426
0.061886
0.061125
0.061907
0.058763
0.064088
0.062084
0.062211
0.060382
0.062559
0.060767
0.060568
0.061269
0.061053
0.0667
0.057781
0.060551
0.060961
0.059518
0.06076
0.060159
0.059736
0.063464
0.061335
0.061844
0.062075
0.061634
0.062448
0.061856
0.060617
0.060517
0.061614
0.062209
0.056713
0.061438
0.060948
0.060807
0.060949
0.060586
0.064172
0.061599
0.060345
0.061887
0.062064
0.062976
0.063019
0.062294
0.061262
0.060892
0.061227
0.061844
0.060745
0.061919
0.062028
0.06306
0.062891
0.063478
0.060875
0.061885
0.062052
0.062491
0.061434
0.060341
0.061234
0.0572
0.062087
0.065692
0.06383
0.062191
0.061144
0.063883
0.061526
0.062105
0.058273
0.062014
0.060346
0.061079
0.061662
0.062772
0.061262
0.060935
0.082533
0.062643
0.065651
0.062466
0.062951
0.061835
0.061757
0.056885
0.061117
0.062467
0.061655
0.062885
0.061856
0.061596
0.062797
0.062794
0.062609
0.062079
0.063597
0.062343
0.062055
0.062842
0.064373
0.066667
0.061955
0.063182
0.061347
0.061793
0.06378
0.061704
0.061332
0.06325
0.061266
0.062501
0.061911
0.060883
0.060916
0.061845
0.061758
0.06154
0.062253
0.059033
0.061494
0.062486
0.06222
0.062395
0.060421
0.065749
0.062932
0.063469
0.063759
0.064307
0.062681
0.061447
0.063124
0.061907
0.06272
0.066779
0.061139
0.060578
0.061424
0.062252
0.063605
0.062207
0.064634
0.061689
0.062634
0.062327
0.063474
0.063431
0.062188
0.061663
0.063393
0.065055
0.062677
0.061771
0.0625
0.060322
0.059671
0.059689
0.055539
0.06419
0.061626
0.062579
0.062392
0.058113
0.063603
0.062473
0.061037
0.062446
0.06178
0.062737
0.063546
0.062284
0.061399
0.061544
0.061974
0.057437
0.062271
0.060867
0.061483
0.06431
0.061606
0.062636
0.061595
0.062562
0.061215
0.062078
0.061869
0.062204
0.06396
0.061105
0.059711
0.060862
0.060225
0.065392
0.062661
0.062785
0.058412
0.060638
0.062099
0.062685
0.063423
0.061561
0.058796
0.062193
0.063112
0.064509
0.06305
0.058193
0.062334
0.062635
0.061679
0.061082
0.060669
0.060962
0.062571
0.06176
0.063005
0.063097
0.060986
0.060826
0.056403
0.059099
0.060828
0.064568
0.063772
0.066005
0.064063
0.064533
0.061354
0.062315
0.063266
0.062855
0.061715
0.060206
0.061245
0.061518
0.059718
0.064156
0.06334
0.061216
0.06248
0.063183
0.06141
0.065784
0.059446
0.061508
0.061413
0.062422
0.060595
0.061892
0.060117
0.058123
0.058292
0.063241
0.063138
0.063006
0.062784
0.063103
0.062483
0.061901
0.063107
0.058983
0.060654
0.061125
0.061132
0.060589
0.062066
0.059742
0.058944
0.056221
0.059072
0.061
0.059377
0.063217
0.059637
0.059514
0.063399
0.057956
0.064715
0.062031
0.063322
0.060122
0.059011
0.059972
0.058506
0.060184
0.062783
0.062446
0.063083
0.059232
0.059821
0.060757
0.060936
0.060798
0.06064
0.06246
0.063603
0.063215
0.062634
0.064736
0.057654
0.061366
0.060913
0.061143
0.061299
0.061836
0.061527
0.063017
0.064555
0.063082
0.061935
0.062713
0.062821
0.061006
0.062754
0.061299
0.062355
0.062612
0.062102
0.0623
0.062951
0.064084
0.062201
0.061909
0.062847
0.06357
0.063107
0.063017
0.062617
0.062172
0.060289
0.063317
0.062508
0.06129
0.06009
0.060511
0.060033
0.060131
0.059742
0.062012
0.062443
0.063605
0.062266
0.062477
0.061835
0.060911
0.062995
0.063948
0.063091
0.061835
0.061415
0.062728
0.062538
0.066215
0.061824
0.06193
0.064085
0.06332
0.062617
0.061075
0.062448
0.062129
0.061997
0.062139
0.060973
0.062676
0.060488
0.060311
0.06245
0.062076
0.063585
0.062247
0.06147
0.060034
0.061659
0.064947
0.061627
0.064772
0.062242
0.062168
0.062516
0.061327
0.063065
0.060947
0.063955
0.060883
0.061709
0.063362
0.062965
0.063663
0.061943
0.063071
0.062608
0.06197
0.062061
0.062345
0.062914
0.063956
0.061948
0.062348
0.062202
0.06201
0.061301
0.059803
0.061428
0.060322
0.059837
0.058085
0.058076
0.061379
0.0587
0.059052
0.061737
0.062757
0.062563
0.062199
0.061634
0.063625
0.06158
0.066312
0.062109
0.062947
0.060836
0.059523
0.059922
0.060083
0.05981
0.061639
0.062527
0.060922
0.061257
0.063472
0.063593
0.062531
0.061635
0.062407
0.061296
0.059278
0.060266
0.05904
0.061652
0.065136
0.062453
0.06196
0.06338
0.062843
0.060339
0.061639
0.062007
0.056282
0.061675
0.06081
0.060925
0.059042
0.060399
0.060922
0.062337
0.061818
0.06161
0.063297
0.064427
0.060758
0.060326
0.060033
0.061496
0.062486
0.063126
0.059179
0.06266
0.061494
0.06019
0.061958
0.058922
0.063652
0.06083
0.063146
0.062296
0.059142
0.062858
0.061546
0.063033
0.061299
0.057
0.061837
0.06176
0.062484
0.062381
0.063089
0.061597
0.062381
0.058998
0.062668
0.061798
0.061688
0.061825
0.061363
0.060826
0.060024
0.06051
0.058203
0.062038
0.0601
0.058797
0.059494
0.061474
0.061667
0.061027
0.059497
0.059189
0.06069
0.056691
0.060348
0.061124
0.061291
0.062254
0.065771
0.059362
0.061051
0.060568
0.058702
0.060738
0.056168
0.061145
0.059188
0.061623
0.059066
0.058978
0.059298
0.058758
0.060986
0.061779
0.061196
0.061762
0.062179
0.062242
0.062182
0.061719
0.062759
0.058873
0.062352
0.061284
0.05942
0.060522
0.062222
0.061878
0.060084
0.061691
0.059022
0.062764
0.058285
0.063455
0.062223
0.059161
0.062697
0.061763
0.06209
0.062746
0.059732
0.061372
0.060393
0.060809
0.060925
0.062072
0.060655
0.055532
0.059748
0.059291
0.058698
0.060784
0.060758
0.060588
0.060864
0.061212
0.062485
0.061768
0.061812
0.064389
0.061473
0.061611
0.061179
0.060304
0.060499
0.061405
0.060936
0.062196
0.06182
0.061478
0.062538
0.057789
0.057536
0.058508
0.05636
0.055846
0.061451
0.059011
0.05895
0.058003
0.061466
0.061021
0.062216
0.06144
0.060228
0.062916
0.059839
0.061052
0.060096
0.061917
0.066034
0.058557
0.05796
0.057354
0.057248
0.062444
0.063031
0.063228
0.063555
0.062356
0.060871
0.056438
0.059393
0.056866
0.058265
0.061243
0.060338
0.06127
0.061445
0.060451
0.065797
0.069771
0.070514
0.063755
