0.07003
0.072261
0.072385
0.071416
0.069465
0.069043
0.07501
0.076508
0.070132
0.070809
0.070823
0.072553
0.07224
0.072287
0.071452
0.074826
0.073917
0.074005
0.078004
0.077049
0.072015
0.078325
0.078477
0.083881
0.079044
0.078258
0.080436
0.085879
0.085125
0.074728
0.071963
0.075401
0.079128
0.071327
0.072977
0.069633
0.073942
0.070959
0.073883
0.075379
0.075638
0.078676
0.073873
0.072455
0.075175
0.07156
0.072099
0.073388
0.073816
0.075564
0.075542
0.072836
0.083097
0.072174
0.075794
0.077379
0.081597
0.082791
0.076868
0.080186
0.084961
0.074482
0.072044
0.078282
0.078848
0.080585
0.072773
0.072389
0.076309
0.077278
0.075486
0.075164
0.072982
0.080274
0.072854
0.078784
0.074832
0.085458
0.075285
0.076329
0.075368
0.070342
0.082064
0.081769
0.077851
0.078265
0.079008
0.091583
0.074373
0.075445
0.075062
0.071704
0.072934
0.071388
0.069398
0.075086
0.074988
0.074171
0.075183
0.071698
0.073025
0.072888
0.073102
0.074072
0.071287
0.073932
0.072631
0.073703
0.073367
0.072182
0.072466
0.070771
0.074641
0.073573
0.073272
0.07383
0.07698
0.075411
0.07583
0.074481
0.076102
0.075003
0.073365
0.071168
0.0688
0.072786
0.072075
0.076015
0.074013
0.072091
0.072574
0.072635
0.07002
0.072379
0.072682
0.07299
0.072503
0.072292
0.07466
0.077576
0.069047
0.069361
0.073162
0.074889
0.072656
0.074593
0.073785
0.072957
0.073263
0.072278
0.073764
0.075219
0.074536
0.070956
0.075639
0.075482
0.078005
0.078425
0.074223
0.07617
0.074807
0.074426
0.070789
0.07171
0.071072
0.073963
0.07348
0.07331
0.07429
0.074424
0.074768
0.076691
0.074514
0.074468
0.073803
0.069752
0.07126
0.07506
0.071881
0.072618
0.072455
0.06991
0.07201
0.081904
0.077912
0.07883
0.077877
0.076588
0.077183
0.081909
0.073008
0.072262
0.076831
0.073379
0.077292
0.077349
0.077781
0.077436
0.075232
0.07509
0.075234
0.073655
0.074187
0.074152
0.073778
0.074187
0.074858
0.06977
0.074665
0.073655
0.074758
0.075078
0.075994
0.077359
0.073857
0.073595
0.072138
0.072567
0.073955
0.075341
0.074742
0.074967
0.074179
0.073826
0.073661
0.074457
0.075198
0.073347
0.070911
0.071947
0.07538
0.071898
0.077464
0.077042
0.078301
0.077024
0.082682
0.076559
0.074377
0.074027
0.075227
0.073784
0.074122
0.072318
0.075774
0.074074
0.073842
0.082381
0.078183
0.071419
0.075139
0.074752
0.075049
0.075081
0.073988
0.075669
0.078375
0.070997
0.074512
0.072372
0.074524
0.07502
0.073856
0.073862
0.07303
0.073608
0.074537
0.072771
0.073251
0.074657
0.073633
0.073028
0.075898
0.073105
0.070597
0.070773
0.072555
0.073399
0.076247
0.073064
0.075111
0.076739
0.070679
0.073304
0.073939
0.075629
0.074706
0.073344
0.073037
0.072496
0.071652
0.072359
0.073568
0.073609
0.075189
0.070758
0.071397
0.073473
0.072884
0.07321
0.072032
0.071537
0.076904
0.070513
0.070317
0.074464
0.074734
0.070931
0.071306
0.071339
0.071555
0.0742
0.073266
0.073974
0.072464
0.071569
0.074127
0.072025
0.073498
0.074243
0.069986
0.074086
0.071602
0.074025
0.0737
0.074758
0.076768
0.073169
0.071817
0.073486
0.07171
0.072236
0.076645
0.072797
0.074545
0.074835
0.072841
0.073174
0.074342
0.076778
0.073929
0.073952
0.07416
0.072514
0.07325
0.068514
0.072088
0.071688
0.076668
0.072781
0.073574
0.072608
0.071746
0.073288
0.073461
0.073642
0.076002
0.076302
0.074438
0.074203
0.072059
0.075227
0.07356
0.070878
0.07154
0.076299
0.071912
0.075539
0.076679
0.076155
0.075557
0.074528
0.074702
0.073498
0.074255
0.075085
0.073336
0.072448
0.074015
0.073225
0.075213
0.073818
0.071765
0.077323
0.071988
0.073892
0.074533
0.07622
0.075074
0.075711
0.07352
0.073028
0.074092
0.075412
0.075907
0.075338
0.073381
0.074034
0.075341
0.075784
0.075639
0.072958
0.072242
0.070756
0.073317
0.073997
0.077619
0.073861
0.075492
0.07437
0.075607
0.073172
0.072545
0.0729
0.072488
0.073149
0.074688
0.075675
0.07565
0.075778
0.074453
0.077118
0.074512
0.076269
0.074079
0.074633
0.075703
0.076232
0.072026
0.076369
0.073067
0.07316
0.072889
0.074816
0.072859
0.074192
0.073874
0.072693
0.07455
0.073994
0.073922
0.073156
0.075664
0.074457
0.075442
0.07318
0.074291
0.07395
0.071436
0.072767
0.073098
0.071659
0.075927
0.075478
0.075579
0.072623
0.069582
0.073285
0.074003
0.072954
0.074024
0.075997
0.074005
0.073403
0.077106
0.075644
0.07796
0.085813
0.07472
0.072408
0.076008
0.073197
0.074638
0.07536
0.075282
0.069942
0.074889
0.075733
0.073391
0.074555
0.075309
0.076077
0.075747
0.07221
0.071152
0.072497
0.072413
0.069977
0.072357
0.075497
0.07431
0.074616
0.072321
0.074341
0.073921
0.074939
0.075065
0.074388
0.071111
0.072686
0.069723
0.073913
0.074118
0.073287
0.071573
0.072696
0.075828
0.070529
0.074275
0.074977
0.073849
0.073748
0.073909
0.074031
0.074866
0.07496
0.075224
0.074777
0.07944
0.075177
0.076649
0.075269
0.07571
0.074258
0.073607
0.073143
0.074325
0.074643
0.073512
0.071943
0.073346
0.07196
0.073962
0.073998
0.075252
0.074995
0.074855
0.073629
0.073214
0.070644
0.070813
0.071837
0.071785
0.072897
0.07457
0.0743
0.073679
0.072258
0.073134
0.073681
0.070821
0.074343
0.076224
0.072983
0.074396
0.073989
0.072305
0.072499
0.073866
0.072793
0.07073
0.07278
0.069724
0.071345
0.074618
0.074613
0.074897
0.070014
0.077051
0.072914
0.073225
0.072471
0.072832
0.073587
0.074728
0.071337
0.073576
0.070903
0.072693
0.073481
0.072257
0.074597
0.073365
0.075546
0.073895
0.071766
0.068313
0.06863
0.068505
0.071677
0.073509
0.074171
0.074809
0.076785
0.072873
0.074182
0.074405
0.074087
0.073775
0.07518
0.07293
0.072463
0.073991
0.074397
0.074241
0.072593
0.070151
0.073426
0.071289
0.069059
0.069927
0.068959
0.074295
0.072437
0.075868
0.073521
0.073495
0.075138
0.07735
0.074539
0.075104
0.075321
0.073505
0.071331
0.071503
0.072919
0.070025
0.074865
0.073775
0.076976
0.072721
0.072964
0.072177
0.073764
0.073697
0.075949
0.07417
0.071862
0.075252
0.074701
0.074908
0.075291
0.072717
0.072086
0.070373
0.072073
0.071864
0.069103
0.074029
0.069273
0.074808
0.06913
0.07316
0.07451
0.07328
0.075838
0.074948
0.074513
0.074171
0.07306
0.073492
0.07252
0.075992
0.073658
0.074388
0.075434
0.074632
0.074785
0.069894
0.073353
0.071148
0.071961
0.073126
0.074856
0.070864
0.076219
0.07294
0.0731
0.072625
0.071305
0.071445
0.073641
0.072462
0.072327
0.071019
0.07329
0.072249
0.073439
0.071348
0.074073
0.075999
0.073149
0.072226
0.074071
0.072743
0.073408
0.071556
0.073958
0.072968
0.071608
0.07541
0.073203
0.074352
0.072879
0.075799
0.076758
0.06901
0.071986
0.072618
0.072774
0.073961
0.074461
0.074229
0.075356
0.073011
0.074823
0.072104
0.073542
0.074446
0.077286
0.07689
0.073718
0.073854
0.070113
0.075006
0.073855
0.070992
0.073078
0.07481
0.075486
0.075185
0.079317
0.076273
0.07729
0.075374
0.075265
0.074018
0.07455
0.074403
0.07629
0.074067
0.074859
0.073812
0.072671
0.071528
0.072279
0.069587
0.072505
0.07555
0.074403
0.074089
0.073643
0.074176
0.077829
0.075273
0.074832
0.076567
0.074968
0.07418
0.076542
0.075316
0.071666
0.073066
0.069835
0.074256
0.074655
0.073199
0.077656
0.072177
0.100085
0.06901
0.077318
0.068934
0.070174
0.070159
0.068836
0.071811
0.076436
0.072278
0.074625
0.074464
0.072412
0.073548
0.07215
0.071469
0.070743
0.066945
0.071497
0.068838
0.069082
0.069581
0.070698
0.070118
0.069455
0.075771
0.074892
0.074836
0.073723
0.072271
0.071628
0.073541
0.072787
0.074367
0.074282
0.076534
0.074388
0.076755
0.073397
0.074318
0.076774
0.077485
0.07065
0.073123
0.071883
0.07295
0.075099
0.07586
0.073366
0.074494
0.072865
0.075286
0.072946
0.0749
0.075623
0.071739
0.070763
0.073831
0.070404
0.070925
0.070876
0.070658
0.069959
0.072226
0.0735
0.075656
0.075202
0.072088
0.070856
0.071981
0.074388
0.074024
0.072216
0.074153
0.07306
0.073277
0.069309
0.071305
0.070989
0.0734
0.074375
0.073837
0.073711
0.072014
0.06939
0.068865
0.069786
0.069912
0.073204
0.069196
0.073691
0.074305
0.072881
0.074902
0.071404
0.072148
0.072998
0.071977
0.073446
0.073042
0.072297
0.071047
0.065977
0.071042
0.070734
0.072048
0.070994
0.072335
0.073904
0.076327
0.071695
0.074372
0.071301
0.074974
0.071839
0.074103
0.073482
0.073356
0.071668
0.072529
0.071874
0.072891
0.070221
0.069479
0.069958
0.073308
0.070323
0.07193
0.071303
0.072355
0.074335
0.074811
0.073612
0.073891
0.070691
0.075467
0.068914
0.068968
0.069135
0.073211
0.073798
0.073539
0.072598
0.071761
0.071733
0.071589
0.070463
0.073679
0.07723
0.07474
0.072438
0.075677
0.073375
0.06919
0.074838
0.071227
0.074741
0.074021
0.073845
0.071683
0.071465
0.072039
0.071927
0.069651
0.072403
0.073021
0.072399
0.073374
0.072758
0.067277
0.066047
0.069979
0.069737
0.069614
0.068961
0.068601
0.068902
0.073807
0.077137
0.075398
0.073515
0.071862
0.072219
0.072847
0.073736
0.077007
0.074529
0.073267
0.074153
0.073039
0.070266
0.070253
0.071755
0.071086
0.070872
0.07144
0.069441
0.070007
0.071584
0.069746
0.072416
0.07262
0.070482
0.070932
0.066079
0.069524
0.069527
0.069613
0.070271
0.070468
0.070205
0.068882
0.069181
0.067544
0.065955
0.074069
0.072594
0.072827
0.073894
0.072752
0.079528
0.072628
0.07876
0.074435
0.07346
0.06877
0.075787
0.076833
0.07426
0.073396
0.074408
