0.078805
0.076492
0.078643
0.073913
0.074627
0.071257
0.071775
0.076642
0.070773
0.074615
0.083111
0.077922
0.076307
0.080769
0.07526
0.081155
0.079108
0.079344
0.072768
0.076434
0.074705
0.071965
0.070729
0.074592
0.08114
0.080033
0.084018
0.080824
0.082814
0.081215
0.077865
0.073562
0.075222
0.078694
0.076441
0.073503
0.078259
0.074371
0.076119
0.074838
0.072107
0.078075
0.074751
0.082832
0.078813
0.072785
0.072101
0.074573
0.077054
0.073869
0.075775
0.075491
0.081953
0.07779
0.074709
0.074573
0.08145
0.07026
0.082665
0.077978
0.08629
0.079533
0.076221
0.075462
0.073342
0.074073
0.076571
0.075112
0.077733
0.081614
0.07679
0.072697
0.075753
0.094298
0.085262
0.077349
0.072598
0.071937
0.107675
0.074845
0.078761
0.079532
0.075536
0.079366
0.077605
0.077057
0.073322
0.079815
0.077662
0.07397
0.074426
0.074498
0.071583
0.077786
0.075838
0.073114
0.072331
0.070764
0.0656
0.074339
0.071716
0.066627
0.073847
0.066553
0.069227
0.073601
0.073939
0.074906
0.0731
0.074203
0.072272
0.070935
0.074189
0.073858
0.074746
0.073142
0.07139
0.073696
0.074681
0.073428
0.071815
0.07463
0.075126
0.075955
0.074786
0.074517
0.074592
0.076962
0.073144
0.074253
0.073997
0.074585
0.074526
0.074923
0.071361
0.071147
0.072847
0.070475
0.073261
0.073344
0.072703
0.070696
0.077541
0.072599
0.07294
0.073385
0.073334
0.07365
0.074144
0.073457
0.07472
0.076303
0.076984
0.07893
0.070039
0.071645
0.072828
0.076004
0.076811
0.078242
0.076569
0.076863
0.07633
0.073866
0.073409
0.073668
0.074903
0.080643
0.07795
0.077591
0.077462
0.076471
0.078165
0.077513
0.082513
0.070462
0.07148
0.07183
0.074369
0.069847
0.073565
0.070851
0.072747
0.078894
0.090534
0.075173
0.076998
0.082092
0.077653
0.089054
0.076053
0.075278
0.075503
0.074005
0.07595
0.073828
0.073407
0.074451
0.077282
0.072768
0.081447
0.073304
0.070796
0.068931
0.069319
0.07666
0.07312
0.073018
0.073846
0.074764
0.074954
0.0712
0.073074
0.07429
0.072099
0.071632
0.07553
0.074558
0.06832
0.073398
0.074019
0.074532
0.076118
0.074782
0.070404
0.072172
0.073921
0.07233
0.07492
0.074234
0.075255
0.073905
0.076151
0.073347
0.074517
0.076532
0.079494
0.077992
0.077593
0.077545
0.077715
0.074997
0.075328
0.075107
0.072734
0.074098
0.07346
0.082583
0.08095
0.074336
0.074095
0.072682
0.075844
0.076339
0.077124
0.076061
0.075107
0.069642
0.073279
0.073134
0.074904
0.076154
0.074105
0.075401
0.068781
0.072587
0.072642
0.073216
0.073715
0.074562
0.072864
0.072088
0.073853
0.075533
0.075481
0.075915
0.07539
0.07128
0.070891
0.071243
0.075088
0.073242
0.074702
0.074183
0.074129
0.076653
0.076125
0.075529
0.075443
0.074854
0.075468
0.075647
0.071956
0.074914
0.076178
0.068231
0.073737
0.074541
0.073234
0.072422
0.074621
0.07368
0.073794
0.073913
0.072923
0.073276
0.074678
0.074466
0.073655
0.072981
0.071446
0.073432
0.06873
0.073295
0.072466
0.074137
0.073234
0.073489
0.075248
0.075543
0.071716
0.073543
0.073791
0.072337
0.075352
0.075177
0.074556
0.074952
0.073544
0.07519
0.07327
0.074465
0.074483
0.070436
0.073701
0.074621
0.076584
0.072747
0.074785
0.075272
0.074535
0.073521
0.074665
0.076418
0.073223
0.072771
0.073278
0.074364
0.073857
0.071469
0.074228
0.073212
0.074805
0.073674
0.075959
0.074459
0.072234
0.074009
0.074747
0.073332
0.076089
0.073383
0.070702
0.072636
0.068231
0.074739
0.073517
0.07339
0.077364
0.075574
0.073088
0.07307
0.072191
0.074383
0.072379
0.070933
0.067123
0.07637
0.076305
0.078243
0.074598
0.074839
0.075507
0.071826
0.075862
0.075655
0.075509
0.074093
0.072941
0.075081
0.074166
0.074205
0.072704
0.07339
0.075674
0.074595
0.074689
0.075134
0.075497
0.074842
0.075338
0.075705
0.075729
0.074155
0.06775
0.07153
0.072723
0.072399
0.071906
0.074713
0.071807
0.074182
0.074402
0.074926
0.072569
0.077853
0.075876
0.076753
0.076077
0.077085
0.073982
0.075886
0.076225
0.078295
0.077933
0.078235
0.079856
0.075542
0.075344
0.071059
0.075764
0.073681
0.07309
0.072526
0.073893
0.072245
0.072778
0.074057
0.075195
0.073122
0.073564
0.074721
0.075295
0.07543
0.073897
0.076606
0.076675
0.072782
0.07226
0.074084
0.068583
0.076324
0.075496
0.075045
0.075748
0.074816
0.077076
0.076878
0.072457
0.07575
0.074715
0.076042
0.076354
0.076278
0.075495
0.07512
0.075001
0.074993
0.073261
0.073002
0.073424
0.072442
0.0734
0.073266
0.073602
0.068688
0.069235
0.076667
0.074695
0.074596
0.075244
0.075083
0.075825
0.07571
0.075617
0.074546
0.07389
0.074071
0.075785
0.073722
0.072713
0.075098
0.075175
0.07434
0.074094
0.073753
0.080655
0.074977
0.074368
0.075049
0.074671
0.074682
0.072883
0.073785
0.073548
0.072605
0.076371
0.075518
0.06898
0.074988
0.075801
0.07581
0.075071
0.073918
0.073861
0.073769
0.07232
0.070617
0.074887
0.07423
0.075419
0.070895
0.074814
0.074138
0.074932
0.073766
0.074749
0.071849
0.073025
0.071702
0.07456
0.075379
0.072481
0.074337
0.073521
0.075111
0.075477
0.075939
0.074987
0.075238
0.074839
0.075658
0.075921
0.078052
0.075589
0.073028
0.072899
0.07451
0.075916
0.075125
0.072848
0.074882
0.075137
0.07467
0.075342
0.075234
0.075543
0.074173
0.073731
0.073891
0.075143
0.074379
0.074852
0.070809
0.071179
0.070174
0.072272
0.069906
0.071248
0.071284
0.071668
0.070104
0.07104
0.075164
0.074207
0.075133
0.073911
0.075326
0.074974
0.075302
0.075605
0.07476
0.074039
0.074698
0.072415
0.072322
0.074521
0.073661
0.073789
0.073076
0.076659
0.072662
0.074126
0.074652
0.068966
0.0737
0.074923
0.07288
0.072448
0.07428
0.074865
0.072519
0.06961
0.073871
0.073993
0.074205
0.075088
0.073733
0.074697
0.075332
0.073797
0.073829
0.074371
0.074587
0.074061
0.075208
0.073474
0.074911
0.072676
0.07397
0.072872
0.071373
0.06963
0.072601
0.073182
0.075825
0.07281
0.07325
0.072801
0.073588
0.074361
0.075192
0.08156
0.073602
0.072169
0.07389
0.073098
0.074236
0.074434
0.069754
0.074987
0.074263
0.069756
0.073633
0.071743
0.069877
0.073936
0.072582
0.076158
0.074812
0.076455
0.076271
0.072629
0.075186
0.073544
0.077667
0.069691
0.071172
0.072263
0.072568
0.071171
0.075489
0.074967
0.074814
0.074267
0.074225
0.074427
0.074313
0.07543
0.070899
0.073956
0.07301
0.072371
0.069635
0.074349
0.075229
0.074647
0.076921
0.076105
0.075521
0.074954
0.073879
0.075958
0.077308
0.074697
0.074197
0.077725
0.075196
0.071931
0.075157
0.073163
0.074857
0.075222
0.074944
0.074496
0.074629
0.073729
0.072593
0.072809
0.072695
0.071185
0.07357
0.07099
0.072847
0.073324
0.072732
0.072931
0.074013
0.073105
0.074946
0.074764
0.075442
0.073644
0.074075
0.073399
0.072955
0.073265
0.072312
0.072682
0.071862
0.073681
0.075337
0.071081
0.073949
0.073833
0.074617
0.073355
0.07348
0.071986
0.074291
0.072306
0.0728
0.072869
0.072527
0.074407
0.071995
0.069553
0.073565
0.074302
0.074328
0.07216
0.073615
0.074033
0.073277
0.071744
0.074386
0.081476
0.072663
0.072449
0.074598
0.07529
0.074608
0.074859
0.074227
0.073601
0.074487
0.075579
0.069118
0.068727
0.073464
0.073607
0.071963
0.071635
0.07289
0.069313
0.073927
0.073477
0.074335
0.072643
0.078755
0.080609
0.079109
0.07849
0.07309
0.071342
0.073839
0.071099
0.074162
0.072348
0.074726
0.073961
0.074218
0.073462
0.076401
0.076307
0.075331
0.072968
0.073207
0.073323
0.072412
0.07078
0.073171
0.072202
0.073444
0.074292
0.069046
0.07399
0.07364
0.07401
0.074088
0.073258
0.071851
0.070145
0.074846
0.07536
0.075701
0.074504
0.083844
0.075237
0.076263
0.082791
0.073271
0.074941
0.075069
0.074561
0.07398
0.073047
0.074947
0.074629
0.076388
0.072438
0.074398
0.073373
0.072017
0.072045
0.071908
0.070855
0.071256
0.075896
0.076531
0.074505
0.074686
0.078407
0.074486
0.074907
0.075416
0.075279
0.073868
0.072277
0.07371
0.072618
0.072396
0.072712
0.072477
0.072552
0.073984
0.074445
0.075226
0.074364
0.073928
0.075493
0.072937
0.074573
0.070174
0.067223
0.072998
0.073161
0.072997
0.07126
0.068026
0.073617
0.070355
0.069847
0.071062
0.069194
0.069061
0.073382
0.072978
0.073186
0.07327
0.074154
0.073408
0.072582
0.07371
0.073089
0.070376
0.071143
0.072137
0.072074
0.07488
0.072925
0.073126
0.074004
0.073062
0.068089
0.074831
0.072719
0.075637
0.073161
0.073194
0.07329
0.070352
0.075957
0.071536
0.073277
0.077936
0.075232
0.0762
0.074343
0.07351
0.072066
0.073139
0.072602
0.073288
0.073701
0.072032
0.074329
0.072983
0.077763
0.076848
0.077014
0.075737
0.073175
0.075697
0.074769
0.07276
0.072532
0.072786
0.070894
0.072601
0.076096
0.069911
0.068517
0.069701
0.068514
0.07382
0.073087
0.072925
0.073039
0.073339
0.074432
0.074973
0.073019
0.071946
0.071989
0.068298
0.069928
0.070915
0.070641
0.070549
0.071312
0.06719
0.07434
0.073979
0.077076
0.074337
0.07351
0.072237
0.073374
0.073689
0.071523
0.073087
0.066981
0.073337
0.072685
0.072206
0.070874
0.071871
0.074462
0.072677
0.072145
0.073533
0.073309
0.072677
0.070636
0.07144
0.073258
0.069524
0.068053
0.070016
0.069487
0.073306
0.081695
0.070917
0.071312
0.072553
0.072793
0.071299
0.071059
0.070948
0.074094
0.072472
0.071347
0.07345
0.067769
0.073503
0.071178
0.073088
0.073092
0.071783
0.074136
0.083644
0.072059
0.073223
0.071735
0.070927
0.070696
0.069079
0.07126
0.068566
