0.071621
0.065779
0.071149
0.073177
0.068126
0.070485
0.070364
0.077716
0.076242
0.072031
0.076026
0.08142
0.070896
0.079727
0.071642
0.073972
0.073505
0.074532
0.074021
0.07467
0.078203
0.072463
0.075172
0.08264
0.085042
0.076885
0.078754
0.079953
0.082761
0.083844
0.074333
0.068869
0.070309
0.070678
0.074331
0.069836
0.071653
0.072944
0.073412
0.068679
0.071175
0.075354
0.074423
0.078572
0.077358
0.07796
0.070193
0.073881
0.072727
0.074522
0.071084
0.070429
0.070562
0.085538
0.071072
0.070391
0.079757
0.080326
0.083711
0.07292
0.082819
0.082499
0.076269
0.073805
0.079309
0.081426
0.078262
0.075838
0.076343
0.079469
0.076783
0.078256
0.078406
0.095204
0.090616
0.074168
0.078007
0.070988
0.078203
0.074224
0.08302
0.08409
0.071989
0.084834
0.078992
0.074469
0.073647
0.072753
0.073356
0.070774
0.069507
0.071189
0.072589
0.071661
0.070759
0.072534
0.068957
0.068662
0.068902
0.069073
0.070775
0.068112
0.072432
0.073379
0.070429
0.07344
0.070318
0.072943
0.076661
0.072017
0.072517
0.069692
0.07195
0.073362
0.071668
0.072056
0.070784
0.067771
0.067541
0.067736
0.068341
0.070588
0.065877
0.065694
0.069685
0.070634
0.069789
0.075233
0.073698
0.069287
0.069626
0.069301
0.068807
0.069527
0.068263
0.06829
0.067447
0.066901
0.068844
0.069639
0.071664
0.067421
0.070475
0.075836
0.070009
0.070537
0.07271
0.071299
0.070324
0.069841
0.070096
0.069961
0.071346
0.071733
0.070987
0.07093
0.074792
0.072886
0.071932
0.076724
0.070465
0.069571
0.070227
0.073424
0.072383
0.073126
0.072762
0.071577
0.07411
0.071782
0.071842
0.071792
0.069876
0.070232
0.070259
0.072484
0.073326
0.072951
0.071993
0.073293
0.072331
0.070938
0.071422
0.07118
0.093266
0.077446
0.077304
0.079394
0.072938
0.071831
0.07451
0.06976
0.070729
0.070032
0.071821
0.071645
0.071955
0.071484
0.072486
0.066277
0.066635
0.068162
0.066799
0.071095
0.071459
0.072079
0.071164
0.071648
0.067388
0.06816
0.068153
0.068308
0.072427
0.073147
0.072306
0.071844
0.082302
0.071983
0.070685
0.069908
0.072073
0.078433
0.073741
0.070515
0.069195
0.074104
0.069984
0.070117
0.068533
0.067978
0.06828
0.068477
0.068213
0.071978
0.070789
0.071825
0.071487
0.077699
0.075032
0.074814
0.076452
0.072427
0.070947
0.070989
0.069559
0.074256
0.072695
0.073093
0.083322
0.075629
0.071629
0.073793
0.074193
0.072921
0.072278
0.072559
0.07632
0.070005
0.070257
0.06926
0.069965
0.07162
0.071437
0.07437
0.071423
0.070595
0.074344
0.069789
0.070797
0.073213
0.070542
0.070674
0.07069
0.07104
0.068066
0.068239
0.068398
0.068296
0.07084
0.071986
0.076794
0.073017
0.07235
0.072738
0.071608
0.071583
0.071139
0.070758
0.070631
0.073835
0.069055
0.068991
0.068748
0.073351
0.071583
0.075651
0.077199
0.071086
0.071205
0.069658
0.069967
0.069592
0.069815
0.070322
0.07121
0.070873
0.072128
0.072081
0.071686
0.073006
0.072257
0.072091
0.076721
0.070836
0.07078
0.072067
0.071031
0.07057
0.070349
0.070174
0.071339
0.070958
0.070932
0.071206
0.074464
0.071185
0.078295
0.071756
0.071165
0.071098
0.071748
0.072192
0.074059
0.074758
0.073043
0.071509
0.076188
0.073701
0.072851
0.073701
0.074496
0.07043
0.067988
0.070895
0.074288
0.072707
0.072537
0.072208
0.07224
0.072574
0.07299
0.071651
0.073419
0.071628
0.072025
0.071047
0.071258
0.076159
0.071158
0.072244
0.074008
0.068956
0.072242
0.0741
0.06909
0.071244
0.071938
0.076529
0.071317
0.07529
0.072342
0.072862
0.072069
0.070703
0.07052
0.070621
0.069979
0.070831
0.069109
0.069366
0.069454
0.070736
0.074559
0.069696
0.069838
0.070045
0.070835
0.075152
0.073832
0.069789
0.069208
0.070538
0.070145
0.070325
0.07464
0.071428
0.070871
0.071248
0.071274
0.074258
0.071969
0.071823
0.071182
0.069489
0.069578
0.070425
0.071002
0.073401
0.069601
0.070597
0.070373
0.071443
0.07099
0.071705
0.071439
0.071754
0.072277
0.072183
0.072052
0.072539
0.076245
0.071486
0.070972
0.071691
0.075228
0.072997
0.072214
0.072152
0.07277
0.07303
0.07195
0.071427
0.071134
0.071386
0.071521
0.071151
0.07063
0.069158
0.07
0.069804
0.076416
0.069745
0.071489
0.074815
0.075412
0.071268
0.07205
0.071413
0.070675
0.07141
0.075789
0.071532
0.070285
0.071
0.071052
0.070034
0.071721
0.070047
0.070887
0.07677
0.072472
0.074998
0.070532
0.070197
0.071424
0.072788
0.071225
0.072489
0.071293
0.070874
0.071927
0.071226
0.070503
0.071986
0.070197
0.071426
0.071226
0.071513
0.070929
0.072385
0.071278
0.076326
0.071748
0.072181
0.071871
0.070197
0.069744
0.07028
0.070276
0.070776
0.069244
0.06976
0.069331
0.069867
0.07005
0.070207
0.075442
0.07108
0.071332
0.070888
0.072962
0.070589
0.071526
0.073478
0.075787
0.07005
0.076118
0.06963
0.069673
0.069386
0.069148
0.071758
0.071245
0.071628
0.071705
0.078947
0.072168
0.072559
0.072855
0.07165
0.073403
0.069542
0.070167
0.071223
0.071263
0.071707
0.0717
0.070621
0.069833
0.070248
0.07219
0.074666
0.071739
0.071952
0.072063
0.071486
0.07004
0.069955
0.06987
0.070359
0.072661
0.070787
0.071026
0.07073
0.070973
0.073048
0.07079
0.070354
0.07114
0.071026
0.071149
0.071208
0.073797
0.075509
0.072528
0.072333
0.07374
0.071568
0.071524
0.070744
0.071377
0.070683
0.071133
0.071321
0.070967
0.072392
0.070489
0.072389
0.070928
0.072347
0.07218
0.072443
0.071996
0.087016
0.07021
0.073508
0.071963
0.070916
0.070397
0.070229
0.071463
0.073007
0.069612
0.07028
0.071195
0.070486
0.071977
0.072303
0.070986
0.071496
0.071227
0.071085
0.077014
0.073565
0.071294
0.071173
0.071535
0.071522
0.06917
0.067981
0.069064
0.069986
0.072005
0.077165
0.071324
0.07166
0.073101
0.072886
0.072404
0.072497
0.071356
0.072316
0.073468
0.073631
0.071721
0.070911
0.071152
0.071095
0.070981
0.076495
0.070951
0.068922
0.069796
0.071026
0.070832
0.070946
0.071564
0.071288
0.068447
0.068928
0.070924
0.069596
0.071134
0.07047
0.072309
0.072949
0.070959
0.071397
0.070887
0.070831
0.071643
0.072869
0.071365
0.071792
0.073735
0.070228
0.070888
0.070359
0.07514
0.072007
0.071529
0.071639
0.076667
0.070784
0.070864
0.070586
0.071974
0.070396
0.069924
0.070147
0.070135
0.070695
0.07146
0.070095
0.069884
0.072025
0.071838
0.071504
0.071267
0.07454
0.071472
0.071486
0.071845
0.069489
0.069388
0.06925
0.069246
0.068426
0.070796
0.070872
0.069213
0.069111
0.074777
0.070225
0.070377
0.070385
0.071073
0.070685
0.072264
0.071309
0.071815
0.072478
0.072356
0.072388
0.076205
0.07191
0.075253
0.071735
0.075255
0.070869
0.070656
0.071123
0.076045
0.07003
0.069862
0.070601
0.069724
0.069936
0.069782
0.070555
0.070951
0.071741
0.074515
0.072035
0.071668
0.07061
0.068626
0.070096
0.069198
0.071985
0.072071
0.070094
0.070465
0.069827
0.071157
0.078328
0.069109
0.069667
0.07111
0.071654
0.072575
0.0714
0.07262
0.07154
0.072104
0.071435
0.075586
0.071749
0.071958
0.072635
0.070727
0.070765
0.071029
0.070299
0.069811
0.072334
0.076801
0.070773
0.071034
0.071496
0.071376
0.071366
0.070726
0.068797
0.068723
0.068378
0.068837
0.070618
0.070349
0.071064
0.071024
0.071444
0.070637
0.074506
0.072273
0.071925
0.071717
0.076166
0.076203
0.072422
0.080756
0.075295
0.075628
0.068483
0.069253
0.067493
0.075239
0.068402
0.070259
0.071082
0.070985
0.071456
0.069213
0.074966
0.070041
0.069707
0.06777
0.069078
0.0682
0.067748
0.068867
0.070813
0.069616
0.069693
0.069706
0.068193
0.070493
0.071935
0.069046
0.069806
0.06999
0.069547
0.069835
0.06933
0.068214
0.069714
0.06888
0.077552
0.070814
0.071356
0.074698
0.073579
0.071024
0.07651
0.074585
0.070225
0.070486
0.070913
0.070287
0.069944
0.073609
0.072703
0.07252
0.072365
0.070578
0.078788
0.071216
0.07031
0.071347
0.070154
0.070423
0.070321
0.073658
0.071016
0.075422
0.073592
0.071945
0.071537
0.075323
0.071633
0.068434
0.072039
0.068136
0.067429
0.068212
0.074745
0.068898
0.069169
0.070226
0.070474
0.069964
0.070241
0.071774
0.070122
0.07008
0.072329
0.06973
0.068612
0.067389
0.067097
0.066995
0.066845
0.069799
0.070101
0.069841
0.070741
0.070628
0.070584
0.070752
0.070478
0.073728
0.070648
0.075484
0.075629
0.073235
0.071828
0.068371
0.069405
0.067652
0.073296
0.071318
0.071268
0.072984
0.06921
0.070279
0.074708
0.070837
0.068745
0.068885
0.068055
0.067722
0.070553
0.068879
0.069005
0.068902
0.075073
0.070506
0.070478
0.070385
0.069161
0.071397
0.071614
0.071166
0.072237
0.067966
0.067318
0.067062
0.06796
0.072318
0.070144
0.070892
0.070378
0.069871
0.06778
0.068316
0.068357
0.072553
0.068562
0.067967
0.068738
0.073507
0.071542
0.07311
0.071465
0.073153
0.07405
0.07027
0.069709
0.069747
0.067465
0.073349
0.067699
0.067326
0.06724
0.071986
0.071855
0.072979
0.072241
0.07202
0.071392
0.076359
0.071493
0.070318
0.076894
0.071353
0.07046
0.074383
0.069551
0.070221
0.073448
0.070112
0.070257
0.070253
0.070625
0.070028
0.072029
0.071779
0.072346
0.071848
0.074855
0.070191
0.069819
0.070429
0.068575
0.068052
0.069399
0.070741
0.068346
0.068932
0.071358
0.068489
0.068469
0.071623
0.069867
0.069788
0.069782
0.070069
0.069907
0.069725
0.070205
0.069249
0.070706
0.068478
0.083409
0.071909
0.070005
0.07647
0.074975
0.073686
0.071331
0.071872
0.074024
0.072275
0.06476
0.064638
0.065432
0.064744
0.069302
0.069502
0.06981
