0.01536
0.01454
0.015707
0.014265
0.014395
0.014305
0.014257
0.014832
0.014735
0.014674
0.014346
0.014829
0.014811
0.014484
0.014637
0.014446
0.014676
0.014449
0.014685
0.014743
0.014713
0.014617
0.01457
0.014491
0.014743
0.014563
0.014945
0.014777
0.014983
0.014785
0.015242
0.014414
0.014599
0.01429
0.014662
0.014163
0.014299
0.014719
0.015442
0.014265
0.01487
0.01441
0.015001
0.014285
0.014546
0.014729
0.014864
0.014388
0.014556
0.014481
0.014397
0.014375
0.015045
0.014404
0.014759
0.014462
0.014563
0.014815
0.014955
0.014275
0.014887
0.01427
0.014603
0.014564
0.014643
0.014335
0.014717
0.014219
0.01464
0.014964
0.014536
0.014653
0.014252
0.014535
0.014671
0.014383
0.014803
0.014495
0.014278
0.014376
0.01502
0.014854
0.014557
0.014282
0.014515
0.014628
0.014636
0.014598
0.014351
0.014383
0.015125
0.014287
0.014727
0.014272
0.014716
0.014814
0.01479
0.014751
0.014364
0.014169
0.01463
0.014435
0.01445
0.014979
0.014683
0.014844
0.014653
0.014537
0.014503
0.014323
0.014309
0.014426
0.014307
0.014545
0.014605
0.015017
0.014383
0.014688
0.014772
0.01505
0.014914
0.015171
0.014777
0.014717
0.014514
0.014773
0.01494
0.014528
0.014565
0.014572
0.014721
0.014987
0.014521
0.014922
0.014756
0.014936
0.01507
0.01555
0.015041
0.015236
0.015005
0.014652
0.014879
0.01484
0.014309
0.013757
0.014289
0.015238
0.015121
0.014892
0.014739
0.014914
0.01521
0.014488
0.014736
0.014473
0.014552
0.014246
0.014537
0.014601
0.014583
0.014811
0.014771
0.015594
0.014453
0.014975
0.014999
0.014578
0.014476
0.014629
0.013988
0.014722
0.014666
0.014635
0.014614
0.014536
0.014001
0.013753
0.01503
0.014595
0.014929
0.014948
0.014408
0.014923
0.01478
0.014457
0.014669
0.014794
0.014721
0.014644
0.015265
0.01389
0.014716
0.016144
0.01436
0.014788
0.014677
0.015023
0.014644
0.014826
0.015102
0.015362
0.014835
0.015103
0.015213
0.014969
0.015394
0.015433
0.014847
0.014348
0.014621
0.014759
0.014702
0.015121
0.015097
0.015006
0.015559
0.015391
0.01564
0.015665
0.015215
0.014652
0.015274
0.015519
0.014936
0.015025
0.015501
0.01458
0.015435
0.014847
0.016014
0.014975
0.015572
0.015018
0.015111
0.015152
0.015641
0.014742
0.014099
0.014691
0.014697
0.014538
0.014376
0.015329
0.014287
0.014692
0.01451
0.014188
0.014744
0.014727
0.014085
0.014908
0.014485
0.014181
0.014458
0.014704
0.015089
0.015018
0.014287
0.015003
0.014128
0.014725
0.014279
0.014584
0.014452
0.014287
0.014324
0.014533
0.014788
0.014497
0.014865
0.014983
0.014519
0.014186
0.014536
0.014491
0.014311
0.014258
0.014477
0.014454
0.014757
0.014358
0.015317
0.014416
0.014371
0.014389
0.014644
0.014761
0.014609
0.014389
0.014171
0.014276
0.014922
0.014599
0.014487
0.014452
0.015184
0.014446
0.014228
0.014462
0.01438
0.014991
0.01472
0.014383
0.014653
0.014387
0.014778
0.0145
0.014943
0.014721
0.014579
0.014601
0.015329
0.01513
0.01428
0.014308
0.015107
0.015181
0.014829
0.014786
0.014443
0.014189
0.014368
0.014724
0.014644
0.01448
0.014221
0.014534
0.0144
0.014984
0.014618
0.014325
0.01437
0.014309
0.014439
0.014543
0.014683
0.015362
0.014633
0.014419
0.014666
0.014693
0.014407
0.01493
0.014757
0.014918
0.01451
0.015863
0.015105
0.014287
0.014452
0.014615
0.014559
0.014307
0.014821
0.014498
0.015005
0.014392
0.01442
0.014384
0.014261
0.014713
0.014413
0.014433
0.01443
0.014633
0.014243
0.014183
0.014963
0.014606
0.014474
0.015006
0.013951
0.015061
0.01427
0.014604
0.014406
0.014719
0.014771
0.014672
0.014745
0.014488
0.014706
0.022293
0.01493
0.014717
0.014804
0.014682
0.014485
0.015175
0.015259
0.014686
0.014929
0.015376
0.014997
0.015147
0.014479
0.014991
0.014734
0.015405
0.014946
0.014261
0.014657
0.014404
0.014582
0.014444
0.014612
0.014827
0.01487
0.014889
0.014334
0.015016
0.014968
0.014893
0.015346
0.015329
0.014929
0.014553
0.014626
0.014762
0.015239
0.01511
0.014691
0.01431
0.014779
0.014843
0.014822
0.014562
0.014417
0.014771
0.014178
0.014413
0.014396
0.015109
0.014727
0.014513
0.014583
0.013723
0.015298
0.014862
0.015006
0.014857
0.014977
0.01446
0.014431
0.014673
0.014392
0.014587
0.014225
0.014882
0.014625
0.014618
0.014497
0.013638
0.01431
0.014244
0.014778
0.014431
0.014783
0.014742
0.014322
0.014803
0.014224
0.014153
0.014383
0.014882
0.014585
0.014945
0.014786
0.014909
0.01425
0.014665
0.015186
0.014798
0.014482
0.014955
0.014657
0.014976
0.014192
0.014445
0.014899
0.014806
0.01439
0.014641
0.014218
0.014468
0.014213
0.014626
0.014834
0.014197
0.01512
0.014473
0.014181
0.01494
0.014577
0.014589
0.014354
0.014468
0.014342
0.014559
0.015054
0.014328
0.014481
0.014847
0.014493
0.014565
0.015022
0.014677
0.014959
0.014699
0.014393
0.014676
0.014336
0.014896
0.014786
0.014699
0.014567
0.014258
0.014633
0.014464
0.014429
0.014258
0.014428
0.01454
0.014816
0.015247
0.014899
0.014641
0.014494
0.015123
0.014979
0.014714
0.014482
0.014421
0.014205
0.014402
0.014611
0.014413
0.014972
0.014824
0.014326
0.014624
0.01424
0.014825
0.014337
0.014781
0.013695
0.014746
0.014558
0.014343
0.015301
0.01468
0.014734
0.014843
0.014931
0.015304
0.014442
0.014963
0.014446
0.014287
0.014861
0.014356
0.014405
0.01493
0.014675
0.014587
0.014687
0.014544
0.014518
0.015268
0.014611
0.015393
0.015101
0.014322
0.014379
0.014963
0.014542
0.014225
0.014757
0.014881
0.01445
0.014998
0.01449
0.01429
0.0151
0.014895
0.01503
0.014401
0.014979
0.01536
0.014474
0.014569
0.014503
0.014526
0.014405
0.014171
0.014293
0.014978
0.014717
0.014626
0.01468
0.014641
0.01485
0.014461
0.014908
0.014195
0.014163
0.015694
0.017244
0.020098
0.015098
0.015118
0.015192
0.015269
0.015575
0.015145
0.015017
0.014936
0.014371
0.01438
0.014431
0.01695
0.014299
0.014531
0.014924
0.015301
0.014611
0.014534
0.016934
0.015778
0.017669
0.015108
0.018199
0.014901
0.020584
0.016902
0.016296
0.015441
0.015685
0.015931
0.017638
0.016095
0.016419
0.016683
0.015502
0.015208
0.015442
0.0155
0.015592
0.015152
0.016177
0.01595
0.015565
0.016481
0.016393
0.015649
0.015573
0.015397
0.016615
0.015574
0.016121
0.015798
0.015659
0.015057
0.015939
0.016454
0.015418
0.016283
0.016047
0.015555
0.015049
0.017026
0.015608
0.015821
0.015019
0.015195
0.01567
0.015832
0.01673
0.0166
0.015766
0.015889
0.015733
0.016089
0.015714
0.016084
0.015636
0.015687
0.014726
0.015511
0.014799
0.014682
0.014881
0.014705
0.016242
0.016419
0.017332
0.017662
0.017466
0.014811
0.015622
0.015089
0.014821
0.014837
0.014855
0.015192
0.014431
0.015081
0.015475
0.014758
0.017469
0.015692
0.015038
0.015367
0.01505
0.015431
0.015289
0.015165
0.014609
0.01506
0.014512
0.014641
0.014998
0.014892
0.015113
0.014584
0.015109
0.015543
0.014605
0.014548
0.015008
0.015411
0.014846
0.014673
0.014625
0.014386
0.014992
0.014687
0.014898
0.014924
0.014851
0.014877
0.014325
0.014621
0.013818
0.014279
0.013984
0.015443
0.014615
0.014399
0.015102
0.014809
0.015236
0.015722
0.014519
0.016715
0.015296
0.01469
0.014997
0.014982
0.014688
0.015406
0.015082
0.01494
0.014481
0.016273
0.015191
0.014708
0.014327
0.014883
0.015112
0.016213
0.015878
0.015573
0.015912
0.014421
0.015001
0.014906
0.01455
0.014417
0.014688
0.015651
0.014705
0.015279
0.014406
0.014904
0.015285
0.015603
0.014761
0.015058
0.015291
0.016607
0.015507
0.015736
0.014918
0.014693
0.015001
0.014655
0.015676
0.015224
0.014786
0.015136
0.015083
0.014904
0.015204
0.015043
0.015608
0.014741
0.014725
0.01518
0.01483
0.014708
0.014934
0.014931
0.01442
0.014784
0.014757
0.014745
0.014767
0.014523
0.014362
0.014824
0.014112
0.016026
0.015264
0.014438
0.015253
0.014522
0.015224
0.014369
0.014846
0.014762
0.014987
0.014961
0.015358
0.015335
0.014611
0.015275
0.014531
0.014839
0.015094
0.014661
0.014629
0.014673
0.015026
0.014773
0.015197
0.014427
0.0154
0.014883
0.014786
0.015082
0.014807
0.014702
0.014904
0.014727
0.014501
0.015956
0.014711
0.014493
0.015273
0.014419
0.014109
0.014736
0.014513
0.015282
0.014556
0.015444
0.014701
0.015184
0.014773
0.014451
0.014677
0.014971
0.014857
0.015037
0.014518
0.015038
0.014613
0.015122
0.014972
0.014944
0.015217
0.014641
0.015171
0.014982
0.015
0.014428
0.015436
0.014357
0.014696
0.014305
0.014306
0.015401
0.015438
0.01493
0.015357
0.01445
0.014948
0.015367
0.01512
0.015997
0.016481
0.017613
0.015001
0.014996
0.01497
0.015382
0.015128
0.014561
0.013949
0.01469
0.015262
0.014903
0.015434
0.015916
0.016527
0.014338
0.014683
0.014792
0.015424
0.014467
0.015542
0.016281
0.014636
0.01525
0.014373
0.015013
0.014987
0.01499
0.015213
0.015043
0.015118
0.014312
0.016455
0.01509
0.015187
0.014761
0.016045
0.014866
0.01432
0.01557
0.015805
0.014813
0.014943
0.014804
0.014609
0.01549
0.014819
0.015375
0.014737
0.014985
0.014999
0.014665
0.014596
0.014881
0.015182
0.015488
0.014982
0.014682
0.015285
0.014812
0.014492
0.015227
0.015197
0.014761
0.014624
0.014901
0.014574
0.014846
0.01448
0.015189
0.01539
0.014846
0.014854
0.014809
0.015126
0.014906
0.014953
0.015568
0.016373
0.014686
0.014775
0.014617
0.015022
0.014689
0.015297
0.014095
0.014951
0.014448
0.014888
0.015526
0.016491
0.014953
0.015336
0.014756
0.015114
0.015474
0.015138
0.01514
