0.015524
0.015268
0.01574
0.015611
0.014179
0.014577
0.014766
0.014497
0.015001
0.014821
0.014458
0.0148
0.014447
0.014662
0.014699
0.01505
0.016072
0.014412
0.014349
0.01464
0.014456
0.015453
0.014996
0.014812
0.014531
0.01484
0.014936
0.014654
0.014653
0.014624
0.014324
0.01461
0.014942
0.014528
0.014555
0.014503
0.014393
0.014873
0.014562
0.014866
0.014571
0.01467
0.014574
0.014761
0.014673
0.014983
0.015564
0.014507
0.014271
0.014798
0.014253
0.014601
0.014327
0.014432
0.014647
0.01432
0.014488
0.014436
0.014648
0.014401
0.014308
0.014592
0.014469
0.014786
0.015257
0.014981
0.014734
0.014826
0.014707
0.014257
0.014345
0.014649
0.014649
0.014862
0.014964
0.014856
0.014763
0.015233
0.014784
0.01477
0.014784
0.014821
0.014695
0.014991
0.015436
0.014929
0.014873
0.014892
0.014771
0.014452
0.014585
0.01609
0.014575
0.014805
0.014484
0.014787
0.014896
0.014344
0.014426
0.014575
0.014446
0.014682
0.015031
0.015161
0.014377
0.015243
0.014559
0.014687
0.01519
0.015011
0.01435
0.015
0.014709
0.014949
0.014714
0.01459
0.014755
0.014651
0.014638
0.014463
0.015113
0.014961
0.0149
0.014782
0.015075
0.014895
0.014923
0.014902
0.014695
0.014833
0.014689
0.014798
0.015041
0.014804
0.01493
0.015463
0.01443
0.015412
0.014956
0.014692
0.015712
0.01536
0.015655
0.015216
0.014636
0.014974
0.014627
0.014966
0.014521
0.01444
0.014679
0.015118
0.015028
0.015391
0.015181
0.014647
0.014806
0.014664
0.014604
0.01469
0.015208
0.014354
0.015747
0.015405
0.015234
0.014973
0.014679
0.0152
0.014704
0.01461
0.01472
0.015313
0.014527
0.015075
0.014773
0.014487
0.015399
0.014642
0.014662
0.014845
0.014475
0.014889
0.014914
0.015473
0.014772
0.014548
0.014469
0.014538
0.015072
0.014734
0.014588
0.014785
0.014707
0.015268
0.015856
0.015481
0.014945
0.016024
0.014826
0.014972
0.015194
0.014902
0.015279
0.014715
0.014865
0.014704
0.014825
0.015458
0.014595
0.015204
0.014853
0.014996
0.015252
0.015562
0.019848
0.015419
0.014928
0.015573
0.015162
0.014903
0.014858
0.015103
0.015394
0.015042
0.014949
0.014761
0.015975
0.014978
0.014625
0.014291
0.015531
0.014557
0.015087
0.015424
0.014724
0.014721
0.014712
0.014919
0.014795
0.015265
0.014402
0.015008
0.014501
0.014502
0.016072
0.014909
0.01451
0.014347
0.014455
0.014575
0.014315
0.014638
0.015137
0.014819
0.014552
0.015408
0.014146
0.014363
0.014645
0.013877
0.014898
0.014616
0.014838
0.014579
0.014772
0.013946
0.014892
0.014275
0.014675
0.01469
0.015116
0.014812
0.014754
0.014787
0.015066
0.014509
0.014563
0.014354
0.014728
0.015245
0.01442
0.01495
0.014773
0.014804
0.014433
0.014641
0.014767
0.014633
0.01447
0.014596
0.014608
0.01479
0.014737
0.014547
0.014783
0.014584
0.016007
0.014797
0.014469
0.014888
0.014515
0.014942
0.014568
0.014378
0.014568
0.0146
0.014723
0.014667
0.01461
0.014461
0.014387
0.014604
0.014944
0.014577
0.014511
0.014806
0.015092
0.016144
0.014608
0.014699
0.014511
0.014893
0.014901
0.014515
0.014521
0.014374
0.014616
0.01482
0.015037
0.01489
0.014506
0.014407
0.014405
0.014487
0.014384
0.014601
0.014882
0.015486
0.01475
0.015049
0.014654
0.014541
0.01462
0.014799
0.015285
0.014706
0.014576
0.014931
0.01562
0.014495
0.014427
0.014589
0.014272
0.014872
0.014893
0.014831
0.014435
0.0145
0.014503
0.014774
0.01461
0.015314
0.015021
0.014865
0.015483
0.014665
0.014464
0.014655
0.014551
0.014875
0.015337
0.0149
0.015188
0.014996
0.014888
0.015767
0.015498
0.014824
0.01455
0.014952
0.015492
0.015213
0.014771
0.014927
0.016485
0.014772
0.014773
0.015095
0.015085
0.014307
0.014541
0.014577
0.01444
0.015321
0.014946
0.014533
0.018063
0.01483
0.015204
0.014928
0.015263
0.014986
0.014691
0.014204
0.01462
0.014548
0.015968
0.01457
0.014537
0.014318
0.014549
0.015473
0.014387
0.014739
0.015044
0.015121
0.014701
0.015497
0.015311
0.0153
0.014912
0.014698
0.015043
0.01441
0.014405
0.014919
0.014943
0.014999
0.01488
0.014442
0.01438
0.014205
0.014636
0.01482
0.014845
0.014675
0.015297
0.014795
0.014588
0.014678
0.014842
0.014668
0.01478
0.015028
0.015142
0.014599
0.014653
0.014359
0.014463
0.014545
0.015163
0.016469
0.014551
0.014684
0.014866
0.014514
0.014559
0.014573
0.014516
0.014398
0.015165
0.014749
0.014827
0.015359
0.014633
0.014721
0.015033
0.01503
0.014781
0.015182
0.014929
0.014462
0.014444
0.014713
0.014962
0.015025
0.015071
0.015031
0.015422
0.014999
0.014876
0.015115
0.014956
0.01552
0.014987
0.015585
0.014885
0.015269
0.014508
0.014756
0.014407
0.014598
0.014433
0.014648
0.014426
0.014328
0.014493
0.014612
0.014743
0.014709
0.01401
0.014201
0.014378
0.016263
0.014359
0.014445
0.0146
0.014435
0.014764
0.014545
0.014453
0.014484
0.014508
0.014708
0.014612
0.014123
0.014387
0.014386
0.014418
0.014581
0.015683
0.014315
0.014214
0.01457
0.015014
0.014591
0.014806
0.014184
0.014822
0.014431
0.014806
0.014159
0.014323
0.014481
0.014327
0.014514
0.014347
0.015824
0.014729
0.014395
0.014418
0.014528
0.014056
0.01487
0.014541
0.014961
0.014349
0.014413
0.014847
0.015231
0.01473
0.01441
0.016656
0.014658
0.014581
0.014672
0.014647
0.014685
0.014412
0.014159
0.014177
0.01443
0.014317
0.014785
0.014335
0.014701
0.014142
0.014863
0.015078
0.014626
0.014709
0.014653
0.014874
0.015231
0.014007
0.01426
0.014461
0.014618
0.014673
0.014403
0.014963
0.014755
0.014768
0.014718
0.014755
0.014865
0.014863
0.014951
0.01456
0.015179
0.014975
0.014466
0.014271
0.014515
0.014645
0.014557
0.014808
0.014427
0.01427
0.014312
0.014289
0.014476
0.014597
0.014314
0.014424
0.015025
0.015363
0.01502
0.015259
0.021254
0.015564
0.015672
0.018801
0.014781
0.015472
0.015878
0.014795
0.014649
0.015486
0.015271
0.014863
0.014473
0.014465
0.014558
0.014623
0.01457
0.0156
0.014654
0.01456
0.016977
0.016182
0.029208
0.018182
0.015614
0.016878
0.016281
0.016349
0.017422
0.015625
0.015708
0.015789
0.015793
0.01601
0.016965
0.017163
0.01497
0.014851
0.016781
0.01683
0.014688
0.014751
0.015786
0.016754
0.016225
0.016113
0.01472
0.015111
0.014355
0.015293
0.014562
0.015771
0.017078
0.01503
0.014794
0.014783
0.016559
0.015541
0.015266
0.015411
0.014813
0.015178
0.01584
0.015509
0.015258
0.016082
0.015112
0.014777
0.015402
0.015658
0.015277
0.015881
0.015502
0.01482
0.014917
0.015309
0.015376
0.017489
0.015223
0.015432
0.015485
0.015503
0.015459
0.015578
0.014653
0.014564
0.014836
0.014902
0.015264
0.016517
0.015999
0.015081
0.014855
0.015264
0.014249
0.01526
0.014751
0.015007
0.015163
0.015392
0.014902
0.015685
0.015402
0.014488
0.014875
0.016044
0.015804
0.016013
0.01503
0.014683
0.014904
0.01512
0.014515
0.014525
0.015524
0.014536
0.015028
0.014118
0.014672
0.014793
0.01439
0.014538
0.014303
0.016005
0.014692
0.014552
0.014572
0.014576
0.015015
0.014033
0.015044
0.015327
0.014481
0.014605
0.014411
0.014641
0.01453
0.014169
0.013843
0.015701
0.015258
0.014309
0.014083
0.014933
0.01438
0.014634
0.014166
0.014409
0.014878
0.014032
0.01414
0.014206
0.014368
0.014435
0.014477
0.013889
0.014715
0.014626
0.014719
0.014711
0.014508
0.014999
0.014694
0.014785
0.014624
0.015294
0.014752
0.014516
0.014374
0.013932
0.014383
0.01451
0.014253
0.01556
0.014679
0.014619
0.014472
0.014152
0.014142
0.01441
0.014078
0.015617
0.014969
0.014122
0.014822
0.014728
0.014197
0.014185
0.015118
0.015212
0.015337
0.014404
0.014392
0.014472
0.01467
0.014359
0.014089
0.01422
0.014634
0.014342
0.014305
0.014499
0.014262
0.014785
0.013995
0.014142
0.015032
0.014408
0.014457
0.014705
0.01534
0.01419
0.014243
0.01428
0.014826
0.0148
0.0145
0.014874
0.014443
0.014449
0.014653
0.014705
0.014231
0.015259
0.014362
0.01457
0.014108
0.014221
0.014418
0.015903
0.015358
0.014554
0.015055
0.014545
0.014524
0.015301
0.0144
0.014398
0.014265
0.014347
0.015564
0.016156
0.01467
0.014957
0.014198
0.014383
0.014557
0.015394
0.016005
0.015624
0.015252
0.014574
0.015125
0.014866
0.014195
0.014391
0.014848
0.014915
0.014521
0.014882
0.014475
0.014495
0.014395
0.014322
0.014416
0.015317
0.014213
0.014844
0.014812
0.014876
0.014653
0.014393
0.014498
0.015023
0.014877
0.014725
0.014906
0.014512
0.014474
0.014503
0.014499
0.014382
0.015238
0.015021
0.014762
0.01479
0.01488
0.014892
0.015742
0.014567
0.015857
0.015365
0.014731
0.015261
0.015958
0.01517
0.014487
0.014706
0.015027
0.015096
0.014702
0.014896
0.014808
0.014266
0.014637
0.015095
0.015781
0.015169
0.015663
0.01387
0.014525
0.014925
0.014489
0.014234
0.014558
0.014819
0.01439
0.014856
0.014675
0.014849
0.01528
0.014387
0.015084
0.014552
0.015166
0.01471
0.015162
0.015129
0.015135
0.014867
0.015114
0.014865
0.015236
0.014485
0.015497
0.014539
0.014726
0.01497
0.015029
0.014673
0.014598
0.014568
0.014862
0.014563
0.014287
0.014362
0.014443
0.014767
0.014782
0.014993
0.015236
0.014585
0.014653
0.014709
0.014529
0.014255
0.01415
0.014229
0.014147
0.0146
0.014553
0.014942
0.014171
0.01423
0.014997
0.014895
0.01488
0.014852
0.01495
0.015668
0.014824
0.014823
0.014985
0.014327
0.014733
0.014438
0.014401
0.014811
0.014628
0.014786
0.015108
0.014263
0.015078
0.015079
0.015341
0.014573
0.014625
0.015433
0.014383
0.014523
0.014725
