0.015188
0.014963
0.016815
0.015272
0.014642
0.015482
0.015245
0.014597
0.01481
0.014745
0.014861
0.014231
0.014512
0.013857
0.014486
0.014367
0.014669
0.014258
0.014449
0.01433
0.014407
0.015934
0.014737
0.014464
0.014294
0.014757
0.014749
0.014437
0.014789
0.015052
0.014719
0.014832
0.01489
0.015301
0.015006
0.014692
0.014606
0.014711
0.016018
0.015033
0.014777
0.014988
0.014685
0.01473
0.014608
0.015064
0.014683
0.014481
0.015018
0.015331
0.014573
0.014579
0.015045
0.014906
0.014599
0.014527
0.015624
0.014977
0.014596
0.014388
0.0145
0.014669
0.014819
0.015194
0.015325
0.014679
0.014435
0.015149
0.015175
0.015118
0.014484
0.014976
0.015441
0.015147
0.014778
0.0148
0.014793
0.01477
0.015261
0.014718
0.015404
0.015336
0.014898
0.01527
0.014671
0.014658
0.014839
0.015097
0.014522
0.014963
0.015297
0.015355
0.015382
0.014781
0.014813
0.014953
0.015206
0.015215
0.014516
0.015176
0.015315
0.014987
0.015532
0.015
0.014835
0.015131
0.015191
0.014874
0.015101
0.014165
0.015225
0.014044
0.014994
0.014636
0.014255
0.014804
0.01526
0.014905
0.01451
0.014916
0.015052
0.015343
0.014839
0.015145
0.015297
0.014571
0.015069
0.015278
0.014998
0.015338
0.01494
0.015584
0.015017
0.01484
0.014888
0.015311
0.014226
0.016234
0.014501
0.014634
0.015021
0.015657
0.016516
0.015044
0.014906
0.014679
0.014621
0.015277
0.014543
0.01498
0.014322
0.015199
0.015009
0.015142
0.015036
0.014345
0.015635
0.015029
0.015031
0.014724
0.015845
0.014858
0.014854
0.01528
0.015483
0.014862
0.014127
0.015547
0.01477
0.01557
0.015279
0.014893
0.014689
0.015157
0.014417
0.015516
0.0151
0.013981
0.01526
0.015021
0.014605
0.014501
0.015079
0.014898
0.015308
0.014783
0.015148
0.015025
0.014862
0.014484
0.014339
0.014746
0.014946
0.014272
0.015674
0.014958
0.014726
0.01474
0.015363
0.014677
0.014877
0.015092
0.014514
0.015152
0.015373
0.015389
0.015973
0.014863
0.015213
0.015082
0.015662
0.015397
0.014906
0.015491
0.016182
0.015758
0.014843
0.015969
0.015351
0.015599
0.015931
0.015486
0.017069
0.016102
0.01551
0.015657
0.015576
0.014488
0.014536
0.014786
0.015898
0.015339
0.015317
0.015316
0.015091
0.015034
0.014864
0.015813
0.014885
0.015392
0.015509
0.015016
0.014459
0.014742
0.014833
0.014722
0.014642
0.014665
0.014559
0.014822
0.014806
0.014769
0.014516
0.014764
0.014645
0.014607
0.014255
0.015343
0.014394
0.015214
0.014691
0.015327
0.014567
0.015203
0.014846
0.014476
0.014475
0.015171
0.014653
0.015556
0.014702
0.015417
0.0147
0.014733
0.01496
0.014954
0.015311
0.015322
0.015197
0.01427
0.014533
0.014584
0.014744
0.015001
0.015359
0.014838
0.014572
0.014636
0.014533
0.014949
0.014934
0.014489
0.014441
0.014249
0.014543
0.014798
0.015936
0.01515
0.014863
0.014611
0.014647
0.014556
0.014408
0.014919
0.015661
0.015276
0.014747
0.014623
0.014998
0.014701
0.014933
0.016039
0.015047
0.014731
0.014373
0.015055
0.016542
0.015029
0.014929
0.014742
0.015175
0.014282
0.015254
0.014534
0.014691
0.014625
0.015155
0.014804
0.014145
0.014486
0.014452
0.015222
0.015045
0.015418
0.014686
0.014146
0.015768
0.015136
0.014915
0.014855
0.01467
0.01466
0.01517
0.015194
0.014576
0.014336
0.014866
0.01437
0.016108
0.013996
0.015277
0.014858
0.01459
0.015017
0.014001
0.014037
0.014569
0.014873
0.015248
0.014596
0.01524
0.014349
0.014986
0.014597
0.014667
0.014785
0.014542
0.015029
0.015118
0.014789
0.014668
0.014982
0.014381
0.015072
0.014478
0.014721
0.015257
0.01506
0.014713
0.014056
0.015006
0.014774
0.014651
0.014845
0.014902
0.015789
0.015147
0.014475
0.01469
0.014824
0.014949
0.015255
0.015244
0.018825
0.014967
0.014337
0.015748
0.015122
0.014924
0.016649
0.015716
0.014195
0.014817
0.01498
0.014834
0.014425
0.01532
0.01464
0.014308
0.014726
0.015181
0.015032
0.014949
0.014347
0.015326
0.015476
0.015374
0.014949
0.01544
0.015016
0.01419
0.014803
0.015142
0.014697
0.014477
0.014378
0.014496
0.015215
0.015083
0.014584
0.014967
0.014319
0.014886
0.014485
0.01455
0.015055
0.014815
0.014765
0.014864
0.01445
0.01539
0.014859
0.015377
0.0154
0.014958
0.015293
0.014443
0.014456
0.014531
0.014695
0.014954
0.015319
0.01396
0.014764
0.014729
0.014201
0.014592
0.014828
0.014777
0.015041
0.014826
0.014869
0.015057
0.014916
0.014752
0.015061
0.014925
0.014367
0.014597
0.014959
0.014574
0.014885
0.014497
0.014698
0.014755
0.014864
0.015591
0.014535
0.014534
0.015171
0.014288
0.015477
0.014024
0.015601
0.013799
0.015053
0.014971
0.014611
0.014954
0.01413
0.014676
0.014788
0.015167
0.015043
0.015338
0.015067
0.014631
0.014797
0.014782
0.014847
0.01518
0.014361
0.015381
0.015682
0.015011
0.014888
0.014944
0.015061
0.015207
0.014568
0.014761
0.015073
0.015093
0.014043
0.014558
0.01525
0.015147
0.014954
0.01517
0.015198
0.014661
0.014855
0.014589
0.013871
0.014892
0.014456
0.014717
0.015229
0.01502
0.014847
0.014744
0.014781
0.015094
0.014349
0.014578
0.014704
0.014699
0.015246
0.014922
0.014671
0.014771
0.016242
0.014772
0.014934
0.014339
0.014298
0.015494
0.014397
0.015266
0.014418
0.014579
0.014976
0.014261
0.014994
0.014889
0.016458
0.014364
0.014212
0.01491
0.015111
0.014777
0.014991
0.015023
0.014507
0.014976
0.014636
0.01462
0.014954
0.015559
0.015201
0.014581
0.014274
0.015566
0.014471
0.015071
0.014517
0.01499
0.014789
0.014513
0.015192
0.015209
0.014643
0.015058
0.01499
0.014638
0.014753
0.015275
0.015202
0.01509
0.014009
0.014943
0.014492
0.014837
0.01465
0.015003
0.014603
0.014626
0.014795
0.014826
0.015075
0.014321
0.015117
0.015148
0.014593
0.015263
0.014313
0.01556
0.016614
0.022939
0.018526
0.015936
0.01568
0.015472
0.014999
0.015248
0.015844
0.015017
0.015525
0.014495
0.014633
0.014768
0.015137
0.013886
0.015371
0.013886
0.015329
0.015413
0.015154
0.014236
0.019404
0.015597
0.016956
0.017365
0.018216
0.016257
0.016091
0.017779
0.015264
0.015709
0.015501
0.016201
0.01658
0.015823
0.016269
0.016214
0.015792
0.015549
0.016901
0.017884
0.014881
0.01501
0.015656
0.016745
0.0175
0.016402
0.015934
0.015841
0.0157
0.01598
0.014814
0.01529
0.016514
0.015259
0.015074
0.015086
0.015895
0.015513
0.014999
0.014991
0.015021
0.01521
0.016856
0.016102
0.016101
0.01572
0.015115
0.016219
0.015412
0.01532
0.015942
0.015353
0.01552
0.014584
0.015571
0.015643
0.015749
0.015748
0.015859
0.015351
0.015407
0.015433
0.015185
0.015246
0.014754
0.015351
0.016278
0.017539
0.017256
0.015146
0.015587
0.01559
0.01557
0.015873
0.014829
0.015704
0.015555
0.015553
0.015068
0.014523
0.015244
0.015091
0.015906
0.0147
0.015482
0.015405
0.015626
0.016497
0.014885
0.015571
0.014764
0.015933
0.014682
0.015317
0.014769
0.015348
0.015558
0.01501
0.01498
0.015602
0.015528
0.015208
0.015645
0.015417
0.015257
0.014732
0.015353
0.014768
0.015327
0.014923
0.014951
0.014276
0.014479
0.01606
0.015966
0.016487
0.014485
0.0145
0.015489
0.015456
0.014965
0.014723
0.015083
0.014896
0.015403
0.01526
0.01519
0.015403
0.015392
0.014559
0.015283
0.014179
0.015349
0.015451
0.015119
0.015123
0.014287
0.014623
0.015209
0.01646
0.014698
0.015357
0.01464
0.015012
0.016577
0.014846
0.014964
0.015446
0.015854
0.015293
0.014856
0.014972
0.014933
0.015437
0.014904
0.015275
0.014818
0.015015
0.014682
0.015105
0.015591
0.016121
0.015781
0.015477
0.016709
0.015546
0.015271
0.015077
0.015497
0.014697
0.01494
0.01514
0.014976
0.014924
0.015097
0.014299
0.01494
0.016066
0.015171
0.014963
0.015166
0.015265
0.015071
0.015163
0.015488
0.015786
0.015194
0.01525
0.015363
0.01555
0.015001
0.014945
0.01512
0.014851
0.015122
0.015056
0.015025
0.01514
0.015366
0.014307
0.015471
0.01545
0.015005
0.015169
0.015325
0.015202
0.015479
0.014976
0.015369
0.014799
0.014658
0.015047
0.015032
0.015703
0.015332
0.016001
0.014343
0.015136
0.01494
0.015235
0.015628
0.014679
0.014759
0.015769
0.015877
0.015428
0.015216
0.015503
0.015337
0.015424
0.015203
0.014754
0.015715
0.014626
0.014694
0.015519
0.014965
0.014784
0.014549
0.014774
0.014721
0.014781
0.01483
0.015508
0.015622
0.017062
0.015137
0.014365
0.015077
0.015353
0.015344
0.014754
0.014963
0.015298
0.015471
0.015306
0.014729
0.015356
0.014571
0.014554
0.015508
0.015336
0.015556
0.01538
0.014865
0.016327
0.015828
0.015442
0.015487
0.01556
0.015356
0.015851
0.015978
0.017202
0.017036
0.015682
0.01478
0.01464
0.015148
0.015565
0.015678
0.014948
0.01477
0.015067
0.015171
0.016536
0.015135
0.015896
0.015211
0.014911
0.016287
0.014752
0.014586
0.015535
0.015216
0.015225
0.015007
0.014954
0.014855
0.015171
0.015294
0.015832
0.014769
0.014302
0.015515
0.016044
0.015696
0.015466
0.015967
0.015487
0.015148
0.015052
0.014554
0.016609
0.014841
0.014315
0.014134
0.015398
0.015535
0.01512
0.014546
0.01515
0.015263
0.014703
0.015268
0.01517
0.015572
0.01486
0.014445
0.015282
0.015576
0.015502
0.014289
0.015424
0.014901
0.016231
0.015432
0.015263
0.015323
0.014939
0.015318
0.015295
0.015036
0.015408
0.015316
0.014724
0.015633
0.015581
0.01559
0.014692
0.014826
0.014867
0.015819
0.015503
0.014546
0.014751
0.015467
0.01497
0.015492
0.015041
0.015566
0.014375
0.015809
0.015221
0.014589
0.014987
0.015139
0.015564
0.01511
0.014947
0.015402
