0.029668
0.029006
0.028883
0.029502
0.028539
0.030603
0.02901
0.029095
0.029451
0.02929
0.028585
0.028828
0.028881
0.028645
0.028853
0.029491
0.03083
0.030596
0.028929
0.029204
0.028603
0.028668
0.029344
0.02986
0.029344
0.030939
0.028591
0.029611
0.028649
0.028544
0.029008
0.029375
0.03051
0.028911
0.028957
0.030562
0.028596
0.028863
0.031871
0.029557
0.029149
0.030285
0.029091
0.028678
0.028669
0.03047
0.029695
0.028718
0.030935
0.030026
0.029314
0.028918
0.029072
0.029487
0.029205
0.029079
0.028705
0.028933
0.029088
0.028256
0.029453
0.028427
0.028526
0.028963
0.028349
0.029098
0.029021
0.029021
0.029372
0.029113
0.028765
0.028778
0.028682
0.029441
0.029576
0.028563
0.028689
0.028738
0.02924
0.031401
0.029102
0.030643
0.029211
0.029342
0.029154
0.028894
0.02854
0.029125
0.028802
0.028779
0.028846
0.028872
0.028883
0.03134
0.031836
0.029423
0.029139
0.028739
0.030098
0.031464
0.029345
0.030898
0.031124
0.029597
0.02878
0.029106
0.029381
0.029579
0.029144
0.029402
0.030095
0.032556
0.030246
0.029585
0.029127
0.03001
0.030212
0.029729
0.028949
0.030746
0.029062
0.029862
0.028682
0.029231
0.028983
0.029572
0.030396
0.029007
0.02903
0.029327
0.029475
0.030519
0.030652
0.031156
0.030046
0.031576
0.03072
0.030357
0.03001
0.028564
0.02884
0.028863
0.028548
0.030766
0.030046
0.029372
0.029537
0.029337
0.029474
0.028909
0.028717
0.029839
0.029304
0.029085
0.029098
0.028731
0.0289
0.028798
0.028356
0.030002
0.028838
0.028956
0.028951
0.029451
0.02901
0.028444
0.031721
0.029377
0.029034
0.029869
0.030851
0.029957
0.030972
0.030563
0.02941
0.02977
0.030804
0.029447
0.030644
0.029268
0.030666
0.029437
0.029476
0.028993
0.029362
0.028938
0.029355
0.031401
0.029356
0.031277
0.029049
0.029156
0.029315
0.030262
0.029519
0.028738
0.031429
0.028717
0.031613
0.033168
0.031238
0.030912
0.030602
0.031341
0.030272
0.029061
0.028677
0.028087
0.028959
0.030313
0.028921
0.028822
0.029883
0.028735
0.030017
0.028704
0.029103
0.028537
0.02921
0.029315
0.031417
0.032976
0.041398
0.032727
0.030569
0.029557
0.032636
0.031939
0.031098
0.030106
0.031863
0.028974
0.030679
0.029012
0.030585
0.030775
0.031731
0.030972
0.030937
0.031347
0.030185
0.030923
0.029046
0.029123
0.030449
0.029032
0.029123
0.029707
0.028747
0.03046
0.030016
0.031025
0.028684
0.028975
0.029544
0.030873
0.031759
0.028934
0.029317
0.029712
0.030359
0.029249
0.028821
0.028631
0.028957
0.028819
0.028817
0.028876
0.028898
0.029372
0.028204
0.028819
0.028771
0.028958
0.029187
0.031545
0.028835
0.029062
0.029105
0.029471
0.031451
0.028735
0.030799
0.029188
0.028905
0.030118
0.028967
0.030661
0.030699
0.030101
0.028713
0.029639
0.028733
0.030276
0.028571
0.028816
0.030928
0.028493
0.028604
0.02876
0.031155
0.028742
0.02898
0.029012
0.029212
0.029432
0.028799
0.02863
0.028545
0.029879
0.031657
0.029253
0.03213
0.029124
0.02928
0.028763
0.029007
0.028932
0.028714
0.028943
0.028294
0.028975
0.029312
0.029228
0.029707
0.028568
0.029069
0.028745
0.029312
0.02893
0.028743
0.031504
0.02874
0.028833
0.028937
0.028677
0.028903
0.028735
0.029481
0.0287
0.028957
0.028705
0.029319
0.030744
0.028228
0.030341
0.029267
0.030758
0.033223
0.030833
0.028771
0.029775
0.029139
0.028456
0.028764
0.030243
0.028147
0.030898
0.030224
0.031935
0.030866
0.032151
0.030938
0.030494
0.031202
0.030839
0.032273
0.029058
0.031457
0.032387
0.031839
0.030593
0.0309
0.02826
0.030737
0.028417
0.028645
0.028939
0.028647
0.029192
0.028913
0.029861
0.030043
0.029329
0.029197
0.030112
0.033016
0.03028
0.028719
0.02917
0.029126
0.029471
0.029094
0.030451
0.028682
0.029221
0.028996
0.028838
0.029316
0.028713
0.029201
0.030193
0.030679
0.030284
0.029622
0.030845
0.03164
0.029682
0.030564
0.030844
0.030944
0.028946
0.028729
0.030537
0.028882
0.031006
0.031298
0.030497
0.029124
0.028699
0.028753
0.030547
0.029301
0.030925
0.027786
0.027878
0.031673
0.029448
0.029012
0.029416
0.029756
0.029652
0.031041
0.029414
0.02901
0.031217
0.030738
0.028424
0.03097
0.031207
0.032916
0.030751
0.032192
0.031875
0.031876
0.030524
0.030824
0.029804
0.034341
0.033796
0.030257
0.028895
0.030464
0.031114
0.029884
0.032248
0.031572
0.03172
0.030574
0.032243
0.030132
0.031296
0.029445
0.033549
0.028824
0.031356
0.030273
0.029028
0.029341
0.030354
0.030588
0.030303
0.029192
0.030964
0.029229
0.030298
0.030399
0.030833
0.03107
0.03119
0.030587
0.029552
0.029784
0.028381
0.030022
0.02917
0.028892
0.030532
0.028703
0.028944
0.030214
0.028686
0.029075
0.029246
0.02865
0.031153
0.029683
0.030862
0.02847
0.028987
0.029701
0.028848
0.029015
0.02972
0.029383
0.028938
0.028812
0.029207
0.028772
0.029191
0.028995
0.028537
0.028617
0.029006
0.029349
0.028789
0.028718
0.031104
0.03004
0.02928
0.029124
0.030262
0.028693
0.030355
0.029066
0.029181
0.028749
0.028661
0.029463
0.02887
0.0304
0.030815
0.0296
0.030487
0.029209
0.029896
0.031331
0.02919
0.028708
0.030743
0.028639
0.03031
0.030955
0.030293
0.030097
0.03085
0.029611
0.028536
0.031906
0.02943
0.030921
0.032135
0.030722
0.032047
0.02947
0.030675
0.029377
0.030479
0.029272
0.030246
0.03118
0.030762
0.030948
0.029137
0.02933
0.031416
0.031635
0.030182
0.029951
0.030932
0.029036
0.028952
0.029107
0.028942
0.028844
0.029366
0.028995
0.028625
0.030445
0.029813
0.028912
0.029004
0.028882
0.029021
0.029045
0.029347
0.029226
0.028727
0.028918
0.028261
0.029086
0.0297
0.02949
0.031824
0.029785
0.029887
0.029274
0.030042
0.028786
0.028923
0.029322
0.029149
0.031327
0.02999
0.030834
0.029394
0.030994
0.02876
0.029134
0.031416
0.0296
0.031834
0.028669
0.028924
0.028175
0.029078
0.029049
0.031108
0.030716
0.029041
0.028356
0.028865
0.028882
0.028543
0.028523
0.029276
0.029369
0.028699
0.029187
0.029159
0.030497
0.030736
0.031115
0.029141
0.030195
0.029813
0.030261
0.029438
0.028939
0.029036
0.030976
0.029162
0.028936
0.030842
0.029691
0.029016
0.029447
0.028727
0.030463
0.028952
0.030466
0.029047
0.030298
0.028605
0.029308
0.030518
0.029486
0.029158
0.029621
0.029489
0.02934
0.029293
0.030222
0.029708
0.028945
0.030918
0.029737
0.029725
0.030437
0.029281
0.029101
0.029765
0.035256
0.050901
0.029014
0.032229
0.036358
0.033813
0.03279
0.0312
0.032991
0.031026
0.029612
0.03088
0.030362
0.029341
0.066514
0.036386
0.032533
0.033645
0.031561
0.030299
0.030792
0.029576
0.028937
0.02917
0.029309
0.029796
0.03183
0.029979
0.031614
0.032737
0.034646
0.035523
0.031639
0.030307
0.03152
0.029753
0.029095
0.029416
0.030172
0.031038
0.032047
0.029461
0.031121
0.030273
0.029897
0.029331
0.031732
0.029988
0.029499
0.030522
0.031911
0.030024
0.030136
0.031025
0.029555
0.029402
0.0307
0.031626
0.031106
0.029539
0.030842
0.037182
0.045102
0.035948
0.031109
0.029623
0.032332
0.031866
0.031243
0.029645
0.031443
0.029455
0.030969
0.030926
0.031911
0.030737
0.029098
0.029489
0.031001
0.031889
0.031096
0.030666
0.030589
0.031176
0.030886
0.031551
0.030793
0.030969
0.031245
0.032756
0.031877
0.033086
0.03078
0.03081
0.031487
0.031001
0.030666
0.032015
0.031226
0.031345
0.030319
0.031142
0.032191
0.030623
0.032167
0.031953
0.031372
0.028907
0.029184
0.030779
0.030717
0.030764
0.031211
0.030754
0.02888
0.029637
0.029737
0.032008
0.029321
0.029363
0.029978
0.030677
0.02914
0.031145
0.028893
0.030633
0.029036
0.032146
0.029051
0.030797
0.028532
0.029342
0.029349
0.029825
0.029391
0.029377
0.029504
0.029515
0.030392
0.029721
0.029172
0.029656
0.029391
0.029183
0.02942
0.031746
0.029524
0.029594
0.029725
0.029479
0.02955
0.030057
0.030963
0.029097
0.0301
0.030877
0.031273
0.030568
0.030789
0.031257
0.030257
0.031973
0.030638
0.029683
0.029018
0.029123
0.029879
0.029263
0.030543
0.029547
0.030784
0.028683
0.031661
0.029069
0.028698
0.028923
0.029215
0.029656
0.028889
0.030506
0.029176
0.030688
0.028865
0.029467
0.029735
0.028962
0.029187
0.029306
0.029888
0.029199
0.028731
0.028439
0.029031
0.029657
0.029976
0.028895
0.031563
0.029468
0.028547
0.030664
0.02946
0.029987
0.032168
0.030331
0.030991
0.029906
0.030506
0.030263
0.0292
0.03125
0.028903
0.028947
0.030191
0.029125
0.029084
0.028821
0.02927
0.029197
0.030056
0.028985
0.030233
0.029673
0.029263
0.0309
0.030361
0.030973
0.031388
0.031651
0.028921
0.029692
0.029065
0.028898
0.028909
0.029673
0.030285
0.031458
0.031061
0.031002
0.030308
0.029175
0.029248
0.029215
0.029657
0.029337
0.029644
0.028966
0.029383
0.028797
0.031571
0.030333
0.028702
0.029458
0.03091
0.030315
0.031405
0.030909
0.030401
0.029449
0.030532
0.030676
0.030409
0.030595
0.029274
0.029446
0.029463
0.032044
0.030192
0.029154
0.030917
0.029281
0.032336
0.030941
0.029502
0.02909
0.029593
0.03014
0.028939
0.029979
0.029344
0.030482
0.028783
0.030324
0.029629
0.031102
0.028789
0.031419
0.031169
0.03058
0.031555
0.029465
0.029675
0.031185
0.031341
0.02876
0.029016
0.028998
0.030678
0.031104
0.029049
0.028998
0.029037
0.029011
0.031612
0.029362
0.029214
0.029716
0.029433
0.02917
0.032136
0.029254
0.030514
0.031172
0.029511
0.030013
0.029184
0.030742
0.028746
0.028953
0.029123
0.029472
0.02986
0.031012
0.030432
0.029179
0.030844
0.029059
0.029815
0.028723
