0.02979
0.027944
0.029877
0.030114
0.029552
0.030211
0.028081
0.029743
0.02975
0.030861
0.029421
0.029007
0.029765
0.029363
0.029761
0.029159
0.028285
0.029288
0.029964
0.029842
0.028946
0.028746
0.031065
0.028414
0.032945
0.029355
0.029428
0.030573
0.029215
0.029236
0.030864
0.029758
0.030177
0.029742
0.027543
0.029289
0.031495
0.029705
0.030133
0.02963
0.030397
0.029303
0.030214
0.029505
0.029538
0.029714
0.029775
0.029931
0.030383
0.02998
0.030119
0.028595
0.029587
0.03041
0.028941
0.030104
0.02967
0.029981
0.03013
0.030241
0.030134
0.02967
0.030222
0.029442
0.030683
0.030507
0.030102
0.029612
0.030268
0.031
0.030121
0.030925
0.028981
0.030552
0.03179
0.03374
0.029165
0.030211
0.030853
0.029647
0.028954
0.031366
0.029667
0.02774
0.030161
0.029764
0.029173
0.029768
0.02987
0.029832
0.029591
0.030212
0.030187
0.030536
0.029915
0.030166
0.029694
0.029557
0.03047
0.030244
0.030303
0.029795
0.030713
0.027883
0.030586
0.031157
0.030188
0.031204
0.029465
0.031659
0.030208
0.031142
0.029956
0.030293
0.028017
0.030255
0.03254
0.030467
0.030544
0.030152
0.029169
0.030023
0.03017
0.029696
0.028983
0.029551
0.030241
0.030274
0.030213
0.029739
0.028984
0.02946
0.029519
0.029481
0.029698
0.029585
0.030113
0.030617
0.030461
0.029675
0.033564
0.029359
0.03013
0.029756
0.030531
0.029373
0.029672
0.030569
0.029818
0.030719
0.029232
0.029052
0.029353
0.029906
0.031087
0.028991
0.029336
0.030217
0.028969
0.029524
0.0297
0.029131
0.029079
0.029306
0.029695
0.029573
0.029429
0.0308
0.031548
0.030671
0.030685
0.030833
0.030659
0.031015
0.030387
0.030079
0.030498
0.030611
0.028429
0.03094
0.030255
0.030687
0.029391
0.03075
0.030667
0.030312
0.030252
0.031482
0.030883
0.030563
0.031067
0.030339
0.031236
0.033351
0.029406
0.030624
0.030399
0.030137
0.031011
0.031407
0.031583
0.030334
0.030551
0.030332
0.030535
0.029708
0.029914
0.029376
0.02929
0.028102
0.029746
0.029269
0.031107
0.030124
0.030061
0.029681
0.02948
0.030091
0.029706
0.029409
0.029495
0.031908
0.03102
0.030995
0.031
0.031034
0.031793
0.031331
0.031348
0.029753
0.029956
0.029931
0.027559
0.029116
0.02921
0.029108
0.030153
0.029587
0.028332
0.030046
0.029325
0.028926
0.028032
0.028687
0.029515
0.03141
0.029402
0.030735
0.029788
0.030067
0.031441
0.02972
0.030666
0.029615
0.032073
0.030273
0.031095
0.029718
0.029891
0.029225
0.02963
0.029306
0.029748
0.030314
0.027679
0.029649
0.029229
0.029452
0.029884
0.02958
0.029826
0.03018
0.029979
0.029146
0.029552
0.029231
0.029563
0.030546
0.029474
0.029732
0.030078
0.02954
0.029134
0.029204
0.030212
0.03007
0.029849
0.02912
0.02893
0.029662
0.029573
0.03
0.029476
0.030091
0.029871
0.029383
0.030071
0.02858
0.02955
0.029695
0.029496
0.030178
0.029879
0.029391
0.029529
0.03064
0.029995
0.029682
0.029111
0.029252
0.029908
0.030105
0.030033
0.028503
0.029767
0.029104
0.029394
0.030126
0.029619
0.031177
0.030037
0.029584
0.029184
0.030137
0.02834
0.028661
0.030194
0.032717
0.030133
0.030788
0.029664
0.030129
0.029254
0.03013
0.030221
0.030025
0.029653
0.029739
0.03026
0.02957
0.029933
0.028784
0.029691
0.029855
0.029746
0.029585
0.029893
0.030362
0.029196
0.029228
0.029865
0.029528
0.02944
0.030262
0.028235
0.030597
0.03112
0.030303
0.029539
0.0299
0.027796
0.030349
0.029264
0.027549
0.028159
0.029188
0.030169
0.030371
0.029281
0.03019
0.029907
0.029479
0.028028
0.03051
0.030534
0.029845
0.030443
0.02996
0.029357
0.029943
0.029709
0.029527
0.029403
0.028967
0.030262
0.030084
0.029996
0.029457
0.030442
0.029718
0.029048
0.029829
0.029645
0.030432
0.030677
0.030317
0.030127
0.030346
0.030281
0.029397
0.029263
0.027987
0.029314
0.029926
0.02766
0.029669
0.029532
0.02958
0.029337
0.030224
0.029327
0.029405
0.02976
0.030585
0.029936
0.03008
0.030064
0.029429
0.02941
0.029987
0.029345
0.030267
0.030209
0.029228
0.029966
0.031609
0.029506
0.030367
0.027769
0.030197
0.029585
0.029753
0.029991
0.029719
0.031058
0.029112
0.02945
0.029143
0.029961
0.029054
0.034136
0.032753
0.031141
0.03059
0.030882
0.030386
0.030689
0.031346
0.033144
0.033388
0.033713
0.030063
0.029888
0.027779
0.029522
0.030615
0.03046
0.030195
0.031438
0.029975
0.030514
0.029859
0.02928
0.030708
0.028081
0.031179
0.030296
0.02941
0.030197
0.029733
0.030382
0.028898
0.030167
0.029695
0.029662
0.030069
0.029768
0.029549
0.028922
0.030214
0.029479
0.029984
0.02874
0.028974
0.029697
0.030494
0.030766
0.029225
0.029739
0.029354
0.031083
0.028963
0.030299
0.029888
0.02971
0.028066
0.029964
0.029718
0.030103
0.029663
0.029429
0.029257
0.03028
0.029432
0.030616
0.029891
0.029406
0.029733
0.029257
0.031104
0.029577
0.030652
0.029587
0.03006
0.030221
0.029408
0.029826
0.02956
0.029971
0.030059
0.028888
0.030544
0.029138
0.029859
0.029394
0.029476
0.030209
0.029332
0.030316
0.029467
0.029886
0.029581
0.02996
0.030933
0.030807
0.029562
0.029861
0.030267
0.028708
0.030081
0.032786
0.029135
0.029303
0.029758
0.029183
0.029567
0.029732
0.030081
0.030949
0.030127
0.030115
0.02988
0.029986
0.031236
0.029526
0.030009
0.02972
0.030625
0.029603
0.030261
0.029349
0.029813
0.028542
0.028579
0.031065
0.029613
0.029864
0.029097
0.030479
0.029892
0.029914
0.030635
0.030194
0.030893
0.02962
0.029916
0.029886
0.030443
0.030474
0.029631
0.029966
0.02955
0.029542
0.029983
0.029337
0.029133
0.029491
0.03039
0.029344
0.029837
0.029174
0.029393
0.030292
0.029553
0.029964
0.029442
0.029871
0.028095
0.029949
0.030114
0.029591
0.029445
0.029307
0.02957
0.030161
0.030148
0.03108
0.029591
0.027799
0.029402
0.029205
0.030229
0.027687
0.029589
0.02991
0.030171
0.027793
0.028684
0.030052
0.029241
0.02952
0.031179
0.030707
0.02978
0.029553
0.030143
0.029349
0.029478
0.030039
0.030683
0.031002
0.029936
0.029211
0.028951
0.030754
0.029412
0.031589
0.029962
0.029314
0.029381
0.028878
0.029313
0.029692
0.029913
0.029935
0.029193
0.029441
0.029015
0.028329
0.028634
0.030176
0.029482
0.03042
0.030405
0.029824
0.029674
0.028788
0.030489
0.028829
0.031127
0.029334
0.02969
0.030515
0.02959
0.030449
0.029053
0.029808
0.030156
0.029134
0.03003
0.029757
0.033349
0.032938
0.036614
0.031949
0.031415
0.030837
0.034691
0.031503
0.031278
0.031364
0.032008
0.029924
0.031249
0.030815
0.03841
0.035763
0.032371
0.032849
0.039143
0.032492
0.030578
0.029653
0.030604
0.029693
0.030519
0.031135
0.030364
0.029711
0.033539
0.032095
0.032097
0.033672
0.032465
0.031932
0.033033
0.031376
0.03047
0.030188
0.031467
0.028679
0.032872
0.03045
0.031493
0.030014
0.031108
0.030045
0.03048
0.030892
0.029374
0.03007
0.02949
0.030349
0.030841
0.031542
0.029951
0.030839
0.030599
0.049035
0.031391
0.031072
0.031423
0.030875
0.03499
0.038443
0.032981
0.034649
0.030666
0.02997
0.028704
0.03023
0.031536
0.029447
0.03034
0.029805
0.031676
0.029227
0.029559
0.030659
0.029336
0.029405
0.03086
0.029931
0.031133
0.029265
0.030091
0.029979
0.02932
0.030122
0.029768
0.03072
0.0298
0.029733
0.030206
0.032245
0.031368
0.030048
0.030256
0.02961
0.030111
0.029894
0.028161
0.030345
0.031406
0.030041
0.030072
0.029568
0.030191
0.031443
0.030473
0.03023
0.030792
0.029736
0.029767
0.029309
0.029444
0.030284
0.030363
0.029844
0.031699
0.030744
0.031033
0.031278
0.030122
0.030556
0.030938
0.029333
0.029865
0.029475
0.03001
0.030079
0.029743
0.029922
0.029396
0.029969
0.031354
0.029818
0.029942
0.03261
0.029741
0.030195
0.029876
0.030141
0.028822
0.029284
0.031107
0.030408
0.030284
0.029628
0.030755
0.030788
0.0298
0.030035
0.02965
0.030044
0.030197
0.028039
0.029692
0.03123
0.029733
0.029671
0.029434
0.030214
0.030158
0.029781
0.02985
0.029955
0.03358
0.02899
0.029636
0.029766
0.029345
0.028941
0.029876
0.028987
0.029409
0.030015
0.029249
0.029987
0.030232
0.029688
0.030305
0.029463
0.030421
0.029706
0.02969
0.029195
0.029761
0.029787
0.030096
0.03081
0.030061
0.030149
0.030503
0.028989
0.029222
0.02995
0.029291
0.029918
0.030007
0.029303
0.031181
0.029824
0.028076
0.029634
0.027646
0.028024
0.029958
0.030877
0.030052
0.030222
0.029507
0.030321
0.030867
0.030195
0.029502
0.029013
0.030696
0.029412
0.031263
0.027867
0.029539
0.031005
0.029914
0.030289
0.029622
0.030558
0.030199
0.029716
0.029375
0.030339
0.030707
0.029539
0.029742
0.029855
0.029639
0.030497
0.030451
0.029663
0.029173
0.030379
0.029328
0.029829
0.030164
0.030132
0.029352
0.029832
0.030393
0.030419
0.031856
0.030122
0.030255
0.029475
0.02977
0.029232
0.030043
0.02988
0.029723
0.031136
0.030153
0.029653
0.029912
0.03024
0.030333
0.029657
0.029162
0.030309
0.030093
0.030284
0.03017
0.029562
0.029938
0.030126
0.029683
0.030213
0.028385
0.030963
0.030386
0.029895
0.029405
0.030668
0.030283
0.029152
0.030924
0.029307
0.031374
0.0308
0.030097
0.029685
0.030441
0.030087
0.03
0.02978
0.029694
0.02997
0.03026
0.029534
0.029487
0.029133
0.031367
0.030256
0.030021
0.030355
0.028801
0.029069
0.029375
0.028011
0.029953
0.030204
0.029955
0.031008
0.029471
0.029603
0.03031
0.030201
0.029988
0.029336
0.029772
0.029598
0.029046
0.029668
0.030191
0.029841
0.027987
0.030534
0.029936
0.030412
0.028949
0.030121
0.029701
