0.030152
0.028787
0.028679
0.028995
0.029336
0.029693
0.027908
0.029201
0.029284
0.029574
0.029155
0.029156
0.030433
0.02954
0.029412
0.029026
0.028507
0.029575
0.029658
0.029598
0.029404
0.028653
0.029244
0.029061
0.029533
0.029044
0.029705
0.029984
0.030202
0.029697
0.029214
0.030002
0.029626
0.029873
0.029247
0.02952
0.029803
0.029608
0.029083
0.029559
0.029241
0.028876
0.028728
0.029318
0.028708
0.029693
0.030406
0.029513
0.029098
0.030466
0.029856
0.029683
0.031125
0.029317
0.029706
0.029691
0.029919
0.029171
0.029101
0.029262
0.029817
0.029335
0.028851
0.028843
0.030218
0.029482
0.029385
0.029052
0.030199
0.029332
0.029657
0.029783
0.029697
0.029376
0.030065
0.029366
0.029194
0.028697
0.029963
0.02911
0.028895
0.030302
0.029453
0.030668
0.029254
0.029306
0.02914
0.029153
0.030136
0.029024
0.029616
0.029129
0.031774
0.030541
0.030219
0.030306
0.029827
0.029004
0.029777
0.029817
0.030793
0.029602
0.03073
0.029276
0.028976
0.029713
0.029788
0.029796
0.030274
0.030366
0.029829
0.030238
0.029809
0.030207
0.030644
0.029992
0.03062
0.02999
0.030865
0.029311
0.028715
0.029296
0.029465
0.029217
0.028771
0.028682
0.028984
0.029889
0.029294
0.029273
0.028989
0.029216
0.02942
0.029606
0.029865
0.029673
0.028938
0.029348
0.029946
0.03033
0.029399
0.029228
0.029629
0.029034
0.030444
0.028692
0.029732
0.029418
0.028867
0.027649
0.029188
0.029349
0.029518
0.029807
0.030294
0.028638
0.028933
0.029
0.029744
0.029228
0.030312
0.029228
0.028732
0.02959
0.029606
0.029054
0.03076
0.029921
0.030353
0.029573
0.03023
0.030072
0.030287
0.030514
0.030293
0.029861
0.030962
0.031539
0.030245
0.030864
0.030069
0.030406
0.030884
0.030509
0.03023
0.030239
0.03052
0.029833
0.030421
0.030347
0.030508
0.029957
0.030143
0.030175
0.030329
0.030485
0.030127
0.031297
0.029821
0.030575
0.029911
0.029969
0.030905
0.030405
0.030085
0.029215
0.029742
0.030149
0.030211
0.029409
0.029008
0.030084
0.029895
0.030458
0.029006
0.028984
0.02922
0.029562
0.030749
0.030068
0.030856
0.032522
0.034576
0.028482
0.029875
0.031832
0.031375
0.030128
0.02946
0.030287
0.029163
0.030425
0.027487
0.029204
0.029279
0.029402
0.029308
0.029901
0.028932
0.029597
0.031477
0.027684
0.029465
0.028388
0.029507
0.030148
0.028557
0.028822
0.028847
0.03109
0.029672
0.028834
0.029341
0.029159
0.030793
0.029605
0.028897
0.030036
0.031021
0.029277
0.029301
0.02902
0.029577
0.028838
0.02942
0.029129
0.028604
0.028539
0.029543
0.029333
0.02927
0.0293
0.031018
0.029358
0.0308
0.028976
0.028873
0.029378
0.028958
0.030587
0.029654
0.029349
0.029502
0.028574
0.028449
0.029304
0.030677
0.029705
0.02902
0.029012
0.030153
0.029979
0.029161
0.02943
0.02905
0.030254
0.029723
0.029685
0.029851
0.029348
0.030703
0.029004
0.031751
0.029576
0.029922
0.029447
0.029348
0.030718
0.029666
0.029671
0.029369
0.028923
0.029495
0.028746
0.029639
0.028717
0.029518
0.028913
0.029618
0.029786
0.029191
0.029419
0.029124
0.029622
0.029011
0.029338
0.029467
0.029473
0.030103
0.029223
0.029961
0.029275
0.029173
0.030162
0.027833
0.027729
0.029462
0.029476
0.029933
0.029044
0.028986
0.02951
0.028917
0.029641
0.029841
0.029988
0.029217
0.030313
0.029509
0.029184
0.030324
0.029423
0.029811
0.029346
0.028858
0.029036
0.029744
0.028595
0.030762
0.029158
0.029757
0.030515
0.029159
0.028793
0.02966
0.031339
0.027747
0.029787
0.028801
0.02969
0.029876
0.029289
0.029273
0.029715
0.029088
0.029778
0.029235
0.029505
0.030325
0.029406
0.029039
0.028717
0.029228
0.030555
0.028702
0.029427
0.029804
0.029448
0.02999
0.028974
0.029524
0.029547
0.029111
0.029174
0.029697
0.029001
0.028506
0.030257
0.028908
0.029541
0.029313
0.029396
0.027916
0.027682
0.031131
0.029474
0.027823
0.02882
0.030095
0.029115
0.029621
0.030035
0.028745
0.031581
0.028906
0.029115
0.030186
0.029722
0.028931
0.030033
0.030971
0.029368
0.029512
0.02976
0.030757
0.02944
0.029071
0.029031
0.029538
0.028699
0.029623
0.028599
0.029113
0.029492
0.030017
0.02983
0.029403
0.029042
0.03015
0.030918
0.031763
0.030797
0.031623
0.030616
0.030342
0.03085
0.030245
0.031755
0.032367
0.031304
0.029525
0.028919
0.030045
0.0294
0.029226
0.030298
0.030175
0.030094
0.031494
0.029419
0.029733
0.029481
0.02974
0.027855
0.029489
0.029008
0.028729
0.029478
0.02924
0.029885
0.029504
0.028479
0.029461
0.029729
0.029332
0.029895
0.030094
0.029266
0.02908
0.028366
0.029054
0.029824
0.030012
0.029371
0.02997
0.031539
0.029026
0.029468
0.029793
0.029529
0.028928
0.027599
0.031046
0.0297
0.029305
0.03054
0.029213
0.029567
0.027893
0.029039
0.029682
0.029597
0.031518
0.029452
0.030239
0.029368
0.029453
0.029546
0.029052
0.030378
0.029501
0.029394
0.029461
0.029622
0.030008
0.028928
0.029778
0.029095
0.02957
0.030102
0.028986
0.028701
0.02929
0.030361
0.029376
0.029628
0.028544
0.028204
0.027744
0.031419
0.029612
0.029129
0.029884
0.030193
0.028906
0.029773
0.029748
0.029246
0.029308
0.029154
0.029238
0.030355
0.030078
0.030413
0.029585
0.030151
0.028715
0.028867
0.029747
0.028671
0.03137
0.029794
0.029384
0.029665
0.028676
0.029328
0.029742
0.029172
0.029011
0.029702
0.029503
0.029996
0.028934
0.028637
0.029483
0.02905
0.029187
0.029177
0.030959
0.029757
0.031191
0.028743
0.028899
0.029519
0.028301
0.030762
0.029424
0.029354
0.029815
0.030084
0.029884
0.029388
0.028674
0.02924
0.02957
0.028923
0.029573
0.030234
0.029024
0.029194
0.029503
0.029234
0.028794
0.029631
0.029454
0.029589
0.030818
0.029236
0.029193
0.029781
0.029297
0.031364
0.028827
0.031236
0.029075
0.029523
0.027448
0.029785
0.029574
0.029006
0.029978
0.03059
0.030068
0.029444
0.02956
0.030185
0.029174
0.0291
0.029052
0.02954
0.029484
0.02967
0.030073
0.029568
0.029638
0.028971
0.02895
0.029204
0.028929
0.031415
0.028913
0.032878
0.029877
0.029438
0.029647
0.029258
0.028856
0.029655
0.030205
0.029833
0.029584
0.028976
0.029314
0.030332
0.028482
0.029198
0.028983
0.029428
0.029547
0.028536
0.029074
0.029778
0.030818
0.028491
0.029252
0.029506
0.029309
0.029004
0.029414
0.031054
0.030057
0.028833
0.029414
0.029072
0.028908
0.029897
0.029974
0.029442
0.028868
0.029134
0.028578
0.034332
0.034298
0.030973
0.030983
0.031628
0.031621
0.03189
0.031272
0.032309
0.031245
0.031635
0.031303
0.03118
0.030415
0.039079
0.032854
0.033265
0.033047
0.032965
0.030871
0.032517
0.030095
0.030988
0.029807
0.030466
0.030463
0.032465
0.030915
0.032622
0.031535
0.03204
0.035105
0.032369
0.031691
0.032769
0.0308
0.030376
0.030317
0.03048
0.029392
0.031029
0.030772
0.030772
0.030407
0.030539
0.030353
0.030439
0.031097
0.028718
0.031343
0.031045
0.03129
0.031276
0.030102
0.029647
0.030025
0.029952
0.034206
0.031606
0.030237
0.030558
0.030924
0.032571
0.032076
0.031697
0.031131
0.03073
0.030356
0.030501
0.02906
0.027861
0.027684
0.031098
0.029989
0.031044
0.028427
0.030068
0.029957
0.029363
0.029939
0.029674
0.029961
0.029612
0.030151
0.029837
0.030737
0.030114
0.029705
0.029548
0.029518
0.030217
0.028477
0.030076
0.029908
0.030092
0.029888
0.029286
0.028982
0.031747
0.02959
0.029527
0.02928
0.029025
0.030713
0.031692
0.029968
0.030208
0.029908
0.029767
0.030889
0.02935
0.033582
0.02956
0.029765
0.029839
0.029153
0.02999
0.029338
0.030386
0.029907
0.030015
0.029923
0.029999
0.030196
0.029691
0.030275
0.029377
0.029307
0.029584
0.031054
0.030009
0.029654
0.029235
0.029425
0.029902
0.030089
0.027807
0.029494
0.029371
0.029022
0.029461
0.029471
0.029199
0.030596
0.02997
0.03031
0.029399
0.02891
0.030143
0.029277
0.029228
0.029257
0.029842
0.030103
0.029489
0.02881
0.029963
0.029648
0.029581
0.030304
0.029834
0.030565
0.029533
0.029698
0.029857
0.029894
0.030962
0.029421
0.029171
0.03033
0.02979
0.030063
0.030198
0.029999
0.029317
0.031439
0.029065
0.030347
0.029767
0.029959
0.029548
0.029936
0.028732
0.029582
0.03124
0.030203
0.029953
0.029655
0.03004
0.029794
0.029835
0.029308
0.029841
0.030734
0.029498
0.029616
0.029516
0.029696
0.029617
0.030058
0.030789
0.029368
0.029188
0.029445
0.027763
0.029136
0.029637
0.028958
0.029015
0.029962
0.029242
0.029765
0.029886
0.02929
0.029614
0.029762
0.029694
0.02917
0.03094
0.029271
0.029785
0.030853
0.02906
0.029478
0.029367
0.029631
0.029407
0.030326
0.027675
0.029554
0.029669
0.029676
0.029881
0.029898
0.030197
0.029738
0.029767
0.0292
0.030377
0.030214
0.029497
0.030033
0.02953
0.031438
0.030001
0.030118
0.029439
0.029212
0.029454
0.029115
0.02958
0.03009
0.031229
0.02968
0.029803
0.029784
0.029059
0.029707
0.02983
0.029299
0.028968
0.030276
0.029402
0.029954
0.029692
0.029867
0.030636
0.029198
0.029913
0.030115
0.029947
0.029982
0.029177
0.029238
0.030473
0.030266
0.029923
0.029872
0.029036
0.029761
0.030968
0.029433
0.029894
0.028788
0.029492
0.029962
0.029099
0.029344
0.030409
0.029574
0.029166
0.029519
0.030217
0.030807
0.029778
0.030136
0.029114
0.029324
0.030017
0.029387
0.028898
0.02846
0.030683
0.02949
0.029141
0.029722
0.02935
0.02945
0.02975
0.02917
0.028653
0.030171
0.029364
0.029501
0.029617
0.029702
0.029503
0.030263
0.029306
0.031078
0.031476
0.029841
0.029591
0.029736
0.029539
0.03035
0.029535
0.029716
0.029546
