0.047089
0.044264
0.044223
0.043185
0.043305
0.045432
0.043512
0.043537
0.046445
0.045033
0.045066
0.046098
0.044592
0.043708
0.043459
0.043108
0.044264
0.043938
0.041676
0.044133
0.04396
0.043383
0.044614
0.045
0.043914
0.044975
0.042679
0.043823
0.045793
0.044671
0.043371
0.042216
0.045655
0.044097
0.044078
0.044121
0.045128
0.043429
0.04473
0.045236
0.044355
0.043809
0.043319
0.043713
0.044173
0.043593
0.043775
0.043407
0.043772
0.04449
0.043716
0.044086
0.043461
0.043244
0.043866
0.044171
0.043643
0.045206
0.043861
0.043568
0.049532
0.043574
0.043929
0.043859
0.044073
0.044167
0.044443
0.044056
0.043149
0.043315
0.045069
0.043098
0.043279
0.0447
0.044499
0.044083
0.04473
0.043696
0.042601
0.043663
0.043809
0.043967
0.044023
0.043813
0.043698
0.043741
0.045318
0.044123
0.044344
0.04609
0.043754
0.043629
0.044015
0.044287
0.044433
0.043286
0.041295
0.043484
0.044428
0.046247
0.044527
0.043554
0.046673
0.043943
0.044108
0.044552
0.044033
0.046302
0.044172
0.042418
0.044101
0.043842
0.045565
0.043382
0.043644
0.043974
0.04514
0.044563
0.044919
0.045069
0.045612
0.044478
0.043575
0.043624
0.043857
0.044391
0.043739
0.04368
0.043785
0.043288
0.044877
0.043871
0.043579
0.043727
0.044261
0.043673
0.043908
0.04516
0.045271
0.044269
0.044643
0.045405
0.04348
0.043632
0.045049
0.043805
0.043731
0.043999
0.043038
0.044515
0.043611
0.044563
0.043765
0.044312
0.045125
0.043137
0.044445
0.045265
0.043216
0.043894
0.043862
0.044496
0.044544
0.043992
0.043987
0.043525
0.044306
0.046161
0.04453
0.044022
0.045391
0.044069
0.043951
0.043565
0.045092
0.044518
0.045494
0.044591
0.04416
0.044249
0.04683
0.044049
0.043619
0.043346
0.044054
0.043859
0.043673
0.043733
0.044935
0.043386
0.045561
0.043434
0.043875
0.044273
0.043543
0.042878
0.042523
0.044857
0.046296
0.044073
0.042631
0.043198
0.042899
0.043802
0.044565
0.043723
0.04309
0.042985
0.043173
0.04318
0.045143
0.043466
0.043732
0.045517
0.044647
0.044752
0.044148
0.044742
0.043694
0.043487
0.043626
0.043657
0.043889
0.043912
0.043989
0.043122
0.045162
0.04313
0.044779
0.044264
0.043477
0.044435
0.043504
0.042901
0.044549
0.043208
0.042549
0.046272
0.042983
0.044185
0.043606
0.04459
0.043108
0.043072
0.045932
0.043648
0.043485
0.043536
0.042821
0.04344
0.045761
0.044249
0.045441
0.043743
0.043788
0.045168
0.043593
0.043164
0.043783
0.04827
0.043721
0.04367
0.044689
0.043684
0.043761
0.043734
0.044629
0.043386
0.043981
0.044368
0.043286
0.043767
0.04323
0.043074
0.043726
0.045674
0.045215
0.044383
0.045498
0.043376
0.043508
0.044098
0.045039
0.043651
0.043293
0.043303
0.043704
0.043431
0.045095
0.044577
0.043537
0.045133
0.04413
0.042926
0.043034
0.044121
0.044767
0.043632
0.043697
0.043662
0.043351
0.043694
0.043592
0.043478
0.043505
0.043316
0.044033
0.043507
0.043692
0.043286
0.043601
0.045146
0.043284
0.042939
0.043512
0.042425
0.0439
0.042792
0.043602
0.043585
0.044472
0.044504
0.041895
0.043362
0.042827
0.043011
0.040977
0.043571
0.042371
0.043052
0.044145
0.041131
0.044155
0.041214
0.044303
0.043758
0.043156
0.043006
0.04304
0.04388
0.043862
0.043496
0.043877
0.043022
0.045218
0.044595
0.044591
0.045811
0.043517
0.04406
0.044554
0.043819
0.043702
0.043615
0.043595
0.045211
0.042441
0.044212
0.044089
0.042817
0.044838
0.044708
0.044456
0.0445
0.041436
0.043809
0.044785
0.043178
0.044224
0.044185
0.044258
0.043765
0.043439
0.044909
0.04412
0.044042
0.044118
0.042413
0.043406
0.040824
0.043858
0.043167
0.043369
0.043537
0.043711
0.043435
0.043758
0.04092
0.043973
0.043661
0.043952
0.043426
0.042806
0.04367
0.044652
0.043212
0.043145
0.042762
0.043612
0.044268
0.043739
0.042858
0.043863
0.043983
0.043936
0.044468
0.044765
0.044191
0.043162
0.045319
0.04323
0.04346
0.040785
0.043139
0.044709
0.043103
0.042717
0.043984
0.044071
0.0439
0.044095
0.044033
0.04527
0.04506
0.042651
0.041271
0.043121
0.044408
0.040982
0.043278
0.040842
0.04373
0.042699
0.04311
0.043849
0.045786
0.043774
0.043214
0.042847
0.044376
0.041241
0.04493
0.043929
0.043338
0.043257
0.042771
0.043448
0.044143
0.043345
0.043347
0.043467
0.048534
0.042817
0.046154
0.043848
0.043887
0.044157
0.043236
0.042507
0.043223
0.043682
0.04399
0.043574
0.042833
0.043593
0.042088
0.044368
0.043927
0.04491
0.043457
0.043845
0.044486
0.04369
0.042427
0.043532
0.044262
0.043105
0.043933
0.044529
0.044699
0.043005
0.0443
0.043376
0.043912
0.043588
0.04385
0.044193
0.043084
0.043135
0.04301
0.0434
0.044167
0.043691
0.042642
0.043458
0.040784
0.042714
0.044179
0.043124
0.041658
0.043866
0.04635
0.044343
0.044471
0.043996
0.041508
0.041385
0.044383
0.044174
0.045122
0.043861
0.044353
0.045765
0.043523
0.044276
0.044268
0.044418
0.04512
0.043898
0.044033
0.048494
0.04411
0.044041
0.046022
0.044273
0.044354
0.043806
0.044554
0.044247
0.043247
0.043297
0.046503
0.049117
0.045375
0.045208
0.04657
0.04515
0.04342
0.0451
0.045388
0.0443
0.044393
0.045408
0.044454
0.043926
0.044946
0.045788
0.044295
0.043574
0.045404
0.044704
0.043581
0.045036
0.041735
0.044626
0.045136
0.044056
0.044152
0.043683
0.046373
0.044981
0.044294
0.044903
0.042869
0.043664
0.044598
0.0448
0.043835
0.043559
0.043848
0.044067
0.044272
0.046174
0.041344
0.044274
0.043952
0.044768
0.044282
0.044181
0.045751
0.044295
0.044324
0.045754
0.043781
0.044257
0.042853
0.044751
0.045681
0.044032
0.044625
0.045445
0.043438
0.044229
0.043655
0.044177
0.044716
0.0434
0.045095
0.046105
0.04346
0.041377
0.044535
0.043745
0.041218
0.044269
0.044839
0.043639
0.043721
0.043626
0.044546
0.04364
0.043788
0.044868
0.048183
0.043935
0.044855
0.041137
0.042932
0.045227
0.044161
0.044004
0.0468
0.041695
0.044097
0.043967
0.043858
0.043494
0.044679
0.043655
0.04597
0.043596
0.043384
0.044336
0.044771
0.044228
0.044443
0.043635
0.04386
0.045797
0.044463
0.044291
0.045295
0.043741
0.044527
0.043866
0.043615
0.043731
0.044523
0.043468
0.04163
0.043484
0.04543
0.043921
0.043315
0.044377
0.043407
0.045825
0.045083
0.044053
0.043921
0.045065
0.044701
0.043361
0.044515
0.045049
0.041217
0.044128
0.044251
0.044395
0.044437
0.044582
0.0439
0.044041
0.04429
0.044399
0.042133
0.044679
0.045376
0.044316
0.043921
0.044194
0.044775
0.047501
0.044386
0.044399
0.043477
0.044836
0.044347
0.045787
0.044167
0.044396
0.043659
0.043697
0.042806
0.04377
0.044633
0.043939
0.041582
0.044506
0.041358
0.042993
0.044562
0.042896
0.044685
0.044586
0.043577
0.047386
0.044228
0.043829
0.045108
0.044501
0.041634
0.04407
0.041397
0.042631
0.043256
0.044708
0.04435
0.044846
0.04589
0.04357
0.04409
0.043439
0.044839
0.044608
0.044064
0.043988
0.047151
0.044131
0.044078
0.04478
0.04415
0.046167
0.0441
0.044358
0.046394
0.04475
0.043327
0.044764
0.045059
0.045037
0.044496
0.044806
0.044429
0.041468
0.045705
0.044672
0.04337
0.043893
0.04416
0.045211
0.044668
0.044344
0.04487
0.043689
0.043367
0.043485
0.043746
0.044744
0.044139
0.043282
0.042503
0.043955
0.044344
0.044691
0.044199
0.044833
0.043961
0.045527
0.041559
0.044819
0.044134
0.044569
0.044242
0.04436
0.044752
0.044688
0.04418
0.045312
0.043404
0.041221
0.043893
0.043812
0.043553
0.044893
0.044067
0.046075
0.043796
0.045452
0.044389
0.044164
0.043297
0.043599
0.043903
0.043809
0.044145
0.044325
0.045874
0.043835
0.043032
0.043738
0.043664
0.044025
0.045576
0.044042
0.044352
0.045871
0.043431
0.044036
0.044071
0.045013
0.045265
0.044334
0.044004
0.044375
0.04426
0.044538
0.044376
0.043705
0.044269
0.043044
0.042698
0.044715
0.044173
0.044209
0.044183
0.04436
0.043899
0.04414
0.044726
0.043652
0.045517
0.043561
0.043956
0.043692
0.044508
0.043099
0.041304
0.045859
0.04423
0.043491
0.04446
0.044103
0.05006
0.044345
0.042873
0.044083
0.043779
0.044265
0.041477
0.044329
0.044444
0.043784
0.044826
0.044632
0.043118
0.044106
0.042899
0.043904
0.044269
0.04431
0.044025
0.045758
0.043961
0.046106
0.044365
0.044279
0.043901
0.044472
0.044313
0.043803
0.044163
0.044561
0.041265
0.04455
0.043824
0.044504
0.044013
0.044152
0.043921
0.044374
0.044669
0.044169
0.044599
0.046079
0.0445
0.041373
0.04406
0.043024
0.043493
0.043031
0.045788
0.043344
0.044609
0.045959
0.044239
0.043831
0.043964
0.044462
0.043145
0.044287
0.044062
0.043788
0.043022
0.045744
0.045308
0.043948
0.045439
0.043725
0.043875
0.043495
0.043452
0.043636
0.04435
0.043208
0.043749
0.044693
0.044633
0.043806
0.04408
0.046809
0.044299
0.043764
0.04374
0.043124
0.045782
0.044286
0.04602
0.045239
0.044362
0.044754
0.045732
0.043397
0.043396
0.044616
0.043763
0.045611
0.044359
0.043614
0.04415
0.04551
0.04227
0.041761
0.045617
0.044574
0.043126
0.043433
0.043806
0.04408
0.04413
0.044314
0.043579
0.041547
0.04254
0.044126
0.043881
0.044269
0.044037
0.043825
0.043623
0.045217
0.045948
0.043437
0.0455
0.043894
0.043747
0.043323
0.043907
0.044978
0.043677
0.043946
0.043652
0.043237
0.044836
0.041323
0.044024
0.043558
0.043536
0.045165
0.043512
0.044785
0.04504
0.041473
0.045033
0.044211
0.044103
0.043305
0.044325
0.044572
0.045477
0.044754
0.044217
0.043439
0.045022
0.04408
0.043906
0.044494
0.043169
0.044134
0.041398
