0.04381
0.042865
0.043364
0.04284
0.045344
0.046875
0.043112
0.045521
0.04666
0.046911
0.047574
0.046823
0.046783
0.043104
0.04335
0.042702
0.043061
0.043224
0.043358
0.045809
0.042477
0.043536
0.043638
0.04535
0.042669
0.042788
0.043339
0.046177
0.04355
0.046757
0.045783
0.043457
0.044133
0.043047
0.044315
0.046337
0.042841
0.042976
0.044957
0.043597
0.043544
0.044277
0.043101
0.04316
0.045381
0.043142
0.043365
0.043624
0.043781
0.043703
0.043347
0.045222
0.044427
0.046206
0.044048
0.043039
0.043305
0.043689
0.043126
0.043339
0.044047
0.043628
0.046065
0.043786
0.044481
0.043248
0.045525
0.046953
0.044476
0.047203
0.043051
0.043421
0.044264
0.045226
0.043282
0.044329
0.043557
0.042796
0.043785
0.04341
0.04539
0.045584
0.043645
0.045419
0.043409
0.043587
0.04488
0.043601
0.045106
0.046062
0.044078
0.044211
0.047658
0.043527
0.044395
0.044038
0.045356
0.044181
0.043525
0.04308
0.043457
0.045251
0.043273
0.043552
0.043144
0.044488
0.043913
0.045535
0.042911
0.044197
0.043127
0.043193
0.042939
0.043035
0.043867
0.043195
0.04414
0.046217
0.04342
0.046014
0.042869
0.04634
0.046524
0.043234
0.043318
0.042755
0.043248
0.043707
0.043633
0.045164
0.045905
0.043163
0.04312
0.043412
0.043121
0.043735
0.044424
0.043123
0.04359
0.045611
0.044285
0.044083
0.046164
0.043984
0.044081
0.043276
0.043263
0.043034
0.045459
0.045764
0.042772
0.043603
0.043
0.042902
0.043284
0.043401
0.043319
0.04235
0.042971
0.046164
0.043374
0.043094
0.043005
0.044337
0.044104
0.043203
0.042965
0.042598
0.043314
0.043157
0.04305
0.043118
0.042806
0.043707
0.044634
0.043298
0.043616
0.043449
0.043303
0.043944
0.046013
0.042592
0.045565
0.043198
0.043097
0.043437
0.04412
0.043812
0.043697
0.042618
0.042444
0.043044
0.043155
0.043195
0.042145
0.042565
0.04284
0.043916
0.042755
0.045156
0.043131
0.0426
0.042653
0.043128
0.042266
0.043535
0.045452
0.045726
0.042985
0.042561
0.043976
0.043172
0.042376
0.048861
0.043412
0.043049
0.042926
0.043064
0.047461
0.042758
0.045585
0.045026
0.042626
0.045807
0.043756
0.042716
0.042912
0.045702
0.042712
0.045076
0.045294
0.043658
0.045697
0.04395
0.042597
0.042635
0.045159
0.043453
0.043104
0.043087
0.042635
0.042628
0.043267
0.042065
0.042572
0.044514
0.043071
0.043441
0.046291
0.043055
0.043348
0.042629
0.042268
0.042647
0.042779
0.047121
0.042864
0.04594
0.043551
0.042487
0.042637
0.042976
0.044014
0.042466
0.042433
0.04465
0.043188
0.04299
0.044739
0.043409
0.043228
0.043402
0.042663
0.042679
0.042803
0.046061
0.043642
0.042711
0.045086
0.043028
0.042727
0.042535
0.042569
0.043165
0.043266
0.042939
0.042594
0.042801
0.044895
0.043068
0.042933
0.043018
0.0429
0.042746
0.042795
0.044849
0.044864
0.042728
0.044056
0.043522
0.042397
0.043398
0.042818
0.042941
0.043012
0.043585
0.043491
0.042823
0.04453
0.042907
0.042827
0.042852
0.044914
0.042917
0.043172
0.04693
0.045546
0.042558
0.043003
0.04668
0.0432
0.047298
0.046064
0.045748
0.042541
0.042867
0.042209
0.042214
0.043027
0.042145
0.043953
0.043882
0.042681
0.045068
0.042743
0.042851
0.046232
0.042885
0.044667
0.04267
0.042663
0.047181
0.044836
0.044021
0.042814
0.044734
0.042012
0.042295
0.045282
0.04246
0.044828
0.042411
0.042352
0.043197
0.045238
0.044855
0.042568
0.043353
0.044895
0.04755
0.044099
0.043839
0.042937
0.042768
0.043008
0.042029
0.042598
0.043011
0.04288
0.042991
0.044616
0.042821
0.043919
0.04638
0.043195
0.045289
0.04273
0.045585
0.045623
0.044867
0.043473
0.042492
0.045908
0.043584
0.043286
0.042686
0.04294
0.044799
0.045167
0.043193
0.043382
0.042521
0.044151
0.044539
0.045109
0.042818
0.042783
0.042798
0.042799
0.045177
0.043118
0.043882
0.042499
0.045766
0.044084
0.043084
0.044008
0.043666
0.042714
0.043448
0.046046
0.043409
0.045479
0.046375
0.046394
0.042692
0.042544
0.045087
0.042881
0.043749
0.042903
0.043033
0.04277
0.045231
0.044293
0.045051
0.044615
0.043288
0.043457
0.044112
0.042907
0.043279
0.042756
0.043209
0.045607
0.044054
0.042309
0.043419
0.04577
0.042557
0.043157
0.043597
0.048699
0.042441
0.04285
0.042684
0.042793
0.042714
0.046799
0.042671
0.045061
0.042935
0.04549
0.042753
0.042899
0.045746
0.04434
0.045377
0.047057
0.042416
0.043134
0.043691
0.042664
0.043316
0.04274
0.044502
0.043964
0.045953
0.045523
0.042992
0.042882
0.044633
0.042975
0.048073
0.042854
0.043382
0.044888
0.044804
0.04384
0.046081
0.043396
0.044513
0.042976
0.043578
0.042729
0.042654
0.042986
0.043444
0.043264
0.043397
0.043509
0.04376
0.045171
0.045085
0.042779
0.042621
0.043107
0.044002
0.043378
0.043048
0.042374
0.042752
0.04302
0.043178
0.043818
0.047249
0.043554
0.04526
0.044493
0.043185
0.042568
0.045731
0.046033
0.043182
0.044694
0.045525
0.048427
0.044523
0.045795
0.04469
0.045823
0.04298
0.042709
0.043505
0.044981
0.042154
0.04278
0.045904
0.04517
0.043282
0.043488
0.043085
0.050185
0.04546
0.047161
0.043929
0.04716
0.042988
0.042914
0.042955
0.042581
0.042757
0.046807
0.044955
0.042446
0.042484
0.043746
0.043274
0.043323
0.042873
0.04297
0.043335
0.042849
0.042829
0.043067
0.046787
0.045533
0.042829
0.042868
0.043679
0.042934
0.042888
0.043153
0.044695
0.043308
0.042701
0.043231
0.042846
0.042248
0.043735
0.043033
0.043437
0.042633
0.043387
0.043546
0.043318
0.043598
0.044168
0.043514
0.043891
0.044301
0.04319
0.046248
0.042474
0.042562
0.044944
0.045483
0.04272
0.045498
0.045138
0.047029
0.044752
0.043148
0.044406
0.0432
0.04448
0.04346
0.042784
0.043426
0.042968
0.043469
0.043438
0.043246
0.042793
0.043301
0.043968
0.043034
0.043567
0.045095
0.043065
0.047122
0.043214
0.043271
0.043364
0.042927
0.047103
0.045053
0.043693
0.046378
0.045526
0.043342
0.044613
0.042711
0.043364
0.049559
0.043019
0.043236
0.043365
0.045799
0.043025
0.043293
0.04281
0.04276
0.042744
0.043103
0.042593
0.04452
0.045547
0.043444
0.043231
0.047286
0.043772
0.045797
0.042629
0.044502
0.043363
0.044156
0.042929
0.045579
0.046116
0.043637
0.045552
0.045129
0.045189
0.044633
0.043441
0.043422
0.045376
0.043236
0.042947
0.044715
0.042777
0.043323
0.042653
0.0476
0.042669
0.042624
0.043126
0.043787
0.045302
0.042579
0.042751
0.042574
0.043324
0.045465
0.042694
0.045281
0.046507
0.043476
0.043262
0.042416
0.044595
0.042579
0.042833
0.042671
0.04247
0.044333
0.043153
0.043395
0.047703
0.044231
0.043492
0.043
0.042932
0.043397
0.044985
0.042839
0.043046
0.043954
0.044354
0.043762
0.042508
0.043003
0.043146
0.044997
0.045827
0.045736
0.042938
0.044773
0.043206
0.0428
0.042743
0.045811
0.044255
0.043859
0.043408
0.045925
0.04306
0.043007
0.043164
0.044238
0.042516
0.044352
0.04604
0.042947
0.042734
0.045542
0.042469
0.04508
0.045438
0.043447
0.043916
0.042461
0.044666
0.042737
0.044704
0.043148
0.044795
0.043054
0.043981
0.042776
0.043612
0.044834
0.042843
0.042332
0.043177
0.046751
0.045713
0.045637
0.042866
0.042889
0.042729
0.043957
0.043325
0.045163
0.045236
0.043193
0.043149
0.044551
0.045942
0.043133
0.0465
0.04421
0.045398
0.04531
0.044465
0.042509
0.042504
0.043002
0.043349
0.042502
0.042904
0.042425
0.042667
0.04523
0.046652
0.044569
0.043779
0.04332
0.045503
0.045235
0.042551
0.045032
0.045696
0.04226
0.043823
0.042872
0.043021
0.043953
0.042971
0.042938
0.04266
0.043158
0.043582
0.042731
0.042813
0.043312
0.042622
0.044248
0.043495
0.043383
0.043399
0.043582
0.044672
0.044959
0.044252
0.043248
0.042972
0.044112
0.042868
0.043043
0.043163
0.043104
0.04601
0.042984
0.046166
0.045493
0.046423
0.04434
0.045971
0.045269
0.04288
0.042943
0.042576
0.043196
0.043127
0.044913
0.043903
0.043658
0.042593
0.042653
0.042412
0.042765
0.043273
0.042584
0.043159
0.044334
0.042945
0.048032
0.042906
0.042993
0.043823
0.04321
0.0432
0.04291
0.045576
0.046903
0.043165
0.043866
0.043298
0.042938
0.044763
0.042762
0.042926
0.043312
0.04329
0.042947
0.046778
0.044816
0.043438
0.042634
0.044664
0.045481
0.042346
0.042431
0.044568
0.043268
0.042536
0.043045
0.043314
0.042749
0.043262
0.042824
0.042152
0.043557
0.042579
0.043127
0.043623
0.043243
0.042802
0.042938
0.043544
0.043212
0.042718
0.042788
0.043543
0.04597
0.043188
0.043041
0.04344
0.042072
0.043312
0.042678
0.045909
0.045417
0.043229
0.043517
0.042636
0.042319
0.043926
0.043993
0.047008
0.043553
0.043374
0.048029
0.042983
0.043367
0.044663
0.043453
0.043131
0.045299
0.043207
0.043711
0.044924
0.04654
0.045594
0.042828
0.04329
0.043926
0.043406
0.042894
0.04523
0.043376
0.042657
0.042061
0.043031
0.042515
0.044434
0.04335
0.042893
0.042073
0.042754
0.04335
0.042923
0.042692
0.043192
0.042897
0.043675
0.043506
0.042993
0.042728
0.042741
0.043043
0.043066
0.043288
0.047484
0.042439
0.045859
0.043221
0.045945
0.044584
0.044754
0.042632
0.045291
0.042111
0.043673
0.04282
0.043409
0.043423
0.045198
0.043989
0.043107
0.042725
0.043004
0.04289
0.045805
0.043946
0.042602
0.045807
0.042513
0.046091
0.042555
0.043473
0.044503
0.042857
0.043073
0.043506
0.043229
0.042447
0.046133
0.044807
0.043146
0.042805
0.045676
0.042962
0.046017
0.042755
0.042598
0.043034
0.045318
0.04406
0.046086
0.042746
0.043247
0.042629
0.042565
0.043632
0.042975
0.04263
0.042946
