0.04502
0.044047
0.043954
0.045668
0.046808
0.045277
0.045155
0.045069
0.047841
0.046601
0.047274
0.047743
0.044934
0.044521
0.045105
0.046191
0.045239
0.043784
0.043852
0.044846
0.044114
0.044456
0.044127
0.045229
0.043931
0.044811
0.044135
0.044289
0.046511
0.04391
0.045198
0.04684
0.044052
0.044456
0.044671
0.04436
0.044297
0.043206
0.044499
0.044383
0.043772
0.044958
0.047121
0.045174
0.044924
0.044443
0.043742
0.046727
0.045144
0.044524
0.042607
0.045614
0.04346
0.044632
0.043923
0.044548
0.043553
0.04488
0.044907
0.04443
0.044859
0.045185
0.04504
0.046035
0.044039
0.043813
0.045043
0.044333
0.044956
0.043526
0.044348
0.044463
0.044687
0.044802
0.044249
0.044599
0.045291
0.043552
0.043641
0.046024
0.044664
0.044127
0.043291
0.044821
0.044267
0.044114
0.045
0.045297
0.043388
0.045679
0.044325
0.044387
0.046669
0.045005
0.04393
0.045649
0.044712
0.045275
0.043794
0.045229
0.045967
0.044675
0.04497
0.044791
0.043935
0.046479
0.044143
0.043814
0.044546
0.045126
0.043828
0.04403
0.044262
0.044163
0.044553
0.04449
0.043969
0.044346
0.045139
0.044629
0.04392
0.044579
0.0439
0.045529
0.043606
0.044963
0.044659
0.044807
0.046297
0.043647
0.044486
0.045937
0.043986
0.044164
0.044327
0.042809
0.045193
0.044481
0.045048
0.047594
0.044618
0.044843
0.044635
0.044725
0.045237
0.044144
0.044015
0.046503
0.045373
0.044397
0.044914
0.045005
0.04665
0.043668
0.044414
0.044592
0.043952
0.042194
0.044236
0.045451
0.045887
0.044546
0.043652
0.044003
0.044339
0.045117
0.043783
0.044913
0.044142
0.043968
0.045908
0.043974
0.044775
0.043671
0.044758
0.044139
0.044879
0.044397
0.046035
0.043764
0.045613
0.044206
0.043982
0.04574
0.044821
0.044085
0.043288
0.04379
0.04306
0.04402
0.04441
0.045196
0.044184
0.044526
0.043336
0.043959
0.044596
0.043651
0.045167
0.04427
0.04134
0.043684
0.043705
0.047409
0.04463
0.04423
0.045345
0.044127
0.043431
0.044325
0.044523
0.043674
0.046403
0.044627
0.041814
0.044649
0.046252
0.044607
0.043893
0.045098
0.045315
0.04503
0.044371
0.044033
0.04443
0.043931
0.044307
0.043608
0.041175
0.045683
0.044481
0.043616
0.04488
0.044964
0.043184
0.044158
0.043924
0.044922
0.043089
0.043036
0.042737
0.043684
0.045477
0.042908
0.044135
0.044796
0.04526
0.044736
0.045046
0.044221
0.045047
0.044018
0.044016
0.044149
0.043751
0.045644
0.045127
0.043895
0.045129
0.044601
0.043651
0.04597
0.044043
0.0431
0.043107
0.044322
0.04395
0.044494
0.044885
0.045421
0.045839
0.045474
0.04448
0.044808
0.044433
0.044576
0.045378
0.04341
0.042801
0.044028
0.043872
0.043527
0.043349
0.044276
0.043747
0.044064
0.044906
0.043934
0.044419
0.044854
0.043876
0.044094
0.04427
0.042894
0.045063
0.044665
0.044012
0.043854
0.043755
0.044065
0.042915
0.044716
0.043936
0.043694
0.045153
0.044191
0.04451
0.045043
0.043427
0.044214
0.049534
0.045263
0.041725
0.047947
0.045784
0.043967
0.043065
0.043404
0.044454
0.043837
0.043076
0.043556
0.044445
0.043769
0.044258
0.044132
0.044104
0.043153
0.043473
0.044288
0.044544
0.044546
0.043894
0.044559
0.044241
0.042984
0.044887
0.046011
0.044044
0.044501
0.044092
0.043816
0.044407
0.044415
0.04409
0.046015
0.044081
0.043734
0.044256
0.044592
0.045126
0.044745
0.044285
0.044332
0.044986
0.044188
0.042799
0.044669
0.044147
0.04572
0.044714
0.045554
0.044752
0.045244
0.043849
0.04415
0.046049
0.043726
0.043892
0.043896
0.044096
0.045386
0.041977
0.044424
0.045306
0.044087
0.04491
0.044676
0.044247
0.044574
0.044371
0.043366
0.043775
0.043899
0.044199
0.043479
0.044303
0.044295
0.044412
0.044744
0.043931
0.044743
0.0437
0.044365
0.044762
0.043974
0.044295
0.041756
0.041349
0.045382
0.043842
0.043933
0.045047
0.044321
0.044456
0.044033
0.044217
0.043552
0.044961
0.043126
0.041837
0.044209
0.045664
0.042817
0.044887
0.044951
0.044222
0.043431
0.042924
0.044624
0.04436
0.045142
0.044903
0.043527
0.043845
0.046199
0.044515
0.044297
0.044961
0.043872
0.043425
0.043084
0.045218
0.046282
0.044216
0.044578
0.043967
0.042624
0.043507
0.044415
0.043685
0.043475
0.043768
0.043753
0.044498
0.045011
0.043802
0.042863
0.046289
0.043944
0.043447
0.044849
0.04314
0.044337
0.043524
0.045554
0.04382
0.044055
0.0449
0.043654
0.044408
0.043991
0.043705
0.043993
0.044126
0.045377
0.045036
0.043295
0.044403
0.04372
0.044457
0.044699
0.04427
0.043452
0.045781
0.045274
0.044898
0.045463
0.044857
0.043204
0.044311
0.043915
0.044104
0.043697
0.043442
0.044689
0.043397
0.043457
0.044945
0.044578
0.04342
0.043115
0.045422
0.043963
0.045917
0.044838
0.044079
0.044162
0.043899
0.04358
0.043443
0.043637
0.044778
0.044959
0.045964
0.041495
0.044745
0.045724
0.044039
0.043478
0.044321
0.044034
0.044053
0.044064
0.044288
0.043577
0.043929
0.044846
0.044537
0.043925
0.043116
0.044908
0.049336
0.044098
0.044116
0.043759
0.044944
0.044634
0.044156
0.044873
0.041621
0.045933
0.046714
0.045211
0.045702
0.045748
0.043396
0.043541
0.044058
0.044284
0.04367
0.043492
0.044538
0.042482
0.044934
0.044834
0.043566
0.044233
0.044267
0.044381
0.046569
0.043665
0.042876
0.043893
0.044521
0.045373
0.043581
0.043598
0.044635
0.044535
0.044055
0.043931
0.045267
0.043686
0.043127
0.044632
0.043649
0.044048
0.04425
0.044978
0.046258
0.04388
0.044662
0.043621
0.043787
0.043441
0.044936
0.043712
0.044464
0.044417
0.043693
0.043695
0.043214
0.044944
0.044124
0.045545
0.044733
0.04463
0.045666
0.044452
0.043752
0.043485
0.044218
0.0443
0.044079
0.044007
0.043914
0.04416
0.042638
0.041449
0.044234
0.044237
0.042814
0.0452
0.041131
0.044389
0.043889
0.045217
0.044423
0.044544
0.043677
0.045097
0.044042
0.044607
0.04382
0.043495
0.043322
0.04334
0.044291
0.044101
0.045014
0.044609
0.043474
0.043562
0.04462
0.044276
0.043239
0.043962
0.043608
0.044917
0.045525
0.044496
0.043824
0.044744
0.045268
0.044134
0.045542
0.044975
0.044299
0.043788
0.044232
0.043795
0.044762
0.043843
0.043928
0.044993
0.04352
0.04347
0.044617
0.043472
0.043411
0.04318
0.043806
0.043531
0.044683
0.044468
0.044086
0.043048
0.044706
0.044196
0.044621
0.044062
0.043817
0.044555
0.043646
0.043946
0.045148
0.045359
0.046666
0.043859
0.046177
0.045395
0.04407
0.044664
0.044198
0.043876
0.044492
0.043983
0.044257
0.044221
0.043588
0.044853
0.043499
0.046381
0.044793
0.044755
0.046043
0.044455
0.043371
0.044245
0.044159
0.044223
0.04616
0.048033
0.043214
0.043788
0.045993
0.043961
0.044669
0.043639
0.04309
0.043322
0.043576
0.043982
0.045833
0.043264
0.047227
0.044354
0.042061
0.045908
0.045055
0.04293
0.044476
0.044259
0.045124
0.04403
0.043844
0.043969
0.044391
0.043899
0.044067
0.044666
0.046682
0.043766
0.044093
0.045541
0.044214
0.043925
0.044092
0.044079
0.044695
0.045578
0.044101
0.044026
0.044509
0.044795
0.044165
0.044358
0.045505
0.043655
0.043897
0.043195
0.043508
0.041378
0.044213
0.044406
0.044801
0.04361
0.046302
0.043972
0.045276
0.044746
0.042954
0.045997
0.043149
0.044361
0.044103
0.044253
0.04387
0.044381
0.043136
0.045324
0.043413
0.043001
0.043565
0.044176
0.046176
0.044124
0.044246
0.044372
0.04524
0.04566
0.043651
0.044428
0.041284
0.044443
0.046741
0.043154
0.043271
0.044358
0.044933
0.046443
0.044847
0.043889
0.044255
0.043261
0.044561
0.043173
0.04405
0.044319
0.043962
0.044183
0.041631
0.043793
0.04349
0.043615
0.042918
0.043878
0.044599
0.043609
0.044968
0.043548
0.043453
0.044098
0.043949
0.043992
0.044046
0.043943
0.044246
0.043315
0.044173
0.044168
0.043189
0.042814
0.044734
0.043987
0.043497
0.043485
0.043399
0.043276
0.043241
0.043769
0.045504
0.042536
0.045766
0.042889
0.044252
0.043972
0.044626
0.044011
0.043671
0.044701
0.043193
0.043648
0.043602
0.043948
0.04378
0.04508
0.044419
0.04389
0.043306
0.046405
0.04416
0.043731
0.045186
0.044041
0.043822
0.044639
0.044302
0.044056
0.044613
0.043755
0.04269
0.043896
0.045253
0.04441
0.045213
0.043534
0.044222
0.043488
0.044625
0.043818
0.044019
0.043434
0.041493
0.046442
0.043946
0.045075
0.04422
0.044284
0.044212
0.043526
0.043613
0.043319
0.043574
0.044537
0.044532
0.045532
0.044125
0.043945
0.043641
0.041411
0.044516
0.044254
0.044882
0.045637
0.043588
0.044469
0.043914
0.043164
0.045464
0.04372
0.043817
0.043351
0.044345
0.045677
0.044533
0.044938
0.044521
0.043617
0.043317
0.043846
0.043872
0.044896
0.043433
0.044794
0.044087
0.044996
0.043699
0.04127
0.04348
0.043512
0.046072
0.04455
0.042469
0.043875
0.043865
0.04365
0.044533
0.04497
0.044528
0.044944
0.044071
0.046345
0.044236
0.045542
0.043786
0.044164
0.044324
0.044162
0.043398
0.044991
0.04401
0.046273
0.041989
0.044906
0.044701
0.043514
0.044157
0.04484
0.044431
0.044562
0.043354
0.045048
0.043897
0.045408
0.045128
0.043826
0.044435
0.043387
0.043958
0.044287
0.044255
0.04466
0.041984
0.043425
0.044201
0.04382
0.044414
0.044619
0.044239
0.044247
0.044142
0.043984
0.044849
0.043766
0.04519
0.044284
0.044412
0.043673
0.04375
0.0444
0.044177
0.043809
0.044139
0.043891
0.044862
0.044115
0.043678
0.04412
0.043902
0.043077
0.044052
0.042132
0.043704
0.044396
0.044835
0.044171
0.044258
0.04315
0.041591
0.044478
0.044669
0.048837
0.044639
0.044408
0.045082
0.043675
0.043908
0.043726
