0.057121
0.059146
0.058417
0.059031
0.061243
0.058303
0.061384
0.061243
0.057898
0.057843
0.058946
0.059279
0.059439
0.058717
0.058437
0.059376
0.058167
0.058847
0.06075
0.060472
0.059063
0.059346
0.060084
0.058664
0.058522
0.059785
0.056137
0.06014
0.058609
0.059622
0.058619
0.057114
0.060159
0.05851
0.058658
0.057626
0.058304
0.058606
0.05939
0.059686
0.059053
0.059186
0.058634
0.059759
0.059075
0.060375
0.058297
0.059345
0.059194
0.059848
0.059647
0.058725
0.05867
0.058341
0.058156
0.059388
0.058607
0.058903
0.058831
0.05965
0.059746
0.058081
0.060342
0.059331
0.058483
0.059306
0.058428
0.055992
0.058665
0.058804
0.057888
0.058229
0.056103
0.059586
0.059426
0.059097
0.058447
0.057818
0.060227
0.058409
0.072386
0.06097
0.063605
0.062131
0.059927
0.059124
0.055597
0.059728
0.060675
0.058807
0.058983
0.059182
0.057602
0.060592
0.06136
0.059238
0.059668
0.05809
0.059744
0.058369
0.058768
0.058628
0.059264
0.060664
0.058891
0.05962
0.05841
0.058875
0.059755
0.058374
0.057504
0.059883
0.059747
0.05952
0.058863
0.058854
0.059047
0.059086
0.058022
0.058418
0.057421
0.061252
0.058663
0.059197
0.060379
0.059034
0.061335
0.058597
0.058902
0.058669
0.059809
0.061186
0.059343
0.059635
0.063314
0.05859
0.059072
0.060735
0.057038
0.059069
0.059499
0.059539
0.057918
0.058839
0.056676
0.058144
0.058406
0.058174
0.055014
0.057625
0.058423
0.058866
0.058413
0.059223
0.059524
0.055415
0.058953
0.059357
0.05866
0.058562
0.059465
0.059539
0.059984
0.058847
0.059174
0.058524
0.059123
0.059745
0.059655
0.059235
0.060035
0.059247
0.060039
0.05906
0.059084
0.057958
0.058126
0.059267
0.057256
0.05857
0.059328
0.058356
0.058952
0.058126
0.059536
0.05858
0.063053
0.058149
0.058351
0.058601
0.059704
0.05885
0.058015
0.059342
0.057765
0.05857
0.059357
0.057984
0.05932
0.058956
0.05941
0.057934
0.059589
0.059544
0.059047
0.058834
0.055851
0.059809
0.058772
0.059349
0.058011
0.058803
0.060994
0.06044
0.059317
0.059705
0.057662
0.059482
0.059721
0.058486
0.057938
0.059267
0.058782
0.057989
0.058445
0.058846
0.059558
0.059444
0.057706
0.058979
0.05896
0.060231
0.061366
0.05888
0.057957
0.057481
0.058721
0.059566
0.059532
0.059389
0.057416
0.058313
0.058217
0.058674
0.058319
0.060104
0.059925
0.060542
0.058419
0.05979
0.058463
0.056432
0.058494
0.058434
0.05857
0.058639
0.060396
0.059091
0.05876
0.059458
0.058272
0.059594
0.057042
0.058317
0.059318
0.058754
0.058124
0.055754
0.057598
0.060536
0.058554
0.059044
0.057588
0.05878
0.06043
0.059866
0.057809
0.059088
0.059446
0.060088
0.058537
0.059422
0.058795
0.060333
0.058899
0.059052
0.059059
0.059683
0.055868
0.058857
0.059843
0.059301
0.058415
0.059052
0.060918
0.058919
0.05903
0.058848
0.058405
0.058639
0.058627
0.059533
0.060396
0.057897
0.059028
0.058235
0.060542
0.058559
0.061654
0.060369
0.061379
0.060035
0.060186
0.060524
0.060662
0.061147
0.059856
0.060337
0.060043
0.059798
0.057318
0.05977
0.061161
0.060292
0.060355
0.056867
0.060444
0.060118
0.059203
0.059589
0.057487
0.05959
0.057999
0.059329
0.058286
0.060219
0.059502
0.057787
0.060303
0.093848
0.060414
0.064113
0.059632
0.059705
0.059393
0.058485
0.061117
0.059168
0.058763
0.055415
0.060675
0.059109
0.059857
0.058079
0.058904
0.059773
0.058299
0.05922
0.061309
0.059142
0.061183
0.058141
0.058275
0.059631
0.059387
0.058832
0.058698
0.058032
0.057233
0.060104
0.058588
0.059882
0.056661
0.061236
0.05842
0.059318
0.05875
0.058581
0.060414
0.059969
0.058121
0.058728
0.058231
0.060086
0.060199
0.058826
0.058559
0.056118
0.059467
0.058944
0.056622
0.058852
0.058931
0.058852
0.059055
0.058207
0.060158
0.059588
0.057744
0.055279
0.058776
0.060019
0.059241
0.05857
0.058235
0.058822
0.057334
0.059689
0.058524
0.060338
0.058562
0.058389
0.058987
0.058714
0.060532
0.055353
0.059464
0.058812
0.058925
0.057873
0.058903
0.059658
0.059562
0.058961
0.058625
0.060324
0.057852
0.059765
0.058215
0.060859
0.060124
0.059166
0.058399
0.055559
0.058869
0.05798
0.058125
0.059146
0.058748
0.057717
0.057941
0.059086
0.058509
0.059976
0.059656
0.061069
0.058207
0.058736
0.055309
0.060337
0.059689
0.058586
0.0593
0.057972
0.059744
0.058194
0.058973
0.058507
0.060404
0.059903
0.058676
0.057967
0.059409
0.059857
0.058981
0.058703
0.059652
0.060319
0.058862
0.058268
0.059328
0.058442
0.059871
0.05786
0.059522
0.060319
0.05916
0.058473
0.060017
0.058254
0.059585
0.058746
0.05696
0.058408
0.059197
0.059332
0.059064
0.060023
0.059079
0.05932
0.057821
0.061592
0.058389
0.060406
0.059969
0.06069
0.057906
0.06037
0.059145
0.060263
0.057216
0.058474
0.057867
0.059282
0.058562
0.059906
0.059332
0.058328
0.055723
0.0596
0.059411
0.0596
0.059044
0.059414
0.057975
0.058978
0.059001
0.058337
0.060486
0.059169
0.055219
0.059023
0.05836
0.060578
0.05919
0.060044
0.05779
0.058909
0.059829
0.05939
0.059687
0.059037
0.058682
0.06039
0.059726
0.05989
0.058849
0.059376
0.059749
0.057684
0.058324
0.059333
0.058868
0.058833
0.058459
0.057151
0.059337
0.059291
0.058717
0.056608
0.058297
0.058322
0.061229
0.058605
0.059745
0.059106
0.059912
0.058738
0.058455
0.0607
0.060283
0.06007
0.05883
0.057864
0.059303
0.056296
0.060255
0.061017
0.058024
0.057619
0.059191
0.06007
0.057886
0.058704
0.058996
0.057115
0.059328
0.058306
0.058441
0.06072
0.057393
0.060556
0.05883
0.059527
0.059561
0.057766
0.057981
0.058493
0.059042
0.059661
0.058034
0.059591
0.058012
0.058918
0.057014
0.055547
0.057949
0.058673
0.058462
0.058823
0.055294
0.058429
0.058578
0.059796
0.059141
0.058787
0.0588
0.060165
0.057361
0.058044
0.058037
0.058935
0.059218
0.062328
0.05929
0.058915
0.059574
0.062107
0.058059
0.058803
0.058312
0.060132
0.060754
0.058579
0.058496
0.059437
0.059141
0.06044
0.059034
0.058788
0.05857
0.056638
0.060719
0.059173
0.058878
0.059661
0.058599
0.058358
0.058744
0.05837
0.05732
0.057831
0.058489
0.0582
0.060443
0.060483
0.059356
0.058266
0.059044
0.05771
0.057133
0.058278
0.058057
0.058982
0.059099
0.058734
0.058548
0.058136
0.059092
0.057744
0.05802
0.058601
0.059709
0.055676
0.058053
0.057762
0.055697
0.055749
0.060532
0.060277
0.055394
0.059707
0.056302
0.059813
0.059965
0.058821
0.055783
0.058251
0.061714
0.0583
0.058119
0.058167
0.059403
0.058355
0.058875
0.05874
0.060452
0.055476
0.058259
0.059123
0.059127
0.060712
0.058805
0.058994
0.05903
0.059258
0.059499
0.058764
0.059005
0.05951
0.057738
0.06114
0.059816
0.056304
0.059315
0.05889
0.05877
0.055115
0.058331
0.059456
0.059068
0.059212
0.058764
0.057967
0.058711
0.058401
0.058783
0.058415
0.058748
0.058774
0.058695
0.058002
0.058573
0.058564
0.060131
0.058915
0.059223
0.059484
0.059397
0.056101
0.059133
0.058412
0.060996
0.058528
0.057661
0.058402
0.060718
0.057658
0.059686
0.058058
0.058449
0.059843
0.060012
0.059741
0.057538
0.059265
0.059661
0.060682
0.059087
0.05572
0.058417
0.059688
0.059465
0.058904
0.059105
0.058994
0.058895
0.06065
0.058254
0.05851
0.060179
0.058319
0.058051
0.059136
0.059963
0.057264
0.059874
0.058525
0.058483
0.059561
0.059771
0.058816
0.058661
0.058539
0.058302
0.059268
0.057963
0.059438
0.058839
0.057525
0.057007
0.059256
0.058651
0.058598
0.057788
0.060147
0.055095
0.060867
0.065532
0.058694
0.059482
0.058723
0.058433
0.058898
0.05819
0.058547
0.057819
0.058555
0.05829
0.059186
0.058428
0.058736
0.058607
0.05943
0.058227
0.059879
0.059654
0.056156
0.061124
0.059389
0.057595
0.058482
0.059716
0.058078
0.057612
0.060031
0.058446
0.059039
0.06136
0.058906
0.058077
0.056722
0.059856
0.057837
0.059153
0.058553
0.059521
0.059652
0.058616
0.059729
0.056949
0.060654
0.058373
0.05898
0.059875
0.05855
0.058479
0.057914
0.057954
0.058177
0.058968
0.060396
0.060056
0.059101
0.06003
0.060122
0.058384
0.057642
0.059389
0.059539
0.058954
0.057833
0.055373
0.056689
0.061807
0.058189
0.058429
0.058096
0.057558
0.059195
0.059234
0.057938
0.060109
0.059008
0.060093
0.058544
0.058491
0.057756
0.059925
0.06022
0.058582
0.058702
0.059625
0.060574
0.058671
0.058753
0.058392
0.059472
0.059168
0.059046
0.059135
0.055579
0.059507
0.058048
0.059059
0.058478
0.058607
0.057286
0.056119
0.057978
0.057709
0.05787
0.06015
0.057894
0.059
0.058404
0.059394
0.060173
0.058887
0.058086
0.058606
0.062067
0.059752
0.058293
0.059316
0.058231
0.055126
0.057163
0.058547
0.058673
0.060253
0.059385
0.059016
0.058743
0.058412
0.059592
0.059016
0.058412
0.059658
0.060246
0.060534
0.059738
0.059345
0.058693
0.059044
0.059299
0.058271
0.055496
0.059232
0.058477
0.058032
0.057976
0.058423
0.060764
0.060084
0.059823
0.0584
0.060145
0.059917
0.056766
0.058046
0.058091
0.057644
0.061637
0.059245
0.060733
0.059473
0.059704
0.059663
0.060033
0.059004
0.058412
0.058347
0.060369
0.059231
0.05833
0.058808
0.05832
0.05774
0.058389
0.058805
0.058937
0.058951
0.059297
0.058762
0.055783
0.059796
0.058951
0.058701
0.058819
0.057425
0.057472
0.058763
0.055111
0.058641
0.05944
0.058909
0.05915
0.057961
0.058272
0.060869
0.060473
0.05818
0.059501
0.057853
0.057908
0.058756
0.060307
0.058757
0.060518
0.056095
0.058691
0.058136
0.058698
0.05632
0.060289
0.058725
0.058449
0.058155
0.062308
