0.066855
0.058717
0.058443
0.060163
0.060606
0.058466
0.057889
0.063141
0.058073
0.059678
0.058523
0.05894
0.058505
0.058283
0.060236
0.059468
0.05903
0.058558
0.059219
0.058885
0.059093
0.058619
0.064907
0.058251
0.060208
0.058303
0.058718
0.05895
0.058824
0.05852
0.060053
0.05814
0.05956
0.061336
0.058364
0.057889
0.058872
0.057752
0.061003
0.05806
0.060752
0.05695
0.058752
0.059026
0.058261
0.058374
0.058873
0.05806
0.060268
0.058197
0.057898
0.057871
0.059914
0.058823
0.059686
0.059428
0.056412
0.05774
0.056638
0.059233
0.059357
0.058671
0.059678
0.058736
0.059699
0.060672
0.059306
0.0588
0.058805
0.059273
0.058348
0.05813
0.058828
0.059119
0.05846
0.05859
0.057951
0.058069
0.063642
0.061915
0.06184
0.063882
0.061171
0.059423
0.057609
0.060785
0.059142
0.057542
0.058166
0.057912
0.059577
0.060561
0.057876
0.058387
0.05988
0.060228
0.060913
0.057693
0.058869
0.059196
0.05957
0.058305
0.058414
0.05923
0.059628
0.058448
0.057841
0.057491
0.060421
0.061477
0.060368
0.059376
0.059195
0.060229
0.058763
0.058837
0.058176
0.058529
0.058409
0.058381
0.059271
0.059762
0.058238
0.060229
0.059699
0.059092
0.058935
0.0596
0.059839
0.05801
0.057939
0.057927
0.05823
0.056644
0.058185
0.05739
0.059357
0.059231
0.058892
0.059539
0.058017
0.057692
0.058233
0.05796
0.05875
0.05806
0.061796
0.058613
0.059703
0.058298
0.057687
0.058352
0.057692
0.058247
0.059212
0.061772
0.057995
0.057638
0.058367
0.056668
0.058731
0.059291
0.058378
0.058169
0.057784
0.058523
0.059108
0.058731
0.058927
0.058082
0.058679
0.059414
0.058795
0.058332
0.060513
0.057949
0.057841
0.059354
0.059003
0.05715
0.05766
0.058529
0.059845
0.058403
0.058644
0.058951
0.058445
0.059691
0.066516
0.059182
0.056514
0.059605
0.058121
0.058906
0.057858
0.056617
0.058359
0.058013
0.058689
0.058956
0.05884
0.060834
0.056965
0.058553
0.058684
0.060021
0.058831
0.058508
0.058806
0.058572
0.060818
0.058026
0.058894
0.057938
0.059274
0.058033
0.059621
0.058674
0.05981
0.058283
0.059355
0.059026
0.059514
0.060005
0.058781
0.059335
0.056881
0.058306
0.058946
0.058028
0.058508
0.058651
0.059305
0.058986
0.058299
0.057471
0.059598
0.058083
0.060329
0.058742
0.059129
0.057716
0.058989
0.059466
0.058346
0.058085
0.058138
0.059557
0.060329
0.059034
0.059293
0.057994
0.057064
0.060627
0.057585
0.057538
0.059174
0.05838
0.064747
0.059183
0.058581
0.060226
0.061226
0.059176
0.058868
0.058557
0.057599
0.057475
0.057858
0.05731
0.059135
0.05883
0.057784
0.059555
0.058829
0.057641
0.058219
0.058712
0.059165
0.059988
0.059373
0.058768
0.059554
0.058975
0.058288
0.058776
0.058389
0.058528
0.058613
0.059448
0.057984
0.058171
0.058617
0.05885
0.059139
0.057105
0.058086
0.059498
0.05862
0.059464
0.057996
0.058101
0.059506
0.056889
0.058763
0.058668
0.058778
0.057359
0.058378
0.059792
0.060178
0.059641
0.061066
0.059762
0.059791
0.059621
0.055598
0.060477
0.059817
0.059864
0.060256
0.055561
0.060638
0.060397
0.061374
0.060085
0.059864
0.058914
0.059305
0.059258
0.059093
0.055544
0.060062
0.057715
0.058852
0.058119
0.064936
0.058442
0.060184
0.061207
0.060302
0.060498
0.058032
0.059065
0.058213
0.060381
0.0586
0.059865
0.058177
0.057255
0.059108
0.057674
0.058921
0.059569
0.057299
0.059196
0.058818
0.060204
0.059959
0.055448
0.05938
0.058146
0.057938
0.059371
0.058811
0.060394
0.058567
0.057598
0.059093
0.058893
0.059601
0.057971
0.058731
0.060164
0.05856
0.060049
0.059114
0.059121
0.058909
0.057432
0.059309
0.05939
0.058521
0.059944
0.059823
0.058669
0.058645
0.05837
0.05878
0.058188
0.060871
0.058628
0.058119
0.058608
0.058386
0.058723
0.059061
0.05898
0.057928
0.058629
0.055732
0.058616
0.058927
0.058186
0.059391
0.057167
0.058507
0.058993
0.060444
0.058423
0.058774
0.05847
0.058296
0.058648
0.059174
0.057879
0.058241
0.055906
0.059555
0.058791
0.05859
0.059256
0.059261
0.058845
0.059011
0.058568
0.059669
0.05857
0.05961
0.058944
0.060383
0.060118
0.059258
0.057545
0.05824
0.056294
0.061199
0.057567
0.058342
0.058694
0.058301
0.056024
0.059183
0.057499
0.059941
0.061911
0.056491
0.059337
0.059354
0.059087
0.058804
0.058991
0.058191
0.059443
0.057827
0.058718
0.057579
0.059791
0.057765
0.059341
0.062262
0.057595
0.058111
0.058251
0.060107
0.059102
0.058335
0.058595
0.05889
0.060667
0.058422
0.059143
0.059016
0.058832
0.059566
0.058766
0.057782
0.059705
0.058362
0.059437
0.058637
0.059277
0.058616
0.057953
0.058536
0.05819
0.058883
0.056046
0.058928
0.057931
0.059096
0.054971
0.059004
0.058805
0.059996
0.058764
0.059435
0.059065
0.06317
0.057963
0.059688
0.057468
0.058446
0.059494
0.058508
0.058689
0.05973
0.057957
0.058447
0.058611
0.059518
0.058639
0.058591
0.059194
0.060015
0.058114
0.057978
0.058683
0.055861
0.058114
0.059188
0.057724
0.05888
0.05694
0.058763
0.05896
0.059055
0.058551
0.059853
0.058646
0.057956
0.058958
0.058311
0.058949
0.058321
0.05919
0.060332
0.057585
0.058797
0.057664
0.060044
0.058325
0.058531
0.058411
0.058259
0.058537
0.058441
0.058053
0.058941
0.058256
0.058297
0.058536
0.057919
0.059336
0.059235
0.057701
0.058575
0.058503
0.058228
0.057924
0.059391
0.05867
0.061454
0.059302
0.059219
0.058124
0.058879
0.059498
0.059935
0.057124
0.059383
0.057838
0.059315
0.058745
0.059848
0.057614
0.066034
0.058156
0.058698
0.057723
0.059032
0.058978
0.062259
0.058402
0.058444
0.057804
0.058834
0.059059
0.058402
0.058589
0.059432
0.059707
0.05736
0.057651
0.05934
0.056985
0.060661
0.058216
0.058768
0.055169
0.05997
0.058584
0.058988
0.057911
0.058961
0.058259
0.058369
0.057763
0.058726
0.060089
0.057115
0.058269
0.057995
0.059488
0.060845
0.058353
0.058897
0.057911
0.059042
0.0594
0.059368
0.058339
0.057753
0.058262
0.059052
0.058785
0.058102
0.058311
0.05882
0.059987
0.058213
0.058671
0.060776
0.058813
0.058833
0.058122
0.057645
0.05781
0.057641
0.061652
0.058505
0.056698
0.059646
0.058452
0.058175
0.058589
0.056597
0.060842
0.057863
0.059495
0.057765
0.057796
0.060448
0.058364
0.058938
0.059127
0.058026
0.058737
0.058296
0.059014
0.056742
0.058195
0.057785
0.058435
0.058197
0.057502
0.059237
0.058012
0.058948
0.056426
0.058626
0.058579
0.05753
0.058914
0.059166
0.058757
0.058849
0.060221
0.057849
0.05891
0.057987
0.058657
0.057519
0.064871
0.058145
0.058046
0.058868
0.056563
0.059833
0.058377
0.0584
0.059118
0.059879
0.058428
0.058427
0.057189
0.059559
0.058057
0.057801
0.058349
0.05952
0.058936
0.059504
0.058241
0.059577
0.060172
0.056828
0.058779
0.054974
0.055075
0.058758
0.058477
0.05906
0.060036
0.059109
0.057737
0.058731
0.058912
0.05994
0.059509
0.060692
0.058914
0.059111
0.058341
0.058776
0.058486
0.057637
0.05778
0.058259
0.059857
0.060264
0.05904
0.057891
0.058647
0.058204
0.058017
0.058513
0.058838
0.058704
0.060349
0.05932
0.058879
0.058197
0.058487
0.059774
0.0583
0.059148
0.058188
0.05896
0.055559
0.058251
0.05802
0.059309
0.058641
0.055764
0.058171
0.058576
0.059525
0.058779
0.057542
0.058477
0.058262
0.058216
0.059058
0.058158
0.058003
0.061016
0.058407
0.059557
0.057937
0.058811
0.057697
0.059377
0.058476
0.058882
0.058542
0.058981
0.057921
0.0587
0.057244
0.05908
0.058054
0.05926
0.058216
0.059644
0.056336
0.057422
0.057951
0.058914
0.055011
0.057257
0.058023
0.058719
0.058553
0.058996
0.059776
0.059659
0.058233
0.058375
0.058405
0.057447
0.057745
0.058417
0.057333
0.057847
0.059983
0.058157
0.058386
0.058571
0.057215
0.060607
0.058049
0.058799
0.058184
0.05906
0.058272
0.058023
0.058878
0.059562
0.057869
0.057837
0.058867
0.056054
0.056879
0.058075
0.058982
0.055521
0.060027
0.05855
0.058082
0.05841
0.056676
0.058297
0.059393
0.05894
0.058753
0.057939
0.058539
0.057565
0.058516
0.058201
0.056888
0.060171
0.059422
0.057937
0.057963
0.060024
0.058878
0.05781
0.05802
0.057791
0.057864
0.057912
0.059393
0.063763
0.059742
0.059231
0.059344
0.058361
0.058788
0.057549
0.061135
0.058478
0.058344
0.058624
0.058951
0.058815
0.065115
0.058277
0.059352
0.058876
0.060177
0.057564
0.058751
0.058557
0.0581
0.058292
0.056901
0.057649
0.059872
0.059242
0.059413
0.057758
0.05956
0.059633
0.059719
0.058861
0.058454
0.059323
0.05935
0.058044
0.058006
0.057247
0.059509
0.058434
0.060103
0.058231
0.059061
0.05884
0.059111
0.058268
0.061338
0.058892
0.05952
0.055221
0.058584
0.057152
0.057971
0.056885
0.058218
0.05805
0.0586
0.058694
0.057223
0.059396
0.057978
0.058277
0.05833
0.059447
0.060191
0.059874
0.059511
0.058793
0.058816
0.059699
0.060088
0.058249
0.057904
0.059096
0.058883
0.059785
0.057942
0.057763
0.057459
0.055567
0.059146
0.059266
0.058929
0.058844
0.056642
0.058803
0.058921
0.059797
0.058631
0.05756
0.058621
0.058388
0.058477
0.058401
0.057578
0.058859
0.05908
0.058449
0.060088
0.057136
0.057911
0.059015
0.058432
0.059383
0.059765
0.059218
0.059133
0.057636
0.057427
0.059089
0.059335
0.05807
0.058578
0.060309
0.058172
0.058992
0.058257
0.059501
0.058775
0.059138
0.058187
0.058891
0.058412
0.059278
0.05815
0.059009
0.059237
0.059103
0.058915
0.057971
0.056862
0.058647
0.058318
0.059124
0.058239
0.058983
0.057774
0.059168
0.059037
0.060754
0.059931
0.0598
0.058452
0.059352
0.059527
