0.059405
0.056927
0.056606
0.056233
0.059445
0.058468
0.056515
0.059988
0.059776
0.058644
0.057723
0.056412
0.061145
0.056588
0.059843
0.05655
0.060612
0.063214
0.059261
0.056461
0.056568
0.056759
0.056661
0.056627
0.057221
0.057976
0.057293
0.05723
0.060541
0.058325
0.057233
0.057443
0.057188
0.059402
0.059352
0.059049
0.056888
0.056693
0.05685
0.060605
0.058629
0.056446
0.059908
0.056524
0.05922
0.057719
0.060289
0.058258
0.058764
0.05916
0.057126
0.05981
0.05705
0.056799
0.057437
0.056396
0.056401
0.057588
0.06123
0.057047
0.056568
0.057068
0.0569
0.058525
0.05767
0.057453
0.057531
0.056724
0.05803
0.056578
0.058284
0.056928
0.057341
0.05667
0.056764
0.056556
0.060828
0.056695
0.056639
0.059373
0.083608
0.057094
0.062888
0.060319
0.05709
0.058804
0.056745
0.056668
0.05639
0.056425
0.056579
0.061139
0.056537
0.05656
0.057013
0.06045
0.059981
0.056675
0.057148
0.065944
0.058362
0.06006
0.056931
0.055798
0.058887
0.059348
0.056911
0.057301
0.057959
0.056346
0.062503
0.057835
0.057482
0.057226
0.056632
0.058712
0.05852
0.057
0.05712
0.056055
0.057248
0.056867
0.057519
0.057124
0.058245
0.059122
0.057085
0.056775
0.059536
0.05739
0.056967
0.056818
0.057074
0.056646
0.059992
0.057214
0.05651
0.056434
0.057013
0.058322
0.057999
0.056641
0.055924
0.057095
0.056238
0.056486
0.05989
0.055821
0.057925
0.056623
0.057273
0.056926
0.059513
0.05716
0.056404
0.056129
0.056696
0.057769
0.056659
0.057668
0.05662
0.056388
0.065838
0.056544
0.056809
0.06075
0.057087
0.061049
0.059796
0.056241
0.055773
0.061164
0.060369
0.058298
0.056383
0.057483
0.057232
0.056909
0.056463
0.056652
0.057557
0.056715
0.056469
0.056239
0.056545
0.05688
0.056395
0.05727
0.057505
0.05656
0.056941
0.060084
0.057901
0.060805
0.056682
0.056631
0.057665
0.056467
0.061141
0.0571
0.056578
0.058127
0.056574
0.060656
0.056236
0.056804
0.056892
0.057116
0.057798
0.057175
0.05658
0.056296
0.056278
0.056363
0.056672
0.057479
0.057418
0.059178
0.056303
0.059684
0.056861
0.058183
0.059371
0.056771
0.056426
0.056178
0.05804
0.059799
0.056834
0.056341
0.057119
0.056319
0.058031
0.060007
0.059643
0.058731
0.056568
0.059576
0.057016
0.059763
0.056612
0.056845
0.060366
0.056666
0.05752
0.056767
0.057596
0.057261
0.056824
0.060624
0.056742
0.0592
0.056686
0.057319
0.057837
0.056673
0.056358
0.05686
0.057235
0.057739
0.056629
0.057517
0.056716
0.056661
0.058044
0.057628
0.056099
0.056824
0.057418
0.056633
0.056891
0.056613
0.057742
0.05695
0.056776
0.056378
0.056733
0.058748
0.059981
0.056923
0.056748
0.056426
0.058593
0.056731
0.057025
0.057101
0.056429
0.057189
0.056338
0.05593
0.059648
0.057174
0.056791
0.059744
0.056757
0.058381
0.057201
0.057046
0.056387
0.05691
0.057931
0.057283
0.056883
0.060317
0.058991
0.059555
0.056154
0.056782
0.056117
0.059265
0.058273
0.057101
0.060461
0.057751
0.057074
0.057722
0.05744
0.059918
0.06068
0.058003
0.057601
0.057391
0.057945
0.059998
0.058333
0.05773
0.059775
0.056622
0.059749
0.056721
0.056689
0.056736
0.059281
0.057316
0.057159
0.056742
0.056976
0.05659
0.059304
0.064653
0.06202
0.057384
0.058371
0.056949
0.056825
0.057862
0.056408
0.05725
0.057151
0.057537
0.056456
0.056554
0.056328
0.056878
0.05932
0.056624
0.057813
0.056703
0.060907
0.056835
0.058106
0.058681
0.057069
0.058543
0.057235
0.057298
0.059695
0.057008
0.057013
0.057023
0.057153
0.05965
0.057376
0.056829
0.057122
0.056455
0.056409
0.056839
0.056729
0.056715
0.056472
0.057621
0.056769
0.056616
0.057086
0.057165
0.057594
0.057585
0.05705
0.056778
0.056764
0.058082
0.058408
0.056965
0.060923
0.056297
0.057529
0.056597
0.057079
0.056822
0.059718
0.056615
0.059808
0.05696
0.056962
0.056551
0.056322
0.056886
0.05988
0.057589
0.059692
0.058924
0.056687
0.056899
0.058055
0.059688
0.05896
0.057496
0.056737
0.06022
0.057485
0.056185
0.056612
0.056404
0.059909
0.056375
0.057447
0.057478
0.056878
0.057095
0.059997
0.056632
0.060082
0.061174
0.056561
0.056711
0.05698
0.056772
0.056036
0.056312
0.059018
0.056661
0.059893
0.056706
0.05668
0.059465
0.059756
0.060561
0.056952
0.058384
0.056583
0.057181
0.057288
0.056683
0.056463
0.056844
0.05672
0.057668
0.057014
0.056825
0.056558
0.06042
0.058526
0.056614
0.056338
0.056928
0.056365
0.059737
0.058795
0.056484
0.060087
0.057598
0.060928
0.056729
0.057393
0.058
0.058753
0.056362
0.056509
0.057241
0.061275
0.056934
0.056527
0.057369
0.056491
0.056964
0.057206
0.057374
0.059342
0.056595
0.057578
0.058552
0.056552
0.056533
0.057573
0.061101
0.059149
0.059745
0.057135
0.059723
0.056554
0.056854
0.056509
0.057235
0.056367
0.05638
0.059304
0.057177
0.058716
0.057003
0.056383
0.056813
0.056669
0.057904
0.057183
0.056312
0.059641
0.056612
0.057809
0.060409
0.056867
0.056658
0.060514
0.057552
0.056805
0.056711
0.06106
0.056572
0.057254
0.059322
0.058822
0.060204
0.05736
0.056791
0.056694
0.056152
0.059732
0.059307
0.05695
0.057222
0.056884
0.05851
0.057028
0.056879
0.061213
0.057057
0.057869
0.056522
0.056422
0.05653
0.057218
0.057141
0.057221
0.056919
0.059597
0.059146
0.057002
0.058956
0.056954
0.057578
0.057535
0.056998
0.059495
0.056199
0.061616
0.05711
0.05813
0.057071
0.056853
0.059645
0.056564
0.056693
0.05641
0.056479
0.057789
0.056948
0.058203
0.056409
0.056106
0.060348
0.056448
0.059848
0.056914
0.06009
0.058779
0.056389
0.0572
0.057026
0.056474
0.058788
0.05708
0.056783
0.056615
0.057421
0.056922
0.057559
0.059134
0.056655
0.05882
0.0562
0.060188
0.059969
0.057121
0.059211
0.057001
0.060269
0.05649
0.058553
0.057101
0.056465
0.056513
0.056697
0.056806
0.056506
0.056696
0.056922
0.056219
0.056766
0.056604
0.056986
0.056821
0.057756
0.0563
0.057006
0.056615
0.057759
0.057119
0.056879
0.056183
0.059394
0.058119
0.05674
0.057153
0.056938
0.057248
0.059251
0.059681
0.0567
0.057014
0.056716
0.056858
0.059001
0.058868
0.057448
0.057844
0.056833
0.05797
0.056782
0.057022
0.056415
0.056088
0.05683
0.056502
0.057897
0.057055
0.056745
0.057871
0.057088
0.057974
0.060734
0.05692
0.057117
0.056415
0.058271
0.0561
0.057394
0.056665
0.056874
0.05661
0.056278
0.056748
0.057184
0.056951
0.05706
0.056459
0.056725
0.057448
0.060168
0.057059
0.056556
0.057961
0.057988
0.057236
0.056262
0.057079
0.058644
0.057931
0.056734
0.05655
0.058857
0.056329
0.056851
0.056772
0.056613
0.060406
0.056819
0.05708
0.056637
0.05663
0.057537
0.058486
0.056762
0.059048
0.05802
0.057975
0.057875
0.056252
0.056591
0.057173
0.056232
0.057462
0.057209
0.060312
0.057409
0.056702
0.056528
0.059982
0.058233
0.056688
0.05638
0.056208
0.061341
0.057775
0.056888
0.056598
0.056585
0.056842
0.056107
0.056553
0.060006
0.056711
0.057307
0.056467
0.05733
0.05618
0.060684
0.057736
0.05698
0.057143
0.056793
0.060546
0.056472
0.056338
0.056189
0.056843
0.057999
0.057291
0.05718
0.056772
0.056495
0.060262
0.059341
0.056457
0.059864
0.057523
0.056996
0.056569
0.056922
0.057222
0.057619
0.060532
0.057473
0.057194
0.056238
0.057056
0.05656
0.056589
0.059961
0.062467
0.05568
0.056788
0.057416
0.060263
0.057292
0.059613
0.059258
0.056641
0.059184
0.05596
0.056501
0.056481
0.05657
0.060879
0.05839
0.056976
0.056524
0.056504
0.056681
0.057075
0.056079
0.05718
0.058994
0.056748
0.058281
0.056883
0.059851
0.057711
0.059164
0.058884
0.059143
0.05673
0.057009
0.056673
0.058686
0.056923
0.05649
0.056618
0.056779
0.056838
0.057586
0.057309
0.057028
0.058654
0.057824
0.056456
0.056366
0.058458
0.05677
0.056882
0.056377
0.056473
0.058098
0.056419
0.056639
0.058717
0.056443
0.057717
0.055872
0.060347
0.057315
0.056722
0.058331
0.05727
0.060587
0.06114
0.05651
0.05646
0.056596
0.056909
0.056703
0.056871
0.056583
0.056995
0.057986
0.05763
0.05694
0.056211
0.059603
0.057064
0.058032
0.056574
0.056567
0.057149
0.0572
0.056687
0.056726
0.056861
0.056988
0.060305
0.057154
0.059127
0.056548
0.061377
0.057343
0.056853
0.056892
0.059369
0.057401
0.056422
0.056886
0.056926
0.056615
0.060358
0.060646
0.057024
0.05634
0.057356
0.058598
0.056281
0.056687
0.056412
0.056485
0.059508
0.057055
0.058912
0.057181
0.056464
0.056612
0.057845
0.057188
0.056608
0.056696
0.057528
0.056761
0.056536
0.057097
0.056673
0.057536
0.056992
0.058396
0.059303
0.05706
0.05693
0.059129
0.058278
0.060085
0.056498
0.057243
0.056435
0.056494
0.057058
0.059359
0.057173
0.057214
0.056653
0.056337
0.056991
0.058478
0.059061
0.058042
0.056629
0.056592
0.056883
0.058116
0.059349
0.05673
0.056932
0.056187
0.058146
0.056597
0.056831
0.056839
0.057152
0.056608
0.057554
0.057441
0.057095
0.06023
0.056747
0.057005
0.056899
0.05677
0.056793
0.056728
0.056924
0.056632
0.057744
0.057513
0.057758
0.057378
0.060442
0.057719
0.057129
0.059654
0.059098
0.056693
0.058458
0.056567
0.056441
0.057232
0.057916
0.058311
0.056594
0.057163
0.058979
0.057974
0.057284
0.056766
0.057279
0.061064
0.057292
0.057144
0.059509
0.056765
0.060538
0.056969
0.056423
0.059978
0.056844
0.057399
0.058372
0.056745
0.056441
0.057157
0.060751
0.056696
0.056307
0.059366
0.05929
0.058021
0.057346
0.058015
0.056588
0.056582
0.056486
0.058242
0.056399
0.056633
0.056941
0.056918
