0.073766
0.069847
0.071132
0.072876
0.071266
0.072932
0.075916
0.073735
0.076913
0.071216
0.070197
0.070972
0.069927
0.070337
0.070922
0.073448
0.070771
0.072667
0.070824
0.070778
0.071201
0.071099
0.07089
0.070495
0.07101
0.071541
0.070737
0.070544
0.070619
0.07018
0.070819
0.070975
0.070762
0.072896
0.071135
0.070689
0.073591
0.070715
0.072668
0.070888
0.072715
0.070517
0.070647
0.070418
0.070849
0.070967
0.070903
0.070466
0.070482
0.070336
0.070538
0.070408
0.072829
0.070538
0.071306
0.074741
0.071304
0.071253
0.073221
0.071102
0.070576
0.072395
0.071018
0.071544
0.070388
0.07108
0.070541
0.070399
0.074504
0.070623
0.074267
0.07126
0.070846
0.075306
0.072421
0.071074
0.072625
0.071332
0.073505
0.070696
0.071237
0.070702
0.070311
0.076455
0.07103
0.074351
0.071837
0.070568
0.071745
0.070606
0.071747
0.070014
0.073751
0.070921
0.070251
0.071334
0.074272
0.070553
0.070161
0.070572
0.073166
0.072854
0.069994
0.069892
0.075872
0.073374
0.070763
0.073173
0.073414
0.073881
0.07033
0.073247
0.070519
0.071883
0.073219
0.071892
0.070433
0.071523
0.070495
0.070324
0.072535
0.071631
0.070212
0.070272
0.070228
0.070515
0.0728
0.071448
0.070774
0.070457
0.073007
0.074839
0.070115
0.073444
0.070618
0.070776
0.071577
0.070454
0.07245
0.073169
0.07247
0.070817
0.071496
0.070636
0.071126
0.073421
0.07978
0.075185
0.07459
0.070619
0.075771
0.074554
0.071046
0.075939
0.071436
0.070512
0.071034
0.07195
0.070993
0.07095
0.072477
0.070686
0.070755
0.075425
0.071193
0.071214
0.071914
0.070147
0.073867
0.070699
0.072803
0.070274
0.072676
0.071162
0.071463
0.073729
0.070079
0.077197
0.074592
0.071933
0.070366
0.074349
0.071925
0.072843
0.070385
0.070412
0.070869
0.070298
0.072486
0.070054
0.071027
0.072895
0.070258
0.070357
0.070349
0.072145
0.070208
0.072448
0.07134
0.070558
0.070276
0.070361
0.07066
0.070954
0.073124
0.070821
0.071283
0.072809
0.072383
0.070584
0.072198
0.070462
0.072901
0.077422
0.074775
0.074605
0.070589
0.069851
0.072383
0.076758
0.070383
0.071735
0.071075
0.069983
0.069904
0.074668
0.070535
0.071229
0.070248
0.070466
0.070744
0.070968
0.073224
0.075361
0.07413
0.07152
0.070392
0.072014
0.073885
0.072108
0.07029
0.070408
0.07054
0.070435
0.072412
0.070742
0.070304
0.072132
0.069767
0.076692
0.075046
0.070115
0.07113
0.071002
0.070341
0.070171
0.073791
0.073813
0.074319
0.075965
0.07134
0.070321
0.076452
0.071045
0.072609
0.072097
0.074543
0.070245
0.071251
0.070961
0.070306
0.0762
0.070678
0.070386
0.071054
0.070292
0.070464
0.070789
0.072733
0.072936
0.0708
0.0705
0.070789
0.070324
0.070808
0.07109
0.070811
0.074087
0.070857
0.075989
0.075614
0.070632
0.070179
0.0766
0.071941
0.07127
0.070861
0.071933
0.070606
0.072763
0.070506
0.07235
0.070801
0.071079
0.072074
0.075169
0.070532
0.075208
0.075255
0.070592
0.070194
0.07515
0.071842
0.071346
0.069993
0.070338
0.075634
0.071571
0.07446
0.072782
0.070768
0.070716
0.071688
0.075403
0.072448
0.072369
0.072338
0.0706
0.072038
0.07059
0.070623
0.071415
0.074014
0.070358
0.070748
0.070757
0.073808
0.070203
0.070605
0.075048
0.070313
0.074403
0.070855
0.070424
0.071477
0.070971
0.076203
0.071203
0.071321
0.070892
0.07479
0.070621
0.073249
0.071519
0.070214
0.072356
0.071593
0.071442
0.070849
0.070132
0.075385
0.071764
0.071066
0.071443
0.074847
0.070933
0.070265
0.073624
0.072666
0.071772
0.070371
0.070487
0.071354
0.070467
0.06984
0.07085
0.0717
0.070262
0.073813
0.070681
0.070149
0.073825
0.070617
0.070701
0.073564
0.070538
0.071339
0.071071
0.072252
0.070824
0.07169
0.073836
0.070531
0.070804
0.070648
0.070667
0.073614
0.072062
0.070585
0.075336
0.07064
0.07357
0.07042
0.070151
0.070488
0.070102
0.073302
0.070876
0.070279
0.073618
0.073802
0.07436
0.074828
0.074833
0.070448
0.070195
0.071743
0.07025
0.070646
0.070677
0.070357
0.070436
0.07092
0.070818
0.070617
0.0705
0.071575
0.070252
0.071188
0.070852
0.070457
0.075831
0.071301
0.070851
0.070705
0.075175
0.073487
0.070602
0.070343
0.071096
0.075973
0.071226
0.072864
0.072563
0.075948
0.070777
0.077817
0.071099
0.071188
0.074945
0.072797
0.070861
0.077884
0.070438
0.071966
0.071843
0.075508
0.071586
0.071442
0.070462
0.070941
0.071386
0.070931
0.070797
0.071138
0.070687
0.070431
0.070399
0.070677
0.071064
0.070964
0.069752
0.070342
0.075027
0.074039
0.070003
0.070456
0.071198
0.070779
0.071668
0.074693
0.07167
0.070114
0.071648
0.072302
0.071943
0.070821
0.07677
0.070607
0.072827
0.074576
0.074642
0.077891
0.072261
0.073815
0.070082
0.07411
0.074995
0.072922
0.07101
0.069939
0.071311
0.070969
0.071101
0.071209
0.097193
0.073353
0.07291
0.074348
0.070742
0.0712
0.07078
0.070437
0.070996
0.070837
0.071058
0.070557
0.070416
0.0752
0.077706
0.070344
0.07051
0.074528
0.070515
0.070591
0.070234
0.07302
0.070872
0.070334
0.070039
0.074869
0.070542
0.070649
0.075941
0.075842
0.070349
0.071837
0.071091
0.072806
0.070895
0.07126
0.071429
0.070638
0.070191
0.070382
0.070089
0.070281
0.070731
0.07055
0.070589
0.071003
0.070796
0.070917
0.070398
0.07295
0.072795
0.070435
0.075767
0.070304
0.071385
0.07051
0.070716
0.070721
0.071583
0.070842
0.071864
0.071747
0.070796
0.070958
0.070258
0.070794
0.070791
0.072991
0.070295
0.071167
0.070706
0.071461
0.070018
0.070619
0.071443
0.07033
0.070127
0.070203
0.07112
0.069952
0.070048
0.070642
0.071479
0.071299
0.070623
0.072432
0.072288
0.072841
0.070786
0.071743
0.070202
0.071639
0.070089
0.075807
0.070221
0.070492
0.071012
0.069998
0.071658
0.070247
0.072695
0.07374
0.070581
0.074869
0.0708
0.071191
0.070657
0.070864
0.070702
0.071223
0.073285
0.070097
0.074865
0.073746
0.070691
0.070934
0.072123
0.072222
0.072448
0.070853
0.070175
0.070263
0.071525
0.074744
0.074849
0.07038
0.070871
0.070509
0.071778
0.07138
0.072127
0.070515
0.075389
0.074556
0.071223
0.071147
0.071671
0.070451
0.070651
0.069929
0.070152
0.070226
0.070101
0.070708
0.070788
0.07442
0.069737
0.071695
0.071165
0.074736
0.071698
0.071281
0.070002
0.070089
0.072444
0.072561
0.071063
0.070945
0.073156
0.071452
0.071763
0.071249
0.071544
0.072858
0.071918
0.072571
0.070639
0.072212
0.070095
0.072245
0.070321
0.069706
0.0713
0.069766
0.070556
0.070809
0.071766
0.069923
0.070204
0.070486
0.074638
0.070705
0.069775
0.069861
0.071515
0.076137
0.071803
0.072533
0.071236
0.070609
0.07227
0.070815
0.074517
0.070826
0.073724
0.06998
0.069895
0.070725
0.071134
0.076084
0.075602
0.070734
0.071118
0.076199
0.071186
0.076199
0.071359
0.070652
0.070685
0.076326
0.071085
0.071693
0.0756
0.070073
0.070603
0.070508
0.070411
0.072482
0.070942
0.070863
0.070384
0.07096
0.094187
0.075981
0.072925
0.07088
0.070714
0.070497
0.070707
0.069848
0.070612
0.073325
0.070187
0.077525
0.070587
0.071134
0.070896
0.074709
0.071146
0.070031
0.070497
0.070709
0.070507
0.070779
0.070602
0.07375
0.070991
0.072186
0.070273
0.071395
0.070532
0.072043
0.070163
0.070207
0.070157
0.07568
0.072687
0.070416
0.0706
0.070038
0.074609
0.072255
0.070433
0.073118
0.070092
0.070183
0.074013
0.070545
0.073486
0.070174
0.07524
0.075828
0.075626
0.070271
0.072598
0.070967
0.07359
0.07156
0.072807
0.070298
0.072348
0.070731
0.073633
0.071673
0.070789
0.070666
0.07073
0.072883
0.070302
0.070298
0.07012
0.070936
0.071917
0.070936
0.074368
0.07006
0.075995
0.070989
0.07189
0.073924
0.072693
0.074144
0.070372
0.072475
0.071465
0.073819
0.070414
0.076003
0.071793
0.072307
0.070368
0.071854
0.070407
0.072599
0.0734
0.070623
0.070459
0.070403
0.070437
0.070132
0.077857
0.070175
0.070493
0.07179
0.070516
0.070543
0.070419
0.070342
0.071854
0.072808
0.071035
0.076669
0.072563
0.071777
0.071385
0.070559
0.071249
0.071033
0.072559
0.070374
0.071334
0.076251
0.072161
0.070354
0.071001
0.073968
0.073849
0.070792
0.074052
0.076161
0.072223
0.070451
0.070122
0.070231
0.07321
0.070242
0.070115
0.072417
0.070265
0.070147
0.070438
0.070849
0.07554
0.070319
0.069805
0.069747
0.070376
0.072913
0.070083
0.070721
0.072716
0.071079
0.071377
0.072436
0.070377
0.071273
0.070121
0.07063
0.070417
0.071197
0.070205
0.070977
0.0708
0.074384
0.070124
0.070238
0.072258
0.070575
0.070051
0.072778
0.070146
0.070287
0.07484
0.072746
0.075538
0.077247
0.074173
0.070455
0.07115
0.070847
0.07199
0.07069
0.072274
0.070404
0.071122
0.070773
0.070152
0.071464
0.073315
0.07021
0.071597
0.071145
0.070057
0.070466
0.072493
0.076298
0.06999
0.070078
0.07101
0.069732
0.07319
0.075623
0.069951
0.074579
0.069977
0.073188
0.074358
0.072298
0.070699
0.072823
0.069792
0.072533
0.071153
0.074436
0.070703
0.071372
0.072112
0.069971
0.072022
0.070169
0.070217
0.069831
0.070633
0.070733
0.070079
0.070791
0.071007
0.070666
0.069634
0.069593
0.074892
0.07043
0.070733
0.071251
0.074386
0.073522
0.070414
0.075366
0.070601
0.075072
0.071849
0.070776
0.075155
0.069937
0.071977
0.070782
0.072416
0.070407
0.07268
0.073907
0.071295
0.0703
0.070539
0.070946
0.070106
0.070827
0.070036
0.074901
0.071126
0.073739
0.070838
0.073846
0.074798
0.072783
0.070812
0.070597
0.070925
0.074909
0.072316
0.070515
0.070583
0.070519
0.075388
0.07137
0.074718
