0.075588
0.072523
0.073435
0.074269
0.073577
0.074526
0.073384
0.074305
0.077493
0.072341
0.073037
0.074167
0.07332
0.072146
0.072692
0.072791
0.073175
0.073697
0.074435
0.074084
0.07343
0.071952
0.072586
0.068777
0.072544
0.070625
0.072211
0.072022
0.072946
0.069464
0.07202
0.074383
0.072802
0.072593
0.068869
0.071123
0.07345
0.073775
0.07343
0.072188
0.073979
0.075303
0.070715
0.071866
0.073153
0.069809
0.071355
0.073834
0.07281
0.073188
0.073137
0.072117
0.075637
0.080064
0.073028
0.07274
0.07285
0.072586
0.073276
0.073593
0.073112
0.073643
0.072929
0.073134
0.072811
0.074061
0.074221
0.070887
0.073442
0.075586
0.073691
0.074919
0.074354
0.076051
0.073641
0.074985
0.072521
0.072516
0.072483
0.074378
0.07239
0.073553
0.072631
0.074034
0.072177
0.073486
0.073487
0.069309
0.072425
0.072429
0.069468
0.073558
0.073565
0.073034
0.073785
0.073142
0.074317
0.07346
0.06981
0.072225
0.072966
0.07481
0.074192
0.071737
0.072543
0.073864
0.074024
0.073294
0.073927
0.070512
0.07198
0.072604
0.073995
0.074015
0.07366
0.074588
0.072439
0.071998
0.074193
0.071055
0.071783
0.071861
0.073291
0.074365
0.07368
0.074001
0.073727
0.072932
0.072063
0.073071
0.070687
0.072678
0.072758
0.068799
0.071788
0.072431
0.074062
0.07056
0.073082
0.073441
0.073017
0.07308
0.073932
0.07366
0.074549
0.076605
0.075626
0.072986
0.0752
0.072996
0.072003
0.072331
0.074128
0.073096
0.073956
0.073164
0.071559
0.06907
0.075712
0.074378
0.07418
0.07304
0.074044
0.070171
0.07551
0.072666
0.073775
0.072114
0.075533
0.072206
0.072209
0.072796
0.073793
0.073579
0.072175
0.072586
0.073502
0.073162
0.072595
0.072657
0.073776
0.071491
0.075442
0.073794
0.072473
0.073895
0.073271
0.075136
0.072695
0.072618
0.072071
0.072772
0.073446
0.074553
0.072897
0.073879
0.068682
0.073261
0.074274
0.073193
0.073163
0.073705
0.074052
0.072428
0.074899
0.073464
0.069626
0.072239
0.073982
0.069528
0.073632
0.073139
0.074964
0.072445
0.069798
0.073365
0.075157
0.073926
0.073499
0.072789
0.074209
0.073275
0.070762
0.072498
0.074313
0.074158
0.072682
0.073293
0.073282
0.073314
0.072715
0.072196
0.069215
0.073765
0.070054
0.073776
0.072433
0.073768
0.074269
0.073826
0.074176
0.072605
0.073025
0.075719
0.073438
0.075659
0.072618
0.073633
0.072877
0.073252
0.074306
0.072481
0.073115
0.072524
0.072605
0.071299
0.075182
0.073514
0.072729
0.072356
0.072731
0.072991
0.073041
0.072627
0.081578
0.073136
0.074119
0.072518
0.073578
0.073738
0.07272
0.07518
0.074358
0.073171
0.074382
0.073045
0.073369
0.071213
0.075101
0.07364
0.075822
0.069489
0.073446
0.073569
0.071638
0.0739
0.072105
0.073044
0.074165
0.07374
0.074191
0.073199
0.074245
0.073883
0.072412
0.072221
0.073062
0.072042
0.073404
0.075266
0.074389
0.071927
0.074224
0.072713
0.072843
0.073191
0.072983
0.074049
0.07337
0.073798
0.073654
0.073245
0.073316
0.074125
0.076682
0.073043
0.073686
0.071367
0.073448
0.071966
0.072389
0.072555
0.073194
0.073724
0.072627
0.072456
0.073897
0.07415
0.073211
0.072997
0.072392
0.073317
0.074148
0.073545
0.073401
0.072052
0.07317
0.073895
0.074626
0.073294
0.071177
0.073277
0.072603
0.07183
0.072805
0.072484
0.077039
0.07354
0.072897
0.068879
0.072043
0.073054
0.07221
0.073211
0.073478
0.070813
0.075722
0.073331
0.072613
0.075391
0.075263
0.073974
0.072156
0.073728
0.07224
0.072831
0.073047
0.074324
0.074331
0.073422
0.072476
0.073878
0.073933
0.074252
0.07528
0.073314
0.072354
0.073514
0.073804
0.073598
0.071544
0.074299
0.071974
0.072888
0.074424
0.073795
0.073016
0.072552
0.07639
0.073653
0.071023
0.073069
0.073293
0.074913
0.074786
0.074646
0.075267
0.07328
0.073678
0.073113
0.072856
0.069693
0.07413
0.072653
0.07351
0.073057
0.073717
0.07366
0.073557
0.073913
0.073269
0.07341
0.07252
0.073527
0.074616
0.071855
0.072385
0.07403
0.073346
0.077306
0.070902
0.073278
0.071151
0.072746
0.072806
0.074135
0.073326
0.076361
0.073884
0.072709
0.073431
0.073447
0.073707
0.07339
0.07348
0.073677
0.073122
0.073388
0.079476
0.072447
0.071167
0.0739
0.07428
0.072984
0.073671
0.071516
0.073197
0.071411
0.068954
0.07312
0.073303
0.072118
0.073378
0.072831
0.073566
0.07162
0.072517
0.071321
0.07337
0.071243
0.071673
0.07231
0.07476
0.072148
0.07406
0.073305
0.074204
0.075265
0.074561
0.072107
0.074059
0.072839
0.07265
0.073038
0.068882
0.074564
0.074623
0.073758
0.073127
0.073829
0.070849
0.073327
0.07417
0.073152
0.070565
0.073436
0.073672
0.076207
0.072837
0.074274
0.073176
0.070674
0.074744
0.073169
0.072889
0.075122
0.074173
0.071414
0.073585
0.074443
0.074897
0.074126
0.073426
0.081502
0.069972
0.077635
0.07715
0.075363
0.072958
0.077007
0.073815
0.072738
0.073013
0.074931
0.07447
0.0739
0.074099
0.072835
0.07299
0.072776
0.073432
0.074876
0.073183
0.073022
0.072656
0.070101
0.07289
0.069601
0.069377
0.072937
0.074454
0.068972
0.072848
0.073143
0.073119
0.073851
0.072041
0.069397
0.073021
0.073586
0.073652
0.075789
0.074633
0.073106
0.071553
0.072368
0.074505
0.074234
0.073042
0.072319
0.071766
0.069309
0.074138
0.073759
0.073157
0.071812
0.071122
0.07325
0.072882
0.073376
0.073248
0.072734
0.073529
0.072887
0.072444
0.074423
0.073544
0.073905
0.071946
0.072592
0.073594
0.071428
0.07222
0.073419
0.073385
0.074705
0.074
0.074152
0.074298
0.073498
0.072258
0.073722
0.073943
0.073561
0.073901
0.071508
0.069184
0.072963
0.073085
0.073736
0.07312
0.07357
0.074034
0.071096
0.072984
0.07279
0.069924
0.072777
0.073676
0.0725
0.07366
0.075069
0.072072
0.073931
0.07342
0.072783
0.073122
0.0713
0.074908
0.070715
0.07428
0.073647
0.073676
0.073622
0.072809
0.073835
0.075463
0.073781
0.069025
0.074072
0.073841
0.073106
0.072771
0.074845
0.073899
0.073965
0.072328
0.074424
0.074205
0.068663
0.07306
0.072881
0.073705
0.072734
0.073702
0.073125
0.073059
0.074001
0.073247
0.075404
0.074569
0.074217
0.073103
0.072121
0.073842
0.072214
0.073039
0.073139
0.072703
0.068853
0.071829
0.07454
0.07423
0.072668
0.069296
0.069393
0.073256
0.073102
0.071636
0.073654
0.07324
0.072381
0.071869
0.072512
0.072977
0.073391
0.072535
0.068869
0.073235
0.072331
0.073388
0.074645
0.072779
0.072654
0.074275
0.072577
0.075188
0.076766
0.07228
0.069261
0.0713
0.073358
0.072242
0.073757
0.072588
0.073313
0.072658
0.072776
0.07169
0.07376
0.073559
0.073312
0.073345
0.073908
0.074825
0.074483
0.074438
0.069334
0.069244
0.07474
0.070643
0.07524
0.077076
0.072383
0.074405
0.075804
0.075532
0.075796
0.07215
0.076258
0.074078
0.075926
0.070078
0.074034
0.075319
0.075653
0.074962
0.075037
0.073674
0.074703
0.076668
0.072935
0.073385
0.074372
0.073714
0.073113
0.074992
0.085605
0.075707
0.076502
0.074685
0.074648
0.074672
0.073265
0.073216
0.073132
0.072816
0.074766
0.074474
0.07469
0.073754
0.072884
0.075054
0.071332
0.073777
0.073139
0.073872
0.0746
0.074126
0.069811
0.074127
0.073564
0.07375
0.073819
0.074045
0.073312
0.073463
0.072731
0.072015
0.072407
0.076051
0.074607
0.074238
0.07349
0.073965
0.073507
0.073159
0.072233
0.073909
0.068833
0.073672
0.073146
0.072545
0.073018
0.071559
0.073241
0.074137
0.073827
0.073972
0.073512
0.072135
0.074669
0.075316
0.076091
0.073779
0.073691
0.072574
0.074671
0.074308
0.071459
0.073212
0.072256
0.073234
0.075908
0.069786
0.075321
0.072079
0.069955
0.072636
0.074217
0.074919
0.073711
0.06898
0.072595
0.072837
0.07389
0.072394
0.073144
0.075146
0.074142
0.07329
0.07313
0.073219
0.073107
0.073673
0.074991
0.08003
0.073546
0.072903
0.074137
0.070587
0.072784
0.074904
0.072252
0.072507
0.07562
0.073622
0.073349
0.073375
0.072677
0.073471
0.072767
0.073535
0.073196
0.073641
0.074662
0.073029
0.073491
0.075716
0.074071
0.073163
0.072768
0.073094
0.073145
0.069146
0.070099
0.074327
0.073307
0.073266
0.072594
0.074402
0.075649
0.073734
0.074716
0.074454
0.075315
0.072715
0.074868
0.072695
0.073384
0.073698
0.074331
0.072918
0.072285
0.069283
0.073138
0.072407
0.07383
0.073579
0.073736
0.07262
0.073931
0.073504
0.075193
0.069098
0.074504
0.079243
0.073527
0.072073
0.073022
0.073469
0.072669
0.075046
0.069724
0.07388
0.074262
0.073103
0.071881
0.073914
0.072923
0.07561
0.074511
0.074378
0.073673
0.073568
0.069134
0.073111
0.074589
0.072333
0.072014
0.07316
0.073183
0.073453
0.073766
0.07296
0.074669
0.07375
0.073205
0.069852
0.074582
0.073066
0.073618
0.07442
0.071756
0.072556
0.075408
0.073237
0.072259
0.073687
0.074255
0.07397
0.073467
0.074168
0.073593
0.073281
0.074265
0.073314
0.073773
0.073682
0.074142
0.073108
0.073724
0.074042
0.073916
0.072714
0.074817
0.072252
0.07476
0.072095
0.074859
0.072841
0.074155
0.074552
0.071346
0.075197
0.072595
0.074642
0.074023
0.071932
0.074985
0.073743
0.07351
0.072937
0.074434
0.07207
0.071874
0.072039
0.073497
0.069389
0.074642
0.073715
0.073901
0.073847
0.068923
0.072665
0.072675
0.073133
0.073865
0.075742
0.068999
0.068907
0.072821
0.072538
0.072648
0.070837
0.072512
0.072054
0.074043
0.073653
0.073092
0.074149
0.074294
0.072608
0.074244
0.07349
0.07269
0.074719
0.072125
0.075226
0.074003
0.069095
0.07291
0.075164
0.072974
0.073199
0.072299
0.072437
0.074818
0.073516
0.072089
