0.074175
0.073147
0.076783
0.075585
0.073944
0.073238
0.073282
0.07484
0.073139
0.073239
0.072014
0.073733
0.074039
0.072508
0.075583
0.074032
0.073484
0.073712
0.072113
0.072926
0.074368
0.073496
0.072756
0.074407
0.072272
0.07473
0.073662
0.074504
0.072444
0.074006
0.075689
0.073698
0.073525
0.07373
0.072774
0.073889
0.073061
0.072341
0.07419
0.073706
0.074338
0.073086
0.073788
0.07177
0.075864
0.074155
0.073498
0.072542
0.074891
0.072444
0.073896
0.073681
0.074948
0.073165
0.072646
0.072833
0.074292
0.074915
0.074554
0.074138
0.073903
0.071248
0.0739
0.072657
0.073947
0.07265
0.072506
0.073247
0.072594
0.073619
0.073153
0.073814
0.073114
0.071362
0.07363
0.06889
0.073782
0.070957
0.079077
0.07235
0.07412
0.073697
0.074545
0.075966
0.071993
0.074054
0.073622
0.072845
0.073497
0.07157
0.073201
0.072913
0.073231
0.070168
0.073076
0.072287
0.07101
0.073498
0.069061
0.073231
0.071214
0.073967
0.075672
0.073376
0.075033
0.073867
0.073818
0.073924
0.071846
0.073997
0.074151
0.073819
0.073483
0.074128
0.072313
0.073193
0.073169
0.071268
0.073473
0.073381
0.073634
0.072765
0.072414
0.073898
0.072239
0.069559
0.072621
0.074044
0.072811
0.072314
0.073515
0.072589
0.073631
0.0733
0.072101
0.07297
0.073863
0.072256
0.071981
0.073293
0.07442
0.074668
0.071534
0.075389
0.072793
0.096424
0.071921
0.077265
0.072475
0.073862
0.073451
0.073321
0.074267
0.072961
0.074034
0.073042
0.072875
0.074506
0.072523
0.072313
0.072059
0.072544
0.073656
0.073494
0.074275
0.074045
0.07254
0.073582
0.074216
0.073897
0.073926
0.069033
0.08201
0.072271
0.075258
0.074038
0.073952
0.074046
0.073346
0.072777
0.073478
0.07196
0.073486
0.073438
0.069782
0.072696
0.072763
0.072824
0.073737
0.073505
0.074117
0.072801
0.071808
0.073269
0.074374
0.074733
0.070687
0.071207
0.073555
0.073456
0.072585
0.075513
0.073352
0.072363
0.072252
0.069415
0.074221
0.072368
0.072422
0.073627
0.072369
0.07001
0.072619
0.070832
0.07373
0.071024
0.073155
0.074058
0.07275
0.073175
0.076917
0.071233
0.074579
0.073906
0.073283
0.072975
0.074112
0.073498
0.075586
0.072744
0.075049
0.074108
0.068902
0.073417
0.072862
0.07321
0.072413
0.073801
0.068886
0.074701
0.074751
0.073106
0.076447
0.075418
0.073377
0.073306
0.071779
0.073632
0.072618
0.075957
0.072974
0.073978
0.072666
0.072911
0.073857
0.075523
0.075629
0.072305
0.072417
0.072392
0.075161
0.072994
0.073403
0.070559
0.075428
0.068718
0.07228
0.072356
0.073582
0.073009
0.072323
0.07209
0.074509
0.073201
0.072216
0.07175
0.073751
0.072189
0.07005
0.072834
0.073763
0.076184
0.074568
0.072815
0.072918
0.073011
0.074946
0.072801
0.070453
0.071942
0.07424
0.07511
0.072613
0.074608
0.074374
0.073213
0.072633
0.07308
0.073783
0.073214
0.073523
0.068874
0.072706
0.072752
0.073221
0.075676
0.075117
0.074796
0.073731
0.073929
0.073679
0.070554
0.073593
0.072748
0.073604
0.074675
0.072219
0.074697
0.073995
0.072858
0.073927
0.072157
0.073557
0.072459
0.074248
0.073962
0.073841
0.073772
0.071768
0.07172
0.072674
0.074466
0.074259
0.072296
0.069077
0.073221
0.074622
0.074383
0.072979
0.072079
0.07193
0.074221
0.073645
0.072258
0.074181
0.073089
0.073524
0.072693
0.07496
0.073671
0.073974
0.07319
0.073402
0.072314
0.072346
0.074065
0.069615
0.073091
0.071801
0.073367
0.072274
0.071936
0.073493
0.071188
0.073077
0.073749
0.071846
0.073073
0.074048
0.073405
0.072934
0.073183
0.072892
0.073625
0.072281
0.074735
0.073277
0.071942
0.072098
0.073145
0.073845
0.073391
0.073745
0.073436
0.07308
0.073032
0.072145
0.070971
0.07245
0.072164
0.073582
0.072675
0.072768
0.075821
0.074493
0.073675
0.074015
0.073867
0.074987
0.07284
0.0719
0.076774
0.073538
0.068624
0.075651
0.07385
0.073088
0.072964
0.074562
0.070983
0.072239
0.074146
0.069844
0.072621
0.073827
0.07428
0.073149
0.074873
0.074451
0.073061
0.072996
0.072933
0.101146
0.072302
0.073883
0.07452
0.073716
0.074777
0.072027
0.073928
0.074512
0.071668
0.07401
0.074611
0.071148
0.073643
0.073112
0.07539
0.071638
0.073746
0.073785
0.074626
0.075275
0.082407
0.076445
0.073801
0.072812
0.074357
0.071236
0.073472
0.07233
0.073312
0.073717
0.07402
0.073835
0.073175
0.073855
0.07278
0.072422
0.07215
0.073928
0.071739
0.073593
0.06996
0.074016
0.072705
0.074646
0.072973
0.074379
0.072634
0.074802
0.080301
0.070243
0.07241
0.073416
0.073783
0.073668
0.072191
0.074985
0.073606
0.0729
0.074342
0.072491
0.075914
0.072619
0.074171
0.073056
0.072771
0.07245
0.073487
0.072136
0.075774
0.071788
0.074302
0.072328
0.072204
0.07245
0.072754
0.072535
0.072017
0.068875
0.075333
0.072905
0.074612
0.079695
0.076955
0.076014
0.072889
0.072069
0.072223
0.075513
0.073927
0.0758
0.074107
0.076813
0.074155
0.073346
0.073195
0.073593
0.070003
0.074189
0.074016
0.073218
0.073963
0.072697
0.073615
0.073817
0.074412
0.076804
0.073039
0.072438
0.073882
0.07221
0.072367
0.071808
0.073044
0.072716
0.071742
0.073586
0.071899
0.072898
0.073472
0.072276
0.07193
0.073603
0.07443
0.073106
0.071596
0.074598
0.073477
0.071205
0.075051
0.074692
0.074724
0.073668
0.068644
0.074356
0.073886
0.072348
0.074133
0.07256
0.072284
0.073008
0.074128
0.073234
0.073029
0.073347
0.073864
0.074016
0.072965
0.071607
0.074829
0.073536
0.074283
0.072874
0.0728
0.071512
0.073792
0.07436
0.07091
0.073342
0.073408
0.072897
0.073937
0.073103
0.080532
0.074293
0.082766
0.072403
0.074809
0.075019
0.071801
0.072926
0.072294
0.073057
0.070984
0.072359
0.071859
0.073716
0.074425
0.072492
0.074415
0.07286
0.075403
0.070011
0.072321
0.075481
0.072809
0.071435
0.074067
0.07386
0.074044
0.073088
0.073584
0.073359
0.075021
0.07468
0.072608
0.071377
0.072247
0.074441
0.072354
0.072976
0.074116
0.075104
0.07421
0.073697
0.073928
0.075195
0.073808
0.074159
0.074751
0.071661
0.072529
0.072952
0.074144
0.072598
0.070394
0.073271
0.072845
0.072591
0.073256
0.073077
0.074045
0.073741
0.072126
0.072548
0.074771
0.073295
0.07807
0.072497
0.069965
0.072594
0.072424
0.073831
0.075409
0.072494
0.073696
0.072525
0.073643
0.071862
0.074166
0.072838
0.074745
0.073775
0.072888
0.069218
0.068732
0.073874
0.073008
0.073378
0.073754
0.072374
0.073681
0.073882
0.073893
0.073796
0.072029
0.072078
0.072065
0.07487
0.073078
0.070932
0.073178
0.071635
0.07283
0.073064
0.072983
0.072653
0.073674
0.072776
0.073147
0.072069
0.072989
0.071984
0.073002
0.073607
0.07622
0.072826
0.074327
0.072832
0.070836
0.075038
0.074935
0.074925
0.074735
0.073334
0.074769
0.074818
0.075082
0.075148
0.073731
0.074635
0.074871
0.075271
0.075367
0.075097
0.073999
0.074709
0.072381
0.07156
0.074429
0.073955
0.074104
0.070708
0.075495
0.077176
0.075049
0.076722
0.073563
0.074441
0.074259
0.070265
0.07284
0.074788
0.074597
0.071636
0.073592
0.072915
0.074663
0.072631
0.077598
0.074081
0.074243
0.073464
0.073184
0.073526
0.073724
0.074186
0.073686
0.073908
0.071361
0.073045
0.073657
0.073497
0.072426
0.072978
0.070802
0.072364
0.073557
0.074393
0.074063
0.073234
0.073921
0.075225
0.073582
0.075738
0.074701
0.071976
0.073264
0.074359
0.074414
0.072609
0.073744
0.073536
0.074282
0.07344
0.072157
0.069073
0.073383
0.07396
0.073071
0.070184
0.072634
0.073796
0.074907
0.073261
0.072963
0.073512
0.071886
0.073687
0.073392
0.073394
0.073601
0.073095
0.074447
0.073641
0.071058
0.073705
0.073996
0.073351
0.072595
0.071993
0.075795
0.074324
0.073939
0.073439
0.070125
0.07454
0.069911
0.072629
0.071424
0.075616
0.074047
0.071811
0.07232
0.073173
0.071984
0.073031
0.074215
0.072784
0.07269
0.072991
0.073176
0.07408
0.073769
0.072799
0.072004
0.074985
0.073985
0.076016
0.073169
0.070686
0.073443
0.073816
0.073968
0.074646
0.074968
0.074106
0.07303
0.072189
0.079352
0.073051
0.073361
0.073349
0.0723
0.07343
0.073505
0.071733
0.073274
0.072723
0.073267
0.072224
0.072042
0.072938
0.072948
0.073055
0.073803
0.073407
0.073704
0.072873
0.072306
0.07352
0.075132
0.073906
0.073402
0.072832
0.073383
0.073554
0.073602
0.074727
0.073496
0.073903
0.07055
0.075078
0.07114
0.07558
0.071728
0.073117
0.072268
0.073058
0.074435
0.073573
0.072019
0.073819
0.072473
0.073085
0.073431
0.073477
0.073785
0.075022
0.072748
0.073905
0.073218
0.074354
0.073517
0.075797
0.074887
0.074142
0.074216
0.070458
0.073661
0.072262
0.07328
0.07415
0.072312
0.073152
0.074048
0.073037
0.072418
0.07339
0.073923
0.073134
0.073489
0.073615
0.072686
0.073363
0.073112
0.072511
0.07488
0.073315
0.072326
0.072392
0.073175
0.075168
0.072926
0.073879
0.072575
0.070967
0.07035
0.073676
0.073855
0.072216
0.072477
0.072595
0.072344
0.072718
0.073682
0.073569
0.072529
0.073325
0.072491
0.073288
0.071504
0.073435
0.072596
0.071957
0.074982
0.075302
0.075731
0.075441
0.073211
0.075326
0.070859
0.074444
0.074103
0.074593
0.074328
0.075138
0.073898
0.073087
0.074429
0.072771
0.073415
0.075423
0.074334
0.075733
0.072165
0.072479
0.07441
0.073196
0.074268
0.072478
0.074348
0.072801
0.072065
0.075738
0.070767
0.071538
0.069129
0.073635
0.074669
0.072027
0.074205
0.072227
0.071589
0.075361
0.074498
0.07279
0.073071
0.074574
0.07378
0.073173
0.073936
0.073045
0.069916
0.073847
0.072494
0.073864
0.072361
