0.088842
0.093289
0.090265
0.088437
0.091511
0.090857
0.086694
0.086247
0.087365
0.087786
0.085188
0.086296
0.08635
0.088574
0.086624
0.089185
0.08848
0.08841
0.082306
0.08792
0.088969
0.086598
0.086754
0.087785
0.086689
0.087389
0.087089
0.088445
0.088041
0.089472
0.089364
0.089026
0.084596
0.08867
0.088156
0.087758
0.086947
0.086652
0.087415
0.088306
0.089428
0.089726
0.085579
0.082512
0.087202
0.086969
0.084845
0.087213
0.08873
0.088189
0.086249
0.085891
0.088053
0.0893
0.089823
0.088961
0.087166
0.088071
0.087541
0.088456
0.089186
0.088398
0.086881
0.088506
0.087456
0.08649
0.082382
0.089934
0.082735
0.086587
0.088534
0.089659
0.08841
0.085625
0.08848
0.087644
0.087341
0.087647
0.086932
0.086194
0.086566
0.09002
0.088126
0.083697
0.087147
0.086232
0.087786
0.087813
0.089256
0.087053
0.084727
0.088635
0.090396
0.086221
0.089195
0.08796
0.088264
0.083863
0.087362
0.085824
0.08778
0.08722
0.08839
0.088582
0.082789
0.087105
0.089731
0.087812
0.08677
0.087162
0.086163
0.086311
0.088209
0.088491
0.087747
0.086619
0.085295
0.0869
0.08602
0.087344
0.085864
0.087682
0.087805
0.089543
0.088218
0.088059
0.082677
0.088907
0.087017
0.085829
0.088491
0.085502
0.086674
0.087177
0.088947
0.08928
0.086324
0.087848
0.09233
0.083579
0.088465
0.089948
0.086709
0.087293
0.08716
0.085974
0.087028
0.087302
0.085087
0.08969
0.088859
0.087024
0.088348
0.08641
0.085864
0.088857
0.085457
0.086801
0.087332
0.08807
0.082298
0.087652
0.088513
0.08838
0.083292
0.08623
0.087285
0.087287
0.087415
0.087838
0.087837
0.086291
0.089647
0.091185
0.088361
0.087628
0.087557
0.089973
0.086793
0.088268
0.088442
0.087758
0.087612
0.083822
0.088508
0.086455
0.087765
0.08611
0.086159
0.086005
0.088655
0.08882
0.084031
0.08833
0.088007
0.087077
0.087349
0.088815
0.088928
0.083103
0.086952
0.089091
0.086635
0.088596
0.086711
0.086248
0.085464
0.088408
0.08971
0.0869
0.088518
0.085821
0.088557
0.087663
0.088434
0.089728
0.085475
0.082605
0.087801
0.088559
0.086911
0.083882
0.086147
0.087722
0.084315
0.086362
0.093487
0.088492
0.088354
0.089603
0.086298
0.086891
0.081867
0.085093
0.086511
0.088345
0.087707
0.087838
0.082282
0.094113
0.08832
0.08648
0.087308
0.086672
0.086197
0.084494
0.087356
0.088922
0.088314
0.088965
0.093193
0.086701
0.08436
0.085793
0.089719
0.087047
0.087312
0.086431
0.088636
0.08733
0.089242
0.08728
0.087567
0.082781
0.088515
0.087915
0.086802
0.087306
0.085367
0.088007
0.086724
0.091039
0.086986
0.086812
0.086883
0.085976
0.088496
0.088205
0.087981
0.087649
0.088161
0.088963
0.086818
0.087673
0.09252
0.087157
0.088379
0.087085
0.086583
0.085784
0.086668
0.082313
0.090308
0.088869
0.086881
0.087213
0.087666
0.087894
0.085399
0.088047
0.087449
0.087662
0.088974
0.086864
0.088249
0.08818
0.086081
0.090558
0.087163
0.082831
0.086324
0.087485
0.086476
0.087722
0.088083
0.08986
0.088086
0.085041
0.087531
0.085627
0.088106
0.086583
0.087402
0.088882
0.088686
0.087259
0.086699
0.08686
0.087211
0.088299
0.08748
0.087253
0.087622
0.082404
0.101011
0.089484
0.092598
0.086138
0.087515
0.087679
0.08823
0.088072
0.086778
0.089336
0.088143
0.088574
0.086224
0.08297
0.086974
0.088376
0.087281
0.086997
0.087023
0.087421
0.087589
0.088277
0.088392
0.088338
0.088713
0.087707
0.087217
0.082428
0.084243
0.089027
0.088174
0.090346
0.082526
0.088736
0.089649
0.087764
0.087747
0.093452
0.085128
0.082398
0.086808
0.083727
0.09014
0.082415
0.08852
0.081616
0.089956
0.086208
0.086785
0.087621
0.087712
0.085236
0.089231
0.086708
0.08857
0.087399
0.090602
0.087866
0.088908
0.086793
0.088204
0.087917
0.088834
0.087936
0.087154
0.088279
0.082242
0.088803
0.089863
0.086809
0.090308
0.088138
0.089137
0.086867
0.086072
0.089594
0.087466
0.087369
0.087625
0.087399
0.082403
0.088127
0.08661
0.088534
0.088592
0.08885
0.085184
0.083656
0.087904
0.082821
0.087967
0.089232
0.082302
0.088398
0.088369
0.089056
0.086726
0.087077
0.086665
0.086469
0.086156
0.089116
0.088221
0.088121
0.08846
0.087558
0.087193
0.084472
0.088832
0.088032
0.086459
0.082293
0.087625
0.083275
0.08462
0.088683
0.086157
0.086739
0.085615
0.082232
0.087395
0.085455
0.086535
0.085992
0.088147
0.08868
0.084445
0.089025
0.085651
0.082229
0.086159
0.088068
0.087529
0.086157
0.08755
0.085865
0.088186
0.088055
0.088048
0.08779
0.086752
0.086908
0.086782
0.087569
0.086688
0.087898
0.088155
0.086175
0.08251
0.089548
0.087125
0.089034
0.087198
0.088897
0.0872
0.086167
0.084398
0.08889
0.087572
0.088093
0.08803
0.088919
0.087168
0.089603
0.088206
0.086698
0.088949
0.087335
0.087533
0.087057
0.086688
0.088449
0.082881
0.087283
0.087105
0.0879
0.085834
0.088903
0.088476
0.08827
0.085736
0.088186
0.088659
0.087314
0.086048
0.087857
0.08674
0.089599
0.087768
0.086779
0.086482
0.087927
0.086425
0.084458
0.086472
0.087284
0.088615
0.087532
0.089165
0.086906
0.086813
0.087745
0.087183
0.090002
0.086686
0.085619
0.086793
0.086468
0.085985
0.087314
0.08744
0.087658
0.088536
0.085841
0.086376
0.086732
0.087164
0.088452
0.089599
0.087522
0.083789
0.087924
0.088061
0.087407
0.085925
0.086583
0.088939
0.086598
0.087025
0.087892
0.088414
0.089172
0.08725
0.084303
0.08276
0.087656
0.086693
0.087315
0.08998
0.082641
0.08897
0.088754
0.086914
0.085485
0.087431
0.088182
0.082089
0.091272
0.087509
0.089126
0.087496
0.086458
0.088785
0.087651
0.087065
0.082391
0.091288
0.088376
0.087971
0.086334
0.082
0.08794
0.087597
0.088553
0.087861
0.086893
0.08783
0.087637
0.089103
0.08837
0.087971
0.086987
0.087617
0.086565
0.088455
0.090392
0.087087
0.087615
0.087085
0.082522
0.088423
0.088231
0.088138
0.089955
0.083042
0.087613
0.087978
0.088676
0.089353
0.090434
0.08689
0.091157
0.085817
0.088125
0.088469
0.089264
0.089959
0.087445
0.086699
0.0866
0.088697
0.088117
0.087941
0.087555
0.086556
0.093408
0.089678
0.082584
0.091214
0.087583
0.089659
0.082138
0.08796
0.087872
0.091345
0.088898
0.088805
0.088394
0.08755
0.087678
0.087382
0.083343
0.08896
0.087744
0.084372
0.087072
0.087288
0.083284
0.088377
0.087631
0.085548
0.084977
0.087604
0.0862
0.08613
0.083773
0.089755
0.086968
0.088991
0.088018
0.088588
0.087743
0.088407
0.087666
0.08766
0.089091
0.087786
0.088912
0.087215
0.086926
0.089616
0.086666
0.086894
0.086803
0.08769
0.086438
0.089917
0.087842
0.082906
0.088217
0.087536
0.088898
0.086112
0.087997
0.087509
0.087046
0.087624
0.083954
0.087864
0.085409
0.082227
0.087852
0.087112
0.086556
0.086632
0.089036
0.088139
0.082315
0.088379
0.085731
0.08551
0.08637
0.083062
0.088553
0.091093
0.082467
0.088638
0.08832
0.084097
0.088801
0.086568
0.086699
0.088674
0.088593
0.087115
0.086322
0.089199
0.08644
0.089318
0.083115
0.085873
0.089155
0.089425
0.084734
0.086803
0.088811
0.086624
0.087398
0.08836
0.089405
0.083656
0.08706
0.086097
0.086553
0.08673
0.089205
0.087816
0.089841
0.088904
0.085688
0.089284
0.086886
0.087853
0.086622
0.089683
0.087717
0.087711
0.085969
0.081538
0.088273
0.089717
0.089009
0.087114
0.090948
0.08685
0.088574
0.089234
0.089672
0.088101
0.086342
0.086584
0.087557
0.089237
0.087167
0.08226
0.08993
0.089743
0.089433
0.087074
0.087517
0.086403
0.084045
0.087042
0.087506
0.084973
0.087408
0.086766
0.0864
0.083193
0.090101
0.085861
0.087985
0.08761
0.0875
0.088701
0.082117
0.08917
0.085744
0.089621
0.087193
0.087058
0.087395
0.086658
0.088333
0.085705
0.088689
0.088523
0.087624
0.087525
0.087099
0.087155
0.08704
0.083894
0.085448
0.085086
0.082838
0.087471
0.090517
0.088636
0.090672
0.087701
0.088633
0.090415
0.088196
0.085752
0.089083
0.086482
0.086893
0.088401
0.088015
0.086613
0.085786
0.089185
0.085614
0.109939
0.083545
0.092174
0.087239
0.086013
0.086752
0.087046
0.088192
0.089273
0.089446
0.084063
0.087487
0.0873
0.092686
0.086967
0.088322
0.086962
0.085758
0.082911
0.087507
0.088039
0.088369
0.083638
0.087963
0.0867
0.087204
0.08674
0.088792
0.087948
0.088148
0.088031
0.087506
0.085769
0.086257
0.08829
0.086978
0.088391
0.086179
0.087651
0.08745
0.087226
0.088011
0.088709
0.088644
0.087011
0.086466
0.087354
0.087379
0.085988
0.08746
0.087988
0.088362
0.086775
0.083685
0.087883
0.088271
0.089844
0.088435
0.087387
0.087821
0.082389
0.08663
0.089426
0.084512
0.087566
0.087458
0.085873
0.087348
0.088857
0.090266
0.088065
0.086946
0.08298
0.088937
0.088442
0.089583
0.088923
0.086303
0.085739
0.082507
0.085945
0.086585
0.088158
0.089307
0.088931
0.087452
0.082406
0.088127
0.089487
0.089008
0.087191
0.085368
0.087391
0.089395
0.085896
0.086665
0.088318
0.087655
0.087222
0.088148
0.087552
0.087404
0.087992
0.086538
0.08841
0.083501
0.086844
0.088805
0.089038
0.087845
0.089036
0.087554
0.082509
0.085272
0.087962
0.085645
0.086651
0.086256
0.08653
0.087539
0.090303
0.087788
0.083428
0.086588
0.084651
0.088203
0.08717
0.08591
0.088657
0.087447
0.08142
0.086935
0.08796
0.086456
0.086378
0.08888
0.090315
0.082134
0.088291
0.086167
0.087803
0.088379
0.088016
0.090014
0.087785
0.087967
0.088549
0.088226
0.087764
0.087256
0.088042
0.08227
0.087477
0.08803
0.088775
0.091125
0.089376
0.089428
0.088717
0.09012
0.087175
0.088194
