0.091139
0.085435
0.086092
0.088353
0.086892
0.09185
0.085762
0.086436
0.087052
0.084562
0.083936
0.084895
0.086759
0.087197
0.085938
0.087219
0.084971
0.08791
0.089217
0.088355
0.088284
0.086227
0.086869
0.083258
0.087612
0.087341
0.086349
0.085914
0.087073
0.089211
0.09
0.087503
0.088201
0.08718
0.088829
0.087164
0.087298
0.086352
0.087095
0.085961
0.085905
0.087176
0.088197
0.087274
0.087374
0.087104
0.087163
0.088285
0.086493
0.08581
0.088108
0.089298
0.086914
0.086759
0.088093
0.08831
0.08645
0.08771
0.086363
0.085369
0.086183
0.086778
0.086635
0.087475
0.084284
0.083505
0.086503
0.086631
0.087465
0.085591
0.086921
0.088366
0.088297
0.087033
0.087359
0.088303
0.08797
0.085455
0.087392
0.087236
0.08796
0.08678
0.08764
0.087902
0.089289
0.081678
0.084898
0.088852
0.088163
0.086798
0.086827
0.088815
0.089757
0.08931
0.088774
0.082618
0.086304
0.086348
0.087887
0.087757
0.086539
0.08693
0.085723
0.088554
0.086949
0.088369
0.085939
0.086677
0.085738
0.087476
0.086129
0.087421
0.087851
0.084918
0.087181
0.087463
0.089905
0.086187
0.086735
0.087629
0.088424
0.083252
0.089572
0.087731
0.087556
0.088191
0.089626
0.087574
0.08658
0.086891
0.087997
0.087856
0.087385
0.08847
0.088434
0.088915
0.088191
0.088414
0.087234
0.082508
0.082587
0.088087
0.086051
0.089
0.088072
0.088277
0.087548
0.089357
0.088455
0.087597
0.085133
0.086359
0.083647
0.084169
0.087636
0.088475
0.087338
0.08424
0.087053
0.085696
0.086688
0.084101
0.088076
0.082503
0.087164
0.087505
0.088715
0.085847
0.085136
0.087063
0.088205
0.085494
0.086011
0.086659
0.087693
0.086641
0.08802
0.08904
0.08716
0.086623
0.085996
0.088102
0.085039
0.08699
0.088336
0.087339
0.089434
0.089746
0.08724
0.089978
0.085177
0.088282
0.089945
0.087019
0.086371
0.086691
0.087603
0.088209
0.088091
0.087887
0.0849
0.089443
0.086495
0.084346
0.086569
0.08868
0.088002
0.089306
0.085463
0.085524
0.091754
0.085733
0.087862
0.086047
0.085786
0.08672
0.087859
0.085148
0.085562
0.087633
0.086803
0.085253
0.087333
0.087571
0.088452
0.0868
0.086308
0.087506
0.088433
0.088745
0.086351
0.08796
0.087475
0.087077
0.086229
0.086462
0.090626
0.086833
0.084498
0.088875
0.086075
0.085623
0.088443
0.087973
0.084896
0.084406
0.088326
0.084613
0.087036
0.085716
0.086723
0.089784
0.088863
0.086237
0.086053
0.088611
0.087945
0.087316
0.085161
0.089079
0.08925
0.082743
0.086802
0.087546
0.08873
0.088019
0.084509
0.087745
0.087123
0.086885
0.089481
0.090462
0.088459
0.086597
0.089245
0.08802
0.087536
0.086885
0.089509
0.087797
0.086294
0.085101
0.089221
0.087329
0.088918
0.089905
0.086228
0.088761
0.083334
0.088446
0.087425
0.088027
0.088186
0.08794
0.084563
0.087676
0.089343
0.08612
0.082829
0.087251
0.087537
0.089855
0.089825
0.08654
0.087891
0.089166
0.089691
0.084833
0.084564
0.087449
0.087453
0.085974
0.088828
0.089305
0.086637
0.089123
0.08921
0.08766
0.086821
0.087235
0.08467
0.099782
0.088788
0.08992
0.086831
0.08726
0.087648
0.091029
0.087546
0.089195
0.088549
0.087012
0.086557
0.086942
0.097946
0.092196
0.088701
0.087476
0.086068
0.088314
0.088298
0.087235
0.088208
0.088024
0.083081
0.086859
0.086892
0.087473
0.088856
0.08778
0.087285
0.086081
0.08795
0.088517
0.09021
0.089387
0.087053
0.08745
0.083559
0.087391
0.088861
0.086116
0.088123
0.086052
0.09022
0.087357
0.087045
0.087647
0.086106
0.08531
0.088287
0.089289
0.088068
0.087874
0.087897
0.086475
0.085052
0.087055
0.087152
0.087324
0.088177
0.084903
0.084478
0.088882
0.08775
0.087395
0.087357
0.086481
0.088002
0.085747
0.087819
0.088876
0.090857
0.087779
0.08675
0.086158
0.086554
0.082347
0.087387
0.087671
0.088403
0.086881
0.08632
0.08724
0.087532
0.086774
0.092619
0.0867
0.085977
0.09031
0.086341
0.090065
0.086892
0.086813
0.083993
0.088471
0.085866
0.089542
0.087453
0.088817
0.086245
0.08619
0.084296
0.085088
0.088713
0.089085
0.085646
0.088108
0.086362
0.087448
0.089874
0.087201
0.086592
0.087196
0.087072
0.084347
0.088984
0.087566
0.090275
0.088434
0.086689
0.086804
0.0836
0.085317
0.08895
0.087736
0.088238
0.087003
0.085441
0.084127
0.088479
0.08825
0.083103
0.084631
0.086952
0.08899
0.087803
0.087465
0.087911
0.091537
0.085452
0.08787
0.087485
0.086489
0.087485
0.087569
0.087629
0.091676
0.086603
0.086932
0.087989
0.087639
0.088877
0.089171
0.084602
0.087317
0.089485
0.088013
0.0868
0.087705
0.089045
0.089061
0.090736
0.089192
0.089409
0.088446
0.087696
0.088277
0.087661
0.08837
0.087572
0.088014
0.087216
0.089236
0.088829
0.083156
0.087132
0.087191
0.087774
0.088527
0.078693
0.087893
0.086983
0.086785
0.087671
0.086503
0.087951
0.088909
0.088542
0.089267
0.085295
0.08999
0.089608
0.087556
0.087843
0.086463
0.086196
0.086927
0.088895
0.083158
0.085335
0.088888
0.090057
0.08592
0.089574
0.085824
0.086671
0.087152
0.087566
0.084708
0.087119
0.085447
0.089805
0.08674
0.088131
0.087281
0.086087
0.089322
0.087472
0.088127
0.087631
0.086575
0.087767
0.08589
0.085299
0.085901
0.093767
0.088714
0.088246
0.085533
0.087485
0.087801
0.087686
0.087827
0.087323
0.08501
0.090567
0.08914
0.087957
0.087078
0.082471
0.089352
0.08294
0.0889
0.087922
0.086836
0.087412
0.088402
0.088374
0.084116
0.088928
0.084624
0.08531
0.088527
0.086314
0.089264
0.089626
0.087309
0.087909
0.083797
0.083708
0.088761
0.088857
0.083376
0.087753
0.089076
0.087989
0.090168
0.088896
0.087056
0.087035
0.0837
0.095172
0.089517
0.088002
0.088422
0.088366
0.087308
0.089078
0.088763
0.089326
0.087874
0.08778
0.090583
0.0889
0.088219
0.08762
0.089061
0.082904
0.088674
0.088452
0.086409
0.086718
0.087751
0.090461
0.084641
0.084508
0.086817
0.086889
0.090066
0.089772
0.087152
0.085576
0.087272
0.087248
0.089003
0.089735
0.090261
0.094633
0.083782
0.084245
0.08959
0.088422
0.088629
0.089651
0.084671
0.084785
0.088852
0.10362
0.090893
0.086102
0.087759
0.087186
0.086329
0.087459
0.088881
0.088187
0.085104
0.087294
0.0901
0.082926
0.088121
0.087458
0.08916
0.087228
0.083421
0.086075
0.086953
0.087674
0.089489
0.082829
0.089232
0.089102
0.084129
0.087322
0.087139
0.088389
0.087292
0.089789
0.088064
0.086919
0.087487
0.0876
0.087981
0.08893
0.097707
0.088222
0.086754
0.086773
0.088905
0.089671
0.08609
0.086035
0.087367
0.087851
0.087978
0.086605
0.084243
0.088201
0.084759
0.088097
0.084437
0.08824
0.083843
0.0864
0.089051
0.086441
0.087002
0.086008
0.088453
0.084246
0.088316
0.087154
0.08666
0.087647
0.085038
0.087559
0.089499
0.086896
0.087569
0.087022
0.088612
0.087956
0.087792
0.090101
0.08737
0.08594
0.082497
0.086749
0.087692
0.085263
0.088984
0.086765
0.088784
0.089017
0.091008
0.091283
0.086474
0.086935
0.088268
0.087914
0.088109
0.087967
0.086197
0.087603
0.087888
0.087002
0.087456
0.085319
0.087606
0.087902
0.086361
0.089362
0.087017
0.082432
0.088707
0.087019
0.087554
0.086404
0.089252
0.086657
0.082386
0.087087
0.08949
0.084436
0.087676
0.084105
0.087809
0.086809
0.083305
0.088628
0.089447
0.087252
0.085661
0.088273
0.084893
0.089177
0.083363
0.08748
0.082775
0.090623
0.08845
0.08854
0.08696
0.084526
0.087111
0.087807
0.086226
0.087305
0.085484
0.088895
0.08656
0.088978
0.086046
0.088175
0.087221
0.084288
0.085425
0.087792
0.089811
0.085854
0.086945
0.087339
0.088502
0.087645
0.087306
0.087929
0.087715
0.086684
0.088109
0.088322
0.087439
0.087366
0.087626
0.088941
0.090148
0.088237
0.086183
0.08634
0.087455
0.088269
0.087599
0.086009
0.082837
0.086836
0.086882
0.08263
0.087159
0.089235
0.090997
0.084421
0.09018
0.089616
0.089495
0.092164
0.090001
0.090585
0.093181
0.090454
0.089923
0.088084
0.088956
0.087418
0.087765
0.087145
0.08229
0.086645
0.088303
0.098464
0.085407
0.091002
0.089394
0.087977
0.088117
0.085847
0.089694
0.088066
0.08625
0.086667
0.08654
0.089462
0.086795
0.088071
0.08813
0.086355
0.084215
0.088704
0.088776
0.090088
0.088816
0.087219
0.087888
0.086918
0.088712
0.087388
0.089243
0.088565
0.087803
0.086113
0.083713
0.085923
0.090342
0.086749
0.088724
0.086657
0.088777
0.082953
0.086306
0.088166
0.088841
0.089429
0.087396
0.082934
0.084243
0.089401
0.084967
0.085876
0.087119
0.086717
0.086503
0.0845
0.086807
0.089399
0.087576
0.086316
0.087121
0.087133
0.087147
0.087682
0.086686
0.093496
0.086542
0.089171
0.08857
0.086788
0.087454
0.090601
0.089789
0.088202
0.087348
0.088068
0.088824
0.087883
0.084973
0.086355
0.087543
0.085278
0.087699
0.087944
0.087328
0.092159
0.08927
0.088727
0.088267
0.087058
0.095862
0.086897
0.086751
0.090772
0.087696
0.087332
0.086193
0.088078
0.08592
0.08825
0.085677
0.086965
0.087731
0.087704
0.087479
0.086946
0.086139
0.085915
0.086675
0.090074
0.087142
0.085559
0.088037
0.08581
0.086621
0.087532
0.086763
0.086427
0.090061
0.089799
0.086658
0.087849
0.087624
0.086789
0.087933
0.089261
0.087139
0.087129
0.086542
0.086421
0.088043
0.088135
0.083338
0.08754
0.087351
0.087337
0.088745
0.089747
0.088503
0.088047
0.088214
0.086303
0.08771
0.086989
0.088759
0.086675
0.089993
0.086244
0.083738
0.088153
0.088254
0.087936
0.087988
0.087611
0.08427
0.084518
0.087865
0.088179
0.087171
0.088055
0.087774
0.086358
0.087994
0.087433
0.084269
