0.092356
0.084224
0.088678
0.086635
0.094907
0.087683
0.087565
0.08416
0.084229
0.086174
0.089313
0.084438
0.084201
0.084057
0.084264
0.085222
0.084233
0.088147
0.086669
0.083979
0.08429
0.084039
0.087498
0.088166
0.089418
0.086466
0.083911
0.084642
0.087973
0.089373
0.086264
0.088007
0.08421
0.088325
0.085197
0.08432
0.089104
0.083136
0.085247
0.083478
0.086527
0.085597
0.083254
0.085353
0.084281
0.084395
0.084628
0.084081
0.087939
0.084315
0.085221
0.08661
0.08856
0.0867
0.084633
0.087065
0.084929
0.086631
0.089485
0.086217
0.082743
0.08534
0.085254
0.084632
0.083724
0.089989
0.084165
0.08922
0.084685
0.085841
0.087009
0.089437
0.085624
0.084051
0.085248
0.084302
0.08621
0.084308
0.090747
0.083862
0.083832
0.084732
0.085271
0.08572
0.083415
0.085452
0.084176
0.086765
0.084315
0.083921
0.08819
0.084138
0.08665
0.086991
0.086063
0.090217
0.083989
0.089312
0.085893
0.08691
0.083666
0.084615
0.087247
0.085231
0.087178
0.08516
0.085067
0.088351
0.083584
0.08573
0.084028
0.085237
0.083984
0.086387
0.084424
0.084042
0.084591
0.084324
0.085471
0.083627
0.084125
0.084164
0.084045
0.090342
0.088322
0.085244
0.083941
0.086458
0.084386
0.084516
0.085695
0.091193
0.090725
0.083993
0.084736
0.085196
0.084357
0.085913
0.087708
0.083907
0.085807
0.084573
0.089387
0.084104
0.085582
0.087245
0.083938
0.083355
0.084356
0.084214
0.084068
0.085396
0.084238
0.090451
0.083203
0.083675
0.083542
0.084732
0.085769
0.084796
0.085628
0.087677
0.083336
0.084421
0.084529
0.08534
0.089295
0.086785
0.084954
0.082796
0.09025
0.084001
0.084778
0.085525
0.087092
0.084382
0.089757
0.085228
0.083889
0.089615
0.09074
0.088099
0.084722
0.084042
0.08386
0.086877
0.086028
0.087827
0.084695
0.085012
0.083455
0.084378
0.084963
0.09213
0.091563
0.085202
0.086766
0.086134
0.08467
0.088759
0.088845
0.084872
0.088306
0.083953
0.08464
0.083893
0.083899
0.084957
0.08611
0.086366
0.083263
0.084041
0.084103
0.083189
0.085476
0.084634
0.085028
0.083918
0.083644
0.083985
0.086952
0.089372
0.08725
0.090086
0.084449
0.087818
0.09145
0.090132
0.090679
0.087558
0.083991
0.08435
0.085336
0.084717
0.083298
0.086282
0.084589
0.085165
0.088768
0.089403
0.087035
0.087857
0.087646
0.08559
0.08853
0.084295
0.083737
0.086856
0.083854
0.085799
0.085389
0.086667
0.087804
0.084069
0.084179
0.083989
0.085417
0.084606
0.084942
0.083946
0.083895
0.085436
0.084007
0.087748
0.084251
0.092021
0.084126
0.08672
0.084216
0.083949
0.086213
0.086408
0.084377
0.086624
0.085477
0.084665
0.083669
0.084787
0.084862
0.085355
0.084355
0.083785
0.084074
0.086904
0.084846
0.082967
0.085002
0.084287
0.088901
0.084363
0.084263
0.089613
0.090315
0.090433
0.084588
0.083066
0.085335
0.084521
0.084976
0.084261
0.090285
0.083815
0.091018
0.089663
0.08418
0.085648
0.083648
0.084278
0.086092
0.083976
0.084385
0.08398
0.086026
0.086791
0.084862
0.084686
0.085159
0.08839
0.084517
0.086589
0.08526
0.085123
0.084748
0.088994
0.08417
0.084363
0.086409
0.084891
0.084482
0.084238
0.084162
0.087953
0.08435
0.086167
0.088529
0.088897
0.089241
0.083801
0.085754
0.084248
0.085662
0.085321
0.083519
0.086523
0.088081
0.086781
0.085166
0.084465
0.085454
0.084322
0.085564
0.08444
0.08464
0.084331
0.08923
0.087873
0.084309
0.084478
0.083831
0.086362
0.085373
0.085206
0.085963
0.08432
0.084297
0.084792
0.085266
0.083556
0.08402
0.084256
0.084435
0.084227
0.083663
0.086665
0.084274
0.084968
0.086791
0.085868
0.088805
0.087314
0.087483
0.088124
0.083772
0.085909
0.089487
0.08507
0.086357
0.086086
0.082945
0.086835
0.084127
0.090137
0.084446
0.084216
0.084725
0.08389
0.084281
0.08435
0.084643
0.085461
0.086568
0.085887
0.084321
0.084378
0.08522
0.083979
0.084624
0.091078
0.08522
0.084134
0.087068
0.084515
0.084001
0.085214
0.088484
0.087713
0.085739
0.085721
0.082855
0.085817
0.085861
0.08411
0.09017
0.084555
0.085975
0.084289
0.084098
0.090332
0.0853
0.085207
0.086996
0.08974
0.087405
0.084283
0.085771
0.084067
0.08897
0.087281
0.083139
0.084071
0.084075
0.084103
0.084222
0.090129
0.08868
0.082865
0.087426
0.084217
0.08415
0.085519
0.08645
0.08445
0.084577
0.084189
0.084769
0.08863
0.084
0.085215
0.083978
0.084824
0.086159
0.084133
0.085569
0.084575
0.090336
0.08418
0.084865
0.087434
0.084178
0.087149
0.089139
0.085867
0.084102
0.085137
0.084897
0.089211
0.083945
0.083989
0.085722
0.084242
0.089464
0.086372
0.085032
0.084857
0.084148
0.086064
0.084358
0.088646
0.083481
0.083727
0.084251
0.085329
0.085769
0.083607
0.086898
0.084346
0.084866
0.084547
0.089675
0.085926
0.084092
0.083503
0.085965
0.083001
0.084932
0.087797
0.085902
0.084144
0.08642
0.084913
0.084747
0.08539
0.085091
0.085431
0.085132
0.084843
0.085163
0.084305
0.083155
0.086174
0.085597
0.083921
0.0851
0.084676
0.083882
0.084412
0.092458
0.085713
0.084099
0.083915
0.084383
0.083218
0.084077
0.086271
0.085058
0.083706
0.086362
0.084775
0.08691
0.085064
0.084046
0.08573
0.083883
0.0847
0.086551
0.089374
0.084518
0.0839
0.085113
0.084777
0.086326
0.083759
0.084865
0.084194
0.088426
0.086532
0.086139
0.087018
0.084838
0.084043
0.084392
0.088664
0.088209
0.084456
0.084586
0.086224
0.08415
0.087742
0.085085
0.085673
0.083371
0.084231
0.087283
0.083847
0.083454
0.084766
0.085879
0.084707
0.093237
0.084646
0.083739
0.086803
0.083955
0.084522
0.085459
0.085967
0.087403
0.084083
0.084376
0.08455
0.084777
0.083812
0.085804
0.08489
0.084493
0.084666
0.085286
0.086044
0.085938
0.091319
0.085335
0.087214
0.08359
0.086343
0.085807
0.084263
0.091122
0.086104
0.083867
0.08409
0.083163
0.085512
0.08871
0.084913
0.089156
0.084384
0.08468
0.086842
0.089469
0.084001
0.085013
0.086643
0.086633
0.084667
0.083758
0.084737
0.083962
0.089274
0.086539
0.083972
0.084454
0.084295
0.08572
0.08458
0.088953
0.088701
0.086033
0.085754
0.085375
0.102976
0.089464
0.083707
0.08625
0.086464
0.08566
0.084219
0.084702
0.086247
0.090397
0.084174
0.083776
0.085654
0.084302
0.085213
0.083249
0.083997
0.08671
0.083191
0.086826
0.086394
0.085477
0.088972
0.085559
0.08312
0.083939
0.084011
0.085025
0.085517
0.084452
0.083863
0.08564
0.08894
0.083751
0.085012
0.086301
0.088565
0.086324
0.085189
0.084383
0.085479
0.084674
0.084815
0.083871
0.08384
0.083825
0.088667
0.088987
0.083678
0.085274
0.083756
0.083878
0.086471
0.085376
0.083762
0.083248
0.086871
0.084352
0.086145
0.085057
0.084355
0.084538
0.0862
0.091024
0.092142
0.083852
0.084078
0.084087
0.084271
0.083942
0.085596
0.084287
0.086046
0.091929
0.083782
0.084903
0.084763
0.085361
0.083688
0.084907
0.084986
0.084088
0.084384
0.085226
0.085543
0.084001
0.086149
0.084204
0.084636
0.084827
0.083952
0.086382
0.089839
0.086361
0.086364
0.088173
0.083742
0.083887
0.08435
0.083338
0.084568
0.092278
0.088391
0.084048
0.08361
0.084416
0.085011
0.08666
0.084784
0.085708
0.084334
0.089446
0.084459
0.085244
0.08557
0.092817
0.08472
0.084136
0.083782
0.084574
0.084386
0.087287
0.0847
0.085505
0.087012
0.085855
0.084648
0.08589
0.085284
0.084568
0.084037
0.082886
0.085587
0.086396
0.083665
0.089005
0.084675
0.085913
0.084261
0.086497
0.084386
0.08413
0.085453
0.083697
0.091849
0.083923
0.083795
0.084343
0.083301
0.084893
0.089636
0.085584
0.082966
0.0835
0.088415
0.084649
0.0861
0.087377
0.088652
0.08833
0.084537
0.083707
0.084538
0.085688
0.08398
0.086897
0.084642
0.084559
0.084107
0.08432
0.085231
0.083194
0.086688
0.08338
0.082492
0.083627
0.084653
0.084406
0.086466
0.086194
0.084825
0.090396
0.091315
0.084928
0.086551
0.085111
0.089211
0.091052
0.092102
0.084608
0.08444
0.085601
0.084717
0.087982
0.084481
0.084389
0.085864
0.084071
0.085119
0.085895
0.089492
0.089567
0.087
0.086214
0.083206
0.085245
0.084427
0.084503
0.084476
0.084367
0.087348
0.084778
0.093334
0.085722
0.090858
0.089909
0.084627
0.084886
0.084188
0.083957
0.085299
0.084632
0.085285
0.084954
0.085864
0.084159
0.084212
0.08641
0.084944
0.084962
0.086386
0.08619
0.084631
0.084089
0.08389
0.084854
0.085378
0.085834
0.087797
0.084688
0.084469
0.087314
0.084141
0.084252
0.083936
0.089408
0.084158
0.084167
0.087015
0.083751
0.085293
0.08775
0.085059
0.084455
0.083504
0.08936
0.0887
0.085457
0.083427
0.085559
0.085104
0.087771
0.084148
0.083871
0.086875
0.084103
0.084983
0.087041
0.084064
0.083195
0.083978
0.087693
0.084413
0.084292
0.083694
0.08849
0.084073
0.084088
0.085855
0.084166
0.0865
0.084601
0.083834
0.089883
0.087692
0.086479
0.084098
0.087261
0.086762
0.084727
0.084173
0.084337
0.084326
0.085999
0.083871
0.084118
0.086891
0.084083
0.085802
0.090221
0.089261
0.084126
0.08423
0.087673
0.086537
0.084473
0.084343
0.084255
0.083866
0.08394
0.089012
0.086277
0.089239
0.084557
0.0868
0.08602
0.08457
0.08535
0.084897
0.083838
0.085718
0.082913
0.084076
0.083462
0.087025
0.087964
0.087963
0.086786
0.083656
0.084836
0.084323
0.084076
0.085667
0.092026
0.08669
0.083871
0.085449
0.088193
0.084647
0.086178
0.08404
0.084031
0.083889
0.083725
0.083861
0.084914
0.086259
0.087514
0.093924
0.083966
0.08418
0.084414
0.084049
0.085648
0.084232
0.085812
0.084853
0.084371
0.084006
0.084089
0.08652
