0.019952
0.020935
0.019358
0.019898
0.019886
0.020075
0.020032
0.02065
0.021834
0.020838
0.021386
0.020675
0.020374
0.020745
0.020288
0.021508
0.02022
0.021137
0.019142
0.02079
0.022798
0.020368
0.02132
0.02222
0.02005
0.021497
0.021588
0.020083
0.021511
0.021152
0.020726
0.01973
0.0203
0.020323
0.022155
0.019719
0.021703
0.020227
0.020476
0.019831
0.020868
0.021421
0.020472
0.020681
0.023824
0.021953
0.020686
0.020216
0.019964
0.019619
0.020437
0.020875
0.021864
0.021012
0.02078
0.021461
0.023138
0.021366
0.020899
0.02881
0.020243
0.02237
0.020759
0.019624
0.019822
0.020202
0.020931
0.0204
0.020717
0.020533
0.020278
0.02025
0.020073
0.019717
0.020167
0.019869
0.019954
0.020347
0.020914
0.020033
0.020229
0.021192
0.02173
0.022104
0.023252
0.021458
0.020835
0.021148
0.020737
0.023475
0.021523
0.022064
0.022026
0.021864
0.020847
0.020444
0.021157
0.021616
0.020472
0.020922
0.020041
0.020705
0.020036
0.020551
0.01981
0.01989
0.020202
0.020895
0.020483
0.0202
0.020516
0.019874
0.020144
0.021538
0.019602
0.020233
0.020656
0.02052
0.021297
0.020784
0.021429
0.020855
0.022043
0.020626
0.020989
0.040258
0.02239
0.021136
0.020653
0.021046
0.02198
0.021096
0.020931
0.021894
0.020222
0.020148
0.020732
0.019817
0.020626
0.02075
0.019759
0.020863
0.020105
0.020342
0.019851
0.019281
0.018822
0.020802
0.019115
0.021992
0.020215
0.025292
0.023049
0.021065
0.020641
0.021401
0.021459
0.022518
0.025658
0.021163
0.021731
0.022735
0.020615
0.023284
0.022071
0.020662
0.031806
0.021898
0.020183
0.021245
0.022184
0.021193
0.02017
0.020304
0.020912
0.02011
0.020378
0.020416
0.020633
0.020353
0.020513
0.019914
0.020269
0.019675
0.020039
0.020845
0.020019
0.020976
0.020378
0.019948
0.021147
0.020077
0.019525
0.021137
0.020569
0.020715
0.019963
0.021427
0.020252
0.020425
0.019718
0.020327
0.020165
0.019912
0.019775
0.020886
0.021008
0.020227
0.021418
0.020196
0.020586
0.019885
0.021024
0.019732
0.020197
0.020482
0.02166
0.020884
0.020773
0.020636
0.021455
0.019571
0.021261
0.022665
0.023705
0.023797
0.021581
0.022763
0.020362
0.020391
0.022213
0.019858
0.020348
0.020603
0.021017
0.020755
0.020672
0.019753
0.021133
0.021876
0.020269
0.023181
0.021206
0.021751
0.019828
0.02065
0.020148
0.020545
0.019907
0.020314
0.021203
0.021217
0.021477
0.020114
0.019541
0.020525
0.022531
0.022097
0.020427
0.026971
0.020543
0.02016
0.023802
0.022582
0.02124
0.019912
0.020898
0.020795
0.020525
0.021308
0.02209
0.022137
0.02081
0.022039
0.02165
0.022166
0.020816
0.022009
0.020969
0.024972
0.020799
0.021801
0.02252
0.022245
0.01985
0.022073
0.020231
0.020554
0.023576
0.020775
0.020687
0.020356
0.020199
0.021603
0.021029
0.020374
0.020139
0.020648
0.021349
0.020652
0.021397
0.020705
0.023799
0.020367
0.022139
0.020448
0.020233
0.020901
0.022263
0.021281
0.020783
0.020891
0.02491
0.021369
0.020153
0.020629
0.021576
0.019319
0.021149
0.021282
0.021305
0.02033
0.020271
0.021197
0.02051
0.020244
0.019615
0.020645
0.020281
0.02028
0.020777
0.021732
0.020279
0.020246
0.020225
0.021948
0.020713
0.019867
0.02003
0.02
0.0193
0.021209
0.020238
0.022058
0.021853
0.021748
0.022629
0.021649
0.023171
0.021002
0.022037
0.021638
0.021179
0.0223
0.021383
0.021783
0.023182
0.023035
0.021578
0.021288
0.021927
0.021083
0.021243
0.022073
0.022462
0.021189
0.02143
0.021745
0.021997
0.021241
0.022838
0.023796
0.020306
0.021089
0.021968
0.020417
0.022171
0.021754
0.022123
0.021642
0.023458
0.021613
0.021709
0.020335
0.020782
0.022134
0.021153
0.022933
0.020998
0.021993
0.021096
0.020844
0.021916
0.021513
0.020664
0.022274
0.02464
0.024759
0.025002
0.023724
0.023753
0.023412
0.021765
0.020609
0.02135
0.021174
0.02192
0.021006
0.021645
0.020991
0.020981
0.021129
0.021892
0.021249
0.020891
0.020996
0.021692
0.022876
0.021928
0.020963
0.022049
0.021141
0.022308
0.021331
0.021899
0.021097
0.023234
0.022013
0.021737
0.021463
0.022142
0.022345
0.021288
0.020962
0.021431
0.02041
0.02222
0.021424
0.021449
0.021767
0.021984
0.020925
0.021412
0.023173
0.021583
0.021294
0.021087
0.021142
0.020988
0.020088
0.02107
0.021412
0.021417
0.021279
0.021756
0.021363
0.021545
0.022258
0.021802
0.021473
0.02013
0.021274
0.021933
0.020935
0.021234
0.020904
0.021305
0.021497
0.021736
0.021897
0.021278
0.021523
0.020768
0.021471
0.020927
0.022242
0.023152
0.021066
0.021653
0.023592
0.021699
0.020987
0.020307
0.021757
0.020791
0.02249
0.02132
0.020991
0.02152
0.021718
0.021063
0.021032
0.020925
0.021289
0.021838
0.021456
0.022059
0.022564
0.022135
0.020919
0.022471
0.020386
0.020635
0.021063
0.020827
0.021646
0.021379
0.021142
0.021555
0.020656
0.020921
0.021761
0.020945
0.021053
0.022451
0.020942
0.020729
0.021708
0.021072
0.021458
0.021267
0.021283
0.021238
0.021063
0.020321
0.02151
0.020969
0.020739
0.022228
0.021637
0.021751
0.021903
0.020719
0.021551
0.021839
0.021046
0.020836
0.022584
0.021569
0.021936
0.021093
0.020965
0.021636
0.02187
0.020685
0.021524
0.02153
0.021404
0.021692
0.020814
0.021398
0.021405
0.021477
0.021463
0.022067
0.02151
0.023088
0.021385
0.021555
0.023986
0.021544
0.020422
0.022822
0.022337
0.022231
0.022625
0.022143
0.020969
0.021231
0.021034
0.021263
0.021196
0.021258
0.021867
0.021873
0.021316
0.021692
0.021266
0.021923
0.023149
0.021712
0.022339
0.021886
0.021795
0.022604
0.021374
0.021553
0.022348
0.021619
0.022375
0.021721
0.021596
0.02192
0.021776
0.022329
0.02158
0.021627
0.021824
0.020838
0.022572
0.022092
0.021607
0.021096
0.021411
0.021426
0.021996
0.021863
0.021199
0.021357
0.021948
0.021293
0.020463
0.021526
0.021435
0.021039
0.023443
0.021908
0.021389
0.022231
0.021683
0.022312
0.021454
0.021406
0.021525
0.021432
0.021426
0.021764
0.02172
0.021518
0.020975
0.021564
0.02151
0.021744
0.021091
0.021495
0.021574
0.021312
0.021299
0.021778
0.021464
0.020779
0.02258
0.021327
0.021511
0.021593
0.022071
0.021125
0.020752
0.021712
0.021686
0.021282
0.021105
0.021698
0.021722
0.021747
0.024155
0.021354
0.021622
0.022147
0.021583
0.020867
0.02138
0.021322
0.021444
0.02184
0.023124
0.021445
0.021294
0.021144
0.022095
0.021294
0.021755
0.0207
0.021547
0.021501
0.024364
0.022761
0.021325
0.02156
0.021496
0.021271
0.020885
0.02105
0.021215
0.021206
0.022631
0.021775
0.021254
0.021552
0.02391
0.021548
0.022039
0.022426
0.021764
0.021635
0.022417
0.021346
0.022641
0.021652
0.021925
0.021282
0.022403
0.021745
0.022695
0.022441
0.021742
0.022024
0.021524
0.023798
0.020195
0.02172
0.021441
0.021024
0.020979
0.021091
0.022736
0.024634
0.020599
0.021487
0.021486
0.021109
0.020958
0.020859
0.021769
0.02123
0.022187
0.02172
0.021027
0.020636
0.022055
0.021393
0.021907
0.021111
0.02142
0.021967
0.021836
0.022269
0.021287
0.027023
0.022649
0.02076
0.0226
0.021321
0.021839
0.022197
0.022358
0.022718
0.02077
0.021199
0.022213
0.021422
0.021241
0.02107
0.021902
0.020177
0.02158
0.020707
0.020185
0.020249
0.0212
0.022094
0.020476
0.021005
0.020321
0.02077
0.019833
0.020004
0.020391
0.019908
0.019809
0.020307
0.02019
0.020538
0.020602
0.02095
0.01969
0.020129
0.020537
0.020492
0.020386
0.02049
0.020096
0.019972
0.020802
0.019945
0.020568
0.019887
0.020084
0.019051
0.020376
0.019749
0.020899
0.019873
0.020857
0.020014
0.020164
0.019632
0.020292
0.022871
0.02066
0.020761
0.020409
0.01974
0.019937
0.020377
0.020155
0.019931
0.019684
0.019033
0.020315
0.021634
0.020406
0.02068
0.02385
0.022549
0.020376
0.019619
0.019729
0.020724
0.020997
0.021372
0.019758
0.019582
0.019928
0.01973
0.020063
0.020249
0.019888
0.019832
0.019547
0.020117
0.020703
0.019636
0.019316
0.019913
0.019987
0.020742
0.02074
0.019503
0.019726
0.019816
0.022192
0.021793
0.019703
0.019879
0.021777
0.020289
0.020618
0.020806
0.019273
0.01968
0.020058
0.020154
0.019705
0.019765
0.020197
0.020258
0.019536
0.021722
0.021013
0.020655
0.025456
0.020654
0.022525
0.021073
0.019896
0.020398
0.019934
0.021189
0.020273
0.02043
0.020811
0.022055
0.025488
0.019044
0.021165
0.020474
0.020597
0.020836
0.025144
0.0207
0.021857
0.020763
0.033457
0.021865
0.024841
0.020223
0.019965
0.020165
0.021051
0.020653
0.020737
0.021589
0.026559
0.020965
0.020235
0.021109
0.020817
0.022135
0.020123
0.020282
0.021016
0.02084
0.020386
0.020253
0.02088
0.020845
0.020318
0.020729
0.020536
0.02075
0.020953
0.020773
0.019977
0.020606
0.020834
0.020133
0.020334
0.020299
0.021695
0.020187
0.020445
0.020661
0.019947
0.020815
0.020383
0.020564
0.019984
0.020406
0.020548
0.021284
0.021004
0.020773
0.02066
0.020207
0.019926
0.019778
0.019999
0.020166
0.021167
0.020595
0.02058
0.020517
0.019948
0.019891
0.019804
0.020443
0.021004
0.020588
0.020234
0.020156
0.020087
0.019505
0.020298
0.020151
0.020587
0.020974
0.021851
0.020836
0.020286
0.021269
0.020536
0.020722
0.020865
0.020533
0.019734
0.022076
0.020396
0.019393
0.020256
0.020558
0.021366
0.020215
0.020794
0.020233
0.021033
0.020544
0.020297
0.020985
0.020645
0.020458
0.020136
0.02089
0.020682
0.020685
0.02083
0.020245
0.020017
0.020659
0.020405
0.020484
0.020642
0.020868
0.021051
0.02236
0.021288
0.020256
0.021
0.020278
0.020508
0.020232
