0.020254
0.020631
0.019922
0.019563
0.020276
0.019345
0.020393
0.01924
0.020971
0.021998
0.020861
0.021723
0.020437
0.020667
0.02014
0.021477
0.021164
0.021229
0.019739
0.01933
0.020365
0.020523
0.02137
0.020079
0.02019
0.021056
0.021529
0.020587
0.019845
0.020258
0.020956
0.020454
0.02003
0.020756
0.021672
0.020175
0.021167
0.020342
0.019661
0.019963
0.0216
0.021201
0.021806
0.021169
0.020651
0.02129
0.020241
0.020041
0.022332
0.020225
0.020277
0.020406
0.022218
0.02042
0.022013
0.021049
0.024268
0.021356
0.023675
0.025331
0.020026
0.021783
0.019805
0.020812
0.019603
0.019805
0.019919
0.021298
0.020128
0.019591
0.01955
0.019748
0.019929
0.019978
0.020676
0.019998
0.019875
0.020774
0.020689
0.02069
0.02102
0.02104
0.021654
0.020249
0.024006
0.020706
0.023117
0.021453
0.023643
0.027787
0.024095
0.022631
0.023269
0.020954
0.020842
0.020706
0.020127
0.020328
0.020812
0.020359
0.019625
0.021397
0.019703
0.021809
0.020455
0.020831
0.020481
0.019929
0.02039
0.020334
0.020368
0.020377
0.020479
0.020162
0.022091
0.020631
0.020445
0.020321
0.020424
0.021347
0.020197
0.01998
0.020785
0.021937
0.021515
0.022324
0.021528
0.021574
0.01986
0.021442
0.021297
0.021215
0.020415
0.020803
0.026201
0.020069
0.020646
0.020909
0.020466
0.020113
0.019949
0.020056
0.021277
0.019901
0.019092
0.019758
0.019785
0.019393
0.019518
0.021316
0.020411
0.027497
0.022819
0.021307
0.022137
0.020691
0.02159
0.022664
0.040838
0.020451
0.021033
0.021144
0.020906
0.022525
0.02176
0.020957
0.02881
0.022035
0.020847
0.022102
0.023079
0.021402
0.020443
0.020443
0.019995
0.020955
0.020126
0.02055
0.0195
0.020003
0.020132
0.020084
0.019996
0.020563
0.019765
0.020116
0.020044
0.02004
0.020836
0.019641
0.021365
0.020495
0.019717
0.020693
0.020644
0.019683
0.020645
0.020537
0.019885
0.019761
0.020709
0.020051
0.020279
0.019656
0.020683
0.019941
0.019727
0.023095
0.02124
0.021084
0.019829
0.020569
0.0197
0.019624
0.019959
0.02076
0.022289
0.020635
0.026245
0.020666
0.020302
0.02079
0.020209
0.022394
0.022079
0.021261
0.026524
0.021992
0.021049
0.019568
0.022252
0.022431
0.020343
0.021572
0.021302
0.020571
0.021202
0.019846
0.020771
0.021187
0.021542
0.022691
0.020263
0.023692
0.020001
0.020424
0.019811
0.021114
0.020624
0.020434
0.020885
0.022085
0.020977
0.020113
0.022244
0.021616
0.023251
0.021438
0.020214
0.022066
0.020763
0.020383
0.021657
0.022291
0.020219
0.020074
0.020712
0.021528
0.021805
0.02048
0.020901
0.02151
0.022157
0.023405
0.020842
0.021333
0.020888
0.021946
0.021793
0.029257
0.021977
0.022283
0.020398
0.02201
0.020419
0.022186
0.02232
0.021975
0.021493
0.021829
0.020641
0.020445
0.020745
0.02028
0.020266
0.021488
0.020119
0.020715
0.020712
0.020975
0.021407
0.020722
0.023368
0.020325
0.021235
0.021669
0.019797
0.020308
0.021039
0.020747
0.020177
0.020185
0.028578
0.021763
0.020298
0.020901
0.02089
0.020467
0.02041
0.020996
0.021597
0.019757
0.021394
0.021435
0.019652
0.020278
0.01995
0.019904
0.019854
0.020603
0.020648
0.020445
0.0207
0.021358
0.021205
0.021393
0.020106
0.020608
0.020138
0.020161
0.020326
0.019494
0.020979
0.022435
0.023236
0.021196
0.022293
0.021386
0.02373
0.020534
0.022887
0.021428
0.021002
0.022061
0.023536
0.023381
0.021357
0.027371
0.021279
0.021478
0.021863
0.021196
0.022981
0.021961
0.021661
0.021627
0.021435
0.022156
0.021306
0.021715
0.021731
0.022802
0.022016
0.021469
0.021225
0.021955
0.021769
0.021079
0.02125
0.020902
0.021788
0.021638
0.020085
0.021992
0.021718
0.022725
0.021413
0.021444
0.020722
0.022425
0.021269
0.022892
0.020863
0.021641
0.021425
0.022276
0.023126
0.024083
0.024964
0.025729
0.026146
0.02486
0.021726
0.022162
0.022453
0.020994
0.021409
0.021224
0.021522
0.021989
0.021339
0.021832
0.021572
0.021647
0.020628
0.021711
0.021693
0.021844
0.021503
0.022151
0.020794
0.024713
0.02124
0.02222
0.021454
0.021264
0.022306
0.022311
0.021376
0.020957
0.021645
0.021499
0.022615
0.021593
0.021504
0.021462
0.020822
0.02246
0.021459
0.021291
0.022578
0.021577
0.021913
0.022282
0.021374
0.021975
0.021088
0.021494
0.022346
0.021684
0.021356
0.021754
0.020714
0.022154
0.021882
0.021054
0.021155
0.02078
0.020588
0.021765
0.021552
0.02145
0.021823
0.020626
0.022234
0.020733
0.02178
0.021996
0.021012
0.021966
0.021448
0.021805
0.021314
0.021329
0.02091
0.022017
0.02261
0.021284
0.021404
0.024622
0.021085
0.021491
0.020976
0.021217
0.021494
0.02123
0.021249
0.021175
0.021373
0.021571
0.020961
0.02192
0.020561
0.023034
0.021554
0.021202
0.02142
0.021313
0.021197
0.022132
0.021302
0.021118
0.021226
0.022021
0.021332
0.021453
0.021544
0.020924
0.021813
0.021563
0.020527
0.021131
0.020882
0.02157
0.021351
0.021316
0.02122
0.022011
0.021445
0.021008
0.021123
0.021197
0.020293
0.021354
0.021944
0.021312
0.020925
0.021341
0.022003
0.022015
0.021128
0.021121
0.020757
0.021784
0.022163
0.021841
0.02161
0.021956
0.021059
0.021971
0.021641
0.021485
0.02153
0.023016
0.021122
0.021382
0.021731
0.021265
0.02064
0.021185
0.020827
0.021948
0.021548
0.02133
0.023302
0.021263
0.024727
0.02219
0.021153
0.022015
0.021429
0.022136
0.021872
0.021095
0.020631
0.021371
0.022148
0.021599
0.02039
0.021068
0.021417
0.021636
0.021466
0.021671
0.021438
0.02108
0.020719
0.022282
0.021388
0.022425
0.022295
0.021794
0.021929
0.021407
0.024163
0.021165
0.021467
0.02183
0.020803
0.021731
0.021783
0.021817
0.021947
0.021317
0.021225
0.021941
0.021597
0.021133
0.022112
0.021301
0.021235
0.021899
0.021512
0.022659
0.021689
0.021299
0.021607
0.021059
0.02196
0.02083
0.021179
0.022144
0.02175
0.020594
0.021445
0.021755
0.022397
0.02148
0.021879
0.021534
0.020388
0.022399
0.022231
0.021527
0.02172
0.021416
0.020981
0.021316
0.021685
0.022015
0.021554
0.022243
0.021756
0.021048
0.021039
0.021339
0.021091
0.021623
0.0207
0.021438
0.02368
0.021874
0.021635
0.021572
0.021261
0.021004
0.020978
0.021328
0.021667
0.022906
0.021209
0.02106
0.021399
0.021109
0.021886
0.022307
0.021884
0.021378
0.022257
0.021758
0.021409
0.021416
0.022929
0.021044
0.022049
0.022099
0.021211
0.02116
0.022017
0.021649
0.021493
0.021057
0.020743
0.020843
0.020775
0.021603
0.021343
0.021112
0.021291
0.022
0.021521
0.022635
0.021921
0.020955
0.021031
0.02309
0.021704
0.021532
0.022464
0.023329
0.021751
0.020853
0.021598
0.021328
0.020471
0.021307
0.021414
0.026685
0.022288
0.021406
0.021019
0.022467
0.02222
0.021931
0.021036
0.021722
0.022155
0.021893
0.024855
0.021009
0.021127
0.020871
0.021299
0.021377
0.021424
0.023144
0.023454
0.020983
0.021739
0.021242
0.020812
0.020996
0.021479
0.021506
0.021343
0.02306
0.021451
0.020675
0.021096
0.021956
0.02429
0.02119
0.021626
0.020883
0.022166
0.021274
0.022663
0.02114
0.027103
0.021473
0.022293
0.021738
0.021381
0.021221
0.022253
0.021288
0.02039
0.020933
0.02138
0.021349
0.02128
0.022109
0.022336
0.023277
0.021629
0.022568
0.021545
0.020616
0.020326
0.019404
0.021414
0.021745
0.020016
0.021851
0.019889
0.020381
0.019825
0.019673
0.019727
0.020156
0.019712
0.019759
0.02163
0.021199
0.019093
0.020038
0.021201
0.020008
0.019624
0.020087
0.019854
0.019749
0.019905
0.020639
0.02031
0.019883
0.020472
0.020092
0.022111
0.023068
0.022891
0.02082
0.019629
0.020002
0.020165
0.020009
0.020034
0.020068
0.021202
0.021585
0.020168
0.019872
0.019621
0.020553
0.019425
0.020612
0.02006
0.020989
0.020385
0.020863
0.021467
0.020935
0.038011
0.02347
0.021955
0.021334
0.020219
0.022938
0.021396
0.022106
0.021777
0.020229
0.020056
0.019967
0.020806
0.020358
0.020078
0.019979
0.02053
0.019776
0.02007
0.019718
0.019769
0.020393
0.020504
0.019831
0.019822
0.019952
0.019922
0.020407
0.019407
0.019774
0.021563
0.019986
0.019641
0.020052
0.019954
0.019718
0.019894
0.019837
0.019545
0.019531
0.020375
0.019714
0.019836
0.020239
0.020022
0.020986
0.022621
0.022475
0.021214
0.022726
0.020515
0.019714
0.020435
0.019865
0.021409
0.02085
0.021336
0.021283
0.020723
0.02018
0.020666
0.020238
0.021064
0.020858
0.02047
0.020946
0.020339
0.022412
0.021157
0.02076
0.020632
0.022599
0.023618
0.028085
0.02078
0.02079
0.020818
0.020741
0.020467
0.021112
0.022046
0.025492
0.020806
0.021027
0.019936
0.021468
0.020922
0.022547
0.020294
0.020526
0.020508
0.020497
0.020794
0.020786
0.020882
0.019972
0.021041
0.020527
0.020473
0.020658
0.021424
0.020538
0.020716
0.021175
0.020191
0.020483
0.02064
0.0203
0.020146
0.021984
0.020177
0.02069
0.020381
0.021002
0.020205
0.019978
0.020528
0.020079
0.019961
0.02004
0.020822
0.020183
0.020704
0.023095
0.020798
0.020705
0.020615
0.021108
0.020501
0.020645
0.021394
0.020456
0.020467
0.020079
0.020699
0.019682
0.020419
0.020309
0.020917
0.0206
0.020594
0.020334
0.020693
0.020695
0.020012
0.023181
0.021469
0.020379
0.021675
0.020346
0.020685
0.020827
0.021159
0.020786
0.021537
0.020397
0.019866
0.021161
0.020453
0.020658
0.020586
0.020831
0.020276
0.02002
0.020023
0.021393
0.020828
0.021536
0.020554
0.02058
0.020541
0.021122
0.020414
0.0209
0.020877
0.020565
0.020678
0.020317
0.021037
0.020514
0.020873
0.020401
0.021317
0.021017
0.021217
0.020011
0.021053
0.020569
0.02032
