0.020031
0.021447
0.019952
0.020996
0.019993
0.02036
0.019828
0.020718
0.021534
0.020874
0.020974
0.021114
0.020195
0.02089
0.019509
0.020794
0.021164
0.021548
0.020217
0.020048
0.020226
0.021182
0.0211
0.02117
0.019908
0.020231
0.020216
0.01971
0.02125
0.020208
0.019557
0.020171
0.020986
0.02078
0.022014
0.019829
0.021537
0.020084
0.019807
0.019764
0.020869
0.020638
0.020677
0.021098
0.021619
0.022896
0.020016
0.019928
0.020164
0.020295
0.02042
0.019925
0.02071
0.020788
0.021952
0.021171
0.025829
0.022093
0.021354
0.035423
0.021221
0.021873
0.019861
0.019294
0.020379
0.019815
0.020299
0.020548
0.019592
0.020102
0.020636
0.019934
0.019984
0.01965
0.021269
0.020232
0.019506
0.021178
0.020843
0.020924
0.020193
0.020693
0.02199
0.021017
0.021875
0.024332
0.021575
0.020407
0.020441
0.032821
0.020879
0.022741
0.021543
0.020796
0.020848
0.020191
0.020133
0.020324
0.020064
0.020873
0.019902
0.021507
0.020262
0.02207
0.020875
0.020376
0.02033
0.02062
0.020317
0.020473
0.020059
0.020938
0.020216
0.019561
0.021057
0.020141
0.020785
0.020581
0.021427
0.020719
0.021464
0.020131
0.020473
0.020772
0.020796
0.021412
0.021424
0.021658
0.020112
0.0205
0.021349
0.021301
0.020862
0.021482
0.020633
0.019754
0.020712
0.02062
0.020515
0.020404
0.019751
0.020458
0.020148
0.020324
0.020901
0.019148
0.018884
0.019573
0.020656
0.021728
0.021429
0.029932
0.022348
0.020605
0.020338
0.020175
0.021349
0.0275
0.029699
0.020601
0.021983
0.022544
0.021124
0.02462
0.02259
0.020962
0.0456
0.022477
0.019659
0.020694
0.021976
0.023292
0.019752
0.019948
0.020589
0.021577
0.020541
0.019986
0.019834
0.020396
0.020066
0.020623
0.019827
0.020099
0.020384
0.019587
0.020279
0.02022
0.020299
0.019931
0.02148
0.020136
0.020678
0.02115
0.020328
0.020707
0.020299
0.021238
0.021178
0.019727
0.019767
0.021649
0.020526
0.019956
0.020092
0.020029
0.020824
0.020581
0.02161
0.020395
0.020322
0.019736
0.019747
0.020238
0.020557
0.019653
0.021314
0.020509
0.022704
0.020862
0.020736
0.019836
0.02083
0.021139
0.021938
0.022014
0.024604
0.021565
0.023209
0.020224
0.023351
0.022815
0.021576
0.020904
0.020971
0.021468
0.020482
0.019658
0.020104
0.022055
0.020732
0.022025
0.020396
0.021867
0.020304
0.020354
0.020848
0.020511
0.020669
0.021261
0.020652
0.021197
0.021702
0.020488
0.020669
0.021055
0.02302
0.021076
0.020264
0.021997
0.020721
0.020425
0.022541
0.021496
0.020581
0.020235
0.021305
0.021633
0.022353
0.021216
0.02116
0.022138
0.020978
0.020821
0.021331
0.022433
0.02101
0.021951
0.02148
0.026072
0.022145
0.022977
0.021673
0.022402
0.020572
0.021969
0.021067
0.020364
0.02239
0.020823
0.019595
0.020428
0.019518
0.020558
0.021042
0.02045
0.020366
0.020729
0.02127
0.020583
0.021235
0.020412
0.023482
0.019864
0.020936
0.021159
0.020068
0.020465
0.021767
0.020878
0.020408
0.022629
0.020971
0.02129
0.021644
0.020598
0.020802
0.02012
0.020801
0.021025
0.021916
0.020012
0.020968
0.021235
0.02017
0.019642
0.0199
0.020067
0.020168
0.019979
0.020687
0.020372
0.02109
0.020136
0.020494
0.022435
0.020654
0.02033
0.02131
0.021182
0.020513
0.020559
0.021746
0.020895
0.021293
0.02163
0.021495
0.021213
0.021443
0.020576
0.023962
0.0221
0.022118
0.022274
0.021022
0.024128
0.021485
0.024825
0.021236
0.023335
0.02133
0.020715
0.021891
0.021138
0.021573
0.021592
0.021915
0.022605
0.021599
0.022054
0.021114
0.020937
0.021274
0.021937
0.02116
0.021474
0.021025
0.021065
0.022323
0.02104
0.022108
0.020842
0.020949
0.021078
0.020888
0.022548
0.021714
0.021266
0.02129
0.022305
0.02034
0.021271
0.022505
0.021916
0.021688
0.022594
0.022581
0.024641
0.021449
0.024982
0.024014
0.02393
0.020832
0.020768
0.021863
0.021971
0.021863
0.021301
0.021435
0.021467
0.021087
0.021137
0.021506
0.021639
0.021395
0.022738
0.021252
0.021482
0.020895
0.020414
0.021393
0.022034
0.021498
0.0223
0.020436
0.021654
0.021095
0.021673
0.021477
0.02228
0.022621
0.020805
0.021462
0.021118
0.021937
0.021584
0.021438
0.021211
0.022132
0.02125
0.022367
0.021405
0.021568
0.022331
0.021628
0.022489
0.02143
0.021288
0.021086
0.021229
0.021318
0.020974
0.020314
0.022555
0.021068
0.021705
0.020565
0.021123
0.020837
0.021292
0.021388
0.021112
0.022136
0.021073
0.021477
0.0215
0.021368
0.021077
0.021119
0.020975
0.021557
0.02104
0.021181
0.021731
0.020677
0.021611
0.025621
0.022448
0.021421
0.02785
0.02064
0.021008
0.021376
0.021119
0.0211
0.022237
0.021421
0.021375
0.021376
0.020974
0.021156
0.021224
0.021571
0.020699
0.020867
0.021767
0.02139
0.021122
0.022821
0.021841
0.023664
0.021175
0.021232
0.021844
0.022146
0.021229
0.020963
0.020821
0.02171
0.021811
0.021701
0.021495
0.02097
0.022463
0.020622
0.021313
0.0214
0.022218
0.021055
0.022793
0.021328
0.021471
0.020616
0.020733
0.021072
0.020954
0.022174
0.020948
0.02118
0.021308
0.02194
0.021337
0.02175
0.021606
0.021379
0.020799
0.021853
0.021217
0.021676
0.021609
0.021548
0.021621
0.020945
0.024485
0.021729
0.022093
0.022234
0.021526
0.021194
0.022016
0.021377
0.021149
0.021545
0.021729
0.022105
0.021879
0.024695
0.021702
0.021316
0.022703
0.021708
0.020766
0.023284
0.021421
0.021865
0.023144
0.020828
0.021527
0.021354
0.022015
0.020823
0.021143
0.021793
0.021106
0.021089
0.022294
0.021412
0.021767
0.022228
0.022527
0.025776
0.020955
0.022184
0.021814
0.02091
0.020779
0.022108
0.020964
0.021008
0.021107
0.022846
0.020998
0.021988
0.021882
0.021516
0.021493
0.021827
0.0213
0.021604
0.021504
0.02163
0.021446
0.02177
0.021744
0.021955
0.021294
0.022751
0.021008
0.021456
0.021539
0.020835
0.02266
0.021403
0.020914
0.021772
0.021297
0.021987
0.022239
0.022149
0.021701
0.022485
0.021077
0.021208
0.021599
0.022308
0.021916
0.021213
0.022029
0.022403
0.02119
0.021477
0.021633
0.021736
0.021118
0.021741
0.021333
0.022757
0.022408
0.021775
0.022577
0.021018
0.023359
0.021821
0.021437
0.021185
0.021175
0.020669
0.021241
0.021895
0.021104
0.022189
0.02061
0.021685
0.021085
0.021559
0.022072
0.021106
0.020781
0.021175
0.021674
0.021379
0.020412
0.021004
0.021055
0.0231
0.022254
0.021559
0.023153
0.0233
0.021241
0.021499
0.021269
0.021142
0.021096
0.020762
0.023034
0.022526
0.021728
0.021721
0.020926
0.021567
0.021657
0.021283
0.0211
0.022501
0.021987
0.021227
0.021178
0.02145
0.023888
0.021285
0.021717
0.021536
0.021007
0.020784
0.021812
0.021449
0.024312
0.021686
0.022871
0.021359
0.021553
0.021604
0.022633
0.020914
0.021812
0.021436
0.021616
0.021625
0.021779
0.02081
0.021099
0.021954
0.021535
0.02126
0.023351
0.024153
0.022012
0.021761
0.021108
0.021422
0.021522
0.021143
0.021172
0.020697
0.028196
0.021075
0.020662
0.021194
0.021493
0.022101
0.021117
0.02139
0.022889
0.021204
0.021669
0.022075
0.0215
0.025813
0.02231
0.021598
0.021302
0.022786
0.021394
0.021726
0.023252
0.021512
0.020866
0.021629
0.021761
0.021743
0.021707
0.021275
0.021171
0.021356
0.021042
0.020197
0.020303
0.019147
0.020525
0.021791
0.020756
0.01975
0.021035
0.020492
0.020287
0.020594
0.019816
0.02019
0.020226
0.019627
0.020973
0.019947
0.01986
0.019764
0.02013
0.019927
0.020893
0.020089
0.019829
0.020209
0.020337
0.020076
0.020642
0.021217
0.020692
0.021302
0.019733
0.019969
0.020732
0.02147
0.020008
0.019763
0.019791
0.01973
0.021439
0.019829
0.021349
0.022086
0.020189
0.020491
0.019933
0.020073
0.020676
0.019675
0.019826
0.020573
0.020446
0.020542
0.019981
0.020994
0.019931
0.025166
0.024125
0.023054
0.021589
0.020054
0.023221
0.020762
0.020397
0.020763
0.020084
0.020207
0.020299
0.019083
0.019061
0.019933
0.019589
0.01991
0.019805
0.019654
0.020086
0.019701
0.019638
0.019849
0.020674
0.020148
0.021519
0.021414
0.019608
0.020024
0.020254
0.021955
0.020323
0.020961
0.019698
0.02003
0.020079
0.019934
0.020162
0.020682
0.019769
0.019997
0.019763
0.021188
0.021224
0.020453
0.019559
0.020595
0.022125
0.020797
0.022218
0.019853
0.021787
0.019869
0.02047
0.023697
0.024118
0.02118
0.020686
0.020954
0.020058
0.020921
0.021166
0.020187
0.020668
0.021683
0.021274
0.020495
0.024409
0.020617
0.021288
0.020667
0.023899
0.024011
0.023571
0.02037
0.020515
0.021091
0.020326
0.021426
0.02044
0.021445
0.02252
0.020481
0.021393
0.020773
0.020548
0.020709
0.020199
0.022309
0.020218
0.020664
0.020757
0.020443
0.020398
0.020158
0.020404
0.020434
0.021305
0.021331
0.020554
0.020151
0.020875
0.020282
0.020937
0.020601
0.020394
0.020716
0.02078
0.020891
0.020063
0.02001
0.021215
0.020351
0.020442
0.020139
0.020924
0.020536
0.02075
0.021101
0.020222
0.02058
0.020156
0.02038
0.020599
0.021006
0.020767
0.019959
0.020452
0.020888
0.020847
0.020845
0.020091
0.020902
0.020676
0.019947
0.020252
0.019993
0.020679
0.020562
0.019407
0.02067
0.020427
0.021046
0.020252
0.020012
0.021256
0.020766
0.020407
0.021254
0.020448
0.020821
0.020607
0.02109
0.02063
0.021351
0.020591
0.019861
0.020287
0.020501
0.020724
0.020114
0.021535
0.020996
0.020364
0.020534
0.020118
0.02033
0.020985
0.020013
0.020886
0.020241
0.020087
0.020419
0.022276
0.020532
0.0198
0.022037
0.019655
0.020261
0.020355
0.020652
0.020444
0.020888
0.020716
0.020433
0.020446
0.020976
0.020365
0.019939
