0.040689
0.041439
0.039989
0.040483
0.041542
0.04328
0.040852
0.040301
0.042949
0.043355
0.041041
0.044577
0.04019
0.039447
0.04121
0.041451
0.042395
0.042708
0.042348
0.040551
0.040717
0.040175
0.041322
0.040854
0.041288
0.041692
0.040666
0.040429
0.041086
0.04009
0.040455
0.042336
0.040948
0.040448
0.04382
0.042061
0.04311
0.041017
0.040621
0.041081
0.040141
0.044708
0.044875
0.040793
0.043064
0.044275
0.041571
0.041774
0.042338
0.040643
0.043184
0.0434
0.046117
0.0422
0.042897
0.043566
0.041159
0.04451
0.047281
0.043198
0.040948
0.042791
0.041715
0.039479
0.041009
0.041392
0.040888
0.042341
0.044386
0.040715
0.041466
0.040882
0.040412
0.041121
0.041173
0.043224
0.041113
0.042345
0.04157
0.041054
0.042
0.042393
0.049054
0.041107
0.048121
0.045673
0.044931
0.046117
0.041888
0.052313
0.059427
0.046809
0.050322
0.042443
0.042255
0.041866
0.040862
0.041513
0.041071
0.042921
0.042309
0.044528
0.04524
0.045263
0.042748
0.04286
0.04141
0.040951
0.040638
0.04114
0.040761
0.042173
0.041447
0.041157
0.041874
0.04187
0.045507
0.040951
0.041812
0.045408
0.041831
0.040801
0.044074
0.042047
0.042976
0.047445
0.047444
0.04243
0.040937
0.044592
0.049656
0.042003
0.043124
0.043289
0.043717
0.041227
0.041031
0.041105
0.040891
0.040822
0.042168
0.04117
0.04219
0.040328
0.040162
0.040329
0.041883
0.039407
0.043176
0.04316
0.041287
0.061782
0.04592
0.043448
0.044506
0.043222
0.044051
0.058242
0.054561
0.042579
0.042277
0.047177
0.043065
0.060199
0.055823
0.0414
0.06364
0.042784
0.041656
0.043143
0.046579
0.042395
0.04096
0.041865
0.041041
0.040691
0.042448
0.041516
0.041075
0.042426
0.040662
0.041428
0.040911
0.041525
0.040478
0.040966
0.043359
0.042682
0.042481
0.039303
0.040957
0.041693
0.041315
0.042746
0.042987
0.042498
0.041572
0.041827
0.042436
0.041754
0.041968
0.045163
0.043137
0.04072
0.04194
0.040665
0.040767
0.041884
0.042313
0.043199
0.044105
0.039856
0.041799
0.040446
0.041769
0.041592
0.050521
0.042646
0.044461
0.041334
0.043846
0.041214
0.041942
0.043959
0.047176
0.044154
0.05511
0.042645
0.045033
0.043121
0.046013
0.045019
0.043088
0.041386
0.044193
0.047611
0.044455
0.045098
0.040737
0.042413
0.041425
0.04558
0.040788
0.044897
0.041002
0.041603
0.041812
0.042304
0.044225
0.0431
0.046776
0.043027
0.042161
0.043017
0.041874
0.052879
0.056246
0.042996
0.06719
0.045589
0.042865
0.045844
0.043304
0.049952
0.040752
0.042064
0.041718
0.043011
0.044634
0.041542
0.041985
0.043813
0.043426
0.057147
0.042653
0.041211
0.044298
0.046676
0.044784
0.081299
0.043094
0.0463
0.041657
0.041385
0.042723
0.043759
0.042427
0.044409
0.04412
0.042951
0.041503
0.045451
0.044584
0.042277
0.042692
0.04182
0.04181
0.042137
0.041202
0.044853
0.041597
0.04427
0.045638
0.04135
0.041195
0.040359
0.0482
0.041057
0.041811
0.042168
0.041757
0.042911
0.041835
0.042407
0.041931
0.041922
0.043202
0.039319
0.04053
0.042061
0.042592
0.040725
0.043402
0.041022
0.040784
0.042826
0.040526
0.041131
0.04075
0.041859
0.041187
0.041688
0.041971
0.044383
0.040991
0.051149
0.043907
0.041097
0.041865
0.042614
0.042367
0.042485
0.043359
0.043028
0.047922
0.04622
0.046801
0.043635
0.048152
0.043912
0.051374
0.047609
0.044772
0.043366
0.042497
0.04936
0.055464
0.048837
0.04369
0.044168
0.043542
0.043434
0.04452
0.045959
0.052969
0.043428
0.043363
0.048656
0.045794
0.042488
0.043867
0.045466
0.044297
0.043435
0.045317
0.043458
0.042988
0.044532
0.043283
0.044502
0.044747
0.043509
0.04289
0.04474
0.043463
0.043528
0.043501
0.046366
0.045706
0.045182
0.04418
0.043085
0.044133
0.044659
0.044883
0.043698
0.05313
0.071887
0.049991
0.051777
0.053676
0.054239
0.043826
0.043616
0.046754
0.043668
0.043905
0.045043
0.043561
0.043299
0.042558
0.044035
0.044107
0.043778
0.041635
0.046764
0.044672
0.045527
0.043791
0.043797
0.044113
0.046938
0.041426
0.047444
0.043757
0.043982
0.043386
0.045749
0.044892
0.043997
0.044626
0.042867
0.044431
0.044306
0.042664
0.043762
0.044165
0.043426
0.044101
0.04358
0.043427
0.046494
0.044336
0.045993
0.044872
0.044184
0.043759
0.042342
0.043595
0.043206
0.044239
0.043748
0.043301
0.043346
0.043874
0.044606
0.04296
0.04392
0.042438
0.043554
0.043283
0.044473
0.044355
0.043655
0.043183
0.044302
0.043339
0.043633
0.044174
0.04262
0.04286
0.043434
0.045211
0.042302
0.043435
0.044033
0.044741
0.044195
0.04347
0.052471
0.042829
0.043474
0.043776
0.044241
0.04238
0.043542
0.043974
0.044555
0.044166
0.043048
0.04431
0.044303
0.043481
0.042919
0.043471
0.047875
0.044031
0.04468
0.044446
0.043608
0.049046
0.042655
0.043476
0.04305
0.044493
0.042907
0.042788
0.043659
0.044108
0.043642
0.044133
0.043999
0.044327
0.042171
0.042774
0.043827
0.043538
0.047954
0.044307
0.04479
0.044936
0.044641
0.043572
0.042543
0.044609
0.043214
0.043999
0.045413
0.042878
0.044221
0.044701
0.042841
0.044269
0.044405
0.044089
0.042907
0.044762
0.046311
0.043246
0.044317
0.043773
0.044834
0.042814
0.050962
0.044385
0.043224
0.044475
0.043319
0.044693
0.04428
0.044782
0.043852
0.044591
0.047009
0.04761
0.044376
0.044243
0.044748
0.046596
0.042875
0.044311
0.046837
0.045869
0.046051
0.046633
0.044077
0.043308
0.044256
0.043049
0.042979
0.043708
0.04396
0.044027
0.043319
0.043486
0.043957
0.043131
0.044346
0.046047
0.04542
0.04674
0.044991
0.042823
0.045672
0.048202
0.043442
0.044831
0.043745
0.045243
0.043205
0.044496
0.044095
0.043711
0.045055
0.042941
0.047459
0.043338
0.04364
0.044227
0.043986
0.044808
0.044708
0.044458
0.044134
0.045766
0.044471
0.045034
0.044152
0.046587
0.04332
0.04298
0.044182
0.043357
0.043356
0.044265
0.046414
0.044066
0.044036
0.044589
0.044476
0.044177
0.044138
0.043017
0.043522
0.044226
0.043417
0.043207
0.046155
0.044747
0.043881
0.044462
0.042433
0.044705
0.043616
0.043212
0.045289
0.043974
0.044649
0.044888
0.043795
0.044748
0.044271
0.044997
0.047437
0.044394
0.044006
0.043849
0.043817
0.044398
0.045483
0.044427
0.042546
0.044054
0.042963
0.043151
0.043077
0.046108
0.043592
0.044425
0.04429
0.043758
0.043176
0.045436
0.043713
0.071581
0.045193
0.047058
0.048157
0.044741
0.043096
0.044328
0.044243
0.043731
0.043097
0.042245
0.050631
0.046594
0.043814
0.045191
0.043691
0.048269
0.043735
0.043791
0.042977
0.043738
0.044924
0.043465
0.044374
0.043832
0.046711
0.043982
0.043664
0.045513
0.044596
0.043877
0.044603
0.04434
0.053039
0.045696
0.049038
0.044443
0.047138
0.046305
0.044714
0.042863
0.044722
0.044864
0.044036
0.049158
0.043793
0.044572
0.04491
0.044275
0.045929
0.045199
0.058307
0.057176
0.043615
0.043579
0.044008
0.043542
0.043431
0.042918
0.043451
0.044127
0.045501
0.043702
0.043315
0.043244
0.043331
0.045349
0.045621
0.04486
0.045504
0.046198
0.043814
0.045135
0.045121
0.053005
0.044335
0.045016
0.043139
0.044655
0.044543
0.044967
0.044681
0.043228
0.042794
0.042153
0.044555
0.046807
0.046765
0.042601
0.046654
0.045584
0.046275
0.042775
0.044095
0.042821
0.044603
0.043537
0.041355
0.042131
0.041794
0.043023
0.041337
0.041356
0.04029
0.041115
0.041147
0.040646
0.041359
0.042105
0.039406
0.041313
0.039936
0.042219
0.041488
0.045007
0.041019
0.041032
0.0415
0.040517
0.040157
0.041904
0.042275
0.041101
0.041745
0.041652
0.042915
0.047389
0.041202
0.040885
0.040509
0.040921
0.041667
0.041583
0.041075
0.043079
0.045067
0.041572
0.040124
0.040315
0.042543
0.04042
0.041717
0.04225
0.042208
0.04203
0.042263
0.043226
0.046433
0.042012
0.047996
0.046738
0.040865
0.042271
0.043295
0.041618
0.047595
0.046969
0.040669
0.040592
0.041894
0.040662
0.040346
0.041099
0.040758
0.040978
0.040416
0.040084
0.040436
0.040231
0.040312
0.041513
0.041127
0.04136
0.041484
0.041164
0.041322
0.040328
0.044248
0.043731
0.041382
0.041804
0.041153
0.040617
0.039373
0.041544
0.041066
0.038478
0.040358
0.040607
0.040639
0.040275
0.039931
0.043748
0.043699
0.046648
0.0431
0.044856
0.044039
0.046214
0.04153
0.054756
0.047173
0.044429
0.043215
0.049275
0.04142
0.045616
0.042425
0.040671
0.040326
0.043
0.040702
0.041214
0.042202
0.048991
0.042228
0.041847
0.042802
0.042897
0.060298
0.044248
0.045411
0.047596
0.042836
0.043095
0.045873
0.046167
0.044407
0.045435
0.045086
0.043942
0.043134
0.041284
0.041714
0.041131
0.041528
0.042857
0.047092
0.040895
0.043022
0.042449
0.040669
0.041893
0.042309
0.041847
0.041932
0.042112
0.042395
0.041738
0.043101
0.042211
0.041903
0.042042
0.04159
0.041749
0.042522
0.041867
0.04343
0.041909
0.041376
0.041318
0.043251
0.044522
0.042155
0.042359
0.041573
0.042172
0.045411
0.041321
0.042148
0.04175
0.042659
0.044041
0.042439
0.042212
0.042543
0.041134
0.040833
0.043125
0.042011
0.041968
0.041042
0.042067
0.04179
0.041384
0.041936
0.041736
0.0418
0.045383
0.042117
0.041991
0.04089
0.042715
0.047816
0.043077
0.043947
0.044673
0.042212
0.042529
0.042181
0.041504
0.041888
0.041005
0.042387
0.039951
0.041437
0.041784
0.041864
0.040955
0.04191
0.042585
0.042327
0.041524
0.041493
0.041598
0.042005
0.041728
0.042713
0.042705
0.043387
0.042551
0.042565
0.040437
0.042669
0.042369
0.041408
0.042278
0.041832
0.042078
0.041696
0.044178
0.041389
0.040521
0.041968
0.042746
0.041373
0.042005
