0.041095
0.040786
0.040353
0.041167
0.040861
0.0412
0.039212
0.041052
0.043786
0.0443
0.04193
0.043976
0.038857
0.040733
0.040047
0.043856
0.042025
0.042657
0.040656
0.040788
0.042022
0.040675
0.04049
0.041102
0.041365
0.041678
0.041061
0.0419
0.040527
0.041314
0.041008
0.040651
0.041612
0.040399
0.042921
0.042148
0.043141
0.040655
0.041409
0.04078
0.039764
0.043807
0.041226
0.043436
0.05034
0.043474
0.042675
0.040598
0.041312
0.041416
0.041302
0.043205
0.043792
0.041672
0.042755
0.043783
0.042002
0.043556
0.044736
0.059623
0.041241
0.043868
0.041131
0.041267
0.040707
0.040308
0.04069
0.043633
0.042345
0.040883
0.040692
0.041557
0.041371
0.040024
0.042054
0.041951
0.041876
0.038869
0.04269
0.039892
0.04254
0.0443
0.048064
0.041519
0.044367
0.045668
0.045168
0.043443
0.042001
0.04776
0.049507
0.043909
0.050356
0.043197
0.041565
0.043097
0.041393
0.044528
0.041363
0.043097
0.040453
0.042701
0.04237
0.044471
0.040737
0.041194
0.042113
0.042505
0.041052
0.040515
0.041877
0.040726
0.040889
0.042205
0.040978
0.040811
0.042775
0.042412
0.042029
0.045502
0.042721
0.041608
0.041878
0.04237
0.043243
0.045995
0.051855
0.043648
0.041331
0.041972
0.047261
0.042827
0.041556
0.043167
0.044611
0.041295
0.040477
0.040494
0.041696
0.040766
0.041606
0.041351
0.040896
0.041548
0.039818
0.042296
0.04067
0.039526
0.040249
0.043104
0.040702
0.047781
0.043587
0.041959
0.044595
0.04382
0.045225
0.044934
0.048521
0.041617
0.043513
0.048351
0.041755
0.045652
0.045828
0.041872
0.054941
0.041175
0.041757
0.042667
0.04763
0.042137
0.040989
0.040991
0.041988
0.040307
0.042591
0.040484
0.041161
0.040702
0.041526
0.041163
0.041363
0.041727
0.041701
0.04056
0.042415
0.042433
0.041871
0.041407
0.042543
0.040736
0.040654
0.042644
0.041044
0.041643
0.041263
0.040931
0.041099
0.041894
0.041205
0.041331
0.041886
0.042404
0.041471
0.041443
0.04166
0.040766
0.042693
0.041965
0.041529
0.041236
0.040819
0.041264
0.040903
0.043017
0.046555
0.039488
0.056988
0.041689
0.041474
0.040549
0.044071
0.04309
0.045693
0.045001
0.051867
0.044822
0.043015
0.04443
0.04469
0.045097
0.043507
0.042167
0.046127
0.042281
0.043396
0.043212
0.04339
0.044507
0.040772
0.045883
0.042603
0.045141
0.041183
0.042283
0.041676
0.042007
0.041563
0.042649
0.044678
0.044065
0.04379
0.041384
0.04074
0.044924
0.05124
0.044169
0.044643
0.042969
0.043278
0.043024
0.042969
0.045572
0.04183
0.041378
0.041106
0.0422
0.046307
0.042849
0.04231
0.043658
0.046127
0.04625
0.042721
0.043822
0.04475
0.042604
0.045901
0.048976
0.042912
0.046463
0.043439
0.043756
0.042281
0.0447
0.042005
0.044739
0.04382
0.042043
0.041165
0.041505
0.042956
0.042438
0.042025
0.041581
0.043265
0.041786
0.04221
0.044828
0.043316
0.041752
0.046155
0.04021
0.042463
0.040788
0.062949
0.042542
0.042881
0.042124
0.042059
0.042327
0.043909
0.043012
0.042562
0.038866
0.042117
0.039434
0.041173
0.042975
0.042531
0.042316
0.04121
0.042733
0.042278
0.041438
0.041429
0.04064
0.041905
0.041266
0.043474
0.041463
0.04325
0.044387
0.04064
0.050702
0.04177
0.041811
0.041945
0.042512
0.041168
0.042503
0.043267
0.043735
0.044826
0.043786
0.044062
0.04267
0.045426
0.042492
0.047179
0.044646
0.043613
0.044985
0.044507
0.046853
0.044156
0.04436
0.043483
0.043864
0.04294
0.044086
0.043839
0.043479
0.047452
0.043385
0.0444
0.052109
0.044497
0.042818
0.044346
0.045245
0.043276
0.042366
0.044288
0.043145
0.044829
0.044698
0.04406
0.044465
0.044994
0.044339
0.044038
0.045008
0.042759
0.043556
0.043087
0.044858
0.042285
0.044712
0.040715
0.042527
0.042281
0.044463
0.046056
0.046255
0.046955
0.045789
0.050094
0.04861
0.050951
0.053056
0.044983
0.044926
0.04436
0.042026
0.042512
0.044004
0.044332
0.043797
0.043505
0.042848
0.044742
0.043069
0.043448
0.046118
0.044844
0.04286
0.044463
0.045673
0.043948
0.045352
0.043735
0.046825
0.0442
0.044219
0.044686
0.045131
0.044129
0.043395
0.046375
0.043106
0.045222
0.043254
0.043031
0.043897
0.044091
0.043862
0.042763
0.043248
0.043815
0.044256
0.046032
0.044916
0.043837
0.043848
0.0439
0.044146
0.042987
0.043547
0.043351
0.0427
0.043939
0.04431
0.043813
0.043798
0.043733
0.04348
0.043344
0.043565
0.04264
0.042628
0.046783
0.044555
0.043846
0.042257
0.043313
0.042971
0.043039
0.044194
0.043983
0.042175
0.042935
0.043939
0.044291
0.043956
0.044635
0.045413
0.04428
0.046602
0.043697
0.04302
0.043875
0.043815
0.043754
0.044057
0.04567
0.043362
0.043094
0.043793
0.043286
0.04363
0.04323
0.042576
0.043736
0.045334
0.044665
0.042637
0.043254
0.044004
0.043824
0.043664
0.042583
0.043221
0.04339
0.043541
0.043268
0.043823
0.04413
0.042853
0.043101
0.043636
0.04336
0.043071
0.043372
0.042273
0.044778
0.044862
0.043958
0.042946
0.04364
0.044047
0.043977
0.044321
0.042693
0.043467
0.043708
0.04479
0.043934
0.04327
0.042827
0.043227
0.043756
0.04301
0.043523
0.043527
0.044844
0.043477
0.043958
0.04373
0.044875
0.043245
0.043273
0.04556
0.04289
0.042834
0.045239
0.043322
0.043503
0.043085
0.043556
0.0435
0.044301
0.045712
0.046522
0.044462
0.049798
0.044132
0.043783
0.044792
0.043171
0.04666
0.043403
0.044611
0.044926
0.045729
0.042743
0.043302
0.044238
0.043789
0.043116
0.043678
0.043699
0.044204
0.043434
0.043765
0.041994
0.04381
0.044638
0.045881
0.044823
0.04452
0.04381
0.044537
0.04542
0.043454
0.04448
0.04544
0.044553
0.043072
0.046163
0.044289
0.043992
0.042748
0.044384
0.048938
0.041978
0.044649
0.043906
0.04292
0.044986
0.043971
0.044238
0.044128
0.045088
0.044206
0.043301
0.044875
0.051502
0.042447
0.043864
0.045043
0.04387
0.044456
0.043131
0.044748
0.04378
0.044263
0.044425
0.044003
0.046661
0.043241
0.043745
0.044708
0.043935
0.043015
0.044283
0.044498
0.045344
0.045293
0.04342
0.044001
0.043812
0.043407
0.04406
0.043982
0.044094
0.045301
0.043874
0.044187
0.044174
0.045047
0.042954
0.045518
0.044539
0.044336
0.043347
0.044251
0.044108
0.046469
0.042676
0.04336
0.043334
0.04422
0.044692
0.045516
0.044256
0.044148
0.044261
0.043629
0.044462
0.042995
0.044349
0.042633
0.043794
0.044026
0.044055
0.047291
0.047558
0.04387
0.04358
0.043263
0.045034
0.043459
0.043591
0.046175
0.048828
0.042646
0.043227
0.043129
0.044908
0.042984
0.04333
0.043795
0.043159
0.044165
0.042758
0.043475
0.043897
0.043976
0.044779
0.043639
0.043497
0.043005
0.043223
0.043513
0.045719
0.050165
0.044111
0.046714
0.043315
0.046001
0.04338
0.044204
0.045511
0.045099
0.043923
0.044427
0.046384
0.043178
0.042985
0.044094
0.042185
0.043413
0.044477
0.04452
0.04902
0.043304
0.043812
0.042337
0.043453
0.043856
0.043793
0.043636
0.042712
0.043876
0.043318
0.042101
0.04385
0.044391
0.047591
0.04483
0.044278
0.044059
0.045729
0.04316
0.044819
0.043146
0.047187
0.045396
0.044436
0.04543
0.044111
0.045038
0.043986
0.045193
0.045383
0.043489
0.042861
0.043835
0.044894
0.04443
0.043983
0.045134
0.043108
0.044536
0.042693
0.0428
0.042652
0.040507
0.042937
0.041418
0.042017
0.039915
0.041162
0.040676
0.041507
0.041191
0.042021
0.041477
0.042399
0.040516
0.041303
0.041893
0.041146
0.04157
0.041447
0.04161
0.041722
0.041656
0.040326
0.040422
0.041783
0.041043
0.041301
0.042557
0.042242
0.041733
0.040961
0.041795
0.045928
0.040754
0.0412
0.041114
0.040981
0.040857
0.044028
0.040559
0.041539
0.041135
0.040319
0.040461
0.04164
0.04065
0.040808
0.041913
0.041239
0.042368
0.040445
0.041794
0.04354
0.042255
0.048664
0.062622
0.044809
0.041986
0.042292
0.046214
0.042676
0.04384
0.043648
0.040633
0.040942
0.040488
0.040535
0.040977
0.04057
0.041775
0.041099
0.041571
0.041458
0.039525
0.041092
0.0412
0.041011
0.039769
0.041093
0.041289
0.041479
0.040641
0.040549
0.04018
0.044412
0.040162
0.040846
0.040854
0.04246
0.040435
0.041523
0.040609
0.040715
0.04046
0.040509
0.040716
0.041253
0.040394
0.041189
0.042909
0.043612
0.044138
0.044103
0.040977
0.042941
0.041963
0.041459
0.04617
0.041968
0.044882
0.046363
0.040822
0.051609
0.041595
0.042107
0.041713
0.043282
0.043342
0.040416
0.043105
0.046604
0.043761
0.057156
0.043084
0.042359
0.071921
0.043947
0.046361
0.043404
0.042061
0.04313
0.040702
0.044425
0.044827
0.043872
0.045961
0.042519
0.042271
0.042716
0.041578
0.042561
0.042027
0.041617
0.046279
0.042935
0.042477
0.04197
0.042185
0.042128
0.045058
0.041609
0.041766
0.042816
0.04137
0.041881
0.041127
0.042786
0.041514
0.043212
0.042252
0.042056
0.041573
0.042179
0.045005
0.040576
0.042926
0.04225
0.041601
0.042098
0.04264
0.041622
0.04207
0.039525
0.040434
0.042272
0.042085
0.040937
0.042057
0.042114
0.042286
0.041875
0.042472
0.043023
0.041562
0.042646
0.042111
0.039752
0.042527
0.041049
0.041772
0.042631
0.041766
0.041699
0.040796
0.042059
0.042497
0.042137
0.041894
0.042435
0.046155
0.042856
0.041894
0.041638
0.041892
0.043045
0.041304
0.042535
0.041717
0.042514
0.041969
0.041905
0.04187
0.041543
0.042123
0.040345
0.042346
0.041929
0.043853
0.042827
0.042089
0.042073
0.042292
0.040229
0.041368
0.041536
0.042796
0.0421
0.042838
0.041321
0.042221
0.040829
0.041996
0.041515
0.042058
0.042487
0.041729
0.0445
0.04259
0.042178
0.042532
0.042339
0.04158
0.041678
