0.039181
0.042024
0.041103
0.040783
0.040868
0.041445
0.040626
0.041255
0.044515
0.047332
0.041653
0.048103
0.041679
0.040299
0.040471
0.04048
0.041389
0.042832
0.042751
0.040464
0.040975
0.041187
0.041532
0.04068
0.04096
0.039387
0.040745
0.040853
0.040256
0.040128
0.041035
0.040351
0.041096
0.040743
0.045619
0.042083
0.044253
0.040205
0.04014
0.041546
0.040938
0.042882
0.041279
0.041238
0.042775
0.043865
0.042299
0.043384
0.04291
0.040949
0.043463
0.043779
0.043134
0.041993
0.041531
0.042922
0.04276
0.045664
0.049953
0.042641
0.040968
0.043087
0.041149
0.040328
0.041088
0.040823
0.040714
0.040659
0.04153
0.043416
0.040337
0.040459
0.040851
0.040687
0.040849
0.040345
0.04236
0.041454
0.044199
0.040806
0.041163
0.043062
0.042532
0.042563
0.046493
0.041819
0.042737
0.044981
0.041573
0.050299
0.052405
0.055288
0.047313
0.042411
0.043178
0.042926
0.042051
0.042005
0.03959
0.040656
0.041275
0.041988
0.042324
0.04195
0.045485
0.042458
0.042287
0.042639
0.041059
0.041586
0.04108
0.04086
0.041435
0.042071
0.041401
0.041598
0.041239
0.042601
0.041682
0.043276
0.043586
0.041397
0.042747
0.042394
0.042323
0.047239
0.043623
0.042862
0.042357
0.04692
0.045458
0.042935
0.041912
0.04318
0.045728
0.041136
0.04069
0.041238
0.040636
0.040015
0.040421
0.042177
0.042179
0.039826
0.040116
0.041638
0.040786
0.041221
0.043112
0.042107
0.041045
0.073526
0.04572
0.046848
0.045175
0.041623
0.042479
0.051921
0.055559
0.04302
0.044996
0.043744
0.042278
0.046163
0.047613
0.042054
0.082056
0.042548
0.04283
0.042942
0.044807
0.042201
0.040986
0.040236
0.04098
0.04027
0.04148
0.04326
0.043458
0.040363
0.040751
0.040236
0.040881
0.040898
0.041754
0.040785
0.040369
0.041948
0.041256
0.041774
0.042463
0.041197
0.040769
0.04321
0.042665
0.041452
0.041042
0.043292
0.040036
0.042412
0.041763
0.045233
0.040862
0.041371
0.041264
0.040889
0.041608
0.039895
0.041656
0.042084
0.04497
0.040883
0.040514
0.041109
0.040407
0.042951
0.049704
0.04402
0.045713
0.042488
0.042675
0.041106
0.041869
0.043298
0.044967
0.044066
0.05191
0.043973
0.04572
0.040695
0.044809
0.04254
0.0417
0.041711
0.042131
0.044935
0.044255
0.043146
0.042683
0.041276
0.040765
0.044182
0.041796
0.045436
0.04202
0.041894
0.040926
0.039859
0.044383
0.040111
0.043192
0.043025
0.041904
0.042536
0.041226
0.04907
0.04761
0.043324
0.054431
0.044133
0.042735
0.043269
0.042519
0.049769
0.038913
0.041005
0.041753
0.042515
0.045618
0.043879
0.042496
0.043315
0.042267
0.052254
0.043304
0.043401
0.045863
0.047402
0.04268
0.044948
0.041631
0.043832
0.041281
0.041549
0.042336
0.042675
0.041738
0.045788
0.042769
0.041776
0.041204
0.045673
0.040449
0.041006
0.042991
0.043137
0.041123
0.041815
0.042003
0.042702
0.041721
0.042247
0.046274
0.039789
0.040851
0.042448
0.045821
0.041762
0.041999
0.042734
0.041955
0.041685
0.041485
0.043816
0.042424
0.040744
0.042229
0.042142
0.041999
0.041917
0.041548
0.041648
0.041251
0.041937
0.045504
0.041183
0.041894
0.040467
0.040765
0.040955
0.042396
0.040379
0.041592
0.042928
0.041509
0.049763
0.04161
0.0417
0.041976
0.042241
0.042334
0.04295
0.040578
0.042651
0.046652
0.043637
0.045808
0.043831
0.0491
0.046347
0.047219
0.051755
0.044402
0.048212
0.043295
0.045024
0.048659
0.048281
0.043505
0.044588
0.043564
0.044361
0.047637
0.048557
0.046716
0.043626
0.044302
0.044278
0.043857
0.043423
0.042993
0.04496
0.043551
0.043794
0.043957
0.042769
0.043436
0.044728
0.044977
0.048015
0.046841
0.04473
0.044098
0.043401
0.043955
0.043519
0.045357
0.04359
0.043966
0.044962
0.043507
0.042871
0.044526
0.045523
0.046196
0.042969
0.053755
0.052046
0.05234
0.048619
0.046016
0.057849
0.043238
0.043695
0.045889
0.042788
0.043175
0.044516
0.04183
0.043578
0.043779
0.043222
0.043211
0.042817
0.044222
0.045654
0.044648
0.044701
0.042326
0.04494
0.0443
0.044463
0.044211
0.045937
0.045218
0.044432
0.045151
0.044042
0.045914
0.042992
0.044593
0.043919
0.043647
0.043119
0.043297
0.04362
0.045428
0.043692
0.043614
0.044706
0.050191
0.046031
0.043377
0.049931
0.044495
0.045079
0.044227
0.044087
0.042501
0.043079
0.042598
0.043493
0.044394
0.042941
0.043067
0.044396
0.044857
0.044421
0.044616
0.044598
0.042034
0.043228
0.041906
0.043449
0.043667
0.044325
0.044171
0.043665
0.043962
0.042819
0.043588
0.043219
0.044284
0.043066
0.043692
0.04525
0.045149
0.045312
0.043923
0.045267
0.043527
0.043529
0.044404
0.043639
0.044527
0.042926
0.042983
0.043001
0.043562
0.043916
0.045206
0.04289
0.043162
0.04383
0.044559
0.045083
0.044209
0.045368
0.043594
0.042831
0.046276
0.043861
0.043665
0.042728
0.041958
0.043771
0.043288
0.044165
0.043663
0.042994
0.043208
0.043512
0.046129
0.043409
0.043606
0.042388
0.044523
0.042891
0.043323
0.041709
0.042353
0.043611
0.043663
0.042948
0.042578
0.046793
0.043116
0.042644
0.04407
0.043742
0.044333
0.044961
0.044065
0.045635
0.043321
0.046831
0.04442
0.044179
0.044261
0.044255
0.045413
0.042908
0.043718
0.045293
0.043351
0.043839
0.043264
0.0434
0.042509
0.042838
0.045295
0.044805
0.044952
0.044105
0.045294
0.043273
0.044067
0.043718
0.049098
0.044944
0.043762
0.04747
0.043709
0.043616
0.04392
0.042855
0.043998
0.04215
0.043221
0.044048
0.043844
0.043609
0.043822
0.043992
0.043962
0.043823
0.043997
0.044226
0.045231
0.044802
0.043198
0.043605
0.046985
0.045983
0.046712
0.043687
0.044266
0.045221
0.045984
0.043378
0.043392
0.044673
0.045142
0.043845
0.043926
0.042967
0.043527
0.044109
0.043348
0.044111
0.04506
0.045063
0.043365
0.04417
0.044255
0.044091
0.043422
0.043964
0.046702
0.043957
0.043921
0.043571
0.043926
0.044632
0.043422
0.044151
0.044658
0.045071
0.043754
0.044485
0.045032
0.043886
0.044364
0.044545
0.04379
0.044525
0.043913
0.045192
0.048334
0.043336
0.042339
0.044706
0.043156
0.042801
0.042717
0.043575
0.043728
0.046959
0.0442
0.043906
0.044858
0.045435
0.044441
0.043146
0.043548
0.044043
0.043245
0.045357
0.043376
0.04407
0.043816
0.043859
0.044211
0.042579
0.04402
0.043708
0.04567
0.04386
0.044561
0.045133
0.04377
0.043164
0.047344
0.042972
0.058625
0.055711
0.042857
0.046141
0.043682
0.043397
0.043276
0.044754
0.042518
0.04309
0.043105
0.046825
0.054091
0.044315
0.044248
0.04414
0.042743
0.044617
0.043297
0.042715
0.044596
0.043716
0.043055
0.043525
0.044219
0.047361
0.042767
0.044431
0.044084
0.043237
0.04248
0.044403
0.043339
0.048045
0.047
0.046014
0.046189
0.045427
0.042139
0.04382
0.045539
0.045329
0.043665
0.044771
0.046276
0.044221
0.04381
0.047724
0.047025
0.044968
0.042399
0.044904
0.047127
0.04288
0.042734
0.043584
0.043703
0.043793
0.043984
0.042452
0.043624
0.045215
0.043486
0.043464
0.043357
0.043678
0.04649
0.044693
0.044965
0.045839
0.043671
0.044958
0.043984
0.044674
0.047329
0.04567
0.043769
0.043296
0.044107
0.044278
0.044667
0.044354
0.043918
0.043743
0.044637
0.044194
0.043956
0.045283
0.042238
0.044849
0.046057
0.043237
0.043969
0.046185
0.042114
0.041447
0.042264
0.042427
0.042105
0.041345
0.039871
0.042127
0.040768
0.041942
0.041664
0.040828
0.042889
0.040875
0.041277
0.04173
0.041626
0.041311
0.040153
0.039735
0.041156
0.042676
0.041639
0.041706
0.041113
0.041481
0.041001
0.040743
0.042294
0.046013
0.041194
0.043459
0.046747
0.04207
0.04098
0.041528
0.040865
0.041321
0.042052
0.041936
0.041509
0.044348
0.041229
0.041323
0.041734
0.04092
0.041488
0.041464
0.043944
0.04249
0.040706
0.042035
0.044402
0.045605
0.043266
0.049163
0.045185
0.041528
0.041899
0.043564
0.043719
0.045116
0.046405
0.041263
0.042236
0.040003
0.040467
0.04159
0.041068
0.041366
0.040982
0.040976
0.040161
0.040953
0.041172
0.040869
0.040623
0.040833
0.04111
0.041257
0.041574
0.042316
0.042188
0.043932
0.04375
0.040375
0.040308
0.041146
0.040334
0.040153
0.040765
0.041391
0.039793
0.040997
0.040998
0.041322
0.041323
0.041258
0.043852
0.043971
0.04493
0.044833
0.043353
0.045792
0.044842
0.040945
0.053966
0.046729
0.046005
0.05697
0.043586
0.041707
0.043407
0.043601
0.040424
0.040735
0.041713
0.043353
0.041557
0.042356
0.043374
0.043001
0.044102
0.044281
0.04058
0.066572
0.044539
0.042621
0.043375
0.041588
0.043582
0.044833
0.04677
0.044534
0.044998
0.04362
0.04198
0.042077
0.04232
0.042238
0.040906
0.040551
0.04147
0.042083
0.042169
0.042288
0.041912
0.042067
0.042418
0.041968
0.041752
0.042766
0.041934
0.042248
0.042459
0.041729
0.04328
0.041883
0.043444
0.04225
0.042361
0.041767
0.042147
0.040042
0.040851
0.045226
0.041558
0.042799
0.042154
0.042474
0.042163
0.042452
0.041689
0.041117
0.041951
0.041413
0.04264
0.041395
0.044099
0.043832
0.041675
0.042954
0.043949
0.042486
0.042678
0.042005
0.04315
0.042589
0.041522
0.042129
0.042788
0.041237
0.042859
0.041724
0.042013
0.042189
0.042074
0.042174
0.042537
0.042354
0.039918
0.042928
0.044866
0.04103
0.042915
0.041291
0.042177
0.041242
0.04266
0.041512
0.0422
0.041116
0.044268
0.042091
0.041893
0.043354
0.041028
0.042152
0.041738
0.043394
0.041885
0.040113
0.041748
0.041725
0.041355
0.041623
0.042419
0.042456
0.04255
0.043043
0.04232
0.042518
0.041399
0.041822
0.043594
0.041722
0.04405
0.042057
0.041494
0.041707
0.041775
0.042335
0.042089
