0.065534
0.06218
0.062326
0.062227
0.061252
0.061622
0.058766
0.060298
0.067863
0.066054
0.065712
0.066895
0.063903
0.066016
0.063883
0.062885
0.069238
0.066557
0.062456
0.068438
0.066684
0.066555
0.063017
0.06506
0.063592
0.068503
0.065362
0.066258
0.063059
0.067828
0.065398
0.064355
0.065157
0.065362
0.06537
0.064747
0.066976
0.062923
0.064734
0.066938
0.066289
0.068495
0.062794
0.076423
0.064017
0.067202
0.064861
0.067592
0.065619
0.065194
0.068003
0.063665
0.065031
0.064455
0.065135
0.070515
0.065624
0.068422
0.073435
0.06522
0.066621
0.065655
0.068852
0.062529
0.065406
0.063679
0.064731
0.062606
0.062944
0.061836
0.067805
0.066249
0.063026
0.064457
0.063131
0.061817
0.064769
0.063005
0.065575
0.068468
0.070718
0.070535
0.073016
0.063955
0.110854
0.06441
0.074813
0.06318
0.063037
0.076726
0.189481
0.069612
0.068173
0.071905
0.065626
0.064422
0.064376
0.064872
0.065729
0.063234
0.064076
0.062409
0.062376
0.062551
0.063162
0.062748
0.06273
0.062756
0.063401
0.063723
0.064852
0.065105
0.063461
0.063773
0.064127
0.066631
0.064187
0.068187
0.071873
0.0654
0.067059
0.065357
0.062382
0.064551
0.065211
0.067065
0.085352
0.064322
0.07003
0.10903
0.070686
0.06529
0.065578
0.065996
0.065716
0.063768
0.06271
0.065182
0.062584
0.064763
0.06251
0.062163
0.062105
0.062333
0.064856
0.061162
0.062088
0.06452
0.067631
0.066949
0.065394
0.09244
0.065853
0.06365
0.065486
0.062025
0.066186
0.067402
0.078667
0.065461
0.065229
0.067002
0.064066
0.083466
0.121955
0.065039
0.072544
0.065116
0.062416
0.069472
0.068241
0.067164
0.064992
0.063321
0.064976
0.062611
0.063665
0.062207
0.061299
0.062843
0.066757
0.065787
0.062517
0.065109
0.064181
0.066453
0.062369
0.063175
0.06311
0.062166
0.060667
0.064734
0.064525
0.067051
0.063311
0.062848
0.061339
0.064108
0.062171
0.063107
0.060985
0.063415
0.062789
0.067092
0.06728
0.06477
0.063716
0.064734
0.061409
0.06274
0.062563
0.0646
0.063149
0.06435
0.064451
0.064533
0.066399
0.063941
0.067716
0.063848
0.066386
0.068595
0.071487
0.07353
0.066506
0.065698
0.07887
0.0734
0.069648
0.061768
0.069385
0.062451
0.0647
0.067369
0.062773
0.064035
0.064191
0.076251
0.064958
0.066569
0.064554
0.06716
0.06557
0.066608
0.06648
0.065431
0.06324
0.061836
0.072873
0.063326
0.067925
0.069352
0.063156
0.0652
0.064091
0.070945
0.068397
0.072017
0.081488
0.064075
0.065973
0.067131
0.068097
0.079399
0.068216
0.064695
0.066448
0.062845
0.064306
0.067758
0.06681
0.071505
0.06334
0.079509
0.065666
0.069872
0.065438
0.069733
0.065089
0.07194
0.064919
0.067749
0.066536
0.064624
0.065824
0.065241
0.063047
0.061605
0.07057
0.064313
0.062688
0.066018
0.063939
0.066175
0.066602
0.062945
0.063738
0.067559
0.066368
0.066758
0.066035
0.066442
0.065749
0.063513
0.065081
0.066945
0.068101
0.065755
0.067133
0.064759
0.065698
0.066982
0.066142
0.06662
0.067801
0.069538
0.066997
0.064947
0.06758
0.06467
0.065386
0.06272
0.061579
0.065148
0.066036
0.065502
0.067528
0.065159
0.065265
0.062546
0.064361
0.064158
0.067484
0.065921
0.068573
0.081141
0.064643
0.066928
0.065478
0.065027
0.064248
0.066233
0.070233
0.073814
0.066762
0.066572
0.067212
0.067435
0.070616
0.068335
0.065288
0.073511
0.068015
0.066427
0.065841
0.067393
0.070733
0.074135
0.06835
0.069435
0.067575
0.067133
0.06649
0.063394
0.087579
0.068473
0.071181
0.069332
0.066955
0.067433
0.067034
0.067543
0.065556
0.067679
0.066342
0.070268
0.06737
0.068526
0.064549
0.066418
0.069605
0.06475
0.065189
0.068939
0.066556
0.069601
0.065519
0.065241
0.066175
0.075327
0.065482
0.067221
0.069945
0.064403
0.069079
0.072495
0.083472
0.080812
0.077548
0.075059
0.074235
0.077684
0.06663
0.064759
0.069015
0.065599
0.066497
0.068705
0.066656
0.066401
0.069229
0.067154
0.066876
0.067553
0.067567
0.067826
0.071086
0.069291
0.064321
0.066175
0.067267
0.071461
0.067533
0.066523
0.068619
0.06604
0.070789
0.067291
0.069047
0.066431
0.066404
0.065387
0.066489
0.069666
0.067705
0.067018
0.066138
0.067954
0.063343
0.066525
0.069272
0.066572
0.067971
0.065817
0.06687
0.069035
0.065778
0.068396
0.066281
0.068335
0.064719
0.066195
0.070587
0.067224
0.066222
0.065351
0.065525
0.066713
0.071734
0.063468
0.065746
0.065602
0.067421
0.065441
0.068169
0.067418
0.065229
0.066821
0.066863
0.067092
0.064666
0.067969
0.066464
0.066985
0.068643
0.065804
0.068973
0.071322
0.064103
0.071108
0.070099
0.067751
0.070833
0.066839
0.065126
0.065656
0.07031
0.066447
0.070763
0.066989
0.063198
0.066053
0.064534
0.067438
0.065462
0.067864
0.064692
0.066569
0.066504
0.065398
0.066117
0.065437
0.065836
0.06596
0.069233
0.065184
0.065355
0.068412
0.066947
0.066495
0.066706
0.068209
0.069213
0.066031
0.064907
0.067483
0.065816
0.065118
0.064651
0.06575
0.06613
0.066807
0.065715
0.065903
0.065149
0.065828
0.066543
0.069135
0.066791
0.066915
0.065555
0.065339
0.066629
0.06712
0.069296
0.065656
0.06642
0.067015
0.070006
0.06547
0.066739
0.065341
0.066071
0.071402
0.067171
0.067682
0.064742
0.069546
0.069328
0.068079
0.06764
0.067036
0.067875
0.066769
0.0694
0.065771
0.066351
0.067141
0.068087
0.066593
0.067581
0.067586
0.064694
0.068311
0.066675
0.066378
0.067232
0.066425
0.065705
0.066284
0.066685
0.066698
0.068512
0.067651
0.06491
0.067168
0.069498
0.067761
0.068559
0.067774
0.067414
0.067557
0.064024
0.071828
0.073059
0.067542
0.069566
0.068986
0.067079
0.06765
0.066556
0.067595
0.066899
0.068241
0.066517
0.068209
0.066437
0.068594
0.067665
0.067105
0.066675
0.066714
0.069545
0.067093
0.067374
0.065489
0.066766
0.067073
0.0691
0.06738
0.066951
0.066231
0.066199
0.066069
0.066999
0.064652
0.063684
0.068057
0.066545
0.067975
0.068683
0.068315
0.067118
0.067633
0.065698
0.068264
0.067125
0.066764
0.067966
0.068616
0.067675
0.067306
0.063997
0.065826
0.068349
0.064953
0.066672
0.067152
0.073899
0.065432
0.066893
0.069244
0.065734
0.067575
0.066508
0.068365
0.066218
0.066281
0.068271
0.067615
0.067833
0.065068
0.066181
0.065796
0.06753
0.068368
0.067443
0.065076
0.06566
0.066942
0.065336
0.067067
0.070147
0.067113
0.066679
0.067864
0.065392
0.068869
0.066582
0.065114
0.065112
0.066457
0.065182
0.067717
0.066252
0.072248
0.076823
0.066313
0.078553
0.066673
0.067416
0.065115
0.065365
0.067609
0.066465
0.067213
0.068423
0.066331
0.066145
0.066263
0.070299
0.068302
0.065855
0.065658
0.065784
0.067643
0.067071
0.070159
0.072042
0.07069
0.065724
0.067003
0.067395
0.06881
0.064101
0.067795
0.069161
0.067774
0.067014
0.066815
0.066029
0.065067
0.065577
0.066673
0.066372
0.067296
0.068819
0.068634
0.067987
0.068755
0.066784
0.066884
0.066878
0.067406
0.066597
0.070455
0.067761
0.071261
0.069046
0.069283
0.067227
0.068074
0.065526
0.066941
0.066946
0.072079
0.069682
0.070513
0.065484
0.064162
0.066265
0.066987
0.067441
0.066237
0.067739
0.067297
0.068648
0.064858
0.066508
0.066649
0.080739
0.066298
0.063131
0.06538
0.064168
0.06971
0.066902
0.067764
0.063453
0.068
0.066888
0.064224
0.063887
0.063051
0.06369
0.066234
0.06269
0.063868
0.060715
0.065428
0.063335
0.06163
0.063964
0.060017
0.063346
0.061888
0.063672
0.063517
0.062036
0.06208
0.063398
0.064885
0.06247
0.062285
0.064665
0.063382
0.061497
0.061899
0.063206
0.066327
0.063889
0.066229
0.068116
0.063466
0.061023
0.062679
0.075181
0.063811
0.066765
0.064036
0.061675
0.062799
0.061418
0.065691
0.065355
0.063561
0.060638
0.061949
0.063568
0.064753
0.06411
0.064985
0.061844
0.063791
0.065371
0.062776
0.059186
0.063431
0.064503
0.0663
0.064462
0.06165
0.063544
0.067131
0.063001
0.065559
0.062601
0.06245
0.06415
0.064297
0.064072
0.066922
0.067786
0.063976
0.061303
0.065212
0.064325
0.064862
0.0666
0.064255
0.064813
0.06669
0.06841
0.063634
0.063997
0.064466
0.062195
0.063555
0.065161
0.062987
0.065224
0.064667
0.06421
0.065157
0.065152
0.06308
0.060477
0.067045
0.06794
0.065848
0.06644
0.073298
0.068081
0.064376
0.063384
0.063047
0.064091
0.06574
0.064139
0.066133
0.06387
0.066071
0.064031
0.071926
0.06548
0.069633
0.067557
0.066276
0.066671
0.077732
0.071694
0.06646
0.064936
0.069979
0.073943
0.068608
0.068139
0.067995
0.067882
0.0711
0.067735
0.06979
0.069995
0.077894
0.064004
0.065691
0.07215
0.065552
0.065966
0.063616
0.065141
0.063885
0.06615
0.065043
0.067467
0.064989
0.064701
0.063774
0.063384
0.064019
0.063755
0.065502
0.065922
0.065556
0.064683
0.064904
0.06856
0.06347
0.065529
0.062137
0.064963
0.06346
0.062417
0.063372
0.067685
0.064657
0.064039
0.065723
0.066372
0.064819
0.064794
0.063916
0.062753
0.064164
0.062553
0.067185
0.067212
0.063845
0.066287
0.064154
0.064668
0.068103
0.06605
0.061793
0.06392
0.063503
0.065316
0.064322
0.065452
0.063926
0.06371
0.064823
0.065392
0.064869
0.064679
0.065698
0.063623
0.063737
0.064865
0.065308
0.066604
0.065871
0.064291
0.065915
0.063872
0.064275
0.064231
0.064901
0.064354
0.065976
0.063534
0.063366
0.067002
0.070265
0.065668
0.065725
0.063874
0.064384
0.064659
0.065669
0.06399
0.064113
0.064182
0.067129
0.06401
0.066172
0.066264
0.064445
0.064942
0.062976
0.066268
0.065433
0.062769
0.063352
0.06383
0.06448
0.064309
0.064535
0.064931
0.068388
0.064203
