0.066427
0.063918
0.062948
0.05989
0.062385
0.061885
0.059569
0.058991
0.068501
0.070184
0.065779
0.070868
0.063409
0.062763
0.061735
0.062107
0.063939
0.067042
0.068049
0.063653
0.062397
0.06206
0.063776
0.063002
0.062134
0.063634
0.061577
0.061836
0.062662
0.063213
0.062224
0.062106
0.062688
0.065167
0.06551
0.062994
0.069504
0.062659
0.063318
0.061741
0.063742
0.069966
0.062682
0.066213
0.06421
0.066229
0.064935
0.066842
0.068393
0.062204
0.066835
0.0656
0.066002
0.064617
0.064453
0.068383
0.064361
0.069959
0.073561
0.066287
0.065108
0.068799
0.062483
0.065516
0.063758
0.062447
0.061507
0.062018
0.062204
0.066012
0.065469
0.06293
0.06344
0.062088
0.062655
0.059591
0.066059
0.06583
0.063589
0.061581
0.066905
0.071755
0.069353
0.075059
0.06926
0.079808
0.065693
0.064577
0.065215
0.066199
0.082861
0.069091
0.072404
0.065876
0.066014
0.063793
0.062466
0.064231
0.064686
0.064059
0.063635
0.066032
0.062765
0.06219
0.06155
0.064401
0.064696
0.066174
0.063897
0.065181
0.062797
0.066149
0.063489
0.063676
0.062664
0.063905
0.063282
0.06457
0.066075
0.064681
0.063922
0.065488
0.063505
0.065941
0.064725
0.08739
0.064402
0.065047
0.065469
0.120427
0.066432
0.066848
0.06544
0.065304
0.065552
0.063279
0.063616
0.064
0.06275
0.062737
0.062955
0.061807
0.063585
0.066194
0.06327
0.060974
0.063411
0.062629
0.064972
0.066243
0.064618
0.242842
0.0739
0.066167
0.063934
0.061318
0.063321
0.06617
0.08648
0.070174
0.067706
0.067094
0.066194
0.087856
0.068687
0.062355
0.142413
0.065983
0.063711
0.066071
0.06516
0.065259
0.063412
0.063831
0.062827
0.063035
0.061483
0.063258
0.063768
0.065845
0.062972
0.066201
0.064388
0.063071
0.063921
0.062973
0.062144
0.061278
0.064974
0.067304
0.064407
0.063919
0.066576
0.065528
0.064623
0.061778
0.062737
0.064311
0.063844
0.059007
0.059778
0.062647
0.064568
0.062632
0.063614
0.062815
0.062712
0.063129
0.061842
0.063132
0.064008
0.06487
0.063121
0.06121
0.063615
0.064321
0.066179
0.066758
0.066831
0.065325
0.06704
0.067008
0.069661
0.069756
0.067723
0.064717
0.071594
0.071591
0.066637
0.063422
0.066717
0.064887
0.062796
0.067499
0.0637
0.06554
0.065087
0.068457
0.065662
0.063508
0.066351
0.066218
0.062804
0.068064
0.063042
0.063789
0.06473
0.062915
0.082608
0.064571
0.065618
0.065616
0.062929
0.064586
0.063713
0.070717
0.1041
0.066638
0.075422
0.065449
0.064014
0.064688
0.065371
0.074469
0.062849
0.065016
0.066014
0.067144
0.064632
0.065385
0.068507
0.069773
0.065189
0.074116
0.065426
0.065612
0.066481
0.069376
0.065106
0.074065
0.067423
0.065908
0.063146
0.064471
0.062509
0.06351
0.065028
0.062893
0.068402
0.064765
0.062659
0.067184
0.064462
0.064571
0.065907
0.066345
0.066151
0.064577
0.064074
0.064091
0.062391
0.063656
0.066596
0.063605
0.063309
0.062022
0.065595
0.063941
0.065147
0.067678
0.065407
0.064414
0.064403
0.064028
0.065536
0.082831
0.064521
0.062543
0.061343
0.065411
0.064587
0.062788
0.065189
0.064321
0.068016
0.064078
0.067164
0.065582
0.061979
0.063165
0.06391
0.063533
0.065365
0.064742
0.062547
0.073419
0.065612
0.062827
0.067026
0.064711
0.064435
0.064585
0.068096
0.065057
0.068523
0.066766
0.06702
0.066239
0.06979
0.064786
0.075373
0.068195
0.069538
0.066192
0.069955
0.069699
0.068878
0.076861
0.06768
0.066884
0.067332
0.066872
0.06807
0.066953
0.089235
0.067296
0.067035
0.067583
0.067595
0.066902
0.067063
0.066462
0.065972
0.066682
0.068396
0.066614
0.066464
0.067867
0.066533
0.066078
0.068689
0.066622
0.066087
0.06641
0.066116
0.071665
0.065862
0.066461
0.065568
0.074
0.065719
0.066169
0.068727
0.066827
0.070599
0.077462
0.075984
0.081207
0.073776
0.069162
0.07362
0.083035
0.066149
0.065531
0.072029
0.065903
0.065552
0.067799
0.067106
0.066655
0.066155
0.06685
0.066854
0.066452
0.067472
0.071987
0.068099
0.07116
0.064572
0.067352
0.068132
0.065913
0.066142
0.066657
0.075555
0.067014
0.070826
0.068417
0.068949
0.068487
0.06885
0.065905
0.0655
0.067043
0.068623
0.066091
0.066578
0.065239
0.068572
0.067172
0.06988
0.066435
0.06656
0.070051
0.067981
0.068
0.065739
0.066304
0.066814
0.067844
0.065733
0.06716
0.065372
0.068302
0.06681
0.070518
0.064804
0.067355
0.064846
0.065968
0.06659
0.064033
0.067964
0.066284
0.067566
0.066747
0.067283
0.069528
0.066704
0.06593
0.065764
0.067849
0.066013
0.066864
0.065833
0.06797
0.067517
0.068657
0.069882
0.067928
0.06752
0.068007
0.074181
0.065931
0.066842
0.066705
0.06728
0.064292
0.067036
0.066075
0.069206
0.071842
0.066563
0.066847
0.067756
0.067856
0.067362
0.066991
0.066309
0.066382
0.066931
0.065267
0.066082
0.067303
0.0683
0.066756
0.06567
0.067361
0.067593
0.067103
0.067113
0.065711
0.069642
0.067672
0.068127
0.068528
0.065241
0.065742
0.06565
0.065391
0.062693
0.065482
0.066334
0.065936
0.066375
0.065024
0.065714
0.065604
0.068362
0.066484
0.066796
0.064085
0.066268
0.067105
0.064448
0.063693
0.065913
0.0676
0.066893
0.068977
0.065659
0.064449
0.066814
0.069653
0.067708
0.067399
0.067438
0.067081
0.069234
0.068378
0.066202
0.065601
0.065568
0.067798
0.068144
0.065512
0.06871
0.070311
0.066719
0.066991
0.068336
0.085434
0.064491
0.070463
0.066802
0.066305
0.064303
0.064787
0.066641
0.065383
0.067335
0.06802
0.067778
0.065557
0.0662
0.067526
0.067964
0.070833
0.067283
0.067393
0.06758
0.068245
0.068325
0.069536
0.06763
0.067639
0.072707
0.072318
0.063854
0.067589
0.06539
0.067223
0.067522
0.069703
0.065991
0.067158
0.068786
0.06623
0.065909
0.068815
0.06735
0.065694
0.067674
0.065512
0.065776
0.067368
0.066225
0.064179
0.071256
0.065843
0.066236
0.067357
0.065621
0.068836
0.071125
0.066504
0.065058
0.067303
0.06544
0.066018
0.067238
0.067402
0.065647
0.066847
0.064411
0.069472
0.068722
0.067427
0.067577
0.067834
0.067787
0.067767
0.065599
0.067802
0.06698
0.066843
0.069026
0.067565
0.068122
0.069406
0.066399
0.066323
0.066232
0.064553
0.066058
0.067928
0.06509
0.066991
0.067199
0.072742
0.066403
0.06694
0.068
0.065973
0.068305
0.068189
0.068907
0.068008
0.066968
0.066389
0.065755
0.064423
0.076295
0.066973
0.063892
0.066672
0.067278
0.069334
0.069684
0.065931
0.064684
0.06631
0.066226
0.06793
0.066671
0.075189
0.073203
0.067009
0.086964
0.066796
0.066087
0.065999
0.066604
0.066839
0.067408
0.068665
0.067969
0.065834
0.067334
0.065996
0.088698
0.067789
0.066361
0.065643
0.067969
0.066094
0.066159
0.07028
0.075326
0.067522
0.067711
0.066977
0.067393
0.067975
0.067485
0.067633
0.065405
0.067149
0.067304
0.067932
0.066819
0.066096
0.06672
0.066152
0.063748
0.065457
0.071982
0.066279
0.067448
0.065856
0.065848
0.066473
0.066807
0.065274
0.06777
0.070581
0.066253
0.066689
0.066585
0.069631
0.06825
0.067515
0.067674
0.067389
0.067612
0.071796
0.067616
0.068011
0.069118
0.066098
0.066536
0.066933
0.066772
0.06661
0.067137
0.065667
0.069638
0.064623
0.064359
0.067626
0.067467
0.067679
0.061804
0.06347
0.06342
0.067106
0.069123
0.062893
0.063912
0.066809
0.064682
0.063932
0.064595
0.064368
0.060544
0.062022
0.06412
0.062206
0.06304
0.064277
0.062657
0.062822
0.064617
0.062274
0.062962
0.063851
0.062872
0.062651
0.061013
0.063958
0.064936
0.062566
0.061423
0.062418
0.062939
0.063392
0.063783
0.063623
0.066259
0.063958
0.067003
0.064826
0.063313
0.063526
0.063431
0.064548
0.063282
0.062386
0.06293
0.062544
0.063109
0.063105
0.060985
0.062119
0.066212
0.06346
0.059839
0.062295
0.065666
0.066752
0.066838
0.069865
0.0616
0.064883
0.066365
0.062379
0.062768
0.062558
0.065636
0.067075
0.066475
0.062147
0.061085
0.062409
0.062522
0.061928
0.062393
0.061794
0.062659
0.061383
0.061215
0.062045
0.062124
0.063347
0.062742
0.061422
0.062869
0.063131
0.063726
0.064301
0.063141
0.065412
0.067552
0.06296
0.064548
0.062958
0.062057
0.063642
0.061245
0.061999
0.063301
0.062373
0.061862
0.062406
0.062602
0.062503
0.065855
0.068097
0.071347
0.06781
0.06723
0.066718
0.063374
0.064251
0.068948
0.062352
0.067418
0.069416
0.064051
0.061832
0.066134
0.062487
0.063898
0.063056
0.06681
0.064192
0.064551
0.064914
0.065875
0.077025
0.064739
0.067839
0.063468
0.096237
0.068319
0.066721
0.067746
0.067208
0.06788
0.066005
0.065346
0.065049
0.073942
0.073348
0.067319
0.0646
0.064522
0.064391
0.065304
0.063976
0.064755
0.064226
0.064412
0.065407
0.065989
0.064738
0.062356
0.063815
0.064381
0.06384
0.063895
0.065489
0.064594
0.064899
0.065535
0.066189
0.064947
0.063729
0.066383
0.064144
0.065186
0.063675
0.064916
0.066225
0.063541
0.06456
0.064381
0.064346
0.064667
0.065402
0.065082
0.06323
0.063577
0.062328
0.064887
0.064577
0.067471
0.064837
0.0641
0.065726
0.063634
0.065576
0.064001
0.062795
0.064566
0.063507
0.064926
0.064113
0.063627
0.063282
0.063938
0.063887
0.06436
0.063673
0.063651
0.064016
0.064691
0.06618
0.064999
0.063326
0.06357
0.067492
0.064397
0.06421
0.063976
0.064276
0.064749
0.065651
0.063611
0.064582
0.073346
0.063051
0.065597
0.064619
0.066058
0.063012
0.063295
0.065169
0.063072
0.064244
0.064584
0.062653
0.064003
0.063935
0.064375
0.063331
0.065336
0.0644
0.064875
0.063331
0.065824
0.065018
0.063705
0.063685
0.064319
0.061575
0.064181
0.06389
0.064764
0.064545
0.063586
