0.06309
0.061727
0.062011
0.060182
0.06267
0.062378
0.059649
0.060018
0.065596
0.06488
0.068482
0.066319
0.064249
0.062287
0.064058
0.065302
0.064429
0.063197
0.065565
0.063204
0.063268
0.06323
0.062969
0.062525
0.062512
0.061395
0.064159
0.062784
0.063088
0.062576
0.062909
0.062822
0.067174
0.062728
0.067287
0.063538
0.064985
0.059609
0.062777
0.060226
0.060883
0.068846
0.061674
0.068812
0.063035
0.065525
0.062431
0.067616
0.062363
0.064368
0.066441
0.063711
0.064051
0.06013
0.061916
0.066266
0.063902
0.068786
0.073001
0.060787
0.064878
0.064777
0.063155
0.059569
0.06024
0.059941
0.062762
0.062053
0.061511
0.061466
0.059279
0.064785
0.061161
0.062131
0.061377
0.062174
0.065564
0.05977
0.063843
0.062279
0.082631
0.070638
0.070044
0.07806
0.070087
0.066017
0.06377
0.060396
0.062949
0.070277
0.129437
0.076032
0.068745
0.063974
0.067302
0.06467
0.063264
0.06408
0.065
0.062896
0.063278
0.062436
0.063689
0.063005
0.063859
0.062334
0.062626
0.062502
0.062936
0.062807
0.065744
0.062657
0.064063
0.064669
0.062624
0.062165
0.065597
0.067817
0.067352
0.064744
0.065722
0.066522
0.063341
0.0648
0.064478
0.06875
0.072989
0.064186
0.065964
0.073494
0.064178
0.069982
0.066623
0.067631
0.06255
0.064303
0.064788
0.061863
0.06218
0.061941
0.063095
0.062324
0.063342
0.062914
0.060737
0.063107
0.064932
0.062716
0.067105
0.066594
0.063677
0.122606
0.069582
0.063007
0.063342
0.063405
0.066338
0.065309
0.073553
0.068142
0.065494
0.066035
0.0625
0.081691
0.067277
0.068623
0.073898
0.062968
0.061486
0.065104
0.066109
0.064295
0.063891
0.063393
0.062869
0.0618
0.065624
0.061253
0.062278
0.061444
0.063068
0.062448
0.064237
0.064171
0.062496
0.061533
0.059727
0.063276
0.06499
0.06459
0.06237
0.061555
0.063963
0.064455
0.062807
0.063246
0.062417
0.061044
0.062208
0.06348
0.061884
0.063824
0.062042
0.063633
0.061442
0.063622
0.060328
0.062257
0.062755
0.061716
0.062545
0.061325
0.062541
0.064383
0.061642
0.064532
0.066938
0.06593
0.105052
0.062051
0.063844
0.066004
0.069151
0.072249
0.066301
0.065671
0.074639
0.067275
0.066233
0.063326
0.065532
0.064271
0.064162
0.065331
0.06409
0.063881
0.063291
0.079716
0.064796
0.067689
0.065304
0.067978
0.066435
0.067987
0.063362
0.064518
0.062652
0.060851
0.083208
0.061695
0.066021
0.066322
0.062255
0.065671
0.063697
0.092208
0.06736
0.066793
0.06777
0.064698
0.05964
0.064193
0.06574
0.082261
0.064241
0.061624
0.067097
0.062283
0.095307
0.065923
0.064955
0.070582
0.063575
0.072767
0.061229
0.065093
0.074053
0.07219
0.066561
0.148383
0.064888
0.064831
0.064849
0.06416
0.06632
0.062335
0.063911
0.063985
0.066871
0.062404
0.062387
0.064672
0.062864
0.062951
0.064639
0.063811
0.064334
0.064673
0.063725
0.06843
0.062308
0.067009
0.064001
0.068356
0.063195
0.065545
0.065106
0.062315
0.067563
0.065859
0.063558
0.06278
0.06033
0.06601
0.066542
0.064823
0.063773
0.062975
0.063539
0.066581
0.062015
0.062872
0.06174
0.064118
0.063564
0.063623
0.064925
0.05992
0.066195
0.064466
0.067054
0.062687
0.065518
0.063006
0.062438
0.071221
0.06424
0.06389
0.063452
0.065055
0.065321
0.066774
0.065834
0.065936
0.067764
0.071671
0.066933
0.06733
0.067672
0.069033
0.065606
0.068116
0.06931
0.068072
0.070607
0.06721
0.06891
0.072484
0.068893
0.067585
0.064767
0.074579
0.065747
0.066749
0.073985
0.06553
0.066956
0.068606
0.065766
0.065841
0.066213
0.065497
0.063793
0.067405
0.067733
0.066147
0.063916
0.06737
0.065578
0.069134
0.067252
0.065846
0.065174
0.065697
0.064586
0.069032
0.065261
0.065398
0.064847
0.074498
0.065388
0.064156
0.068705
0.068107
0.06708
0.073776
0.0796
0.077481
0.07893
0.075089
0.072019
0.082675
0.066509
0.06533
0.067302
0.067903
0.066082
0.065138
0.064345
0.065369
0.067623
0.065488
0.063742
0.066393
0.066257
0.067724
0.068026
0.070625
0.066017
0.071003
0.067011
0.068334
0.066341
0.068317
0.068637
0.066178
0.067844
0.07305
0.069725
0.065992
0.066258
0.06613
0.065489
0.067437
0.068329
0.067898
0.066749
0.065783
0.066442
0.070984
0.069414
0.067216
0.067464
0.074265
0.065587
0.069277
0.066698
0.06632
0.065413
0.066016
0.062363
0.065557
0.069422
0.064829
0.065808
0.063853
0.065254
0.066617
0.066409
0.065443
0.064001
0.063505
0.062571
0.063006
0.065371
0.066022
0.065862
0.067127
0.064725
0.066499
0.066355
0.066045
0.064888
0.066473
0.063271
0.068319
0.070428
0.065338
0.067463
0.075499
0.067348
0.066669
0.069697
0.066751
0.067779
0.065938
0.065598
0.063965
0.06688
0.066504
0.066081
0.065198
0.068258
0.066965
0.066507
0.067076
0.06489
0.067987
0.065152
0.067394
0.066216
0.067464
0.066048
0.065927
0.069564
0.066128
0.066626
0.066194
0.067863
0.065814
0.066987
0.073235
0.068827
0.067126
0.063714
0.064706
0.065624
0.065782
0.064787
0.064674
0.065159
0.063565
0.065443
0.067038
0.06542
0.065269
0.064505
0.067584
0.067944
0.065466
0.068173
0.066436
0.066458
0.066605
0.065627
0.065973
0.066945
0.064851
0.066996
0.066481
0.066326
0.071504
0.065628
0.076978
0.066174
0.066208
0.065671
0.065211
0.069203
0.065965
0.067391
0.065494
0.066723
0.064957
0.068484
0.066025
0.068729
0.067695
0.066243
0.067846
0.066811
0.068394
0.066142
0.067887
0.068293
0.065201
0.066812
0.064126
0.066002
0.067082
0.066628
0.063969
0.066077
0.066195
0.066378
0.065435
0.07089
0.06357
0.073637
0.06727
0.068959
0.066099
0.070435
0.068516
0.0662
0.066789
0.066146
0.070167
0.066331
0.066985
0.066412
0.064155
0.066495
0.066596
0.067974
0.066309
0.067198
0.065175
0.066286
0.065369
0.066721
0.065778
0.067047
0.067157
0.066477
0.065844
0.064576
0.067004
0.071867
0.071113
0.067107
0.066718
0.065883
0.070239
0.068111
0.06674
0.065113
0.067509
0.065741
0.0695
0.068857
0.06877
0.064717
0.067881
0.066232
0.067974
0.06485
0.06751
0.067701
0.06494
0.067144
0.067996
0.066579
0.066215
0.071126
0.067031
0.06787
0.067785
0.067366
0.066666
0.066327
0.066219
0.065714
0.068054
0.065283
0.065964
0.066942
0.067282
0.069381
0.067764
0.067075
0.067301
0.066973
0.066696
0.066983
0.065735
0.06861
0.06687
0.065672
0.067599
0.064367
0.063569
0.066632
0.066461
0.06594
0.06623
0.06457
0.072521
0.066411
0.065338
0.065889
0.066305
0.063394
0.066826
0.065246
0.072683
0.068691
0.065895
0.076982
0.06703
0.067516
0.066192
0.064118
0.064872
0.066329
0.065913
0.066948
0.066155
0.062972
0.068318
0.068891
0.068438
0.066495
0.066065
0.065634
0.067147
0.067565
0.070921
0.070424
0.068124
0.066264
0.071277
0.067998
0.067161
0.067435
0.068337
0.06624
0.067524
0.06621
0.065395
0.065957
0.063482
0.066136
0.06518
0.065891
0.066337
0.06661
0.067395
0.065121
0.066035
0.067057
0.06639
0.067149
0.066665
0.066812
0.06641
0.065798
0.06634
0.067261
0.068765
0.067025
0.06852
0.066628
0.068468
0.066667
0.069199
0.067645
0.068162
0.066763
0.065743
0.06889
0.06662
0.066326
0.067468
0.066756
0.066047
0.068431
0.067488
0.066201
0.065676
0.076769
0.067655
0.062379
0.064118
0.066619
0.067769
0.063926
0.063874
0.064201
0.065048
0.06243
0.065523
0.061392
0.062395
0.062733
0.06213
0.060908
0.062436
0.062415
0.061756
0.062787
0.060445
0.063107
0.062114
0.063441
0.061156
0.063761
0.061092
0.060853
0.062548
0.061261
0.061238
0.062922
0.063624
0.062027
0.062874
0.062725
0.067243
0.070673
0.066797
0.063996
0.063372
0.065652
0.063723
0.06365
0.063421
0.066096
0.062581
0.062306
0.063852
0.061463
0.062709
0.063206
0.060633
0.064562
0.062123
0.062815
0.062759
0.061894
0.062159
0.06357
0.065612
0.061815
0.065282
0.062464
0.062156
0.059649
0.064761
0.066784
0.064744
0.067001
0.061976
0.061965
0.060099
0.060226
0.06643
0.062288
0.060411
0.062604
0.059489
0.062381
0.063238
0.063157
0.061741
0.061896
0.061194
0.061314
0.062044
0.063238
0.062608
0.061205
0.064043
0.065597
0.061628
0.061701
0.062747
0.061409
0.062916
0.063114
0.061271
0.062852
0.06178
0.061401
0.060962
0.059528
0.06157
0.063504
0.069465
0.07
0.060567
0.085809
0.064224
0.066171
0.062752
0.067316
0.062515
0.06461
0.066816
0.067584
0.062081
0.061124
0.063398
0.061352
0.06779
0.06498
0.06487
0.065294
0.067681
0.06253
0.065865
0.068485
0.063866
0.062577
0.069339
0.068938
0.066083
0.070295
0.064861
0.063811
0.067922
0.065254
0.064303
0.064944
0.067269
0.063271
0.065014
0.067158
0.062193
0.06403
0.063447
0.064427
0.064254
0.061508
0.064547
0.061483
0.064103
0.062751
0.061386
0.064891
0.063296
0.063231
0.063285
0.064014
0.064013
0.063459
0.062917
0.064062
0.065177
0.064886
0.062548
0.064692
0.062994
0.063143
0.063593
0.063603
0.063079
0.063655
0.063751
0.063648
0.064293
0.065189
0.06555
0.063636
0.062861
0.064166
0.060331
0.065612
0.064662
0.061074
0.064545
0.064919
0.065187
0.061487
0.065483
0.060563
0.064277
0.064031
0.063932
0.065389
0.063973
0.063105
0.062976
0.063855
0.063238
0.060992
0.064306
0.061896
0.064526
0.063973
0.063359
0.063091
0.062716
0.06233
0.061593
0.064512
0.072094
0.064801
0.063306
0.061928
0.063912
0.063709
0.061513
0.063668
0.065118
0.06546
0.064059
0.060804
0.061452
0.063594
0.063506
0.064089
0.061857
0.063667
0.06424
0.063208
0.061833
0.062726
0.064115
0.063493
0.064675
0.062978
0.065444
0.063767
0.064725
0.065875
0.063481
0.061323
0.063641
0.064384
0.063087
0.063934
