0.089373
0.082537
0.083501
0.082222
0.083404
0.084217
0.08329
0.084579
0.088614
0.083616
0.089937
0.092785
0.086641
0.08381
0.083235
0.083209
0.083346
0.084091
0.085161
0.084482
0.08031
0.08223
0.083401
0.08379
0.080575
0.082619
0.083412
0.082902
0.085377
0.08354
0.085131
0.084837
0.08458
0.083771
0.097654
0.082489
0.086885
0.083234
0.084891
0.083166
0.084993
0.091021
0.084036
0.085693
0.087759
0.087938
0.085939
0.089688
0.085644
0.085209
0.088039
0.08579
0.084314
0.085273
0.088583
0.091228
0.083877
0.094837
0.101891
0.098125
0.091173
0.085988
0.080152
0.083472
0.083476
0.085528
0.081268
0.084738
0.083574
0.083567
0.083831
0.083689
0.083307
0.086403
0.083741
0.083869
0.086409
0.085025
0.084669
0.083068
0.097919
0.085911
0.08984
0.127888
0.088567
0.096751
0.086909
0.087739
0.085419
0.086993
0.095668
0.091928
0.093033
0.087355
0.08918
0.087079
0.087216
0.085709
0.086513
0.084829
0.088591
0.084515
0.084098
0.084408
0.085028
0.084502
0.081769
0.084977
0.085423
0.085383
0.084066
0.083704
0.084947
0.085344
0.081605
0.087858
0.087833
0.091671
0.089449
0.087154
0.08466
0.088389
0.085236
0.087271
0.092554
0.11039
0.093286
0.086858
0.087625
0.093302
0.088385
0.085424
0.085966
0.09082
0.08434
0.084042
0.085889
0.084096
0.085445
0.083349
0.085316
0.085604
0.085351
0.084724
0.084512
0.084701
0.085576
0.087623
0.087261
0.085985
0.087208
0.089057
0.088318
0.08522
0.084194
0.086251
0.086044
0.087144
0.102212
0.08939
0.087525
0.087676
0.08348
0.115809
0.093127
0.089693
0.09297
0.08629
0.086234
0.089132
0.08779
0.083146
0.084924
0.084598
0.081964
0.084416
0.084225
0.084814
0.08198
0.083364
0.083779
0.080068
0.085132
0.086646
0.086342
0.084371
0.083693
0.083836
0.08436
0.08403
0.085341
0.084175
0.083757
0.086932
0.084034
0.084079
0.084127
0.088455
0.083165
0.083977
0.080513
0.083655
0.083929
0.08466
0.084252
0.086502
0.084996
0.084028
0.080261
0.085855
0.082975
0.083802
0.081317
0.084698
0.085167
0.085085
0.093094
0.086606
0.112719
0.08499
0.084674
0.086062
0.090289
0.09061
0.100634
0.086784
0.09557
0.087379
0.089955
0.084812
0.088984
0.086877
0.086681
0.087222
0.08501
0.084314
0.084414
0.098337
0.086019
0.087139
0.088493
0.090598
0.100562
0.088696
0.082765
0.085145
0.084875
0.08449
0.122424
0.085604
0.092118
0.083731
0.08371
0.086798
0.087506
0.086393
0.108083
0.081933
0.111533
0.087819
0.084878
0.083474
0.087969
0.091786
0.08303
0.085373
0.096496
0.142002
0.09288
0.087316
0.087545
0.091807
0.087741
0.103612
0.089182
0.085375
0.092977
0.087729
0.089653
0.09925
0.098552
0.086213
0.088652
0.085228
0.088334
0.090069
0.08702
0.084193
0.092007
0.082639
0.086302
0.086076
0.08609
0.08637
0.086903
0.085773
0.083398
0.084708
0.086574
0.095126
0.083345
0.087693
0.083468
0.08767
0.083056
0.094015
0.086085
0.090575
0.088902
0.085482
0.085917
0.086777
0.086559
0.103326
0.086812
0.083997
0.088684
0.084075
0.087621
0.090758
0.084499
0.081826
0.08608
0.082045
0.085052
0.082169
0.083077
0.084029
0.089983
0.080668
0.084467
0.087059
0.088319
0.086458
0.088577
0.085525
0.081324
0.084894
0.08467
0.084454
0.092611
0.087235
0.096818
0.08637
0.089839
0.091519
0.089891
0.090993
0.08964
0.089124
0.087254
0.092328
0.0937
0.093175
0.088557
0.088873
0.090354
0.103811
0.08982
0.106911
0.099161
0.090525
0.091526
0.09027
0.098383
0.091426
0.090047
0.092887
0.088096
0.088843
0.090376
0.088143
0.089053
0.089288
0.089442
0.088143
0.08864
0.089279
0.089748
0.09112
0.08892
0.088916
0.091837
0.087072
0.087882
0.091123
0.088451
0.089913
0.089362
0.104423
0.087569
0.089602
0.092781
0.089821
0.091504
0.092629
0.102312
0.106207
0.102864
0.133268
0.109163
0.105461
0.09027
0.088778
0.087864
0.09082
0.087859
0.089796
0.089571
0.089308
0.08576
0.089019
0.085604
0.090318
0.087639
0.089781
0.09708
0.094047
0.088705
0.093396
0.091518
0.094469
0.0961
0.093009
0.089686
0.093392
0.09067
0.088541
0.090934
0.091974
0.091655
0.091889
0.089337
0.092308
0.088073
0.088861
0.090185
0.090087
0.091191
0.090518
0.091624
0.092981
0.088787
0.092112
0.087468
0.090477
0.087302
0.090616
0.088154
0.090158
0.092435
0.085513
0.094019
0.08867
0.090008
0.085652
0.089444
0.087531
0.088106
0.085581
0.088842
0.086568
0.08796
0.088737
0.089386
0.088458
0.087723
0.091014
0.088372
0.088834
0.088142
0.087295
0.088711
0.086882
0.088417
0.091861
0.100401
0.093332
0.091066
0.100174
0.096097
0.087158
0.089978
0.089563
0.08839
0.089104
0.088393
0.08858
0.087594
0.085323
0.089584
0.087934
0.090861
0.087864
0.08792
0.085126
0.088356
0.089843
0.08805
0.089826
0.087895
0.088514
0.089596
0.087648
0.088934
0.089529
0.089272
0.088908
0.089737
0.089437
0.089566
0.092543
0.089618
0.086902
0.089028
0.0886
0.088443
0.087775
0.087703
0.088963
0.087811
0.087289
0.088852
0.08806
0.089365
0.08711
0.088323
0.091419
0.091714
0.088371
0.089757
0.088452
0.090372
0.0898
0.095371
0.089364
0.090108
0.088
0.091114
0.088946
0.089865
0.088109
0.087583
0.098968
0.089678
0.089348
0.087509
0.087858
0.08978
0.088811
0.090779
0.089711
0.089193
0.08932
0.091277
0.088871
0.09214
0.091829
0.090643
0.091735
0.08884
0.089289
0.089296
0.092322
0.089931
0.089406
0.085317
0.087651
0.085863
0.089523
0.089743
0.089073
0.088955
0.088588
0.088967
0.088295
0.091848
0.090997
0.090904
0.08875
0.091881
0.089774
0.093219
0.090161
0.088656
0.089155
0.091905
0.094156
0.093159
0.08778
0.088965
0.090631
0.090837
0.090909
0.087614
0.091211
0.090012
0.089224
0.090248
0.088756
0.088755
0.091774
0.088487
0.090009
0.09107
0.089339
0.091057
0.089833
0.088557
0.091621
0.089462
0.088922
0.090536
0.090812
0.088327
0.087338
0.088414
0.091748
0.089226
0.095613
0.089027
0.089938
0.089379
0.090436
0.092618
0.090931
0.088873
0.08732
0.095205
0.089716
0.088897
0.087837
0.090292
0.088381
0.089068
0.090708
0.091077
0.090104
0.089661
0.090014
0.087423
0.088411
0.090324
0.090245
0.089903
0.089544
0.088849
0.088135
0.092883
0.091025
0.088147
0.08978
0.088891
0.090937
0.090168
0.088556
0.090499
0.090079
0.091653
0.090575
0.089424
0.089904
0.089255
0.090672
0.089836
0.087089
0.088061
0.090931
0.089569
0.086891
0.086981
0.088151
0.0889
0.091362
0.088632
0.096728
0.094516
0.088738
0.096187
0.087163
0.089742
0.089024
0.088903
0.08869
0.088327
0.088263
0.089059
0.088662
0.090044
0.09324
0.091126
0.089406
0.089158
0.087877
0.087989
0.088653
0.09195
0.090767
0.097127
0.089935
0.089157
0.09289
0.091249
0.09182
0.094537
0.09147
0.089519
0.090387
0.090141
0.086786
0.08931
0.089404
0.089757
0.089242
0.090163
0.08971
0.091876
0.088739
0.088496
0.087431
0.088969
0.089912
0.088726
0.088982
0.088921
0.087729
0.089158
0.088893
0.087619
0.08997
0.089685
0.091
0.088438
0.089871
0.092448
0.095503
0.091121
0.091413
0.088274
0.088908
0.089484
0.087649
0.091551
0.090325
0.089935
0.088205
0.090166
0.087664
0.089456
0.090356
0.102784
0.091802
0.084456
0.086183
0.089378
0.087273
0.083769
0.085748
0.08489
0.088484
0.085416
0.092697
0.086548
0.084569
0.08442
0.084049
0.083595
0.081246
0.084572
0.084996
0.087007
0.085307
0.083212
0.082584
0.084862
0.084105
0.082504
0.083911
0.083526
0.084588
0.083666
0.086705
0.083851
0.083802
0.08386
0.087323
0.103436
0.081145
0.085168
0.083612
0.085055
0.090567
0.08347
0.085295
0.083888
0.085006
0.083343
0.083951
0.086361
0.08736
0.084163
0.082394
0.084258
0.081794
0.085125
0.085398
0.083187
0.080355
0.090913
0.085848
0.095123
0.086708
0.083582
0.083285
0.081634
0.081189
0.084219
0.085231
0.090981
0.089535
0.089122
0.083421
0.082824
0.083668
0.082053
0.083116
0.082574
0.082961
0.084013
0.084309
0.080623
0.0834
0.083717
0.084365
0.083659
0.083416
0.082556
0.083191
0.083773
0.083482
0.083235
0.085779
0.087614
0.084069
0.083767
0.082552
0.084411
0.083037
0.083918
0.082976
0.084331
0.08307
0.08334
0.083552
0.084356
0.083299
0.083035
0.090343
0.085353
0.089492
0.090317
0.081678
0.089896
0.095765
0.087224
0.083103
0.092376
0.089882
0.08864
0.084151
0.085637
0.086791
0.083829
0.084537
0.086832
0.085813
0.086096
0.086882
0.093925
0.087998
0.089078
0.083297
0.082922
0.135615
0.09072
0.093493
0.091389
0.089582
0.086548
0.087931
0.087771
0.086755
0.091025
0.085097
0.088138
0.085796
0.08718
0.085784
0.086508
0.086098
0.08501
0.08459
0.085739
0.086351
0.085402
0.086729
0.085357
0.085016
0.085701
0.089627
0.085958
0.085134
0.08217
0.085669
0.086598
0.084068
0.085001
0.086127
0.086578
0.082466
0.08763
0.08436
0.086204
0.085438
0.088603
0.084573
0.084907
0.08457
0.086108
0.084003
0.085244
0.086172
0.084067
0.08626
0.085989
0.084835
0.088968
0.087503
0.085451
0.085795
0.085575
0.086879
0.086258
0.087644
0.082423
0.087985
0.085698
0.085906
0.085078
0.084351
0.085128
0.083064
0.088123
0.085397
0.086823
0.086579
0.083601
0.08658
0.084849
0.085469
0.086667
0.086521
0.08557
0.086075
0.08628
0.089778
0.08665
0.086016
0.087356
0.08541
0.086025
0.086957
0.087447
0.085945
0.085799
0.085477
0.085149
0.086336
0.086298
0.085157
0.083811
0.084634
0.085588
0.085608
0.085586
0.081727
0.085088
0.087179
0.086018
0.085945
0.087102
0.097703
0.085631
0.083221
0.089064
0.086262
0.08503
0.086294
0.085892
0.086462
0.085633
