0.085414
0.083113
0.084203
0.082751
0.089861
0.083153
0.083466
0.08261
0.088315
0.088178
0.08242
0.092906
0.083146
0.083491
0.082792
0.084077
0.086753
0.085182
0.087255
0.083033
0.084092
0.080327
0.083257
0.083653
0.082966
0.083377
0.084052
0.082069
0.08376
0.082893
0.083071
0.084053
0.082889
0.080935
0.08505
0.082961
0.084702
0.083373
0.082428
0.083278
0.080978
0.093971
0.082137
0.086551
0.095181
0.086715
0.084584
0.08747
0.086264
0.081967
0.085154
0.085012
0.088037
0.084818
0.089402
0.086979
0.087601
0.100034
0.098527
0.096586
0.098567
0.084289
0.083715
0.08245
0.080371
0.084183
0.085572
0.085271
0.082805
0.083355
0.084183
0.086738
0.082553
0.080257
0.08191
0.080775
0.08619
0.085393
0.084377
0.08411
0.090852
0.09118
0.088968
0.088765
0.095141
0.090146
0.086204
0.086478
0.08479
0.083743
0.101308
0.090869
0.087591
0.086471
0.087737
0.086909
0.087225
0.083951
0.088907
0.083834
0.085735
0.084269
0.084396
0.086305
0.086076
0.085108
0.082799
0.085863
0.083279
0.087329
0.081381
0.084566
0.08448
0.08357
0.084153
0.085165
0.08788
0.088404
0.087287
0.08178
0.087824
0.088031
0.087196
0.085851
0.086271
0.091253
0.122443
0.086947
0.085341
0.118748
0.088707
0.084121
0.085734
0.090415
0.0837
0.083394
0.085765
0.084452
0.084874
0.086607
0.085216
0.082699
0.08375
0.081998
0.083844
0.083564
0.085093
0.089426
0.087626
0.08527
0.089746
0.093588
0.092526
0.086642
0.087483
0.084573
0.085233
0.089094
0.101835
0.092843
0.090093
0.090492
0.085688
0.115014
0.090732
0.091133
0.092381
0.088965
0.088716
0.093098
0.087347
0.083657
0.083389
0.08428
0.086567
0.084161
0.084577
0.084391
0.083645
0.084884
0.088992
0.083444
0.084119
0.084485
0.083311
0.086986
0.083314
0.080596
0.083963
0.083273
0.083513
0.083411
0.087466
0.087636
0.081585
0.084096
0.08711
0.088201
0.084631
0.083749
0.083767
0.085711
0.082692
0.083043
0.083488
0.082596
0.084295
0.083767
0.083896
0.085726
0.083547
0.082795
0.08281
0.084202
0.082806
0.085597
0.090825
0.086281
0.100007
0.084431
0.085569
0.086243
0.092647
0.087766
0.093262
0.091833
0.108678
0.088968
0.088678
0.087007
0.08616
0.087792
0.086592
0.085418
0.085234
0.086918
0.086137
0.12322
0.085433
0.085342
0.087149
0.088686
0.11579
0.091673
0.084304
0.084869
0.084924
0.084673
0.090162
0.086903
0.085332
0.089494
0.083468
0.087166
0.088828
0.084099
0.087464
0.084549
0.09429
0.086564
0.085801
0.087704
0.083599
0.090722
0.088486
0.085419
0.091134
0.096588
0.088015
0.08768
0.085026
0.087744
0.08833
0.089216
0.086897
0.08714
0.090385
0.089994
0.093304
0.101986
0.082925
0.086116
0.086239
0.0833
0.085351
0.087966
0.087881
0.081871
0.095298
0.079957
0.086663
0.087329
0.087526
0.085693
0.0875
0.086238
0.084716
0.085275
0.086626
0.088134
0.082495
0.084361
0.085995
0.086337
0.08145
0.090537
0.084927
0.088112
0.089931
0.084581
0.085228
0.081184
0.086356
0.085624
0.118952
0.081144
0.086942
0.087604
0.085187
0.088288
0.085056
0.090779
0.085136
0.083519
0.085637
0.083691
0.083587
0.084279
0.086569
0.082024
0.085596
0.085602
0.098028
0.083685
0.084225
0.085476
0.080963
0.082332
0.087027
0.08544
0.088224
0.085771
0.099066
0.08836
0.089949
0.08923
0.08992
0.090503
0.090219
0.09436
0.088729
0.100088
0.096899
0.089491
0.089107
0.088271
0.088418
0.095595
0.089803
0.096097
0.093474
0.091505
0.089831
0.089978
0.092613
0.091744
0.08957
0.089351
0.09132
0.088533
0.090141
0.088526
0.088501
0.089206
0.090383
0.087876
0.087195
0.089241
0.086848
0.090537
0.090314
0.088215
0.089346
0.088147
0.090069
0.09023
0.085397
0.093958
0.088936
0.098739
0.088733
0.089339
0.096376
0.089124
0.092302
0.086971
0.102144
0.102563
0.102632
0.108962
0.10357
0.109364
0.089781
0.090009
0.08796
0.09148
0.087953
0.089765
0.089172
0.08737
0.085016
0.088632
0.08728
0.090403
0.089874
0.090513
0.095868
0.095033
0.088849
0.096049
0.090146
0.09152
0.089082
0.089429
0.088987
0.090748
0.090994
0.094791
0.090988
0.089547
0.088957
0.093375
0.089225
0.088465
0.089164
0.090657
0.089778
0.088952
0.095299
0.090087
0.09142
0.091163
0.090234
0.092152
0.089328
0.090092
0.08795
0.089514
0.08866
0.08939
0.088391
0.088716
0.090544
0.08916
0.088817
0.087347
0.089019
0.089481
0.089635
0.089504
0.086583
0.087687
0.088809
0.088774
0.087345
0.088867
0.088551
0.090423
0.088685
0.088516
0.089897
0.087974
0.088468
0.085885
0.086926
0.091668
0.092652
0.092157
0.088662
0.090731
0.091398
0.087512
0.091464
0.090566
0.094932
0.088527
0.087809
0.089229
0.089045
0.08787
0.088602
0.088505
0.090623
0.088523
0.088479
0.091495
0.088319
0.089269
0.089294
0.088271
0.090179
0.091737
0.087103
0.086812
0.089573
0.092471
0.087995
0.088769
0.089188
0.089371
0.088746
0.089651
0.089601
0.087918
0.087882
0.087606
0.089018
0.086407
0.087922
0.090534
0.089005
0.088892
0.088326
0.087747
0.087172
0.088554
0.085689
0.08843
0.093164
0.090371
0.093385
0.088637
0.089297
0.089258
0.088257
0.090733
0.089677
0.089152
0.090289
0.088736
0.089365
0.090525
0.089921
0.096741
0.090552
0.088708
0.090589
0.088433
0.088705
0.087762
0.091406
0.089766
0.090297
0.089653
0.091701
0.093881
0.090676
0.091085
0.089589
0.092679
0.091619
0.089679
0.091087
0.091026
0.091394
0.090524
0.092153
0.0885
0.089892
0.089163
0.087263
0.088737
0.085202
0.088725
0.089955
0.089811
0.089104
0.089427
0.091221
0.090192
0.09028
0.090363
0.089738
0.105115
0.090086
0.095947
0.089323
0.092145
0.090996
0.087755
0.093391
0.088011
0.09056
0.090226
0.087034
0.090773
0.09561
0.088312
0.088337
0.089742
0.08993
0.091966
0.088378
0.089264
0.091132
0.088859
0.090828
0.089571
0.089932
0.087289
0.089709
0.090815
0.092097
0.08914
0.089786
0.090981
0.089498
0.090614
0.086017
0.090549
0.092776
0.090695
0.089602
0.090198
0.089992
0.091156
0.089409
0.090457
0.093443
0.090815
0.093165
0.091295
0.09015
0.088768
0.088589
0.092228
0.090043
0.089438
0.089076
0.08968
0.090693
0.088346
0.090198
0.090361
0.089554
0.089571
0.087906
0.087818
0.091786
0.093003
0.089586
0.089373
0.09374
0.090255
0.089298
0.091205
0.089528
0.090636
0.09062
0.089784
0.090447
0.089154
0.0908
0.092038
0.088401
0.090435
0.090145
0.091366
0.08996
0.089617
0.087642
0.089972
0.091405
0.090391
0.090481
0.097424
0.090966
0.089994
0.092577
0.086883
0.094019
0.089105
0.088475
0.087873
0.090286
0.090634
0.089902
0.089692
0.090431
0.093526
0.09657
0.089842
0.088768
0.088994
0.087618
0.089454
0.090051
0.089748
0.101737
0.089704
0.089331
0.092104
0.090389
0.092143
0.092862
0.089867
0.089237
0.089493
0.090713
0.087847
0.087374
0.089747
0.089018
0.089131
0.089402
0.091719
0.090517
0.087627
0.088547
0.088837
0.087144
0.089394
0.086996
0.08804
0.088755
0.087315
0.089045
0.087544
0.088997
0.089823
0.089591
0.089867
0.090048
0.097913
0.090624
0.092216
0.091549
0.090779
0.090489
0.08951
0.09081
0.09067
0.090217
0.089568
0.089233
0.085649
0.087365
0.08859
0.08724
0.090338
0.101751
0.090109
0.087809
0.086999
0.089543
0.090578
0.087084
0.084501
0.08366
0.087566
0.085403
0.089083
0.085931
0.08613
0.084341
0.084277
0.084337
0.083417
0.084655
0.083838
0.08261
0.083126
0.083325
0.083836
0.08443
0.083267
0.083962
0.083808
0.084787
0.084306
0.084452
0.083159
0.082717
0.08426
0.084063
0.080708
0.083676
0.08304
0.083746
0.083381
0.086975
0.083319
0.081364
0.083841
0.085771
0.087389
0.087291
0.081461
0.082018
0.086004
0.083662
0.083703
0.083968
0.084966
0.084419
0.083459
0.088381
0.081957
0.084911
0.085898
0.087132
0.082673
0.084118
0.091591
0.085637
0.084956
0.084016
0.085391
0.084272
0.091956
0.08609
0.08407
0.083333
0.084302
0.081048
0.083086
0.083382
0.082292
0.083849
0.080756
0.080074
0.083596
0.08327
0.084661
0.082547
0.085051
0.079729
0.084122
0.082905
0.084139
0.080519
0.082224
0.08432
0.081384
0.084283
0.083473
0.084706
0.082732
0.083354
0.082137
0.08348
0.082744
0.083357
0.082701
0.081773
0.083716
0.084392
0.087818
0.085282
0.08957
0.087151
0.085719
0.088066
0.09205
0.091676
0.083342
0.091357
0.088943
0.093227
0.087771
0.083831
0.085443
0.084476
0.083883
0.086607
0.082554
0.100611
0.085981
0.082935
0.100542
0.093199
0.085667
0.08353
0.113819
0.092898
0.090662
0.0914
0.093423
0.086758
0.090044
0.08609
0.087599
0.092785
0.088179
0.088427
0.086134
0.085535
0.086067
0.084718
0.086391
0.089111
0.084701
0.087486
0.085867
0.086549
0.085943
0.083237
0.085673
0.085587
0.085303
0.082859
0.084512
0.081734
0.085375
0.08498
0.084833
0.086931
0.084443
0.085677
0.085652
0.086124
0.085864
0.086255
0.084895
0.085185
0.085224
0.084404
0.086046
0.091173
0.085263
0.081343
0.085551
0.086589
0.08571
0.085552
0.092953
0.09195
0.086772
0.085544
0.086893
0.081026
0.086348
0.085914
0.082493
0.085427
0.08845
0.08209
0.086238
0.085638
0.084264
0.084343
0.086473
0.08557
0.085877
0.086148
0.086217
0.08515
0.085751
0.085435
0.085198
0.08573
0.087437
0.083491
0.085687
0.089583
0.088696
0.087421
0.089919
0.087156
0.085727
0.087246
0.081369
0.0861
0.085634
0.086027
0.086233
0.082065
0.085636
0.085407
0.081936
0.083998
0.086759
0.081668
0.08619
0.086043
0.084325
0.084488
0.09016
0.086851
0.085939
0.084792
0.094056
0.085446
0.083342
0.090005
0.085536
0.08756
0.087636
0.082433
0.086347
0.08762
