0.080864
0.084162
0.088477
0.082911
0.083731
0.08065
0.080628
0.083267
0.087827
0.121603
0.08217
0.096451
0.083829
0.081957
0.083611
0.083718
0.086118
0.084134
0.087941
0.08026
0.082945
0.083225
0.081173
0.080652
0.085101
0.083122
0.084435
0.083172
0.082951
0.082055
0.083379
0.084131
0.084031
0.083892
0.08486
0.08449
0.091812
0.080174
0.08382
0.082083
0.079605
0.089956
0.084087
0.093752
0.090259
0.086514
0.084064
0.089567
0.086306
0.086395
0.085567
0.085863
0.084213
0.089027
0.089455
0.088584
0.085068
0.101721
0.101228
0.086627
0.094096
0.08417
0.081758
0.084195
0.083109
0.083515
0.083069
0.080224
0.085642
0.082371
0.083757
0.083566
0.082845
0.080677
0.084129
0.085744
0.088203
0.089682
0.084772
0.086986
0.091033
0.088401
0.093525
0.088375
0.101173
0.097025
0.08289
0.085517
0.086056
0.087997
0.097368
0.088349
0.089136
0.085868
0.086819
0.087996
0.084963
0.084046
0.089072
0.084312
0.084216
0.084975
0.084667
0.084833
0.085082
0.08424
0.081729
0.085907
0.085146
0.081583
0.083549
0.085107
0.084049
0.082974
0.086265
0.08348
0.086517
0.088499
0.086316
0.084435
0.088254
0.087635
0.08835
0.086854
0.085146
0.097135
0.103838
0.086873
0.085029
0.093089
0.086458
0.084957
0.084981
0.089822
0.083755
0.083597
0.085156
0.083693
0.085421
0.084771
0.083401
0.084335
0.083075
0.089084
0.084013
0.083651
0.084375
0.087866
0.085357
0.083617
0.090142
0.09352
0.106871
0.087169
0.089122
0.114396
0.085853
0.091576
0.102426
0.087491
0.09544
0.097597
0.085821
0.110789
0.089231
0.092571
0.089045
0.089133
0.137939
0.090131
0.08806
0.083624
0.083648
0.081038
0.084787
0.084021
0.08752
0.084781
0.085454
0.085146
0.082586
0.082807
0.084496
0.083485
0.08372
0.084635
0.08424
0.085224
0.086134
0.085903
0.083839
0.084091
0.087257
0.088356
0.084079
0.083697
0.084389
0.088045
0.085011
0.083868
0.084015
0.084942
0.084148
0.083802
0.083718
0.080209
0.084461
0.08628
0.080727
0.0867
0.086658
0.083308
0.083752
0.083817
0.084113
0.08763
0.08668
0.087
0.088242
0.086533
0.084043
0.084373
0.091075
0.089213
0.091464
0.104357
0.108289
0.09112
0.087656
0.086656
0.086536
0.086234
0.090761
0.084991
0.083456
0.086812
0.089065
0.104676
0.085868
0.084956
0.08653
0.085555
0.102478
0.08794
0.085546
0.081244
0.084319
0.08379
0.084324
0.087458
0.086092
0.089578
0.084002
0.103155
0.091886
0.104689
0.091009
0.087086
0.101649
0.0861
0.08906
0.086998
0.086312
0.089867
0.08325
0.084671
0.08644
0.097013
0.090145
0.09194
0.085639
0.086435
0.087356
0.088544
0.083658
0.084985
0.092483
0.091761
0.087803
0.092659
0.086489
0.087339
0.081342
0.08477
0.086427
0.086984
0.087484
0.090402
0.09066
0.08335
0.087588
0.085959
0.089145
0.085621
0.089497
0.082446
0.083256
0.085248
0.085833
0.085289
0.084654
0.088352
0.085759
0.085957
0.084177
0.086831
0.086199
0.081968
0.086162
0.086364
0.085351
0.083265
0.085643
0.085279
0.088909
0.085872
0.10497
0.091754
0.083594
0.087933
0.084801
0.089106
0.08337
0.085542
0.084159
0.086061
0.08304
0.090894
0.08402
0.083542
0.083899
0.082186
0.087519
0.084698
0.084445
0.100378
0.083712
0.084481
0.086796
0.086828
0.087052
0.083
0.102593
0.0932
0.090142
0.094015
0.090908
0.096543
0.091236
0.088685
0.088084
0.091314
0.103254
0.089229
0.092924
0.089094
0.097608
0.097205
0.089809
0.093104
0.094271
0.087125
0.090081
0.087261
0.090955
0.091418
0.090403
0.0943
0.087722
0.093306
0.089007
0.089175
0.088609
0.091852
0.088159
0.086488
0.085546
0.088083
0.089584
0.087757
0.089488
0.087761
0.089429
0.09006
0.089439
0.090071
0.088494
0.089101
0.088154
0.098151
0.087261
0.0874
0.100473
0.090714
0.090842
0.088315
0.116275
0.100781
0.104124
0.113688
0.108161
0.104638
0.090261
0.090177
0.089676
0.089545
0.090714
0.09
0.089345
0.088269
0.08731
0.08857
0.088275
0.091218
0.089136
0.097031
0.091186
0.09175
0.090169
0.09664
0.088563
0.092418
0.089442
0.092533
0.090196
0.092936
0.091089
0.090434
0.090839
0.088791
0.090776
0.09147
0.088374
0.089152
0.090185
0.086124
0.094143
0.092036
0.091555
0.090193
0.094637
0.097648
0.090154
0.087445
0.088923
0.090004
0.089502
0.087667
0.088373
0.089523
0.088571
0.088688
0.091755
0.088193
0.089083
0.088762
0.087647
0.089042
0.091524
0.088652
0.089421
0.091037
0.088068
0.089324
0.086298
0.08868
0.086975
0.097217
0.088249
0.089071
0.088063
0.088628
0.088635
0.088003
0.08829
0.092383
0.09594
0.09602
0.090802
0.092905
0.090799
0.089533
0.088408
0.088369
0.088037
0.08717
0.087976
0.090885
0.087502
0.086924
0.091829
0.090616
0.092206
0.089018
0.0889
0.087793
0.088906
0.090658
0.090301
0.089182
0.090309
0.089277
0.090781
0.08578
0.094979
0.094164
0.088463
0.089364
0.088663
0.089245
0.087568
0.089987
0.092759
0.088509
0.087677
0.086581
0.090204
0.085697
0.088066
0.089875
0.086488
0.088952
0.090257
0.086407
0.091832
0.087812
0.089693
0.08955
0.089301
0.089951
0.088956
0.088394
0.089593
0.087519
0.086044
0.089667
0.088215
0.087491
0.093319
0.08928
0.08889
0.088214
0.087887
0.096035
0.088547
0.088026
0.089126
0.0891
0.087667
0.08812
0.091721
0.08878
0.087489
0.089602
0.090636
0.090207
0.090216
0.090552
0.091029
0.097993
0.087403
0.092017
0.090596
0.091083
0.089688
0.08988
0.089712
0.087845
0.087455
0.086057
0.090303
0.088596
0.091774
0.088711
0.091288
0.089105
0.086662
0.100819
0.093869
0.089541
0.089935
0.093045
0.087485
0.089537
0.090399
0.089316
0.08896
0.09326
0.091374
0.08775
0.091796
0.089377
0.092672
0.090338
0.088631
0.089838
0.090915
0.090017
0.085789
0.089135
0.089035
0.090989
0.089226
0.0875
0.089701
0.089137
0.094615
0.08881
0.088916
0.090269
0.089811
0.091021
0.090351
0.091893
0.092177
0.090041
0.089382
0.088785
0.088638
0.091958
0.091626
0.090023
0.088673
0.088516
0.089648
0.090057
0.091743
0.089852
0.091389
0.089048
0.09051
0.090084
0.087159
0.091446
0.089355
0.088206
0.089905
0.090347
0.093877
0.089532
0.090773
0.089803
0.089828
0.088824
0.089764
0.090689
0.090079
0.090068
0.091529
0.08911
0.089762
0.089226
0.088015
0.089685
0.086229
0.091053
0.088512
0.088495
0.093616
0.090465
0.088805
0.088051
0.090031
0.091439
0.088249
0.090196
0.090682
0.099831
0.089046
0.087935
0.08969
0.089297
0.089886
0.0903
0.088961
0.097913
0.092
0.089351
0.093371
0.086311
0.092135
0.125946
0.089038
0.08771
0.089335
0.090102
0.088774
0.087787
0.086939
0.092983
0.100089
0.08966
0.08882
0.087997
0.088855
0.090489
0.095679
0.091091
0.094266
0.091515
0.091666
0.089255
0.091258
0.095014
0.092648
0.090135
0.089181
0.091417
0.089931
0.090152
0.089402
0.089827
0.087369
0.087762
0.092036
0.0882
0.09208
0.08876
0.088006
0.088042
0.088963
0.088847
0.09026
0.089621
0.088985
0.08857
0.088915
0.089009
0.08837
0.089791
0.093944
0.091465
0.090674
0.098348
0.093102
0.091725
0.089581
0.089545
0.089702
0.089252
0.086854
0.092436
0.08909
0.09181
0.090101
0.087729
0.090118
0.087402
0.089071
0.091161
0.128921
0.08547
0.085009
0.085921
0.087048
0.089322
0.08543
0.095715
0.085141
0.088029
0.083583
0.085529
0.085107
0.083904
0.086019
0.086089
0.081746
0.080032
0.083734
0.080551
0.086495
0.082165
0.085963
0.085474
0.083887
0.083412
0.084149
0.084642
0.084889
0.086424
0.084668
0.082425
0.082465
0.081062
0.082332
0.083571
0.083229
0.090039
0.085226
0.086785
0.08443
0.083207
0.084643
0.084214
0.093436
0.083851
0.086016
0.086212
0.085094
0.085712
0.083843
0.085215
0.084151
0.08321
0.082564
0.083983
0.084897
0.085531
0.087108
0.088466
0.085924
0.086179
0.092682
0.092748
0.083176
0.085413
0.084271
0.0851
0.092463
0.091685
0.083989
0.079803
0.082137
0.082626
0.084888
0.08368
0.082298
0.081653
0.083542
0.084089
0.081447
0.081041
0.083699
0.08051
0.084532
0.082085
0.081928
0.079771
0.080931
0.082043
0.080749
0.079671
0.083159
0.081751
0.082842
0.080954
0.082127
0.089365
0.083287
0.081851
0.088769
0.083244
0.082938
0.084652
0.084503
0.080858
0.084416
0.086802
0.086145
0.089962
0.089751
0.101783
0.092039
0.10295
0.082319
0.088773
0.08974
0.089601
0.09107
0.088749
0.083076
0.090263
0.0907
0.096494
0.087197
0.080775
0.088078
0.085474
0.083874
0.089053
0.091093
0.088776
0.085385
0.124924
0.093753
0.094611
0.092285
0.089953
0.083435
0.087976
0.085887
0.087057
0.109569
0.08728
0.08903
0.083538
0.085744
0.083972
0.082832
0.084624
0.082391
0.085877
0.090657
0.085492
0.087578
0.085254
0.084098
0.083398
0.082671
0.08515
0.087593
0.084549
0.08297
0.086183
0.085894
0.082628
0.085692
0.082563
0.08162
0.083849
0.085837
0.083981
0.086397
0.08572
0.087133
0.085055
0.086323
0.085396
0.086478
0.082185
0.08149
0.085733
0.083562
0.085089
0.08464
0.087448
0.089024
0.087471
0.085518
0.081396
0.084528
0.082726
0.08598
0.086023
0.083449
0.087011
0.083191
0.090532
0.085642
0.084831
0.083156
0.085333
0.084112
0.086155
0.085872
0.0863
0.091403
0.085872
0.086077
0.085451
0.085628
0.085837
0.08567
0.084746
0.083188
0.086032
0.086859
0.084131
0.083686
0.086078
0.087157
0.085679
0.085644
0.086682
0.08521
0.086762
0.086128
0.083262
0.084158
0.08274
0.087773
0.083366
0.083063
0.085084
0.085749
0.085502
0.085284
0.08622
0.084548
0.084708
0.085384
0.092153
0.085432
0.08516
0.087525
0.086133
0.086906
0.085636
0.086269
0.086717
0.08237
