0.107915
0.106691
0.104677
0.104991
0.105011
0.105646
0.106179
0.10402
0.113349
0.129809
0.106303
0.114585
0.10885
0.107073
0.107486
0.106184
0.11363
0.111848
0.109542
0.106156
0.107901
0.106335
0.107203
0.108781
0.105927
0.105054
0.107417
0.106069
0.108301
0.107218
0.105335
0.108751
0.107926
0.10596
0.112096
0.106418
0.108191
0.103599
0.104611
0.103199
0.105079
0.11559
0.107123
0.115322
0.123912
0.109853
0.105822
0.11438
0.104774
0.10719
0.10616
0.109144
0.105906
0.109532
0.112391
0.111146
0.106971
0.125746
0.122266
0.1076
0.112254
0.109915
0.10694
0.107413
0.103069
0.104754
0.104134
0.104774
0.100347
0.104205
0.106481
0.104161
0.105971
0.106307
0.105098
0.10489
0.109123
0.108049
0.110177
0.108205
0.114716
0.113338
0.112602
0.112722
0.161285
0.110401
0.117415
0.104577
0.108641
0.111827
0.171559
0.108523
0.108671
0.1058
0.114282
0.108355
0.105788
0.106651
0.109821
0.105459
0.105602
0.105881
0.105757
0.106104
0.105385
0.105769
0.108343
0.10679
0.104067
0.106394
0.106193
0.106355
0.107093
0.1079
0.106772
0.104579
0.107608
0.106813
0.107934
0.10889
0.111119
0.109589
0.109858
0.109532
0.109079
0.119889
0.128076
0.110371
0.113479
0.120113
0.107656
0.105757
0.11028
0.110416
0.105434
0.102576
0.105526
0.104675
0.107299
0.101301
0.104667
0.105889
0.105554
0.108332
0.104413
0.105553
0.105715
0.111444
0.107286
0.111433
0.110353
0.118947
0.107006
0.107236
0.117597
0.155939
0.108078
0.117668
0.133762
0.108987
0.120944
0.131934
0.109606
0.133488
0.108861
0.110052
0.114574
0.110136
0.138115
0.11214
0.110245
0.102599
0.103772
0.1048
0.104453
0.105563
0.104922
0.104136
0.107936
0.104666
0.106449
0.101787
0.105683
0.104556
0.106429
0.105433
0.104858
0.10788
0.105448
0.110652
0.104058
0.105258
0.1092
0.109003
0.104319
0.10508
0.105009
0.106626
0.105524
0.10109
0.106918
0.106111
0.106108
0.105765
0.104561
0.102295
0.105824
0.104031
0.106011
0.105897
0.104944
0.105756
0.104438
0.105942
0.10607
0.110146
0.10885
0.107374
0.105875
0.110584
0.1054
0.111575
0.119912
0.116342
0.114785
0.194466
0.169445
0.111996
0.109315
0.103785
0.121852
0.107793
0.107341
0.104712
0.114729
0.106609
0.109813
0.171092
0.107633
0.108432
0.107244
0.110076
0.132479
0.107898
0.106688
0.105109
0.10697
0.106908
0.104786
0.109463
0.108295
0.105426
0.109334
0.112664
0.11275
0.12459
0.105568
0.107042
0.128862
0.106155
0.110241
0.111151
0.141297
0.115052
0.106932
0.110076
0.134576
0.120938
0.131066
0.111816
0.106005
0.110948
0.109604
0.110156
0.107395
0.111662
0.115011
0.122645
0.116413
0.163798
0.104795
0.108637
0.109365
0.106216
0.108673
0.110076
0.10609
0.113122
0.110436
0.105593
0.106572
0.109049
0.112566
0.110126
0.113679
0.106017
0.10888
0.108779
0.108523
0.110152
0.130167
0.111581
0.10747
0.107583
0.106475
0.106604
0.110483
0.102832
0.108019
0.107842
0.109467
0.108544
0.110409
0.107966
0.110176
0.109831
0.111805
0.107433
0.10824
0.110885
0.10492
0.10629
0.107423
0.10859
0.107805
0.108326
0.102164
0.10254
0.105461
0.105628
0.123365
0.109137
0.109844
0.116529
0.104903
0.12292
0.103575
0.108031
0.110564
0.105951
0.105645
0.106554
0.109953
0.11394
0.111981
0.117158
0.113929
0.115761
0.110847
0.113881
0.117242
0.116372
0.11615
0.114149
0.121893
0.112118
0.112665
0.138847
0.125731
0.112273
0.119647
0.110181
0.122019
0.110703
0.111494
0.125255
0.117947
0.12321
0.111398
0.11364
0.113147
0.111881
0.108359
0.120335
0.112729
0.111487
0.112018
0.110606
0.113712
0.115725
0.113236
0.110815
0.11027
0.106334
0.110725
0.11021
0.110582
0.113464
0.117392
0.11469
0.110278
0.112093
0.116615
0.112217
0.11417
0.116563
0.130863
0.124993
0.125455
0.138486
0.137805
0.142128
0.111368
0.11283
0.110169
0.116079
0.111657
0.108007
0.112406
0.114081
0.110946
0.111051
0.109759
0.109891
0.110912
0.114407
0.112782
0.120129
0.111098
0.112924
0.112435
0.113551
0.113312
0.124532
0.113387
0.114255
0.109582
0.109048
0.118511
0.113389
0.117799
0.115122
0.109511
0.111226
0.116141
0.112317
0.115298
0.112562
0.112587
0.113124
0.116173
0.112305
0.112436
0.113619
0.112739
0.113801
0.114585
0.111508
0.111947
0.109681
0.109647
0.114907
0.113659
0.110638
0.109841
0.111173
0.110309
0.112178
0.114985
0.106596
0.109145
0.113515
0.113795
0.11107
0.111339
0.110709
0.111429
0.113865
0.110746
0.111023
0.111257
0.111022
0.111216
0.111354
0.111428
0.121333
0.133717
0.125669
0.108867
0.114212
0.111588
0.113285
0.111045
0.110198
0.111854
0.108116
0.1121
0.116398
0.11177
0.110673
0.110666
0.108264
0.117141
0.11129
0.113282
0.115511
0.108704
0.113323
0.110394
0.112172
0.115858
0.110967
0.113156
0.114651
0.116664
0.118261
0.112027
0.110069
0.112808
0.11241
0.11188
0.110299
0.111568
0.112057
0.111434
0.108814
0.111967
0.111825
0.11212
0.109968
0.107181
0.110045
0.111083
0.111185
0.109153
0.110227
0.108212
0.111664
0.111724
0.111676
0.112534
0.107672
0.11091
0.112776
0.109336
0.121694
0.111143
0.114214
0.11013
0.11268
0.111281
0.109749
0.110575
0.118042
0.112639
0.111797
0.110961
0.111703
0.110741
0.112695
0.111436
0.115154
0.109493
0.121501
0.118946
0.109777
0.118135
0.112383
0.11435
0.11717
0.114208
0.112869
0.116147
0.1169
0.11094
0.112118
0.110263
0.112523
0.11665
0.111726
0.109918
0.110687
0.112043
0.108895
0.111368
0.118151
0.118861
0.121269
0.112956
0.116093
0.115334
0.110972
0.112369
0.11372
0.115921
0.112087
0.113803
0.111829
0.113378
0.109761
0.116189
0.111964
0.11243
0.112711
0.110963
0.115647
0.117319
0.111461
0.111051
0.114673
0.113567
0.113139
0.11283
0.11253
0.113849
0.112101
0.12645
0.111514
0.111599
0.115848
0.108822
0.115027
0.114113
0.115051
0.117359
0.113704
0.111548
0.113497
0.111537
0.114348
0.112322
0.113208
0.110617
0.111558
0.113098
0.119052
0.110785
0.113619
0.114209
0.110092
0.115797
0.111625
0.110671
0.1112
0.114088
0.11169
0.112078
0.119009
0.116059
0.112936
0.113152
0.112569
0.112326
0.114302
0.114885
0.110326
0.111565
0.111905
0.114617
0.110709
0.112922
0.118949
0.112158
0.112433
0.111488
0.113521
0.113844
0.109469
0.11476
0.113689
0.106977
0.112436
0.110401
0.113545
0.11267
0.114412
0.112759
0.122742
0.113058
0.111647
0.111347
0.110043
0.110292
0.113749
0.119122
0.125686
0.115461
0.112594
0.115487
0.109627
0.115222
0.117481
0.112017
0.111094
0.112713
0.112464
0.111823
0.112253
0.113096
0.114977
0.114365
0.131218
0.115482
0.111411
0.110721
0.111139
0.117118
0.116543
0.121545
0.113515
0.114429
0.115124
0.116686
0.111606
0.11807
0.111825
0.112032
0.121695
0.113307
0.111608
0.112102
0.112092
0.107896
0.111653
0.111115
0.11163
0.110588
0.111408
0.110996
0.111393
0.111365
0.110927
0.110947
0.111429
0.11347
0.113156
0.112664
0.11151
0.114154
0.113668
0.114811
0.113199
0.113084
0.115975
0.121144
0.114102
0.111101
0.115273
0.110329
0.110947
0.112557
0.111849
0.112333
0.112303
0.114135
0.110377
0.114174
0.111318
0.110047
0.112168
0.118877
0.114984
0.108007
0.108397
0.136994
0.112195
0.107473
0.11521
0.106174
0.109717
0.104307
0.115117
0.106909
0.105721
0.106366
0.105286
0.104355
0.107473
0.112376
0.105923
0.10506
0.105211
0.101882
0.103221
0.10584
0.105722
0.106899
0.104556
0.104319
0.101613
0.105326
0.10661
0.10537
0.106084
0.102546
0.10308
0.106995
0.104541
0.106503
0.105785
0.110995
0.111874
0.108036
0.105078
0.106173
0.106638
0.116137
0.108569
0.110534
0.105028
0.111875
0.105914
0.105491
0.104514
0.105547
0.105743
0.108946
0.105563
0.107308
0.111467
0.108509
0.114169
0.136828
0.114287
0.106218
0.101988
0.105156
0.110472
0.111932
0.111389
0.107203
0.103855
0.104912
0.105739
0.104572
0.103254
0.101106
0.104342
0.104752
0.105886
0.105401
0.104045
0.10532
0.103356
0.105645
0.106396
0.103351
0.103457
0.104525
0.104507
0.103567
0.102982
0.104492
0.105037
0.10344
0.106069
0.105294
0.103359
0.104474
0.104372
0.105076
0.103082
0.105056
0.112486
0.106108
0.104103
0.104944
0.107987
0.111963
0.112638
0.109795
0.124821
0.110387
0.116193
0.113801
0.107177
0.112873
0.114837
0.110559
0.107481
0.102647
0.10614
0.119564
0.10724
0.109565
0.106616
0.106445
0.11346
0.113884
0.109373
0.1152
0.108235
0.103235
0.132885
0.114058
0.110703
0.113344
0.110546
0.112386
0.108066
0.108933
0.114368
0.11306
0.110972
0.113166
0.108329
0.110012
0.108607
0.107643
0.104025
0.10635
0.109968
0.106186
0.107577
0.108136
0.108833
0.109012
0.110137
0.108454
0.102942
0.10449
0.107266
0.105989
0.108714
0.107736
0.107257
0.106915
0.107681
0.110016
0.108621
0.106326
0.107063
0.107682
0.108424
0.111184
0.108907
0.110196
0.108881
0.107387
0.106385
0.107335
0.105535
0.107535
0.106641
0.10337
0.114574
0.111726
0.108256
0.107441
0.109824
0.108026
0.104325
0.106487
0.106922
0.108858
0.107726
0.107374
0.109912
0.103119
0.11377
0.107792
0.112899
0.106213
0.106808
0.112682
0.107355
0.106422
0.104768
0.107453
0.10795
0.108086
0.107078
0.109038
0.109303
0.106575
0.107062
0.105243
0.105422
0.111001
0.107181
0.109198
0.108521
0.109622
0.108208
0.10487
0.107602
0.107451
0.109075
0.109266
0.108565
0.107244
0.108266
0.107775
0.106753
0.107037
0.106446
0.106416
0.107817
0.107419
0.108356
0.10724
0.11
0.107643
0.111044
0.106193
0.108212
0.107422
0.108787
0.106398
0.108852
0.104051
