0.105138
0.104647
0.106549
0.104286
0.105203
0.104869
0.104358
0.104684
0.110596
0.111017
0.105406
0.110321
0.104566
0.106297
0.106099
0.109179
0.109
0.109087
0.109033
0.106573
0.10611
0.106683
0.106268
0.105904
0.105731
0.10835
0.105203
0.109078
0.105133
0.109556
0.107386
0.105055
0.113949
0.106194
0.113776
0.111328
0.105318
0.105743
0.108018
0.101538
0.10299
0.116369
0.103033
0.124967
0.106796
0.112997
0.106418
0.116018
0.107119
0.110382
0.109363
0.112073
0.105011
0.106579
0.111908
0.114713
0.110703
0.129073
0.130277
0.11001
0.108168
0.109194
0.105582
0.103026
0.102047
0.102775
0.104964
0.10453
0.10502
0.100918
0.101114
0.107528
0.109152
0.106194
0.105475
0.104068
0.106447
0.105728
0.104923
0.104312
0.113349
0.111575
0.113923
0.128046
0.109097
0.105488
0.105119
0.108024
0.111589
0.111884
0.132524
0.110963
0.108702
0.111262
0.110009
0.108535
0.107494
0.107646
0.110072
0.104763
0.110012
0.104688
0.105885
0.105817
0.102365
0.105264
0.106131
0.106563
0.105972
0.106884
0.103717
0.108107
0.107269
0.107824
0.109145
0.101533
0.113765
0.115063
0.111886
0.109847
0.109399
0.109216
0.110499
0.111934
0.108023
0.110006
0.122336
0.109757
0.110087
0.121574
0.142686
0.106558
0.112254
0.10904
0.108847
0.107194
0.106443
0.104017
0.110716
0.105461
0.104963
0.105299
0.105687
0.106671
0.104969
0.105051
0.106009
0.110953
0.107213
0.114
0.107858
0.235378
0.106438
0.108553
0.11464
0.140031
0.109243
0.11482
0.116701
0.106396
0.114401
0.111025
0.109406
0.144125
0.108955
0.114766
0.157351
0.108461
0.119848
0.117345
0.111675
0.103355
0.105423
0.105042
0.104165
0.105865
0.104978
0.106732
0.104103
0.104729
0.103966
0.107476
0.10658
0.105772
0.109837
0.106461
0.104446
0.107216
0.103386
0.109909
0.106127
0.104527
0.10966
0.110299
0.106475
0.105905
0.107106
0.10647
0.106282
0.105166
0.105308
0.108255
0.104574
0.10537
0.105973
0.106847
0.105423
0.105657
0.105601
0.10378
0.104551
0.108838
0.106157
0.10423
0.107314
0.109688
0.10484
0.109149
0.11118
0.107314
0.106854
0.112777
0.117946
0.10917
0.11473
0.119476
0.113089
0.110368
0.119636
0.106524
0.111249
0.105636
0.105682
0.108779
0.109059
0.10593
0.106626
0.166398
0.106661
0.109202
0.109559
0.109461
0.108671
0.107842
0.107143
0.105727
0.101159
0.104698
0.104637
0.109947
0.108773
0.108192
0.120097
0.108474
0.111569
0.1259
0.109023
0.107625
0.119817
0.108657
0.105239
0.108926
0.118264
0.12109
0.10728
0.111562
0.155999
0.209047
0.150609
0.115665
0.108144
0.108993
0.111903
0.112136
0.110857
0.112001
0.147412
0.115674
0.11724
0.147676
0.110265
0.108221
0.106977
0.105897
0.107784
0.106967
0.102461
0.11095
0.104228
0.104728
0.106895
0.108989
0.107344
0.110273
0.110567
0.103387
0.107109
0.105973
0.109707
0.109896
0.113638
0.105746
0.107243
0.109789
0.108832
0.110959
0.109914
0.108114
0.134029
0.109729
0.116247
0.105953
0.106866
0.110248
0.115124
0.10802
0.10623
0.109157
0.104136
0.107439
0.104993
0.105456
0.107104
0.106269
0.102854
0.105388
0.105744
0.105982
0.102869
0.108806
0.117246
0.108219
0.10617
0.10782
0.110451
0.108415
0.102853
0.105865
0.107821
0.106848
0.108517
0.110221
0.110764
0.118245
0.113085
0.111058
0.114055
0.113815
0.112306
0.113512
0.139357
0.113258
0.115805
0.116995
0.115221
0.119188
0.112977
0.130186
0.119446
0.114486
0.117946
0.11287
0.112387
0.110833
0.113569
0.11493
0.114942
0.113286
0.1131
0.113544
0.10966
0.111602
0.112391
0.120639
0.112906
0.114152
0.111017
0.113437
0.112383
0.109399
0.112002
0.111935
0.109975
0.109978
0.111514
0.108586
0.110867
0.112109
0.113871
0.111043
0.110833
0.110875
0.112523
0.112679
0.111199
0.110914
0.120891
0.128614
0.12891
0.121864
0.134457
0.132546
0.112875
0.115949
0.109739
0.116304
0.110754
0.111071
0.110597
0.110768
0.112408
0.113802
0.111037
0.111709
0.11143
0.110915
0.111994
0.115668
0.110875
0.116991
0.113978
0.114499
0.109751
0.124742
0.112949
0.114645
0.111458
0.114363
0.121786
0.112504
0.109636
0.112794
0.113766
0.112591
0.108886
0.112044
0.109396
0.113506
0.110672
0.114287
0.113444
0.113003
0.111425
0.114591
0.113499
0.115313
0.112783
0.111958
0.111533
0.110193
0.111193
0.114415
0.111467
0.107052
0.111804
0.110942
0.110412
0.111335
0.113332
0.109028
0.109885
0.115891
0.118032
0.110386
0.111324
0.11126
0.110442
0.114553
0.110478
0.110594
0.110607
0.111772
0.111321
0.110968
0.110227
0.116793
0.1157
0.124611
0.109504
0.111847
0.110682
0.114805
0.111957
0.110165
0.112133
0.110424
0.107573
0.113514
0.113201
0.110995
0.111125
0.114933
0.113129
0.1105
0.114702
0.110752
0.111199
0.111464
0.108627
0.112667
0.114542
0.110731
0.117421
0.112406
0.112219
0.115358
0.111791
0.112464
0.109411
0.115582
0.111892
0.110883
0.114315
0.111012
0.110619
0.109966
0.111792
0.111264
0.110991
0.112061
0.110038
0.120202
0.112223
0.111839
0.11017
0.112289
0.111761
0.112803
0.112956
0.114121
0.109264
0.11135
0.111796
0.11216
0.112045
0.120672
0.113417
0.114895
0.111165
0.111698
0.112047
0.110427
0.10954
0.124028
0.109581
0.112747
0.110365
0.112025
0.110255
0.110741
0.11528
0.112918
0.11349
0.112835
0.110276
0.111806
0.119648
0.114075
0.11048
0.114232
0.114546
0.111228
0.112435
0.112799
0.114999
0.111776
0.111274
0.11125
0.111976
0.110789
0.114873
0.111285
0.112356
0.112798
0.110891
0.108619
0.11202
0.111547
0.126187
0.11453
0.11364
0.112248
0.111649
0.115789
0.111729
0.109631
0.115903
0.118397
0.11401
0.113685
0.117371
0.113889
0.116407
0.111396
0.112075
0.116059
0.11697
0.111665
0.110668
0.115718
0.112151
0.113223
0.113573
0.112196
0.112928
0.113617
0.117374
0.116713
0.114974
0.11177
0.115595
0.110282
0.113298
0.113224
0.117379
0.114346
0.112518
0.113643
0.11267
0.116143
0.114537
0.118119
0.108973
0.114686
0.112175
0.114055
0.112894
0.116547
0.112964
0.113302
0.112073
0.112585
0.112447
0.11112
0.115355
0.113079
0.111267
0.117746
0.112901
0.112327
0.111975
0.113153
0.112265
0.112638
0.112128
0.110876
0.114222
0.120394
0.119561
0.113672
0.110795
0.11711
0.116884
0.111062
0.113274
0.112613
0.11458
0.116543
0.111639
0.115645
0.111918
0.111881
0.11248
0.115483
0.114782
0.122694
0.124803
0.113604
0.113612
0.109813
0.111455
0.111908
0.113304
0.111149
0.118828
0.121403
0.113068
0.110315
0.118616
0.111054
0.114591
0.118792
0.112764
0.113277
0.111431
0.112022
0.108149
0.111731
0.114296
0.113071
0.112448
0.115416
0.113668
0.112116
0.112603
0.111216
0.116239
0.113203
0.116683
0.112044
0.113767
0.11401
0.114583
0.113731
0.118261
0.114572
0.114795
0.12144
0.113428
0.111373
0.111776
0.111536
0.112032
0.110337
0.11083
0.111286
0.114649
0.113434
0.11392
0.113381
0.113238
0.113895
0.112495
0.111374
0.110192
0.111966
0.113192
0.110702
0.110948
0.112296
0.113133
0.112056
0.113139
0.111701
0.123139
0.11731
0.114586
0.112235
0.110689
0.114326
0.112787
0.121167
0.113327
0.111406
0.112715
0.110771
0.113415
0.114925
0.110612
0.112595
0.116684
0.111087
0.105889
0.111966
0.134424
0.109835
0.109342
0.108736
0.10745
0.109433
0.108479
0.14258
0.105367
0.105225
0.105344
0.105176
0.105587
0.103158
0.105808
0.106356
0.108538
0.104493
0.105697
0.101686
0.106542
0.107692
0.106936
0.105204
0.106243
0.103305
0.105014
0.107275
0.10765
0.10614
0.106424
0.107298
0.105342
0.106428
0.105637
0.102339
0.110053
0.112027
0.110747
0.107197
0.107036
0.106684
0.106955
0.105469
0.112657
0.104005
0.10614
0.105004
0.106282
0.106179
0.104887
0.112324
0.102154
0.105768
0.10767
0.107844
0.10837
0.154715
0.115893
0.117454
0.12213
0.103825
0.105698
0.117238
0.118175
0.111555
0.106675
0.104124
0.104862
0.104386
0.103628
0.104078
0.104326
0.104272
0.106892
0.105072
0.105417
0.104303
0.105653
0.103522
0.104587
0.105037
0.104652
0.106199
0.103755
0.103512
0.104271
0.104004
0.104479
0.104761
0.104009
0.105833
0.100653
0.109855
0.107106
0.103927
0.105699
0.100547
0.111987
0.106202
0.105782
0.104436
0.104899
0.109031
0.10566
0.107285
0.107484
0.125097
0.104639
0.109333
0.107416
0.103381
0.116827
0.114593
0.116669
0.103431
0.104617
0.111037
0.117319
0.113637
0.109292
0.104647
0.105208
0.105971
0.111067
0.107908
0.109613
0.108884
0.105482
0.160705
0.132723
0.108771
0.113515
0.106186
0.108986
0.110102
0.108422
0.115006
0.104771
0.115732
0.115839
0.108381
0.108281
0.111252
0.109381
0.116301
0.107865
0.109204
0.104009
0.108926
0.107062
0.109056
0.107629
0.10886
0.107319
0.107347
0.104749
0.107123
0.105858
0.108097
0.106556
0.106709
0.110307
0.11402
0.10667
0.106962
0.106847
0.107281
0.109972
0.107771
0.106985
0.108378
0.112708
0.108134
0.108351
0.107567
0.107891
0.105783
0.107313
0.106789
0.107438
0.112033
0.111698
0.107419
0.107781
0.10744
0.108294
0.108167
0.104449
0.105854
0.107806
0.108662
0.106428
0.109746
0.10764
0.109081
0.102581
0.106562
0.105893
0.106185
0.110903
0.108829
0.118194
0.106624
0.110927
0.107253
0.111094
0.108068
0.107216
0.108911
0.111801
0.106388
0.106586
0.106854
0.108549
0.108958
0.106285
0.107873
0.108663
0.107045
0.109805
0.112966
0.110862
0.111201
0.107665
0.108093
0.108781
0.107161
0.107167
0.102435
0.103708
0.107082
0.107228
0.103116
0.10822
0.109173
0.107472
0.114934
0.107388
0.110365
0.106142
0.107477
0.10727
0.111309
0.106526
0.108236
0.108048
