0.107196
0.104421
0.104045
0.104385
0.105085
0.101313
0.103991
0.110715
0.106688
0.106519
0.107274
0.106306
0.110018
0.108768
0.104368
0.104955
0.106904
0.106433
0.108046
0.107658
0.105554
0.106238
0.109534
0.107488
0.107883
0.109127
0.108143
0.110127
0.105422
0.106562
0.109785
0.105121
0.113346
0.11383
0.112679
0.113801
0.104419
0.103738
0.104289
0.103845
0.11139
0.1229
0.111689
0.112061
0.104692
0.111814
0.105907
0.114047
0.107327
0.111919
0.111373
0.11144
0.107035
0.109454
0.113583
0.116418
0.114981
0.123169
0.121679
0.104653
0.117299
0.109065
0.105192
0.104602
0.100057
0.10481
0.106862
0.10529
0.10434
0.105665
0.104569
0.104087
0.104953
0.107724
0.106609
0.103664
0.107322
0.105631
0.107004
0.105293
0.113941
0.11014
0.11266
0.144493
0.114352
0.110762
0.112643
0.11004
0.108826
0.10917
0.208524
0.122035
0.111819
0.110714
0.106611
0.110844
0.109622
0.111735
0.109795
0.102619
0.107765
0.102681
0.105584
0.106287
0.102212
0.105308
0.105845
0.106289
0.105506
0.105701
0.106801
0.106336
0.106246
0.108514
0.108367
0.107152
0.105617
0.110962
0.111098
0.107976
0.107215
0.109065
0.111365
0.10754
0.110767
0.129073
0.115296
0.106061
0.107441
0.115392
0.14428
0.104812
0.110644
0.113621
0.106543
0.105812
0.107869
0.104044
0.108571
0.102646
0.10501
0.104684
0.105445
0.106672
0.112772
0.104694
0.105762
0.110278
0.110727
0.108462
0.107524
0.3937
0.110767
0.107688
0.114763
0.160997
0.107316
0.119906
0.108122
0.103999
0.112387
0.110367
0.10936
0.159212
0.111832
0.126103
0.118966
0.106507
0.186696
0.114092
0.110317
0.107544
0.101501
0.101714
0.105187
0.104844
0.105476
0.105556
0.104751
0.10375
0.105354
0.105366
0.105199
0.108616
0.107585
0.106011
0.105792
0.10713
0.105004
0.10901
0.105214
0.105151
0.10917
0.105021
0.104164
0.106041
0.107229
0.10491
0.107432
0.105713
0.101367
0.106465
0.104913
0.10484
0.105992
0.104679
0.108011
0.104908
0.107352
0.105095
0.105591
0.104451
0.101425
0.10599
0.105818
0.112424
0.107712
0.109795
0.110271
0.104683
0.108241
0.113483
0.115698
0.111066
0.114328
0.117103
0.114129
0.107646
0.107493
0.108605
0.118282
0.109143
0.107801
0.109592
0.10823
0.107733
0.104561
0.12985
0.103724
0.105497
0.108295
0.110384
0.108285
0.106016
0.115554
0.104531
0.109668
0.105626
0.109729
0.10884
0.108487
0.109413
0.120413
0.109126
0.106324
0.122477
0.110042
0.108512
0.11242
0.111505
0.105604
0.168474
0.131721
0.116771
0.107746
0.109282
0.113201
0.13322
0.11709
0.10504
0.107094
0.102505
0.115824
0.113509
0.108555
0.111815
0.124076
0.116374
0.115843
0.130088
0.128902
0.109357
0.106846
0.107106
0.108867
0.107183
0.108872
0.11144
0.106319
0.106064
0.108203
0.108212
0.10649
0.109019
0.108243
0.106067
0.108477
0.107554
0.109579
0.109848
0.11566
0.108426
0.10378
0.109614
0.10758
0.113179
0.125852
0.12746
0.110696
0.104307
0.107136
0.108868
0.110971
0.11142
0.112273
0.109155
0.10344
0.107086
0.105106
0.108422
0.106949
0.108879
0.107915
0.106042
0.106625
0.104756
0.104939
0.105011
0.105281
0.113956
0.119887
0.111254
0.105908
0.115982
0.129397
0.107767
0.110606
0.106541
0.108298
0.109399
0.105846
0.105663
0.111148
0.118281
0.112385
0.112143
0.114741
0.111536
0.122443
0.112324
0.12231
0.1174
0.121719
0.129532
0.113074
0.113212
0.113616
0.112569
0.118314
0.11448
0.114298
0.115855
0.113336
0.111351
0.111368
0.119114
0.114654
0.113239
0.114186
0.115324
0.112778
0.110349
0.113072
0.121701
0.112264
0.108549
0.106624
0.110067
0.111683
0.10936
0.113594
0.108849
0.109897
0.109153
0.113678
0.112041
0.111086
0.11715
0.115501
0.110213
0.113752
0.116445
0.111662
0.112247
0.109805
0.110334
0.137137
0.130536
0.126404
0.145931
0.121545
0.138106
0.11034
0.111666
0.110345
0.105974
0.110185
0.10897
0.110348
0.107433
0.1283
0.109678
0.109301
0.113806
0.110293
0.112371
0.110155
0.113617
0.116564
0.117196
0.111402
0.112952
0.112021
0.121092
0.110952
0.109301
0.109781
0.11238
0.122788
0.11375
0.110561
0.113416
0.11241
0.111549
0.113652
0.112281
0.119522
0.111697
0.109311
0.112585
0.113424
0.112649
0.115035
0.112915
0.112313
0.11208
0.112182
0.115955
0.110027
0.111409
0.111496
0.110851
0.111386
0.11192
0.110661
0.110874
0.110543
0.110384
0.112028
0.106897
0.10933
0.10989
0.116191
0.111426
0.112654
0.111472
0.111386
0.111476
0.1104
0.110868
0.111527
0.111345
0.112974
0.109847
0.110173
0.119606
0.125235
0.117605
0.112908
0.115887
0.112603
0.113616
0.110712
0.107523
0.110085
0.110584
0.107774
0.112796
0.113491
0.110002
0.111296
0.111295
0.111806
0.10984
0.113696
0.112027
0.1068
0.112846
0.113092
0.114748
0.112697
0.109033
0.118472
0.111871
0.112034
0.115109
0.112898
0.112941
0.11517
0.111535
0.110161
0.111028
0.116853
0.112499
0.110947
0.111982
0.108907
0.110896
0.109571
0.109588
0.110212
0.111464
0.111479
0.113233
0.108473
0.112479
0.107573
0.112281
0.113127
0.109596
0.111151
0.107631
0.107739
0.112538
0.111287
0.1163
0.109356
0.114938
0.112155
0.112648
0.112153
0.112291
0.114229
0.121565
0.108148
0.115656
0.111946
0.114734
0.10922
0.109302
0.114366
0.112418
0.112596
0.115977
0.111373
0.11115
0.112444
0.113917
0.113762
0.117903
0.112719
0.112255
0.113835
0.119427
0.114107
0.113177
0.112906
0.110474
0.11038
0.111122
0.112572
0.115399
0.109363
0.111275
0.116423
0.113175
0.111334
0.109001
0.118055
0.113278
0.114426
0.113921
0.1152
0.113082
0.11243
0.112521
0.115396
0.114342
0.113067
0.119056
0.114701
0.112762
0.114467
0.110629
0.113882
0.115006
0.115567
0.116606
0.111431
0.110564
0.108735
0.113962
0.113596
0.113431
0.114176
0.117057
0.115374
0.109614
0.113091
0.113831
0.1138
0.112443
0.111291
0.121889
0.115443
0.112146
0.111587
0.112275
0.11244
0.114598
0.115239
0.113361
0.111234
0.118987
0.111969
0.115072
0.112814
0.113495
0.113429
0.11137
0.112852
0.115487
0.113101
0.109588
0.115172
0.113648
0.111862
0.114562
0.113285
0.112994
0.112391
0.112129
0.113513
0.112184
0.11168
0.112014
0.114745
0.11414
0.11466
0.110694
0.110611
0.115677
0.113044
0.111478
0.112276
0.114356
0.112269
0.109913
0.114098
0.116772
0.111999
0.108197
0.11193
0.116125
0.113631
0.112964
0.113523
0.117313
0.111627
0.110639
0.110426
0.112131
0.11335
0.11382
0.119456
0.119026
0.109522
0.111251
0.117151
0.11227
0.115883
0.114741
0.111614
0.111339
0.114354
0.112151
0.110319
0.114149
0.113227
0.114137
0.11427
0.116547
0.116377
0.111521
0.112655
0.114706
0.126142
0.113186
0.11466
0.113272
0.114036
0.113472
0.111553
0.113813
0.115016
0.112702
0.11336
0.120685
0.111304
0.111988
0.111992
0.112201
0.112313
0.111865
0.111694
0.117277
0.112458
0.112226
0.110317
0.110768
0.107113
0.113121
0.110948
0.111211
0.11199
0.109835
0.110926
0.111357
0.110185
0.11467
0.113035
0.113897
0.113243
0.110441
0.130487
0.112771
0.115482
0.118025
0.110697
0.112068
0.113204
0.113984
0.114482
0.113998
0.118058
0.112302
0.113627
0.111325
0.110506
0.110126
0.131134
0.121811
0.102909
0.110662
0.13039
0.107803
0.104381
0.107549
0.104406
0.114894
0.105379
0.139245
0.104509
0.107129
0.104423
0.104449
0.105188
0.101332
0.104195
0.105784
0.105226
0.105001
0.103745
0.105267
0.104808
0.104153
0.104347
0.104933
0.104679
0.105719
0.105254
0.107248
0.106388
0.104787
0.106142
0.105625
0.118727
0.105688
0.101915
0.106475
0.104982
0.109283
0.109665
0.10644
0.106825
0.108883
0.109678
0.105506
0.105289
0.105071
0.106833
0.106136
0.108749
0.106158
0.103846
0.104781
0.106225
0.105195
0.108667
0.107661
0.109438
0.117009
0.106346
0.116609
0.108071
0.106036
0.106718
0.116919
0.114561
0.112557
0.113125
0.104789
0.107277
0.106658
0.10315
0.104775
0.105007
0.104271
0.104557
0.105135
0.105389
0.106251
0.104971
0.102352
0.103716
0.102312
0.103702
0.104166
0.101417
0.104534
0.104355
0.105328
0.104843
0.103844
0.103269
0.105349
0.103155
0.104448
0.105584
0.104596
0.103887
0.103202
0.105902
0.100893
0.109658
0.105143
0.105823
0.112002
0.105379
0.122971
0.108263
0.111034
0.107836
0.106327
0.106569
0.105832
0.112174
0.114293
0.112089
0.104578
0.107728
0.108219
0.111066
0.115116
0.109639
0.104206
0.111626
0.106546
0.106003
0.117731
0.10859
0.105383
0.104991
0.127178
0.121177
0.108698
0.112087
0.106302
0.108863
0.107746
0.118508
0.110632
0.105964
0.109125
0.112537
0.102982
0.107558
0.10816
0.108023
0.1113
0.110066
0.107894
0.106704
0.10922
0.107498
0.110052
0.107237
0.110694
0.106575
0.113965
0.108515
0.10795
0.107321
0.107199
0.106918
0.106956
0.107005
0.10618
0.110686
0.110375
0.106813
0.105933
0.105637
0.108439
0.103247
0.107157
0.108452
0.108201
0.107923
0.10438
0.107977
0.108772
0.107927
0.107198
0.104825
0.110089
0.110652
0.107876
0.107571
0.10787
0.107866
0.107066
0.109194
0.107983
0.112098
0.107779
0.10674
0.106232
0.107998
0.111012
0.106829
0.109721
0.106902
0.107125
0.109315
0.106853
0.120972
0.107941
0.10791
0.108322
0.108807
0.108923
0.110372
0.107159
0.110489
0.107477
0.102697
0.107843
0.106511
0.108365
0.104452
0.107532
0.106915
0.107082
0.110307
0.108799
0.117196
0.113742
0.108627
0.108407
0.112617
0.107313
0.106296
0.106931
0.107664
0.107224
0.103819
0.107507
0.108341
0.107228
0.105997
0.11146
0.107703
0.10922
0.107674
0.109697
0.107676
0.108745
0.108055
0.108417
0.10683
