0.13185
0.124887
0.128083
0.124466
0.126763
0.126807
0.127487
0.137496
0.137599
0.135055
0.124789
0.125109
0.131154
0.127772
0.127261
0.130861
0.13058
0.129784
0.12521
0.126567
0.131485
0.127997
0.131764
0.130173
0.130029
0.132852
0.126917
0.131661
0.126027
0.133641
0.125706
0.131942
0.12942
0.134418
0.137246
0.135971
0.126857
0.127082
0.126677
0.126008
0.130051
0.133661
0.149385
0.137666
0.133511
0.130853
0.123633
0.129503
0.129184
0.135929
0.128382
0.13319
0.129344
0.134276
0.12546
0.132765
0.143937
0.157238
0.177365
0.142945
0.138264
0.130878
0.1308
0.126114
0.12612
0.12707
0.129004
0.126655
0.126734
0.12081
0.125965
0.130972
0.127878
0.127045
0.124318
0.133521
0.127872
0.128415
0.128565
0.151716
0.130205
0.147853
0.128488
0.138184
0.169744
0.134888
0.13321
0.152696
0.139288
0.140939
0.137693
0.143538
0.133652
0.13219
0.134229
0.132341
0.124413
0.127274
0.12978
0.131221
0.133506
0.127673
0.127225
0.127042
0.127978
0.128304
0.127208
0.128104
0.127167
0.128084
0.129164
0.126174
0.130026
0.129798
0.130411
0.131429
0.130763
0.134398
0.131836
0.132005
0.13212
0.129996
0.139767
0.133007
0.145585
0.139698
0.133792
0.123536
0.135251
0.136294
0.152885
0.131582
0.133786
0.134415
0.127758
0.129554
0.127163
0.127334
0.125497
0.125839
0.130014
0.124658
0.125514
0.126566
0.126628
0.124573
0.129684
0.132116
0.133234
0.133056
0.142557
0.136192
0.132896
0.134621
0.130655
0.156021
0.147606
0.235161
0.14052
0.134592
0.139719
0.12962
0.162407
0.138597
0.129332
0.14495
0.137046
0.131384
0.138577
0.135378
0.133406
0.126605
0.125071
0.127115
0.126347
0.126641
0.127757
0.126109
0.126185
0.129228
0.126542
0.123326
0.1273
0.129645
0.12872
0.12626
0.128347
0.123635
0.127364
0.132701
0.122322
0.125539
0.131706
0.128562
0.129848
0.127585
0.129909
0.126903
0.126675
0.123063
0.126446
0.126987
0.125146
0.125611
0.127266
0.128221
0.123269
0.127149
0.130093
0.126665
0.125476
0.126505
0.128867
0.125964
0.130857
0.142846
0.131156
0.13113
0.128941
0.126825
0.128013
0.139566
0.136354
0.139898
0.13208
0.144614
0.137613
0.134949
0.132938
0.14082
0.136955
0.129671
0.128891
0.128901
0.129779
0.13156
0.126444
0.134542
0.133645
0.130072
0.137139
0.130978
0.137199
0.13088
0.131622
0.128554
0.12782
0.125732
0.127942
0.126939
0.134767
0.129573
0.134487
0.130638
0.130026
0.143911
0.130716
0.130057
0.137139
0.126396
0.12582
0.135236
0.146007
0.121769
0.128713
0.141518
0.128678
0.15243
0.135542
0.140382
0.134652
0.195496
0.136729
0.130313
0.217722
0.138266
0.142343
0.129762
0.17237
0.144078
0.140233
0.134401
0.134229
0.133114
0.133113
0.127159
0.130037
0.135261
0.126977
0.124421
0.132835
0.13061
0.128125
0.130812
0.129041
0.134627
0.130226
0.137197
0.129193
0.135242
0.128014
0.141028
0.130101
0.130995
0.137085
0.135917
0.12989
0.137976
0.13246
0.134538
0.131576
0.129547
0.13069
0.126073
0.127588
0.139607
0.128731
0.134458
0.132262
0.128325
0.128007
0.127334
0.126071
0.127269
0.128825
0.128452
0.129985
0.128041
0.12793
0.130213
0.130597
0.13246
0.124947
0.133909
0.185598
0.13245
0.125066
0.127181
0.13222
0.126453
0.133295
0.131552
0.129857
0.141091
0.131527
0.135485
0.135631
0.135159
0.136163
0.137168
0.133938
0.136473
0.142669
0.136356
0.148472
0.134913
0.150161
0.138155
0.143744
0.139087
0.129956
0.139687
0.133495
0.137044
0.134532
0.137223
0.153834
0.135683
0.134643
0.135812
0.140553
0.137474
0.1353
0.138437
0.13104
0.139675
0.133085
0.142609
0.133782
0.1419
0.133353
0.13605
0.13425
0.132913
0.138247
0.133348
0.136151
0.134358
0.136227
0.131942
0.134732
0.136416
0.134048
0.133205
0.139524
0.147218
0.176332
0.162123
0.150691
0.158963
0.164675
0.138045
0.133835
0.138147
0.13493
0.136551
0.132748
0.133996
0.129481
0.130395
0.13459
0.137253
0.134642
0.134069
0.136255
0.131981
0.136961
0.131037
0.138196
0.136111
0.134827
0.135219
0.139262
0.137557
0.133852
0.136113
0.134856
0.135802
0.136269
0.13237
0.137695
0.138138
0.133855
0.134918
0.131375
0.137213
0.134065
0.136457
0.134488
0.144839
0.133581
0.135751
0.148354
0.137836
0.144361
0.135078
0.136425
0.135607
0.132351
0.129683
0.133992
0.132067
0.135145
0.132087
0.13499
0.134851
0.130761
0.131645
0.131371
0.133352
0.134111
0.135652
0.130305
0.132299
0.131582
0.13481
0.13341
0.1285
0.134502
0.135118
0.13086
0.135726
0.13664
0.132275
0.134531
0.139197
0.141071
0.134939
0.158217
0.135315
0.135054
0.134258
0.133826
0.132736
0.136061
0.139732
0.134566
0.132273
0.135624
0.132793
0.133755
0.132902
0.131967
0.133042
0.138482
0.132168
0.134762
0.134442
0.134404
0.136224
0.132096
0.137535
0.13429
0.134485
0.133409
0.132774
0.134257
0.137639
0.13305
0.135076
0.132683
0.138199
0.136859
0.134784
0.133813
0.132963
0.137076
0.133426
0.133899
0.135127
0.133799
0.13469
0.133665
0.133878
0.13382
0.134639
0.133556
0.133284
0.136445
0.134833
0.13252
0.132271
0.132451
0.132487
0.134632
0.130526
0.134652
0.138571
0.134831
0.137127
0.136637
0.134597
0.142559
0.135657
0.134617
0.136505
0.134878
0.134405
0.133777
0.133864
0.136289
0.13533
0.139591
0.140753
0.135956
0.136001
0.13534
0.135684
0.13723
0.133933
0.139396
0.13488
0.136886
0.142188
0.139309
0.134003
0.131471
0.134213
0.135348
0.130141
0.136462
0.130248
0.136326
0.134591
0.136286
0.134271
0.136173
0.137117
0.141295
0.150316
0.135893
0.137358
0.135463
0.137104
0.133222
0.136953
0.135042
0.132951
0.135874
0.137061
0.135985
0.135612
0.135487
0.136755
0.137503
0.137844
0.136602
0.135217
0.135393
0.136134
0.13515
0.137597
0.135153
0.141186
0.135208
0.13697
0.139667
0.137873
0.136141
0.134614
0.131496
0.133565
0.133983
0.13633
0.1411
0.134127
0.134344
0.132948
0.135236
0.139496
0.136027
0.136327
0.135413
0.135376
0.133311
0.136578
0.133579
0.135164
0.136719
0.13687
0.135873
0.135067
0.13309
0.138119
0.13654
0.136898
0.140836
0.137058
0.135624
0.135237
0.134745
0.135884
0.136158
0.129793
0.134373
0.132979
0.137658
0.134723
0.130638
0.134985
0.135574
0.133099
0.137845
0.133809
0.136426
0.136106
0.136375
0.135872
0.134405
0.135999
0.135029
0.133345
0.134035
0.133812
0.142652
0.137184
0.136398
0.140167
0.130909
0.133795
0.131783
0.133202
0.134971
0.135234
0.153281
0.145573
0.132302
0.135329
0.135489
0.136337
0.135097
0.134411
0.134516
0.134226
0.141744
0.136182
0.130925
0.135066
0.141119
0.130943
0.137517
0.137597
0.132976
0.132498
0.135299
0.134752
0.144195
0.134174
0.142529
0.137105
0.135759
0.135795
0.137613
0.140487
0.135716
0.134978
0.136062
0.13674
0.134529
0.135073
0.135503
0.132628
0.134461
0.13287
0.145759
0.142289
0.140899
0.136193
0.138501
0.134527
0.133457
0.133004
0.133513
0.144305
0.135841
0.130358
0.133415
0.136389
0.135044
0.135176
0.136677
0.13528
0.136246
0.136491
0.140029
0.140302
0.137627
0.145545
0.135412
0.133813
0.135666
0.138344
0.133304
0.135499
0.139011
0.162349
0.131338
0.140596
0.135313
0.143899
0.135649
0.129738
0.13448
0.128223
0.139755
0.135139
0.132101
0.146388
0.126992
0.132563
0.130822
0.133344
0.129889
0.127963
0.124093
0.133405
0.12554
0.123938
0.128363
0.13139
0.127044
0.123107
0.126033
0.125301
0.12307
0.128291
0.125749
0.12695
0.127176
0.126622
0.127347
0.12839
0.130607
0.121484
0.121342
0.125118
0.1302
0.126228
0.1256
0.127758
0.131887
0.127799
0.13111
0.130576
0.126338
0.128409
0.126969
0.128924
0.12722
0.125906
0.126617
0.126913
0.126971
0.127211
0.125541
0.128035
0.126638
0.122327
0.132638
0.133874
0.128636
0.138399
0.127855
0.141264
0.127725
0.126291
0.128096
0.130341
0.132633
0.135182
0.125652
0.121947
0.1258
0.125742
0.1209
0.124995
0.126819
0.124023
0.127613
0.125701
0.126566
0.12653
0.124749
0.124459
0.126906
0.125072
0.125123
0.12542
0.127631
0.127094
0.124403
0.132437
0.126462
0.129014
0.124663
0.125325
0.126731
0.123144
0.126778
0.122224
0.126076
0.124911
0.126207
0.126194
0.125435
0.128106
0.12997
0.136176
0.130703
0.132511
0.133545
0.135069
0.138974
0.126769
0.124846
0.13895
0.13484
0.142204
0.128646
0.128812
0.128898
0.130726
0.134407
0.125369
0.131725
0.132024
0.132426
0.142451
0.132963
0.130481
0.135453
0.136836
0.170416
0.143057
0.166095
0.13228
0.130389
0.131186
0.129298
0.134475
0.127739
0.140567
0.135364
0.137023
0.131318
0.128807
0.133667
0.130174
0.125322
0.130725
0.131811
0.129482
0.129187
0.126237
0.129811
0.131682
0.13125
0.130026
0.130603
0.132971
0.124657
0.133277
0.12711
0.131175
0.128311
0.130169
0.128673
0.129021
0.133467
0.131919
0.130063
0.129327
0.129488
0.131198
0.130897
0.131005
0.129367
0.13486
0.127895
0.135466
0.130696
0.125295
0.134599
0.128732
0.132734
0.128455
0.128623
0.128428
0.12806
0.128523
0.12524
0.128732
0.126841
0.129648
0.13243
0.129599
0.127007
0.130353
0.128619
0.130657
0.12867
0.127603
0.137402
0.130522
0.13102
0.13061
0.137548
0.129456
0.130987
0.130312
0.128737
0.130678
0.129228
0.134753
0.129361
0.132058
0.130684
0.131285
0.130211
0.131018
0.129818
0.130486
0.131081
0.128012
0.128227
0.129288
0.131193
0.13037
0.127338
0.127033
0.13241
0.130162
0.134916
0.124776
0.130946
0.130353
0.129379
0.132722
0.130571
0.124307
0.128075
0.134886
0.12835
0.133966
0.131406
0.129432
0.128075
0.129974
0.132202
0.128132
0.129781
