0.12737
0.125692
0.125341
0.12618
0.125289
0.127439
0.125285
0.132408
0.128873
0.131909
0.127105
0.134866
0.13164
0.131726
0.13291
0.12998
0.130102
0.131269
0.148091
0.125519
0.12893
0.127843
0.127804
0.128726
0.127328
0.129685
0.131204
0.13177
0.125641
0.131311
0.132447
0.133748
0.135785
0.134757
0.134322
0.128004
0.125387
0.125276
0.124828
0.123692
0.121893
0.146116
0.132592
0.137244
0.129287
0.138273
0.126284
0.128539
0.131928
0.136135
0.133653
0.130833
0.128963
0.130879
0.132546
0.138013
0.138401
0.143034
0.154845
0.128189
0.141307
0.128407
0.127788
0.12561
0.127102
0.126089
0.125727
0.129616
0.124705
0.125677
0.127207
0.120778
0.126776
0.122603
0.135479
0.128944
0.127801
0.126854
0.124241
0.126876
0.137365
0.136205
0.146245
0.129576
0.130649
0.126674
0.133606
0.130587
0.122214
0.126069
0.161753
0.145012
0.136273
0.128753
0.130649
0.130533
0.128462
0.122746
0.130209
0.12521
0.13207
0.129793
0.129241
0.1308
0.125291
0.127178
0.132243
0.133277
0.126042
0.128598
0.127792
0.127017
0.125825
0.12838
0.128795
0.12815
0.123488
0.133454
0.133004
0.125969
0.130046
0.132473
0.130533
0.130262
0.127482
0.153242
0.132471
0.125979
0.131659
0.133497
0.135315
0.129626
0.132773
0.136148
0.125016
0.127359
0.129331
0.126358
0.129693
0.12622
0.130174
0.127724
0.126465
0.127671
0.121497
0.126354
0.127079
0.128025
0.129238
0.134676
0.131113
0.235051
0.127524
0.130233
0.131469
0.141511
0.130493
0.156124
0.128623
0.130578
0.139002
0.142555
0.135482
0.301909
0.13075
0.139836
0.131304
0.129765
0.152848
0.135529
0.131152
0.129063
0.12571
0.12756
0.125318
0.128845
0.126653
0.13478
0.128842
0.125091
0.127513
0.128911
0.126335
0.127519
0.124409
0.127451
0.129971
0.130385
0.132897
0.130977
0.128738
0.126931
0.129091
0.130515
0.129787
0.124132
0.131104
0.127379
0.127057
0.127049
0.126385
0.125083
0.126165
0.125984
0.127021
0.126165
0.128094
0.123193
0.131348
0.128712
0.128051
0.125574
0.126782
0.127114
0.124798
0.130176
0.145412
0.133057
0.129969
0.127462
0.12963
0.134155
0.136863
0.137447
0.135128
0.137488
0.134434
0.144866
0.134828
0.133859
0.134031
0.138202
0.128553
0.137602
0.13094
0.128914
0.126581
0.135696
0.124781
0.13143
0.136207
0.129
0.133644
0.126344
0.134733
0.125272
0.1329
0.127364
0.130025
0.129742
0.130764
0.128947
0.129867
0.129039
0.129742
0.142491
0.134048
0.128967
0.147587
0.126217
0.129589
0.14272
0.156539
0.124974
0.128123
0.132255
0.133509
0.169117
0.133297
0.13331
0.126453
0.132554
0.13012
0.138847
0.127537
0.136831
0.162553
0.138443
0.138152
0.197557
0.138508
0.126418
0.131396
0.129716
0.129226
0.12837
0.12819
0.130134
0.126259
0.125208
0.129958
0.136398
0.133393
0.13088
0.13028
0.129294
0.131413
0.128851
0.129649
0.131085
0.133707
0.131392
0.130518
0.133396
0.131013
0.133022
0.145072
0.14655
0.132505
0.130262
0.127001
0.124107
0.130513
0.131827
0.135724
0.12603
0.126422
0.136097
0.125167
0.128884
0.127984
0.131343
0.134466
0.12539
0.131516
0.127895
0.12236
0.126031
0.125257
0.133177
0.129421
0.136147
0.12693
0.126145
0.153702
0.139578
0.130423
0.130007
0.131422
0.132802
0.131078
0.128575
0.146599
0.217401
0.1344
0.135168
0.134372
0.138505
0.143798
0.137553
0.138768
0.140282
0.153863
0.149526
0.134615
0.13275
0.136123
0.138392
0.135454
0.140468
0.132959
0.143915
0.133036
0.133902
0.133695
0.139108
0.142128
0.14198
0.134758
0.130377
0.143222
0.130511
0.1321
0.133947
0.129749
0.133734
0.133538
0.131221
0.136093
0.134163
0.135685
0.133307
0.134103
0.135766
0.147924
0.135568
0.135577
0.144285
0.134388
0.131387
0.135455
0.143449
0.136112
0.132975
0.130295
0.144251
0.152336
0.167283
0.147902
0.15785
0.146938
0.138494
0.1342
0.135566
0.132345
0.132986
0.133291
0.134314
0.134246
0.131306
0.132244
0.132058
0.1351
0.14073
0.135143
0.135702
0.135928
0.135013
0.133557
0.15189
0.132906
0.134282
0.133857
0.139548
0.135292
0.139465
0.13793
0.13723
0.139074
0.139225
0.137007
0.13672
0.133237
0.135377
0.134111
0.135629
0.136776
0.136462
0.1339
0.139112
0.135434
0.132151
0.133973
0.133564
0.136461
0.135582
0.134609
0.133018
0.1331
0.133596
0.13297
0.140802
0.133991
0.134159
0.134515
0.134434
0.131031
0.13311
0.138596
0.135557
0.13254
0.132378
0.134202
0.135198
0.132685
0.134788
0.131247
0.132209
0.134094
0.134682
0.12957
0.13582
0.134582
0.132041
0.134284
0.143734
0.141998
0.13904
0.136513
0.141612
0.132854
0.13533
0.13337
0.133612
0.134793
0.133373
0.134683
0.137894
0.13266
0.134152
0.133215
0.132516
0.135723
0.1353
0.138003
0.137396
0.132724
0.133851
0.132851
0.13467
0.137985
0.130701
0.140473
0.133143
0.132779
0.13408
0.134972
0.132722
0.132419
0.136642
0.131877
0.133516
0.134067
0.136844
0.131024
0.133389
0.134331
0.13152
0.131122
0.13423
0.131371
0.134758
0.133131
0.133644
0.132518
0.135023
0.133869
0.135252
0.143473
0.136609
0.132112
0.133706
0.134569
0.133142
0.132462
0.139729
0.137007
0.134618
0.136176
0.137308
0.134241
0.133514
0.139494
0.146506
0.132898
0.13989
0.132156
0.135416
0.135407
0.133648
0.135449
0.134508
0.136381
0.144912
0.135936
0.133834
0.137434
0.135955
0.13416
0.136299
0.137197
0.139574
0.13644
0.134502
0.137202
0.133418
0.134777
0.135437
0.134836
0.136703
0.134806
0.136303
0.136709
0.132742
0.141436
0.133831
0.134119
0.139207
0.137134
0.139254
0.13743
0.135029
0.137436
0.137061
0.137725
0.136963
0.135946
0.135841
0.136358
0.136288
0.135305
0.133698
0.134341
0.135248
0.135003
0.136049
0.136031
0.135398
0.136543
0.136283
0.134362
0.13625
0.136487
0.136834
0.138182
0.136833
0.138317
0.136548
0.130057
0.137353
0.137392
0.133233
0.134051
0.135579
0.139045
0.139371
0.134718
0.136856
0.13406
0.135069
0.134986
0.143473
0.135094
0.133748
0.135769
0.136168
0.132703
0.134114
0.133363
0.133337
0.137091
0.134719
0.134268
0.13439
0.136435
0.136462
0.136483
0.134384
0.135516
0.135912
0.137933
0.135441
0.138279
0.135648
0.13272
0.13496
0.133998
0.134704
0.140653
0.137828
0.134774
0.15201
0.13215
0.135407
0.13662
0.13513
0.137179
0.136546
0.133451
0.14081
0.136253
0.137271
0.138332
0.138466
0.151465
0.132744
0.146234
0.138973
0.135347
0.133882
0.134168
0.134763
0.134013
0.13481
0.148727
0.135281
0.133573
0.133442
0.142439
0.135326
0.141801
0.136937
0.134951
0.133628
0.142145
0.132557
0.129886
0.135849
0.137313
0.136105
0.137878
0.136402
0.137551
0.133225
0.134748
0.134614
0.141547
0.137129
0.136786
0.138152
0.143198
0.133152
0.134654
0.135364
0.132162
0.13556
0.133928
0.141807
0.138485
0.136185
0.138177
0.135819
0.133282
0.131949
0.135947
0.14118
0.13381
0.133608
0.130886
0.133259
0.134128
0.134612
0.133722
0.133761
0.137633
0.130122
0.130648
0.134155
0.134332
0.143318
0.137504
0.135043
0.13801
0.14225
0.147087
0.137451
0.133444
0.154678
0.133816
0.13561
0.132796
0.137115
0.135875
0.134852
0.137767
0.135287
0.136031
0.132129
0.134476
0.135672
0.155303
0.132931
0.131671
0.128247
0.166782
0.128136
0.131426
0.133217
0.127645
0.133135
0.126642
0.141589
0.125812
0.12656
0.12615
0.129316
0.126585
0.122193
0.127084
0.127203
0.126637
0.129229
0.126081
0.126608
0.126113
0.124564
0.125577
0.126655
0.131655
0.127308
0.127757
0.125914
0.129819
0.126699
0.127088
0.129889
0.135058
0.126537
0.132005
0.127414
0.127031
0.131431
0.127565
0.125201
0.131188
0.131361
0.133646
0.126926
0.132698
0.128926
0.126497
0.126527
0.129344
0.128969
0.125628
0.124341
0.127354
0.124935
0.129218
0.126713
0.131627
0.13103
0.138283
0.140957
0.122045
0.130413
0.128732
0.137858
0.134757
0.133277
0.126514
0.127645
0.126347
0.125017
0.126846
0.120894
0.124839
0.125784
0.127293
0.126247
0.126025
0.130813
0.124547
0.127632
0.125969
0.127525
0.126245
0.124533
0.126507
0.127298
0.123314
0.131048
0.126682
0.126408
0.126529
0.126452
0.125477
0.127808
0.124834
0.125046
0.127219
0.12704
0.125629
0.121888
0.128049
0.125858
0.127268
0.131875
0.135164
0.172425
0.127857
0.128604
0.136614
0.131534
0.127761
0.131269
0.135361
0.139209
0.140777
0.130501
0.129646
0.132107
0.138206
0.126873
0.134771
0.128256
0.129689
0.126575
0.123872
0.140593
0.131758
0.131997
0.12682
0.134449
0.161325
0.133529
0.132865
0.127667
0.136806
0.135559
0.137488
0.133049
0.131884
0.133845
0.132742
0.129569
0.129072
0.129133
0.131452
0.126206
0.13049
0.128819
0.130258
0.130828
0.132235
0.130684
0.126699
0.130188
0.128309
0.131747
0.129076
0.128921
0.134091
0.128564
0.13015
0.128498
0.129001
0.126265
0.128795
0.130436
0.128504
0.131518
0.132991
0.132867
0.128583
0.128802
0.130582
0.129477
0.131413
0.128289
0.129505
0.126569
0.129602
0.130471
0.128981
0.133336
0.131106
0.132193
0.129818
0.128768
0.129563
0.12716
0.127233
0.129347
0.130343
0.129804
0.129256
0.130626
0.130614
0.127543
0.128494
0.133687
0.130027
0.127956
0.131165
0.129898
0.1427
0.124917
0.131192
0.130385
0.129838
0.129086
0.130313
0.127039
0.130556
0.12882
0.128643
0.128379
0.134859
0.124964
0.129267
0.129609
0.128853
0.128777
0.128524
0.129965
0.131857
0.131274
0.132435
0.136923
0.130479
0.130481
0.124863
0.131526
0.130427
0.129518
0.129207
0.128911
0.125655
0.129432
0.130342
0.137488
0.130086
0.131636
0.130403
0.130171
0.129765
0.131003
0.130387
0.130254
0.127329
