0.128524
0.126137
0.12872
0.126025
0.126243
0.127096
0.122487
0.132093
0.129085
0.138783
0.125739
0.130542
0.129074
0.130097
0.131212
0.128563
0.134122
0.137717
0.146058
0.12793
0.127943
0.126267
0.133035
0.128525
0.130872
0.13051
0.127928
0.131506
0.129445
0.129494
0.127032
0.132364
0.126683
0.136313
0.133714
0.130446
0.127531
0.124117
0.124088
0.127502
0.122302
0.131219
0.132229
0.130606
0.132869
0.139267
0.126711
0.131144
0.130202
0.134287
0.136047
0.135707
0.130721
0.130879
0.127936
0.133242
0.131978
0.149264
0.151977
0.131318
0.132961
0.124784
0.127307
0.122895
0.124867
0.12479
0.125875
0.127347
0.129355
0.129485
0.124903
0.125414
0.126976
0.127004
0.124702
0.126259
0.129429
0.13173
0.126746
0.139632
0.132668
0.131533
0.129117
0.13818
0.129825
0.128716
0.130884
0.127206
0.136001
0.129365
0.167289
0.138057
0.130643
0.13041
0.12825
0.130334
0.129512
0.129741
0.128664
0.128987
0.131385
0.125973
0.127477
0.13021
0.127848
0.12788
0.128255
0.129197
0.132107
0.129177
0.13137
0.128275
0.128816
0.13207
0.125603
0.127551
0.126295
0.134524
0.135108
0.13
0.13065
0.131333
0.132853
0.135121
0.129551
0.159158
0.134422
0.124667
0.128531
0.136904
0.144767
0.129426
0.128488
0.139097
0.127621
0.127817
0.126188
0.127223
0.136497
0.127916
0.126512
0.128364
0.127369
0.127918
0.129246
0.131591
0.126727
0.13103
0.1304
0.129813
0.154003
0.184956
0.131992
0.129832
0.132163
0.145135
0.131529
0.279077
0.13495
0.133148
0.138923
0.139218
0.186864
0.164386
0.132338
0.13663
0.13018
0.128214
0.142157
0.134808
0.133478
0.126785
0.126791
0.127644
0.12666
0.127172
0.12729
0.127436
0.130269
0.130028
0.132109
0.124824
0.12693
0.127471
0.128495
0.12657
0.128708
0.130374
0.128057
0.129085
0.12915
0.12645
0.131207
0.129313
0.132059
0.127173
0.131068
0.123593
0.126164
0.126784
0.127445
0.129578
0.130889
0.125622
0.124472
0.124477
0.128517
0.126583
0.127867
0.126647
0.126328
0.125621
0.127175
0.127492
0.131749
0.13362
0.145447
0.132478
0.128093
0.129338
0.132998
0.140201
0.130955
0.13725
0.13237
0.139458
0.13694
0.136062
0.13623
0.135785
0.136616
0.133872
0.127618
0.13446
0.127861
0.130142
0.124333
0.134005
0.130488
0.131549
0.1346
0.171087
0.137167
0.128217
0.129358
0.126188
0.132641
0.126627
0.129779
0.127529
0.134685
0.132217
0.133879
0.127326
0.129279
0.137891
0.12971
0.13169
0.13669
0.125798
0.127814
0.144969
0.13923
0.132345
0.129474
0.130436
0.130327
0.137817
0.12774
0.139461
0.12961
0.252646
0.123428
0.128309
0.129159
0.13448
0.142216
0.128626
0.196328
0.183613
0.137553
0.133819
0.130015
0.125915
0.1299
0.130558
0.127091
0.135897
0.126417
0.134057
0.130086
0.12885
0.130442
0.132142
0.126013
0.131429
0.131596
0.132423
0.130734
0.131092
0.136374
0.133712
0.130361
0.132238
0.12948
0.136659
0.134696
0.142214
0.131193
0.128766
0.132318
0.131418
0.133162
0.126657
0.133036
0.130665
0.130302
0.130924
0.134397
0.131127
0.125695
0.129484
0.124479
0.125583
0.128754
0.126774
0.129105
0.126955
0.127344
0.131054
0.125994
0.131982
0.125633
0.125044
0.170181
0.134
0.130364
0.128411
0.133691
0.129751
0.129434
0.130796
0.13563
0.139314
0.134163
0.138021
0.139531
0.143234
0.139555
0.138743
0.143198
0.134453
0.137093
0.131231
0.135999
0.13614
0.147422
0.135601
0.135568
0.132443
0.134594
0.140314
0.138749
0.135816
0.133353
0.140807
0.147239
0.135628
0.135093
0.132171
0.142941
0.131405
0.130086
0.143281
0.141687
0.133959
0.135465
0.132698
0.134152
0.140652
0.137599
0.133692
0.134047
0.133505
0.137312
0.133251
0.134669
0.143933
0.135725
0.129161
0.135422
0.138933
0.13593
0.136784
0.134472
0.152565
0.162015
0.152782
0.147951
0.168571
0.160494
0.139131
0.132639
0.131653
0.131773
0.132112
0.134974
0.133841
0.131992
0.134464
0.134313
0.137285
0.13428
0.134192
0.137842
0.137477
0.139929
0.135222
0.135042
0.140088
0.132601
0.135761
0.135892
0.140818
0.137482
0.134802
0.136022
0.135821
0.138161
0.136706
0.13723
0.137234
0.133506
0.134178
0.132062
0.136324
0.137155
0.132431
0.136473
0.144111
0.134095
0.135665
0.146843
0.139153
0.144459
0.137652
0.134739
0.134233
0.133617
0.136157
0.134972
0.133913
0.136282
0.130563
0.135647
0.134482
0.132299
0.132892
0.135383
0.13322
0.133595
0.135105
0.137689
0.132633
0.131293
0.13139
0.131745
0.131714
0.132103
0.133108
0.13376
0.133192
0.13262
0.13404
0.137087
0.140923
0.14163
0.144131
0.150942
0.14522
0.132309
0.134597
0.129323
0.133651
0.134813
0.13138
0.13357
0.138014
0.131305
0.137048
0.131075
0.13555
0.132774
0.132424
0.133568
0.136812
0.135983
0.134191
0.132109
0.136646
0.132498
0.141548
0.135282
0.132075
0.133322
0.134256
0.136039
0.134919
0.135546
0.131889
0.132622
0.134702
0.13486
0.130844
0.134102
0.133824
0.138835
0.129279
0.132968
0.133579
0.131595
0.130419
0.134791
0.129766
0.132046
0.132721
0.132844
0.132023
0.135096
0.134226
0.131778
0.133962
0.134648
0.136185
0.134238
0.136865
0.13618
0.130696
0.133139
0.135481
0.133695
0.132541
0.141132
0.135604
0.135144
0.136319
0.134259
0.13614
0.135219
0.132209
0.134239
0.132108
0.138614
0.140575
0.136672
0.134453
0.135483
0.135997
0.135816
0.131897
0.137976
0.139547
0.136689
0.146474
0.140369
0.134649
0.132223
0.133109
0.132579
0.130707
0.13487
0.133015
0.135357
0.129681
0.136233
0.133506
0.134877
0.139646
0.141286
0.142354
0.13543
0.13408
0.135898
0.134975
0.137179
0.135015
0.13646
0.137981
0.135691
0.140286
0.139352
0.135609
0.136465
0.133935
0.134967
0.136415
0.135247
0.134865
0.135822
0.137945
0.136147
0.135821
0.13703
0.136997
0.137084
0.13873
0.136363
0.135018
0.136501
0.133997
0.138509
0.135408
0.131645
0.134728
0.139086
0.137171
0.13361
0.132536
0.137645
0.137775
0.134088
0.141813
0.138308
0.133586
0.136762
0.13689
0.134675
0.136342
0.135932
0.137194
0.138513
0.136373
0.1337
0.13664
0.135176
0.138342
0.139364
0.139959
0.13403
0.134308
0.135638
0.136625
0.134581
0.134622
0.130935
0.133107
0.13
0.131821
0.135566
0.133543
0.133764
0.140356
0.135751
0.138327
0.138007
0.137141
0.135448
0.135058
0.137442
0.131291
0.132834
0.152313
0.134163
0.132844
0.134202
0.140661
0.142557
0.146136
0.133418
0.135169
0.134396
0.137965
0.13564
0.132298
0.148411
0.142636
0.135714
0.137056
0.135214
0.137041
0.134241
0.139925
0.137509
0.133482
0.138178
0.13369
0.135531
0.134821
0.141028
0.132039
0.133709
0.137294
0.132436
0.134467
0.133561
0.134647
0.136534
0.13723
0.143364
0.134341
0.134434
0.134928
0.135579
0.134008
0.13652
0.134815
0.136708
0.145559
0.136436
0.136932
0.134476
0.132745
0.134122
0.135611
0.130902
0.139259
0.133563
0.133326
0.135001
0.135432
0.134169
0.136973
0.133161
0.132657
0.137886
0.135074
0.136262
0.136918
0.142861
0.141857
0.135061
0.136909
0.134843
0.137465
0.138742
0.138679
0.137738
0.149803
0.138846
0.135533
0.137331
0.137365
0.135682
0.135983
0.144556
0.135518
0.134612
0.132608
0.141786
0.140351
0.138225
0.130424
0.130826
0.12691
0.171581
0.131621
0.13082
0.133925
0.130354
0.133708
0.128609
0.128427
0.12912
0.123875
0.122028
0.128756
0.126887
0.128981
0.127675
0.12753
0.127005
0.12571
0.125605
0.127417
0.127809
0.125513
0.127143
0.127314
0.126422
0.126593
0.128923
0.12895
0.12851
0.121091
0.125795
0.127219
0.131747
0.127128
0.136803
0.129846
0.12695
0.129555
0.130302
0.127395
0.126968
0.12651
0.130226
0.137869
0.13105
0.124852
0.128474
0.125046
0.128232
0.127382
0.12602
0.1213
0.126617
0.1277
0.127049
0.132499
0.142483
0.125456
0.152869
0.142191
0.127483
0.127825
0.125429
0.129358
0.136426
0.13605
0.127676
0.125165
0.126242
0.123617
0.124525
0.12746
0.124442
0.125032
0.126176
0.126797
0.126551
0.12408
0.124735
0.127195
0.128865
0.12848
0.127225
0.124874
0.125843
0.126075
0.125876
0.133932
0.125258
0.128671
0.125649
0.127279
0.126448
0.125228
0.126584
0.121237
0.127248
0.126937
0.126479
0.125982
0.127301
0.126835
0.126006
0.138032
0.179785
0.135487
0.149624
0.14222
0.144419
0.130138
0.125924
0.136194
0.130802
0.142149
0.128839
0.129121
0.127455
0.133481
0.138926
0.128069
0.132547
0.132979
0.132502
0.125602
0.1423
0.168218
0.132138
0.133854
0.126795
0.150443
0.161346
0.132549
0.1363
0.129425
0.134889
0.133695
0.130461
0.131333
0.137739
0.129934
0.128765
0.131219
0.129714
0.130239
0.129738
0.126469
0.129302
0.129209
0.130774
0.129645
0.13062
0.135685
0.131174
0.12668
0.126243
0.132997
0.130267
0.129071
0.128366
0.128771
0.128091
0.127685
0.128967
0.129525
0.132178
0.12698
0.131684
0.128652
0.127354
0.129922
0.125959
0.127694
0.130689
0.128003
0.128748
0.128423
0.12762
0.128863
0.1329
0.126933
0.131606
0.131118
0.128441
0.129634
0.131026
0.1292
0.124697
0.12813
0.129273
0.129619
0.130262
0.129274
0.127733
0.130295
0.129316
0.127468
0.129198
0.129671
0.130232
0.129578
0.129935
0.132021
0.133463
0.12968
0.129656
0.131124
0.12967
0.130506
0.13106
0.130169
0.1313
0.128809
0.132888
0.129513
0.131692
0.13013
0.133963
0.132095
0.130829
0.131146
0.124645
0.129149
0.130501
0.133533
0.12979
0.128465
0.134271
0.134482
0.130737
0.131247
0.128854
0.129998
0.130847
0.13122
0.13059
0.130273
0.125469
0.132566
0.135603
0.13531
0.135669
0.133782
0.128616
0.128217
0.129182
0.130311
0.130281
